SET
LOAD
SET
SET
SET
SET
NOTICE:  custom_filter: wrap rel=lineitem oid=74200 path=IndexScan
NOTICE:  custom_filter: wrap rel=customer oid=74194 path=SeqScan
NOTICE:  custom_filter: needed_files = [customer_code_base, customer_ctid, dict/customer/c_acctbal, dict/customer/c_mktsegment, dict/customer/c_name, dict/customer/c_nationkey, dict/customer/c_phone, dict/lineitem/l_discount, dict/lineitem/l_extendedprice, dict/lineitem/l_linestatus, dict/lineitem/l_quantity, dict/lineitem/l_returnflag, dict/lineitem/l_shipinstruct, dict/lineitem/l_shipmode, dict/lineitem/l_tax, lineitem_code_base, lineitem_ctid, meta/cols/customer, meta/cols/lineitem, meta/dict_sorted/customer/c_acctbal, meta/dict_sorted/customer/c_mktsegment, meta/dict_sorted/customer/c_name, meta/dict_sorted/customer/c_nationkey, meta/dict_sorted/customer/c_phone, meta/dict_sorted/lineitem/l_discount, meta/dict_sorted/lineitem/l_extendedprice, meta/dict_sorted/lineitem/l_linestatus, meta/dict_sorted/lineitem/l_quantity, meta/dict_sorted/lineitem/l_returnflag, meta/dict_sorted/lineitem/l_shipinstruct, meta/dict_sorted/lineitem/l_shipmode, meta/dict_sorted/lineitem/l_tax, meta/dict_type/customer/c_acctbal, meta/dict_type/customer/c_mktsegment, meta/dict_type/customer/c_name, meta/dict_type/customer/c_nationkey, meta/dict_type/customer/c_phone, meta/dict_type/lineitem/l_discount, meta/dict_type/lineitem/l_extendedprice, meta/dict_type/lineitem/l_linestatus, meta/dict_type/lineitem/l_quantity, meta/dict_type/lineitem/l_returnflag, meta/dict_type/lineitem/l_shipinstruct, meta/dict_type/lineitem/l_shipmode, meta/dict_type/lineitem/l_tax]
NOTICE:  custom_filter: policy_targets = [customer, lineitem]
NOTICE:  custom_filter: query_targets = [lineitem]
NOTICE:  custom_filter: scanned_tables = [orders, customer, lineitem]
NOTICE:  custom_filter: table=orders filter=off
NOTICE:  custom_filter: table=customer filter=on
NOTICE:  custom_filter: table=lineitem filter=on
NOTICE:  custom_filter: artifact_load_ms=45.849
NOTICE:  policy: load_ms=2.488
NOTICE:  policy: global_atoms table=lineitem count=18
NOTICE:  policy: global_bins table=lineitem bins=1525 rows=600572
NOTICE:  policy: bundle_eval target=lineitem bundle_id=1 uses_atoms=2
NOTICE:  policy: local_bins table=lineitem atoms=2 bins=1525
NOTICE:  policy: local_ms table=lineitem stamp=101.359 bin=8.412 eval=0.318 fill=1.066
NOTICE:  policy: local_eval table=lineitem sat_calls=3 cache_hits=1522
NOTICE:  policy: allow_lineitem count = 299856 / 600572
NOTICE:  policy: total_ms=120.443
NOTICE:  policy_profile: bundle=1 target=lineitem K=0 query= local={lineitem:atoms=2,bins=1525,sat=3,hits=1522,ms=101.359/8.412/0.318/1.066,total_ms=111.155} prop={iter=0,ms=0.000,classes=[]} decode={lineitem:299856/600572,ms=0.000,total_ms=0.000} total_ms=120.443
NOTICE:  custom_filter: bundle target=lineitem allow_count=299856/600572
NOTICE:  policy: load_ms=1.937
NOTICE:  policy: bundle_eval target=lineitem bundle_id=2 uses_atoms=3
NOTICE:  policy: local_bins table=lineitem atoms=3 bins=1525
NOTICE:  policy: local_ms table=lineitem stamp=0.000 bin=0.000 eval=0.347 fill=1.292
NOTICE:  policy: local_eval table=lineitem sat_calls=6 cache_hits=1519
NOTICE:  policy: allow_lineitem count = 85613 / 600572
NOTICE:  policy: total_ms=4.968
NOTICE:  policy_profile: bundle=2 target=lineitem K=0 query= local={lineitem:atoms=3,bins=1525,sat=6,hits=1519,ms=0.000/0.000/0.347/1.292,total_ms=1.639} prop={iter=0,ms=0.000,classes=[]} decode={lineitem:85613/600572,ms=0.000,total_ms=0.000} total_ms=4.968
NOTICE:  custom_filter: bundle target=lineitem allow_count=42862/600572
NOTICE:  policy: load_ms=1.333
NOTICE:  policy: bundle_eval target=lineitem bundle_id=3 uses_atoms=6
NOTICE:  policy: local_bins table=lineitem atoms=6 bins=1525
NOTICE:  policy: local_ms table=lineitem stamp=0.000 bin=0.000 eval=1.052 fill=1.631
NOTICE:  policy: local_eval table=lineitem sat_calls=12 cache_hits=1513
NOTICE:  policy: allow_lineitem count = 142016 / 600572
NOTICE:  policy: total_ms=5.891
NOTICE:  policy_profile: bundle=3 target=lineitem K=0 query= local={lineitem:atoms=6,bins=1525,sat=12,hits=1513,ms=0.000/0.000/1.052/1.631,total_ms=2.684} prop={iter=0,ms=0.000,classes=[]} decode={lineitem:142016/600572,ms=0.000,total_ms=0.000} total_ms=5.891
NOTICE:  custom_filter: bundle target=lineitem allow_count=10151/600572
NOTICE:  policy: load_ms=1.239
NOTICE:  policy: bundle_eval target=lineitem bundle_id=4 uses_atoms=6
NOTICE:  policy: local_bins table=lineitem atoms=6 bins=1525
NOTICE:  policy: local_ms table=lineitem stamp=0.000 bin=0.000 eval=1.122 fill=0.994
NOTICE:  policy: local_eval table=lineitem sat_calls=24 cache_hits=1501
NOTICE:  policy: allow_lineitem count = 70368 / 600572
NOTICE:  policy: total_ms=9.870
NOTICE:  policy_profile: bundle=4 target=lineitem K=0 query= local={lineitem:atoms=6,bins=1525,sat=24,hits=1501,ms=0.000/0.000/1.122/0.994,total_ms=2.115} prop={iter=0,ms=0.000,classes=[]} decode={lineitem:70368/600572,ms=0.000,total_ms=0.000} total_ms=9.870
NOTICE:  custom_filter: bundle target=lineitem allow_count=9782/600572
NOTICE:  policy: load_ms=1.220
NOTICE:  policy: bundle_eval target=lineitem bundle_id=5 uses_atoms=9
NOTICE:  policy: local_bins table=lineitem atoms=9 bins=1525
NOTICE:  policy: local_ms table=lineitem stamp=0.000 bin=0.000 eval=6.016 fill=0.657
NOTICE:  policy: local_eval table=lineitem sat_calls=81 cache_hits=1444
NOTICE:  policy: allow_lineitem count = 32154 / 600572
NOTICE:  policy: total_ms=14.382
NOTICE:  policy_profile: bundle=5 target=lineitem K=0 query= local={lineitem:atoms=9,bins=1525,sat=81,hits=1444,ms=0.000/0.000/6.016/0.657,total_ms=6.673} prop={iter=0,ms=0.000,classes=[]} decode={lineitem:32154/600572,ms=0.000,total_ms=0.000} total_ms=14.382
NOTICE:  custom_filter: bundle target=lineitem allow_count=2271/600572
NOTICE:  policy: load_ms=1.181
NOTICE:  policy: global_atoms table=customer count=17
NOTICE:  policy: global_bins table=customer bins=120 rows=15000
NOTICE:  policy: bundle_eval target=customer bundle_id=6 uses_atoms=2
NOTICE:  policy: local_bins table=customer atoms=2 bins=120
NOTICE:  policy: local_ms table=customer stamp=2.168 bin=0.262 eval=0.257 fill=0.078
NOTICE:  policy: local_eval table=customer sat_calls=3 cache_hits=117
NOTICE:  policy: allow_customer count = 6124 / 15000
NOTICE:  policy: total_ms=8.104
NOTICE:  policy_profile: bundle=6 target=customer K=0 query= local={customer:atoms=2,bins=120,sat=3,hits=117,ms=2.168/0.262/0.257/0.078,total_ms=2.765} prop={iter=0,ms=0.000,classes=[]} decode={customer:6124/15000,ms=0.000,total_ms=0.000} total_ms=8.104
NOTICE:  custom_filter: bundle target=customer allow_count=6124/15000
NOTICE:  policy: load_ms=1.674
NOTICE:  policy: bundle_eval target=customer bundle_id=7 uses_atoms=4
NOTICE:  policy: local_bins table=customer atoms=4 bins=120
NOTICE:  policy: local_ms table=customer stamp=0.000 bin=0.000 eval=0.370 fill=0.048
NOTICE:  policy: local_eval table=customer sat_calls=12 cache_hits=108
NOTICE:  policy: allow_customer count = 2171 / 15000
NOTICE:  policy: total_ms=3.140
NOTICE:  policy_profile: bundle=7 target=customer K=0 query= local={customer:atoms=4,bins=120,sat=12,hits=108,ms=0.000/0.000/0.370/0.048,total_ms=0.419} prop={iter=0,ms=0.000,classes=[]} decode={customer:2171/15000,ms=0.000,total_ms=0.000} total_ms=3.140
NOTICE:  custom_filter: bundle target=customer allow_count=0/15000
NOTICE:  policy: load_ms=0.980
NOTICE:  policy: bundle_eval target=customer bundle_id=8 uses_atoms=3
NOTICE:  policy: local_bins table=customer atoms=3 bins=120
NOTICE:  policy: local_ms table=customer stamp=0.000 bin=0.000 eval=0.488 fill=0.059
NOTICE:  policy: local_eval table=customer sat_calls=6 cache_hits=114
NOTICE:  policy: allow_customer count = 11332 / 15000
NOTICE:  policy: total_ms=3.169
NOTICE:  policy_profile: bundle=8 target=customer K=0 query= local={customer:atoms=3,bins=120,sat=6,hits=114,ms=0.000/0.000/0.488/0.059,total_ms=0.547} prop={iter=0,ms=0.000,classes=[]} decode={customer:11332/15000,ms=0.000,total_ms=0.000} total_ms=3.169
NOTICE:  custom_filter: bundle target=customer allow_count=0/15000
NOTICE:  policy: load_ms=0.938
NOTICE:  policy: bundle_eval target=customer bundle_id=9 uses_atoms=6
NOTICE:  policy: local_bins table=customer atoms=6 bins=120
NOTICE:  policy: local_ms table=customer stamp=0.000 bin=0.000 eval=0.812 fill=0.057
NOTICE:  policy: local_eval table=customer sat_calls=18 cache_hits=102
NOTICE:  policy: allow_customer count = 3219 / 15000
NOTICE:  policy: total_ms=2.852
NOTICE:  policy_profile: bundle=9 target=customer K=0 query= local={customer:atoms=6,bins=120,sat=18,hits=102,ms=0.000/0.000/0.812/0.057,total_ms=0.869} prop={iter=0,ms=0.000,classes=[]} decode={customer:3219/15000,ms=0.000,total_ms=0.000} total_ms=2.852
NOTICE:  custom_filter: bundle target=customer allow_count=0/15000
NOTICE:  policy: load_ms=0.873
NOTICE:  policy: bundle_eval target=customer bundle_id=10 uses_atoms=7
NOTICE:  policy: local_bins table=customer atoms=7 bins=120
NOTICE:  policy: local_ms table=customer stamp=0.000 bin=0.000 eval=1.465 fill=0.040
NOTICE:  policy: local_eval table=customer sat_calls=32 cache_hits=88
NOTICE:  policy: allow_customer count = 1244 / 15000
NOTICE:  policy: total_ms=4.541
NOTICE:  policy_profile: bundle=10 target=customer K=0 query= local={customer:atoms=7,bins=120,sat=32,hits=88,ms=0.000/0.000/1.465/0.040,total_ms=1.505} prop={iter=0,ms=0.000,classes=[]} decode={customer:1244/15000,ms=0.000,total_ms=0.000} total_ms=4.541
NOTICE:  custom_filter: bundle target=customer allow_count=0/15000
NOTICE:  custom_filter: final_allow_lineitem count=2271/600572
NOTICE:  custom_filter: final_allow_customer count=0/15000
NOTICE:  custom_filter: allow_customer popcount=0/15000
NOTICE:  custom_filter: ctid_map[0]=(0,1)->0
NOTICE:  custom_filter: ctid_map[1]=(0,2)->1
NOTICE:  custom_filter: ctid_map[2]=(0,3)->2
NOTICE:  custom_filter: ctid_map[3]=(0,4)->3
NOTICE:  custom_filter: ctid_map[4]=(0,5)->4
NOTICE:  custom_filter: ctid_index_ms=0.316 rel=customer
NOTICE:  custom_filter: customer_ctid head [0,1 0,2 0,3 0,4 0,5]
NOTICE:  custom_filter: retain rel=customer allow=1875B ctid=120000B blk_index=4332B
NOTICE:  custom_filter: allow_lineitem popcount=2271/600572
NOTICE:  custom_filter: ctid_map[0]=(0,1)->0
NOTICE:  custom_filter: ctid_map[1]=(0,2)->1
NOTICE:  custom_filter: ctid_map[2]=(0,3)->2
NOTICE:  custom_filter: ctid_map[3]=(0,4)->3
NOTICE:  custom_filter: ctid_map[4]=(0,5)->4
NOTICE:  custom_filter: ctid_index_ms=18.475 rel=lineitem
NOTICE:  custom_filter: lineitem_ctid head [0,1 0,2 0,3 0,4 0,5]
NOTICE:  custom_filter: retain rel=lineitem allow=75072B ctid=4804576B blk_index=135192B
NOTICE:  custom_filter: retain total allow=76947B ctid=4924576B blk_index=139524B
NOTICE:  custom_filter exec: rel=customer oid=74194 seen=15000 passed=0 misses=0 mode=off
NOTICE:  custom_filter: row validation time = 4.374 ms
NOTICE:  custom_filter exec: rel=lineitem oid=74200 seen=0 passed=0 misses=0 mode=off
NOTICE:  custom_filter: row validation time = 0.000 ms
NOTICE:  policy_metrics: eval_ms=0.800 artifact_load_ms=45.849 artifact_parse_ms=13.864 stamp_ms=103.527 bin_ms=8.675 local_sat_ms=12.246 prop_ms=0.000 prop_iters=0 decode_ms=0.000 ctid_map_ms=18.791 filter_ms=4.374 rows_seen=15000 rows_passed=0 policy_total_ms=177.362
NOTICE:  policy_profile_query: K=0 query_id= total_ms=177.362 local_ms=130.371 prop_ms=0.000 decode_ms=0.000 sat_calls=197 cache_hits=8028 closure_tables=2 filtered_targets=1
NOTICE:  policy: scan_count table=customer count=1
NOTICE:  policy: scan_count table=lineitem count=1
 count 
-------
     0
(1 row)

