NOTICE:  policy_eval: target=lineitem tokens=LPAREN:( IDENT:l_returnflag OP:= STRING:'R' RPAREN:) OR:or LPAREN:( IDENT:l_linestatus OP:= STRING:'F' RPAREN:)
NOTICE:  policy_eval: target=lineitem tokens=LPAREN:( IDENT:l_shipinstruct OP:= STRING:'DELIVER IN PERSON' RPAREN:) AND:and LPAREN:( LPAREN:( IDENT:l_shipmode OP:in LPAREN:( STRING:'MAIL' COMMA:, STRING:'SHIP' RPAREN:) RPAREN:) OR:or LPAREN:( IDENT:l_shipmode OP:in LPAREN:( STRING:'TRUCK' COMMA:, STRING:'RAIL' RPAREN:) RPAREN:) RPAREN:)
NOTICE:  policy_eval: target=lineitem tokens=LPAREN:( LPAREN:( IDENT:l_discount OP:>= NUMBER:0.02 AND:and IDENT:l_discount OP:<= NUMBER:0.05 AND:and IDENT:l_quantity OP:<= NUMBER:25 RPAREN:) OR:or LPAREN:( IDENT:l_discount OP:>= NUMBER:0.06 AND:and IDENT:l_discount OP:<= NUMBER:0.08 AND:and IDENT:l_quantity OP:<= NUMBER:10 RPAREN:) RPAREN:)
NOTICE:  policy_eval: target=lineitem tokens=LPAREN:( IDENT:l_shipinstruct OP:= STRING:'DELIVER IN PERSON' RPAREN:) AND:and LPAREN:( LPAREN:( IDENT:l_returnflag OP:= STRING:'R' RPAREN:) OR:or LPAREN:( IDENT:l_returnflag OP:= STRING:'A' RPAREN:) RPAREN:) AND:and LPAREN:( LPAREN:( IDENT:l_tax OP:<= NUMBER:0.07 RPAREN:) OR:or LPAREN:( IDENT:l_discount OP:<= NUMBER:0.05 RPAREN:) RPAREN:) AND:and LPAREN:( IDENT:l_extendedprice OP:> NUMBER:0 RPAREN:)
NOTICE:  policy_eval: target=lineitem tokens=LPAREN:( LPAREN:( IDENT:l_shipmode OP:in LPAREN:( STRING:'AIR' COMMA:, STRING:'REG AIR' RPAREN:) AND:and IDENT:l_quantity OP:<= NUMBER:15 AND:and IDENT:l_discount OP:<= NUMBER:0.05 AND:and IDENT:l_linestatus OP:= STRING:'F' RPAREN:) OR:or LPAREN:( IDENT:l_shipmode OP:in LPAREN:( STRING:'MAIL' COMMA:, STRING:'SHIP' RPAREN:) AND:and IDENT:l_quantity OP:<= NUMBER:30 AND:and IDENT:l_discount OP:<= NUMBER:0.07 AND:and IDENT:l_returnflag OP:= STRING:'R' RPAREN:) RPAREN:) AND:and LPAREN:( IDENT:l_extendedprice OP:> NUMBER:0 RPAREN:)
NOTICE:  policy_eval: target=customer tokens=LPAREN:( IDENT:c_mktsegment OP:= STRING:'AUTOMOBILE' RPAREN:) OR:or LPAREN:( IDENT:c_mktsegment OP:= STRING:'BUILDING' RPAREN:)
NOTICE:  policy_eval: target=customer tokens=LPAREN:( IDENT:c_acctbal OP:> NUMBER:0 RPAREN:) AND:and LPAREN:( LPAREN:( IDENT:c_mktsegment OP:= STRING:'FURNITURE' RPAREN:) OR:or LPAREN:( IDENT:c_mktsegment OP:= STRING:'HOUSEHOLD' RPAREN:) RPAREN:) AND:and LPAREN:( IDENT:c_nationkey OP:< NUMBER:10 RPAREN:)
NOTICE:  policy_eval: target=customer tokens=LPAREN:( LPAREN:( IDENT:c_acctbal OP:>= NUMBER:500 AND:and IDENT:c_acctbal OP:<= NUMBER:7000 RPAREN:) OR:or LPAREN:( IDENT:c_phone OP:like STRING:'1%' RPAREN:) RPAREN:)
NOTICE:  policy_eval: target=customer tokens=LPAREN:( IDENT:c_name OP:like STRING:'Customer%' RPAREN:) AND:and LPAREN:( LPAREN:( IDENT:c_phone OP:like STRING:'2%' RPAREN:) OR:or LPAREN:( IDENT:c_phone OP:like STRING:'3%' RPAREN:) RPAREN:) AND:and LPAREN:( LPAREN:( IDENT:c_mktsegment OP:= STRING:'MACHINERY' RPAREN:) OR:or LPAREN:( IDENT:c_mktsegment OP:= STRING:'HOUSEHOLD' RPAREN:) RPAREN:) AND:and LPAREN:( IDENT:c_acctbal OP:< NUMBER:9000 RPAREN:)
NOTICE:  policy_eval: target=customer tokens=LPAREN:( LPAREN:( IDENT:c_mktsegment OP:= STRING:'AUTOMOBILE' AND:and IDENT:c_acctbal OP:> NUMBER:0 RPAREN:) OR:or LPAREN:( IDENT:c_mktsegment OP:= STRING:'FURNITURE' AND:and IDENT:c_acctbal OP:> NUMBER:500 RPAREN:) OR:or LPAREN:( IDENT:c_mktsegment OP:= STRING:'BUILDING' AND:and IDENT:c_acctbal OP:> NUMBER:1000 RPAREN:) RPAREN:) AND:and LPAREN:( IDENT:c_nationkey OP:in LPAREN:( NUMBER:1 COMMA:, NUMBER:3 COMMA:, NUMBER:5 COMMA:, NUMBER:7 RPAREN:) RPAREN:)
NOTICE:  policy_eval: target=orders tokens=IDENT:orders.o_custkey OP:= IDENT:customer.c_custkey AND:and LPAREN:( IDENT:customer.c_mktsegment OP:= STRING:'AUTOMOBILE' OR:or IDENT:customer.c_mktsegment OP:= STRING:'HOUSEHOLD' RPAREN:)
NOTICE:  policy_eval: target=orders tokens=IDENT:orders.o_custkey OP:= IDENT:customer.c_custkey AND:and LPAREN:( LPAREN:( IDENT:orders.o_orderstatus OP:= STRING:'F' AND:and IDENT:customer.c_acctbal OP:> NUMBER:0 RPAREN:) OR:or LPAREN:( IDENT:orders.o_orderpriority OP:in LPAREN:( STRING:'1-URGENT' COMMA:, STRING:'2-HIGH' RPAREN:) AND:and IDENT:customer.c_mktsegment OP:= STRING:'BUILDING' RPAREN:) RPAREN:)
NOTICE:  policy_eval: target=orders tokens=IDENT:orders.o_custkey OP:= IDENT:customer.c_custkey AND:and IDENT:customer.c_nationkey OP:= IDENT:nation.n_nationkey AND:and LPAREN:( IDENT:nation.n_name OP:in LPAREN:( STRING:'GERMANY' COMMA:, STRING:'FRANCE' RPAREN:) OR:or IDENT:nation.n_name OP:in LPAREN:( STRING:'BRAZIL' COMMA:, STRING:'CANADA' RPAREN:) RPAREN:) AND:and IDENT:customer.c_acctbal OP:> NUMBER:0
NOTICE:  policy_eval: target=orders tokens=IDENT:orders.o_custkey OP:= IDENT:customer.c_custkey AND:and IDENT:customer.c_nationkey OP:= IDENT:nation.n_nationkey AND:and IDENT:nation.n_regionkey OP:= IDENT:region.r_regionkey AND:and LPAREN:( IDENT:region.r_name OP:= STRING:'EUROPE' OR:or IDENT:region.r_name OP:= STRING:'ASIA' RPAREN:) AND:and IDENT:orders.o_orderstatus OP:in LPAREN:( STRING:'O' COMMA:, STRING:'F' RPAREN:)
NOTICE:  policy_eval: target=lineitem tokens=IDENT:lineitem.l_orderkey OP:= IDENT:orders.o_orderkey AND:and LPAREN:( IDENT:orders.o_orderstatus OP:= STRING:'F' OR:or IDENT:orders.o_orderpriority OP:in LPAREN:( STRING:'1-URGENT' COMMA:, STRING:'2-HIGH' RPAREN:) RPAREN:) AND:and LPAREN:( LPAREN:( IDENT:lineitem.l_shipmode OP:in LPAREN:( STRING:'MAIL' COMMA:, STRING:'SHIP' RPAREN:) AND:and IDENT:lineitem.l_shipinstruct OP:= STRING:'DELIVER IN PERSON' RPAREN:) OR:or LPAREN:( IDENT:lineitem.l_shipmode OP:in LPAREN:( STRING:'TRUCK' COMMA:, STRING:'RAIL' RPAREN:) AND:and IDENT:lineitem.l_returnflag OP:in LPAREN:( STRING:'R' COMMA:, STRING:'A' RPAREN:) RPAREN:) RPAREN:)
NOTICE:  policy_eval: target=customer join_classes=[]
NOTICE:  policy_eval: target=lineitem join_classes=[2]
NOTICE:  policy_eval: target=orders join_classes=[0, 1, 3]
NOTICE:  policy_eval: policy[1] target=lineitem expr=(l_returnflag = 'R') OR (l_linestatus = 'F') ast=y30 or y24
NOTICE:  policy_eval: policy[2] target=lineitem expr=(l_shipinstruct = 'DELIVER IN PERSON') AND ((l_shipmode IN ('MAIL','SHIP')) OR (l_shipmode IN ('TRUCK','RAIL'))) ast=y32 and (y34 or y35)
NOTICE:  policy_eval: policy[3] target=lineitem expr=((l_discount >= 0.02 AND l_discount <= 0.05 AND l_quantity <= 25) OR (l_discount >= 0.06 AND l_discount <= 0.08 AND l_quantity <= 10)) ast=y21 and y18 and y27 or y22 and y20 and y25
NOTICE:  policy_eval: policy[4] target=lineitem expr=(l_shipinstruct = 'DELIVER IN PERSON') AND ((l_returnflag = 'R') OR (l_returnflag = 'A')) AND ((l_tax <= 0.07) OR (l_discount <= 0.05)) AND (l_extendedprice > 0) ast=y32 and (y30 or y29) and (y36 or y18) and y23
NOTICE:  policy_eval: policy[5] target=lineitem expr=((l_shipmode IN ('AIR','REG AIR') AND l_quantity <= 15 AND l_discount <= 0.05 AND l_linestatus = 'F') OR (l_shipmode IN ('MAIL','SHIP') AND l_quantity <= 30 AND l_discount <= 0.07 AND l_returnflag = 'R')) AND (l_extendedprice > 0) ast=(y33 and y26 and y18 and y24 or y34 and y28 and y19 and y30) and y23
NOTICE:  policy_eval: policy[6] target=customer expr=(c_mktsegment = 'AUTOMOBILE') OR (c_mktsegment = 'BUILDING') ast=y7 or y8
NOTICE:  policy_eval: policy[7] target=customer expr=(c_acctbal > 0) AND ((c_mktsegment = 'FURNITURE') OR (c_mktsegment = 'HOUSEHOLD')) AND (c_nationkey < 10) ast=y4 and (y9 or y10) and y13
NOTICE:  policy_eval: policy[8] target=customer expr=((c_acctbal >= 500 AND c_acctbal <= 7000) OR (c_phone LIKE '1%')) ast=y3 and y1 or y15
NOTICE:  policy_eval: policy[9] target=customer expr=(c_name LIKE 'Customer%') AND ((c_phone LIKE '2%') OR (c_phone LIKE '3%')) AND ((c_mktsegment = 'MACHINERY') OR (c_mktsegment = 'HOUSEHOLD')) AND (c_acctbal < 9000) ast=y12 and (y16 or y17) and (y11 or y10) and y2
NOTICE:  policy_eval: policy[10] target=customer expr=((c_mktsegment = 'AUTOMOBILE' AND c_acctbal > 0) OR (c_mktsegment = 'FURNITURE' AND c_acctbal > 500) OR (c_mktsegment = 'BUILDING' AND c_acctbal > 1000)) AND (c_nationkey IN (1,3,5,7)) ast=(y7 and y4 or y9 and y6 or y8 and y5) and y14
NOTICE:  policy_eval: policy[11] target=orders expr=orders.o_custkey = customer.c_custkey AND (customer.c_mktsegment = 'AUTOMOBILE' OR customer.c_mktsegment = 'HOUSEHOLD') ast=y44 and (y7 or y10)
NOTICE:  policy_eval: policy[12] target=orders expr=orders.o_custkey = customer.c_custkey AND ((orders.o_orderstatus = 'F' AND customer.c_acctbal > 0) OR (orders.o_orderpriority IN ('1-URGENT','2-HIGH') AND customer.c_mktsegment = 'BUILDING')) ast=y44 and (y40 and y4 or y39 and y8)
NOTICE:  policy_eval: policy[13] target=orders expr=orders.o_custkey = customer.c_custkey AND customer.c_nationkey = nation.n_nationkey AND (nation.n_name IN ('GERMANY','FRANCE') OR nation.n_name IN ('BRAZIL','CANADA')) AND customer.c_acctbal > 0 ast=y44 and y45 and (y38 or y37) and y4
NOTICE:  policy_eval: policy[14] target=orders expr=orders.o_custkey = customer.c_custkey AND customer.c_nationkey = nation.n_nationkey AND nation.n_regionkey = region.r_regionkey AND (region.r_name = 'EUROPE' OR region.r_name = 'ASIA') AND orders.o_orderstatus IN ('O','F') ast=y44 and y45 and y47 and (y43 or y42) and y41
NOTICE:  policy_eval: policy[15] target=lineitem expr=lineitem.l_orderkey = orders.o_orderkey AND (orders.o_orderstatus = 'F' OR orders.o_orderpriority IN ('1-URGENT','2-HIGH')) AND ((lineitem.l_shipmode IN ('MAIL','SHIP') AND lineitem.l_shipinstruct = 'DELIVER IN PERSON') OR (lineitem.l_shipmode IN ('TRUCK','RAIL') AND lineitem.l_returnflag IN ('R','A'))) ast=y46 and (y40 or y39) and (y34 and y32 or y35 and y31)
NOTICE:  policy_eval: atom y1 = const:customer.c_acctbal|<=|7000
NOTICE:  policy_eval: atom y2 = const:customer.c_acctbal|<|9000
NOTICE:  policy_eval: atom y3 = const:customer.c_acctbal|>=|500
NOTICE:  policy_eval: atom y4 = const:customer.c_acctbal|>|0
NOTICE:  policy_eval: atom y5 = const:customer.c_acctbal|>|1000
NOTICE:  policy_eval: atom y6 = const:customer.c_acctbal|>|500
NOTICE:  policy_eval: atom y7 = const:customer.c_mktsegment|=|AUTOMOBILE
NOTICE:  policy_eval: atom y8 = const:customer.c_mktsegment|=|BUILDING
NOTICE:  policy_eval: atom y9 = const:customer.c_mktsegment|=|FURNITURE
NOTICE:  policy_eval: atom y10 = const:customer.c_mktsegment|=|HOUSEHOLD
NOTICE:  policy_eval: atom y11 = const:customer.c_mktsegment|=|MACHINERY
NOTICE:  policy_eval: atom y12 = const:customer.c_name|like|Customer%
NOTICE:  policy_eval: atom y13 = const:customer.c_nationkey|<|10
NOTICE:  policy_eval: atom y14 = const:customer.c_nationkey|in|1,3,5,7
NOTICE:  policy_eval: atom y15 = const:customer.c_phone|like|1%
NOTICE:  policy_eval: atom y16 = const:customer.c_phone|like|2%
NOTICE:  policy_eval: atom y17 = const:customer.c_phone|like|3%
NOTICE:  policy_eval: atom y18 = const:lineitem.l_discount|<=|0.05
NOTICE:  policy_eval: atom y19 = const:lineitem.l_discount|<=|0.07
NOTICE:  policy_eval: atom y20 = const:lineitem.l_discount|<=|0.08
NOTICE:  policy_eval: atom y21 = const:lineitem.l_discount|>=|0.02
NOTICE:  policy_eval: atom y22 = const:lineitem.l_discount|>=|0.06
NOTICE:  policy_eval: atom y23 = const:lineitem.l_extendedprice|>|0
NOTICE:  policy_eval: atom y24 = const:lineitem.l_linestatus|=|F
NOTICE:  policy_eval: atom y25 = const:lineitem.l_quantity|<=|10
NOTICE:  policy_eval: atom y26 = const:lineitem.l_quantity|<=|15
NOTICE:  policy_eval: atom y27 = const:lineitem.l_quantity|<=|25
NOTICE:  policy_eval: atom y28 = const:lineitem.l_quantity|<=|30
NOTICE:  policy_eval: atom y29 = const:lineitem.l_returnflag|=|A
NOTICE:  policy_eval: atom y30 = const:lineitem.l_returnflag|=|R
NOTICE:  policy_eval: atom y31 = const:lineitem.l_returnflag|in|A,R
NOTICE:  policy_eval: atom y32 = const:lineitem.l_shipinstruct|=|DELIVER IN PERSON
NOTICE:  policy_eval: atom y33 = const:lineitem.l_shipmode|in|AIR,REG AIR
NOTICE:  policy_eval: atom y34 = const:lineitem.l_shipmode|in|MAIL,SHIP
NOTICE:  policy_eval: atom y35 = const:lineitem.l_shipmode|in|RAIL,TRUCK
NOTICE:  policy_eval: atom y36 = const:lineitem.l_tax|<=|0.07
NOTICE:  policy_eval: atom y37 = const:nation.n_name|in|BRAZIL,CANADA
NOTICE:  policy_eval: atom y38 = const:nation.n_name|in|FRANCE,GERMANY
NOTICE:  policy_eval: atom y39 = const:orders.o_orderpriority|in|1-URGENT,2-HIGH
NOTICE:  policy_eval: atom y40 = const:orders.o_orderstatus|=|F
NOTICE:  policy_eval: atom y41 = const:orders.o_orderstatus|in|F,O
NOTICE:  policy_eval: atom y42 = const:region.r_name|=|ASIA
NOTICE:  policy_eval: atom y43 = const:region.r_name|=|EUROPE
NOTICE:  policy_eval: atom y44 = join:customer.c_custkey=orders.o_custkey
NOTICE:  policy_eval: atom y45 = join:customer.c_nationkey=nation.n_nationkey
NOTICE:  policy_eval: atom y46 = join:lineitem.l_orderkey=orders.o_orderkey
NOTICE:  policy_eval: atom y47 = join:nation.n_regionkey=region.r_regionkey
NOTICE:  policy_eval: combined_ast target=customer ast=(y7 or y8) and y4 and (y9 or y10) and y13 and (y3 and y1 or y15) and y12 and (y16 or y17) and (y11 or y10) and y2 and (y7 and y4 or y9 and y6 or y8 and y5) and y14
NOTICE:  policy_eval: combined_ast target=lineitem ast=(y30 or y24) and y32 and (y34 or y35) and (y21 and y18 and y27 or y22 and y20 and y25) and y32 and (y30 or y29) and (y36 or y18) and y23 and (y33 and y26 and y18 and y24 or y34 and y28 and y19 and y30) and y23 and y46 and (y40 or y39) and (y34 and y32 or y35 and y31)
NOTICE:  policy_eval: combined_ast target=orders ast=y44 and (y7 or y10) and y44 and (y40 and y4 or y39 and y8) and y44 and y45 and (y38 or y37) and y4 and y44 and y45 and y47 and (y43 or y42) and y41
NOTICE:  policy_eval: closure_count=5
NOTICE:  policy_eval: target=lineitem tokens=LPAREN:( IDENT:l_returnflag OP:= STRING:'R' RPAREN:) OR:or LPAREN:( IDENT:l_linestatus OP:= STRING:'F' RPAREN:)
NOTICE:  policy_eval: target=lineitem tokens=LPAREN:( IDENT:l_shipinstruct OP:= STRING:'DELIVER IN PERSON' RPAREN:) AND:and LPAREN:( LPAREN:( IDENT:l_shipmode OP:in LPAREN:( STRING:'MAIL' COMMA:, STRING:'SHIP' RPAREN:) RPAREN:) OR:or LPAREN:( IDENT:l_shipmode OP:in LPAREN:( STRING:'TRUCK' COMMA:, STRING:'RAIL' RPAREN:) RPAREN:) RPAREN:)
NOTICE:  policy_eval: target=lineitem tokens=LPAREN:( LPAREN:( IDENT:l_discount OP:>= NUMBER:0.02 AND:and IDENT:l_discount OP:<= NUMBER:0.05 AND:and IDENT:l_quantity OP:<= NUMBER:25 RPAREN:) OR:or LPAREN:( IDENT:l_discount OP:>= NUMBER:0.06 AND:and IDENT:l_discount OP:<= NUMBER:0.08 AND:and IDENT:l_quantity OP:<= NUMBER:10 RPAREN:) RPAREN:)
NOTICE:  policy_eval: target=lineitem tokens=LPAREN:( IDENT:l_shipinstruct OP:= STRING:'DELIVER IN PERSON' RPAREN:) AND:and LPAREN:( LPAREN:( IDENT:l_returnflag OP:= STRING:'R' RPAREN:) OR:or LPAREN:( IDENT:l_returnflag OP:= STRING:'A' RPAREN:) RPAREN:) AND:and LPAREN:( LPAREN:( IDENT:l_tax OP:<= NUMBER:0.07 RPAREN:) OR:or LPAREN:( IDENT:l_discount OP:<= NUMBER:0.05 RPAREN:) RPAREN:) AND:and LPAREN:( IDENT:l_extendedprice OP:> NUMBER:0 RPAREN:)
NOTICE:  policy_eval: target=lineitem tokens=LPAREN:( LPAREN:( IDENT:l_shipmode OP:in LPAREN:( STRING:'AIR' COMMA:, STRING:'REG AIR' RPAREN:) AND:and IDENT:l_quantity OP:<= NUMBER:15 AND:and IDENT:l_discount OP:<= NUMBER:0.05 AND:and IDENT:l_linestatus OP:= STRING:'F' RPAREN:) OR:or LPAREN:( IDENT:l_shipmode OP:in LPAREN:( STRING:'MAIL' COMMA:, STRING:'SHIP' RPAREN:) AND:and IDENT:l_quantity OP:<= NUMBER:30 AND:and IDENT:l_discount OP:<= NUMBER:0.07 AND:and IDENT:l_returnflag OP:= STRING:'R' RPAREN:) RPAREN:) AND:and LPAREN:( IDENT:l_extendedprice OP:> NUMBER:0 RPAREN:)
NOTICE:  policy_eval: target=customer tokens=LPAREN:( IDENT:c_mktsegment OP:= STRING:'AUTOMOBILE' RPAREN:) OR:or LPAREN:( IDENT:c_mktsegment OP:= STRING:'BUILDING' RPAREN:)
NOTICE:  policy_eval: target=customer tokens=LPAREN:( IDENT:c_acctbal OP:> NUMBER:0 RPAREN:) AND:and LPAREN:( LPAREN:( IDENT:c_mktsegment OP:= STRING:'FURNITURE' RPAREN:) OR:or LPAREN:( IDENT:c_mktsegment OP:= STRING:'HOUSEHOLD' RPAREN:) RPAREN:) AND:and LPAREN:( IDENT:c_nationkey OP:< NUMBER:10 RPAREN:)
NOTICE:  policy_eval: target=customer tokens=LPAREN:( LPAREN:( IDENT:c_acctbal OP:>= NUMBER:500 AND:and IDENT:c_acctbal OP:<= NUMBER:7000 RPAREN:) OR:or LPAREN:( IDENT:c_phone OP:like STRING:'1%' RPAREN:) RPAREN:)
NOTICE:  policy_eval: target=customer tokens=LPAREN:( IDENT:c_name OP:like STRING:'Customer%' RPAREN:) AND:and LPAREN:( LPAREN:( IDENT:c_phone OP:like STRING:'2%' RPAREN:) OR:or LPAREN:( IDENT:c_phone OP:like STRING:'3%' RPAREN:) RPAREN:) AND:and LPAREN:( LPAREN:( IDENT:c_mktsegment OP:= STRING:'MACHINERY' RPAREN:) OR:or LPAREN:( IDENT:c_mktsegment OP:= STRING:'HOUSEHOLD' RPAREN:) RPAREN:) AND:and LPAREN:( IDENT:c_acctbal OP:< NUMBER:9000 RPAREN:)
NOTICE:  policy_eval: target=customer tokens=LPAREN:( LPAREN:( IDENT:c_mktsegment OP:= STRING:'AUTOMOBILE' AND:and IDENT:c_acctbal OP:> NUMBER:0 RPAREN:) OR:or LPAREN:( IDENT:c_mktsegment OP:= STRING:'FURNITURE' AND:and IDENT:c_acctbal OP:> NUMBER:500 RPAREN:) OR:or LPAREN:( IDENT:c_mktsegment OP:= STRING:'BUILDING' AND:and IDENT:c_acctbal OP:> NUMBER:1000 RPAREN:) RPAREN:) AND:and LPAREN:( IDENT:c_nationkey OP:in LPAREN:( NUMBER:1 COMMA:, NUMBER:3 COMMA:, NUMBER:5 COMMA:, NUMBER:7 RPAREN:) RPAREN:)
NOTICE:  policy_eval: target=orders tokens=IDENT:orders.o_custkey OP:= IDENT:customer.c_custkey AND:and LPAREN:( IDENT:customer.c_mktsegment OP:= STRING:'AUTOMOBILE' OR:or IDENT:customer.c_mktsegment OP:= STRING:'HOUSEHOLD' RPAREN:)
NOTICE:  policy_eval: target=orders tokens=IDENT:orders.o_custkey OP:= IDENT:customer.c_custkey AND:and LPAREN:( LPAREN:( IDENT:orders.o_orderstatus OP:= STRING:'F' AND:and IDENT:customer.c_acctbal OP:> NUMBER:0 RPAREN:) OR:or LPAREN:( IDENT:orders.o_orderpriority OP:in LPAREN:( STRING:'1-URGENT' COMMA:, STRING:'2-HIGH' RPAREN:) AND:and IDENT:customer.c_mktsegment OP:= STRING:'BUILDING' RPAREN:) RPAREN:)
NOTICE:  policy_eval: target=orders tokens=IDENT:orders.o_custkey OP:= IDENT:customer.c_custkey AND:and IDENT:customer.c_nationkey OP:= IDENT:nation.n_nationkey AND:and LPAREN:( IDENT:nation.n_name OP:in LPAREN:( STRING:'GERMANY' COMMA:, STRING:'FRANCE' RPAREN:) OR:or IDENT:nation.n_name OP:in LPAREN:( STRING:'BRAZIL' COMMA:, STRING:'CANADA' RPAREN:) RPAREN:) AND:and IDENT:customer.c_acctbal OP:> NUMBER:0
NOTICE:  policy_eval: target=orders tokens=IDENT:orders.o_custkey OP:= IDENT:customer.c_custkey AND:and IDENT:customer.c_nationkey OP:= IDENT:nation.n_nationkey AND:and IDENT:nation.n_regionkey OP:= IDENT:region.r_regionkey AND:and LPAREN:( IDENT:region.r_name OP:= STRING:'EUROPE' OR:or IDENT:region.r_name OP:= STRING:'ASIA' RPAREN:) AND:and IDENT:orders.o_orderstatus OP:in LPAREN:( STRING:'O' COMMA:, STRING:'F' RPAREN:)
NOTICE:  policy_eval: target=lineitem tokens=IDENT:lineitem.l_orderkey OP:= IDENT:orders.o_orderkey AND:and LPAREN:( IDENT:orders.o_orderstatus OP:= STRING:'F' OR:or IDENT:orders.o_orderpriority OP:in LPAREN:( STRING:'1-URGENT' COMMA:, STRING:'2-HIGH' RPAREN:) RPAREN:) AND:and LPAREN:( LPAREN:( IDENT:lineitem.l_shipmode OP:in LPAREN:( STRING:'MAIL' COMMA:, STRING:'SHIP' RPAREN:) AND:and IDENT:lineitem.l_shipinstruct OP:= STRING:'DELIVER IN PERSON' RPAREN:) OR:or LPAREN:( IDENT:lineitem.l_shipmode OP:in LPAREN:( STRING:'TRUCK' COMMA:, STRING:'RAIL' RPAREN:) AND:and IDENT:lineitem.l_returnflag OP:in LPAREN:( STRING:'R' COMMA:, STRING:'A' RPAREN:) RPAREN:) RPAREN:)
NOTICE:  policy_eval: target=customer join_classes=[]
NOTICE:  policy_eval: target=lineitem join_classes=[2]
NOTICE:  policy_eval: target=orders join_classes=[0, 1, 3]
NOTICE:  policy_eval: policy[1] target=lineitem expr=(l_returnflag = 'R') OR (l_linestatus = 'F') ast=y30 or y24
NOTICE:  policy_eval: policy[2] target=lineitem expr=(l_shipinstruct = 'DELIVER IN PERSON') AND ((l_shipmode IN ('MAIL','SHIP')) OR (l_shipmode IN ('TRUCK','RAIL'))) ast=y32 and (y34 or y35)
NOTICE:  policy_eval: policy[3] target=lineitem expr=((l_discount >= 0.02 AND l_discount <= 0.05 AND l_quantity <= 25) OR (l_discount >= 0.06 AND l_discount <= 0.08 AND l_quantity <= 10)) ast=y21 and y18 and y27 or y22 and y20 and y25
NOTICE:  policy_eval: policy[4] target=lineitem expr=(l_shipinstruct = 'DELIVER IN PERSON') AND ((l_returnflag = 'R') OR (l_returnflag = 'A')) AND ((l_tax <= 0.07) OR (l_discount <= 0.05)) AND (l_extendedprice > 0) ast=y32 and (y30 or y29) and (y36 or y18) and y23
NOTICE:  policy_eval: policy[5] target=lineitem expr=((l_shipmode IN ('AIR','REG AIR') AND l_quantity <= 15 AND l_discount <= 0.05 AND l_linestatus = 'F') OR (l_shipmode IN ('MAIL','SHIP') AND l_quantity <= 30 AND l_discount <= 0.07 AND l_returnflag = 'R')) AND (l_extendedprice > 0) ast=(y33 and y26 and y18 and y24 or y34 and y28 and y19 and y30) and y23
NOTICE:  policy_eval: policy[6] target=customer expr=(c_mktsegment = 'AUTOMOBILE') OR (c_mktsegment = 'BUILDING') ast=y7 or y8
NOTICE:  policy_eval: policy[7] target=customer expr=(c_acctbal > 0) AND ((c_mktsegment = 'FURNITURE') OR (c_mktsegment = 'HOUSEHOLD')) AND (c_nationkey < 10) ast=y4 and (y9 or y10) and y13
NOTICE:  policy_eval: policy[8] target=customer expr=((c_acctbal >= 500 AND c_acctbal <= 7000) OR (c_phone LIKE '1%')) ast=y3 and y1 or y15
NOTICE:  policy_eval: policy[9] target=customer expr=(c_name LIKE 'Customer%') AND ((c_phone LIKE '2%') OR (c_phone LIKE '3%')) AND ((c_mktsegment = 'MACHINERY') OR (c_mktsegment = 'HOUSEHOLD')) AND (c_acctbal < 9000) ast=y12 and (y16 or y17) and (y11 or y10) and y2
NOTICE:  policy_eval: policy[10] target=customer expr=((c_mktsegment = 'AUTOMOBILE' AND c_acctbal > 0) OR (c_mktsegment = 'FURNITURE' AND c_acctbal > 500) OR (c_mktsegment = 'BUILDING' AND c_acctbal > 1000)) AND (c_nationkey IN (1,3,5,7)) ast=(y7 and y4 or y9 and y6 or y8 and y5) and y14
NOTICE:  policy_eval: policy[11] target=orders expr=orders.o_custkey = customer.c_custkey AND (customer.c_mktsegment = 'AUTOMOBILE' OR customer.c_mktsegment = 'HOUSEHOLD') ast=y44 and (y7 or y10)
NOTICE:  policy_eval: policy[12] target=orders expr=orders.o_custkey = customer.c_custkey AND ((orders.o_orderstatus = 'F' AND customer.c_acctbal > 0) OR (orders.o_orderpriority IN ('1-URGENT','2-HIGH') AND customer.c_mktsegment = 'BUILDING')) ast=y44 and (y40 and y4 or y39 and y8)
NOTICE:  policy_eval: policy[13] target=orders expr=orders.o_custkey = customer.c_custkey AND customer.c_nationkey = nation.n_nationkey AND (nation.n_name IN ('GERMANY','FRANCE') OR nation.n_name IN ('BRAZIL','CANADA')) AND customer.c_acctbal > 0 ast=y44 and y45 and (y38 or y37) and y4
NOTICE:  policy_eval: policy[14] target=orders expr=orders.o_custkey = customer.c_custkey AND customer.c_nationkey = nation.n_nationkey AND nation.n_regionkey = region.r_regionkey AND (region.r_name = 'EUROPE' OR region.r_name = 'ASIA') AND orders.o_orderstatus IN ('O','F') ast=y44 and y45 and y47 and (y43 or y42) and y41
NOTICE:  policy_eval: policy[15] target=lineitem expr=lineitem.l_orderkey = orders.o_orderkey AND (orders.o_orderstatus = 'F' OR orders.o_orderpriority IN ('1-URGENT','2-HIGH')) AND ((lineitem.l_shipmode IN ('MAIL','SHIP') AND lineitem.l_shipinstruct = 'DELIVER IN PERSON') OR (lineitem.l_shipmode IN ('TRUCK','RAIL') AND lineitem.l_returnflag IN ('R','A'))) ast=y46 and (y40 or y39) and (y34 and y32 or y35 and y31)
NOTICE:  policy_eval: atom y1 = const:customer.c_acctbal|<=|7000
NOTICE:  policy_eval: atom y2 = const:customer.c_acctbal|<|9000
NOTICE:  policy_eval: atom y3 = const:customer.c_acctbal|>=|500
NOTICE:  policy_eval: atom y4 = const:customer.c_acctbal|>|0
NOTICE:  policy_eval: atom y5 = const:customer.c_acctbal|>|1000
NOTICE:  policy_eval: atom y6 = const:customer.c_acctbal|>|500
NOTICE:  policy_eval: atom y7 = const:customer.c_mktsegment|=|AUTOMOBILE
NOTICE:  policy_eval: atom y8 = const:customer.c_mktsegment|=|BUILDING
NOTICE:  policy_eval: atom y9 = const:customer.c_mktsegment|=|FURNITURE
NOTICE:  policy_eval: atom y10 = const:customer.c_mktsegment|=|HOUSEHOLD
NOTICE:  policy_eval: atom y11 = const:customer.c_mktsegment|=|MACHINERY
NOTICE:  policy_eval: atom y12 = const:customer.c_name|like|Customer%
NOTICE:  policy_eval: atom y13 = const:customer.c_nationkey|<|10
NOTICE:  policy_eval: atom y14 = const:customer.c_nationkey|in|1,3,5,7
NOTICE:  policy_eval: atom y15 = const:customer.c_phone|like|1%
NOTICE:  policy_eval: atom y16 = const:customer.c_phone|like|2%
NOTICE:  policy_eval: atom y17 = const:customer.c_phone|like|3%
NOTICE:  policy_eval: atom y18 = const:lineitem.l_discount|<=|0.05
NOTICE:  policy_eval: atom y19 = const:lineitem.l_discount|<=|0.07
NOTICE:  policy_eval: atom y20 = const:lineitem.l_discount|<=|0.08
NOTICE:  policy_eval: atom y21 = const:lineitem.l_discount|>=|0.02
NOTICE:  policy_eval: atom y22 = const:lineitem.l_discount|>=|0.06
NOTICE:  policy_eval: atom y23 = const:lineitem.l_extendedprice|>|0
NOTICE:  policy_eval: atom y24 = const:lineitem.l_linestatus|=|F
NOTICE:  policy_eval: atom y25 = const:lineitem.l_quantity|<=|10
NOTICE:  policy_eval: atom y26 = const:lineitem.l_quantity|<=|15
NOTICE:  policy_eval: atom y27 = const:lineitem.l_quantity|<=|25
NOTICE:  policy_eval: atom y28 = const:lineitem.l_quantity|<=|30
NOTICE:  policy_eval: atom y29 = const:lineitem.l_returnflag|=|A
NOTICE:  policy_eval: atom y30 = const:lineitem.l_returnflag|=|R
NOTICE:  policy_eval: atom y31 = const:lineitem.l_returnflag|in|A,R
NOTICE:  policy_eval: atom y32 = const:lineitem.l_shipinstruct|=|DELIVER IN PERSON
NOTICE:  policy_eval: atom y33 = const:lineitem.l_shipmode|in|AIR,REG AIR
NOTICE:  policy_eval: atom y34 = const:lineitem.l_shipmode|in|MAIL,SHIP
NOTICE:  policy_eval: atom y35 = const:lineitem.l_shipmode|in|RAIL,TRUCK
NOTICE:  policy_eval: atom y36 = const:lineitem.l_tax|<=|0.07
NOTICE:  policy_eval: atom y37 = const:nation.n_name|in|BRAZIL,CANADA
NOTICE:  policy_eval: atom y38 = const:nation.n_name|in|FRANCE,GERMANY
NOTICE:  policy_eval: atom y39 = const:orders.o_orderpriority|in|1-URGENT,2-HIGH
NOTICE:  policy_eval: atom y40 = const:orders.o_orderstatus|=|F
NOTICE:  policy_eval: atom y41 = const:orders.o_orderstatus|in|F,O
NOTICE:  policy_eval: atom y42 = const:region.r_name|=|ASIA
NOTICE:  policy_eval: atom y43 = const:region.r_name|=|EUROPE
NOTICE:  policy_eval: atom y44 = join:customer.c_custkey=orders.o_custkey
NOTICE:  policy_eval: atom y45 = join:customer.c_nationkey=nation.n_nationkey
NOTICE:  policy_eval: atom y46 = join:lineitem.l_orderkey=orders.o_orderkey
NOTICE:  policy_eval: atom y47 = join:nation.n_regionkey=region.r_regionkey
NOTICE:  policy_eval: combined_ast target=customer ast=(y7 or y8) and y4 and (y9 or y10) and y13 and (y3 and y1 or y15) and y12 and (y16 or y17) and (y11 or y10) and y2 and (y7 and y4 or y9 and y6 or y8 and y5) and y14
NOTICE:  policy_eval: combined_ast target=lineitem ast=(y30 or y24) and y32 and (y34 or y35) and (y21 and y18 and y27 or y22 and y20 and y25) and y32 and (y30 or y29) and (y36 or y18) and y23 and (y33 and y26 and y18 and y24 or y34 and y28 and y19 and y30) and y23 and y46 and (y40 or y39) and (y34 and y32 or y35 and y31)
NOTICE:  policy_eval: combined_ast target=orders ast=y44 and (y7 or y10) and y44 and (y40 and y4 or y39 and y8) and y44 and y45 and (y38 or y37) and y4 and y44 and y45 and y47 and (y43 or y42) and y41
NOTICE:  policy_eval: closure_count=5
NOTICE:  custom_filter: wrap rel=lineitem oid=74200 paths=1
NOTICE:  policy_eval: target=lineitem tokens=LPAREN:( IDENT:l_returnflag OP:= STRING:'R' RPAREN:) OR:or LPAREN:( IDENT:l_linestatus OP:= STRING:'F' RPAREN:)
NOTICE:  policy_eval: target=lineitem tokens=LPAREN:( IDENT:l_shipinstruct OP:= STRING:'DELIVER IN PERSON' RPAREN:) AND:and LPAREN:( LPAREN:( IDENT:l_shipmode OP:in LPAREN:( STRING:'MAIL' COMMA:, STRING:'SHIP' RPAREN:) RPAREN:) OR:or LPAREN:( IDENT:l_shipmode OP:in LPAREN:( STRING:'TRUCK' COMMA:, STRING:'RAIL' RPAREN:) RPAREN:) RPAREN:)
NOTICE:  policy_eval: target=lineitem tokens=LPAREN:( LPAREN:( IDENT:l_discount OP:>= NUMBER:0.02 AND:and IDENT:l_discount OP:<= NUMBER:0.05 AND:and IDENT:l_quantity OP:<= NUMBER:25 RPAREN:) OR:or LPAREN:( IDENT:l_discount OP:>= NUMBER:0.06 AND:and IDENT:l_discount OP:<= NUMBER:0.08 AND:and IDENT:l_quantity OP:<= NUMBER:10 RPAREN:) RPAREN:)
NOTICE:  policy_eval: target=lineitem tokens=LPAREN:( IDENT:l_shipinstruct OP:= STRING:'DELIVER IN PERSON' RPAREN:) AND:and LPAREN:( LPAREN:( IDENT:l_returnflag OP:= STRING:'R' RPAREN:) OR:or LPAREN:( IDENT:l_returnflag OP:= STRING:'A' RPAREN:) RPAREN:) AND:and LPAREN:( LPAREN:( IDENT:l_tax OP:<= NUMBER:0.07 RPAREN:) OR:or LPAREN:( IDENT:l_discount OP:<= NUMBER:0.05 RPAREN:) RPAREN:) AND:and LPAREN:( IDENT:l_extendedprice OP:> NUMBER:0 RPAREN:)
NOTICE:  policy_eval: target=lineitem tokens=LPAREN:( LPAREN:( IDENT:l_shipmode OP:in LPAREN:( STRING:'AIR' COMMA:, STRING:'REG AIR' RPAREN:) AND:and IDENT:l_quantity OP:<= NUMBER:15 AND:and IDENT:l_discount OP:<= NUMBER:0.05 AND:and IDENT:l_linestatus OP:= STRING:'F' RPAREN:) OR:or LPAREN:( IDENT:l_shipmode OP:in LPAREN:( STRING:'MAIL' COMMA:, STRING:'SHIP' RPAREN:) AND:and IDENT:l_quantity OP:<= NUMBER:30 AND:and IDENT:l_discount OP:<= NUMBER:0.07 AND:and IDENT:l_returnflag OP:= STRING:'R' RPAREN:) RPAREN:) AND:and LPAREN:( IDENT:l_extendedprice OP:> NUMBER:0 RPAREN:)
NOTICE:  policy_eval: target=customer tokens=LPAREN:( IDENT:c_mktsegment OP:= STRING:'AUTOMOBILE' RPAREN:) OR:or LPAREN:( IDENT:c_mktsegment OP:= STRING:'BUILDING' RPAREN:)
NOTICE:  policy_eval: target=customer tokens=LPAREN:( IDENT:c_acctbal OP:> NUMBER:0 RPAREN:) AND:and LPAREN:( LPAREN:( IDENT:c_mktsegment OP:= STRING:'FURNITURE' RPAREN:) OR:or LPAREN:( IDENT:c_mktsegment OP:= STRING:'HOUSEHOLD' RPAREN:) RPAREN:) AND:and LPAREN:( IDENT:c_nationkey OP:< NUMBER:10 RPAREN:)
NOTICE:  policy_eval: target=customer tokens=LPAREN:( LPAREN:( IDENT:c_acctbal OP:>= NUMBER:500 AND:and IDENT:c_acctbal OP:<= NUMBER:7000 RPAREN:) OR:or LPAREN:( IDENT:c_phone OP:like STRING:'1%' RPAREN:) RPAREN:)
NOTICE:  policy_eval: target=customer tokens=LPAREN:( IDENT:c_name OP:like STRING:'Customer%' RPAREN:) AND:and LPAREN:( LPAREN:( IDENT:c_phone OP:like STRING:'2%' RPAREN:) OR:or LPAREN:( IDENT:c_phone OP:like STRING:'3%' RPAREN:) RPAREN:) AND:and LPAREN:( LPAREN:( IDENT:c_mktsegment OP:= STRING:'MACHINERY' RPAREN:) OR:or LPAREN:( IDENT:c_mktsegment OP:= STRING:'HOUSEHOLD' RPAREN:) RPAREN:) AND:and LPAREN:( IDENT:c_acctbal OP:< NUMBER:9000 RPAREN:)
NOTICE:  policy_eval: target=customer tokens=LPAREN:( LPAREN:( IDENT:c_mktsegment OP:= STRING:'AUTOMOBILE' AND:and IDENT:c_acctbal OP:> NUMBER:0 RPAREN:) OR:or LPAREN:( IDENT:c_mktsegment OP:= STRING:'FURNITURE' AND:and IDENT:c_acctbal OP:> NUMBER:500 RPAREN:) OR:or LPAREN:( IDENT:c_mktsegment OP:= STRING:'BUILDING' AND:and IDENT:c_acctbal OP:> NUMBER:1000 RPAREN:) RPAREN:) AND:and LPAREN:( IDENT:c_nationkey OP:in LPAREN:( NUMBER:1 COMMA:, NUMBER:3 COMMA:, NUMBER:5 COMMA:, NUMBER:7 RPAREN:) RPAREN:)
NOTICE:  policy_eval: target=orders tokens=IDENT:orders.o_custkey OP:= IDENT:customer.c_custkey AND:and LPAREN:( IDENT:customer.c_mktsegment OP:= STRING:'AUTOMOBILE' OR:or IDENT:customer.c_mktsegment OP:= STRING:'HOUSEHOLD' RPAREN:)
NOTICE:  policy_eval: target=orders tokens=IDENT:orders.o_custkey OP:= IDENT:customer.c_custkey AND:and LPAREN:( LPAREN:( IDENT:orders.o_orderstatus OP:= STRING:'F' AND:and IDENT:customer.c_acctbal OP:> NUMBER:0 RPAREN:) OR:or LPAREN:( IDENT:orders.o_orderpriority OP:in LPAREN:( STRING:'1-URGENT' COMMA:, STRING:'2-HIGH' RPAREN:) AND:and IDENT:customer.c_mktsegment OP:= STRING:'BUILDING' RPAREN:) RPAREN:)
NOTICE:  policy_eval: target=orders tokens=IDENT:orders.o_custkey OP:= IDENT:customer.c_custkey AND:and IDENT:customer.c_nationkey OP:= IDENT:nation.n_nationkey AND:and LPAREN:( IDENT:nation.n_name OP:in LPAREN:( STRING:'GERMANY' COMMA:, STRING:'FRANCE' RPAREN:) OR:or IDENT:nation.n_name OP:in LPAREN:( STRING:'BRAZIL' COMMA:, STRING:'CANADA' RPAREN:) RPAREN:) AND:and IDENT:customer.c_acctbal OP:> NUMBER:0
NOTICE:  policy_eval: target=orders tokens=IDENT:orders.o_custkey OP:= IDENT:customer.c_custkey AND:and IDENT:customer.c_nationkey OP:= IDENT:nation.n_nationkey AND:and IDENT:nation.n_regionkey OP:= IDENT:region.r_regionkey AND:and LPAREN:( IDENT:region.r_name OP:= STRING:'EUROPE' OR:or IDENT:region.r_name OP:= STRING:'ASIA' RPAREN:) AND:and IDENT:orders.o_orderstatus OP:in LPAREN:( STRING:'O' COMMA:, STRING:'F' RPAREN:)
NOTICE:  policy_eval: target=lineitem tokens=IDENT:lineitem.l_orderkey OP:= IDENT:orders.o_orderkey AND:and LPAREN:( IDENT:orders.o_orderstatus OP:= STRING:'F' OR:or IDENT:orders.o_orderpriority OP:in LPAREN:( STRING:'1-URGENT' COMMA:, STRING:'2-HIGH' RPAREN:) RPAREN:) AND:and LPAREN:( LPAREN:( IDENT:lineitem.l_shipmode OP:in LPAREN:( STRING:'MAIL' COMMA:, STRING:'SHIP' RPAREN:) AND:and IDENT:lineitem.l_shipinstruct OP:= STRING:'DELIVER IN PERSON' RPAREN:) OR:or LPAREN:( IDENT:lineitem.l_shipmode OP:in LPAREN:( STRING:'TRUCK' COMMA:, STRING:'RAIL' RPAREN:) AND:and IDENT:lineitem.l_returnflag OP:in LPAREN:( STRING:'R' COMMA:, STRING:'A' RPAREN:) RPAREN:) RPAREN:)
NOTICE:  policy_eval: target=customer join_classes=[]
NOTICE:  policy_eval: target=lineitem join_classes=[2]
NOTICE:  policy_eval: target=orders join_classes=[0, 1, 3]
NOTICE:  policy_eval: policy[1] target=lineitem expr=(l_returnflag = 'R') OR (l_linestatus = 'F') ast=y30 or y24
NOTICE:  policy_eval: policy[2] target=lineitem expr=(l_shipinstruct = 'DELIVER IN PERSON') AND ((l_shipmode IN ('MAIL','SHIP')) OR (l_shipmode IN ('TRUCK','RAIL'))) ast=y32 and (y34 or y35)
NOTICE:  policy_eval: policy[3] target=lineitem expr=((l_discount >= 0.02 AND l_discount <= 0.05 AND l_quantity <= 25) OR (l_discount >= 0.06 AND l_discount <= 0.08 AND l_quantity <= 10)) ast=y21 and y18 and y27 or y22 and y20 and y25
NOTICE:  policy_eval: policy[4] target=lineitem expr=(l_shipinstruct = 'DELIVER IN PERSON') AND ((l_returnflag = 'R') OR (l_returnflag = 'A')) AND ((l_tax <= 0.07) OR (l_discount <= 0.05)) AND (l_extendedprice > 0) ast=y32 and (y30 or y29) and (y36 or y18) and y23
NOTICE:  policy_eval: policy[5] target=lineitem expr=((l_shipmode IN ('AIR','REG AIR') AND l_quantity <= 15 AND l_discount <= 0.05 AND l_linestatus = 'F') OR (l_shipmode IN ('MAIL','SHIP') AND l_quantity <= 30 AND l_discount <= 0.07 AND l_returnflag = 'R')) AND (l_extendedprice > 0) ast=(y33 and y26 and y18 and y24 or y34 and y28 and y19 and y30) and y23
NOTICE:  policy_eval: policy[6] target=customer expr=(c_mktsegment = 'AUTOMOBILE') OR (c_mktsegment = 'BUILDING') ast=y7 or y8
NOTICE:  policy_eval: policy[7] target=customer expr=(c_acctbal > 0) AND ((c_mktsegment = 'FURNITURE') OR (c_mktsegment = 'HOUSEHOLD')) AND (c_nationkey < 10) ast=y4 and (y9 or y10) and y13
NOTICE:  policy_eval: policy[8] target=customer expr=((c_acctbal >= 500 AND c_acctbal <= 7000) OR (c_phone LIKE '1%')) ast=y3 and y1 or y15
NOTICE:  policy_eval: policy[9] target=customer expr=(c_name LIKE 'Customer%') AND ((c_phone LIKE '2%') OR (c_phone LIKE '3%')) AND ((c_mktsegment = 'MACHINERY') OR (c_mktsegment = 'HOUSEHOLD')) AND (c_acctbal < 9000) ast=y12 and (y16 or y17) and (y11 or y10) and y2
NOTICE:  policy_eval: policy[10] target=customer expr=((c_mktsegment = 'AUTOMOBILE' AND c_acctbal > 0) OR (c_mktsegment = 'FURNITURE' AND c_acctbal > 500) OR (c_mktsegment = 'BUILDING' AND c_acctbal > 1000)) AND (c_nationkey IN (1,3,5,7)) ast=(y7 and y4 or y9 and y6 or y8 and y5) and y14
NOTICE:  policy_eval: policy[11] target=orders expr=orders.o_custkey = customer.c_custkey AND (customer.c_mktsegment = 'AUTOMOBILE' OR customer.c_mktsegment = 'HOUSEHOLD') ast=y44 and (y7 or y10)
NOTICE:  policy_eval: policy[12] target=orders expr=orders.o_custkey = customer.c_custkey AND ((orders.o_orderstatus = 'F' AND customer.c_acctbal > 0) OR (orders.o_orderpriority IN ('1-URGENT','2-HIGH') AND customer.c_mktsegment = 'BUILDING')) ast=y44 and (y40 and y4 or y39 and y8)
NOTICE:  policy_eval: policy[13] target=orders expr=orders.o_custkey = customer.c_custkey AND customer.c_nationkey = nation.n_nationkey AND (nation.n_name IN ('GERMANY','FRANCE') OR nation.n_name IN ('BRAZIL','CANADA')) AND customer.c_acctbal > 0 ast=y44 and y45 and (y38 or y37) and y4
NOTICE:  policy_eval: policy[14] target=orders expr=orders.o_custkey = customer.c_custkey AND customer.c_nationkey = nation.n_nationkey AND nation.n_regionkey = region.r_regionkey AND (region.r_name = 'EUROPE' OR region.r_name = 'ASIA') AND orders.o_orderstatus IN ('O','F') ast=y44 and y45 and y47 and (y43 or y42) and y41
NOTICE:  policy_eval: policy[15] target=lineitem expr=lineitem.l_orderkey = orders.o_orderkey AND (orders.o_orderstatus = 'F' OR orders.o_orderpriority IN ('1-URGENT','2-HIGH')) AND ((lineitem.l_shipmode IN ('MAIL','SHIP') AND lineitem.l_shipinstruct = 'DELIVER IN PERSON') OR (lineitem.l_shipmode IN ('TRUCK','RAIL') AND lineitem.l_returnflag IN ('R','A'))) ast=y46 and (y40 or y39) and (y34 and y32 or y35 and y31)
NOTICE:  policy_eval: atom y1 = const:customer.c_acctbal|<=|7000
NOTICE:  policy_eval: atom y2 = const:customer.c_acctbal|<|9000
NOTICE:  policy_eval: atom y3 = const:customer.c_acctbal|>=|500
NOTICE:  policy_eval: atom y4 = const:customer.c_acctbal|>|0
NOTICE:  policy_eval: atom y5 = const:customer.c_acctbal|>|1000
NOTICE:  policy_eval: atom y6 = const:customer.c_acctbal|>|500
NOTICE:  policy_eval: atom y7 = const:customer.c_mktsegment|=|AUTOMOBILE
NOTICE:  policy_eval: atom y8 = const:customer.c_mktsegment|=|BUILDING
NOTICE:  policy_eval: atom y9 = const:customer.c_mktsegment|=|FURNITURE
NOTICE:  policy_eval: atom y10 = const:customer.c_mktsegment|=|HOUSEHOLD
NOTICE:  policy_eval: atom y11 = const:customer.c_mktsegment|=|MACHINERY
NOTICE:  policy_eval: atom y12 = const:customer.c_name|like|Customer%
NOTICE:  policy_eval: atom y13 = const:customer.c_nationkey|<|10
NOTICE:  policy_eval: atom y14 = const:customer.c_nationkey|in|1,3,5,7
NOTICE:  policy_eval: atom y15 = const:customer.c_phone|like|1%
NOTICE:  policy_eval: atom y16 = const:customer.c_phone|like|2%
NOTICE:  policy_eval: atom y17 = const:customer.c_phone|like|3%
NOTICE:  policy_eval: atom y18 = const:lineitem.l_discount|<=|0.05
NOTICE:  policy_eval: atom y19 = const:lineitem.l_discount|<=|0.07
NOTICE:  policy_eval: atom y20 = const:lineitem.l_discount|<=|0.08
NOTICE:  policy_eval: atom y21 = const:lineitem.l_discount|>=|0.02
NOTICE:  policy_eval: atom y22 = const:lineitem.l_discount|>=|0.06
NOTICE:  policy_eval: atom y23 = const:lineitem.l_extendedprice|>|0
NOTICE:  policy_eval: atom y24 = const:lineitem.l_linestatus|=|F
NOTICE:  policy_eval: atom y25 = const:lineitem.l_quantity|<=|10
NOTICE:  policy_eval: atom y26 = const:lineitem.l_quantity|<=|15
NOTICE:  policy_eval: atom y27 = const:lineitem.l_quantity|<=|25
NOTICE:  policy_eval: atom y28 = const:lineitem.l_quantity|<=|30
NOTICE:  policy_eval: atom y29 = const:lineitem.l_returnflag|=|A
NOTICE:  policy_eval: atom y30 = const:lineitem.l_returnflag|=|R
NOTICE:  policy_eval: atom y31 = const:lineitem.l_returnflag|in|A,R
NOTICE:  policy_eval: atom y32 = const:lineitem.l_shipinstruct|=|DELIVER IN PERSON
NOTICE:  policy_eval: atom y33 = const:lineitem.l_shipmode|in|AIR,REG AIR
NOTICE:  policy_eval: atom y34 = const:lineitem.l_shipmode|in|MAIL,SHIP
NOTICE:  policy_eval: atom y35 = const:lineitem.l_shipmode|in|RAIL,TRUCK
NOTICE:  policy_eval: atom y36 = const:lineitem.l_tax|<=|0.07
NOTICE:  policy_eval: atom y37 = const:nation.n_name|in|BRAZIL,CANADA
NOTICE:  policy_eval: atom y38 = const:nation.n_name|in|FRANCE,GERMANY
NOTICE:  policy_eval: atom y39 = const:orders.o_orderpriority|in|1-URGENT,2-HIGH
NOTICE:  policy_eval: atom y40 = const:orders.o_orderstatus|=|F
NOTICE:  policy_eval: atom y41 = const:orders.o_orderstatus|in|F,O
NOTICE:  policy_eval: atom y42 = const:region.r_name|=|ASIA
NOTICE:  policy_eval: atom y43 = const:region.r_name|=|EUROPE
NOTICE:  policy_eval: atom y44 = join:customer.c_custkey=orders.o_custkey
NOTICE:  policy_eval: atom y45 = join:customer.c_nationkey=nation.n_nationkey
NOTICE:  policy_eval: atom y46 = join:lineitem.l_orderkey=orders.o_orderkey
NOTICE:  policy_eval: atom y47 = join:nation.n_regionkey=region.r_regionkey
NOTICE:  policy_eval: combined_ast target=customer ast=(y7 or y8) and y4 and (y9 or y10) and y13 and (y3 and y1 or y15) and y12 and (y16 or y17) and (y11 or y10) and y2 and (y7 and y4 or y9 and y6 or y8 and y5) and y14
NOTICE:  policy_eval: combined_ast target=lineitem ast=(y30 or y24) and y32 and (y34 or y35) and (y21 and y18 and y27 or y22 and y20 and y25) and y32 and (y30 or y29) and (y36 or y18) and y23 and (y33 and y26 and y18 and y24 or y34 and y28 and y19 and y30) and y23 and y46 and (y40 or y39) and (y34 and y32 or y35 and y31)
NOTICE:  policy_eval: combined_ast target=orders ast=y44 and (y7 or y10) and y44 and (y40 and y4 or y39 and y8) and y44 and y45 and (y38 or y37) and y4 and y44 and y45 and y47 and (y43 or y42) and y41
NOTICE:  policy_eval: closure_count=5
NOTICE:  custom_filter: needed_files = [customer_code_base, customer_ctid, dict/customer/c_acctbal, dict/customer/c_mktsegment, dict/customer/c_name, dict/customer/c_nationkey, dict/customer/c_phone, dict/lineitem/l_discount, dict/lineitem/l_extendedprice, dict/lineitem/l_linestatus, dict/lineitem/l_quantity, dict/lineitem/l_returnflag, dict/lineitem/l_shipinstruct, dict/lineitem/l_shipmode, dict/lineitem/l_tax, dict/nation/n_name, dict/orders/o_orderpriority, dict/orders/o_orderstatus, dict/region/r_name, lineitem_code_base, lineitem_ctid, meta/cols/customer, meta/cols/lineitem, meta/cols/nation, meta/cols/orders, meta/cols/region, meta/dict_sorted/customer/c_acctbal, meta/dict_sorted/customer/c_mktsegment, meta/dict_sorted/customer/c_name, meta/dict_sorted/customer/c_nationkey, meta/dict_sorted/customer/c_phone, meta/dict_sorted/lineitem/l_discount, meta/dict_sorted/lineitem/l_extendedprice, meta/dict_sorted/lineitem/l_linestatus, meta/dict_sorted/lineitem/l_quantity, meta/dict_sorted/lineitem/l_returnflag, meta/dict_sorted/lineitem/l_shipinstruct, meta/dict_sorted/lineitem/l_shipmode, meta/dict_sorted/lineitem/l_tax, meta/dict_sorted/nation/n_name, meta/dict_sorted/orders/o_orderpriority, meta/dict_sorted/orders/o_orderstatus, meta/dict_sorted/region/r_name, meta/dict_type/customer/c_acctbal, meta/dict_type/customer/c_mktsegment, meta/dict_type/customer/c_name, meta/dict_type/customer/c_nationkey, meta/dict_type/customer/c_phone, meta/dict_type/lineitem/l_discount, meta/dict_type/lineitem/l_extendedprice, meta/dict_type/lineitem/l_linestatus, meta/dict_type/lineitem/l_quantity, meta/dict_type/lineitem/l_returnflag, meta/dict_type/lineitem/l_shipinstruct, meta/dict_type/lineitem/l_shipmode, meta/dict_type/lineitem/l_tax, meta/dict_type/nation/n_name, meta/dict_type/orders/o_orderpriority, meta/dict_type/orders/o_orderstatus, meta/dict_type/region/r_name, meta/join_classes, nation_code_base, nation_ctid, orders_code_base, orders_ctid, region_code_base, region_ctid]
NOTICE:  custom_filter: policy_targets = [customer, lineitem, orders]
NOTICE:  custom_filter: query_targets = [lineitem]
NOTICE:  custom_filter: scanned_tables = [lineitem]
NOTICE:  custom_filter: table=lineitem filter=on
NOTICE:  custom_filter: artifact_load_ms=50.338
NOTICE:  policy: load_ms=8.357
NOTICE:  policy: global_atoms table=lineitem count=19
NOTICE:  policy: global_bins table=lineitem bins=1525 rows=600572
NOTICE:  policy: bundle_eval target=lineitem bundle_id=1 uses_atoms=2
NOTICE:  policy: local_bins table=lineitem atoms=2 bins=1525
NOTICE:  policy: local_ms table=lineitem stamp=2812.296 bin=39.906 eval=0.519 fill=2.861
NOTICE:  policy: local_eval table=lineitem sat_calls=3 cache_hits=1522
NOTICE:  policy: allow_lineitem count = 299856 / 600572
NOTICE:  policy: total_ms=2873.801
NOTICE:  policy_profile: bundle=1 target=lineitem K=0 query= local={lineitem:atoms=2,bins=1525,sat=3,hits=1522,ms=2812.296/39.906/0.519/2.861,total_ms=2855.581} prop={iter=0,ms=0.000,classes=[]} decode={lineitem:299856/600572,ms=0.000,total_ms=0.000} total_ms=2873.801
NOTICE:  custom_filter: bundle target=lineitem allow_count=299856/600572
NOTICE:  policy: load_ms=7.430
NOTICE:  policy: bundle_eval target=lineitem bundle_id=2 uses_atoms=3
NOTICE:  policy: local_bins table=lineitem atoms=3 bins=1525
NOTICE:  policy: local_ms table=lineitem stamp=0.000 bin=0.000 eval=0.587 fill=2.713
NOTICE:  policy: local_eval table=lineitem sat_calls=6 cache_hits=1519
NOTICE:  policy: allow_lineitem count = 85613 / 600572
NOTICE:  policy: total_ms=12.815
NOTICE:  policy_profile: bundle=2 target=lineitem K=0 query= local={lineitem:atoms=3,bins=1525,sat=6,hits=1519,ms=0.000/0.000/0.587/2.713,total_ms=3.301} prop={iter=0,ms=0.000,classes=[]} decode={lineitem:85613/600572,ms=0.000,total_ms=0.000} total_ms=12.815
NOTICE:  custom_filter: bundle target=lineitem allow_count=42862/600572
NOTICE:  policy: load_ms=7.332
NOTICE:  policy: bundle_eval target=lineitem bundle_id=3 uses_atoms=6
NOTICE:  policy: local_bins table=lineitem atoms=6 bins=1525
NOTICE:  policy: local_ms table=lineitem stamp=0.000 bin=0.000 eval=1.535 fill=3.282
NOTICE:  policy: local_eval table=lineitem sat_calls=12 cache_hits=1513
NOTICE:  policy: allow_lineitem count = 142016 / 600572
NOTICE:  policy: total_ms=14.988
NOTICE:  policy_profile: bundle=3 target=lineitem K=0 query= local={lineitem:atoms=6,bins=1525,sat=12,hits=1513,ms=0.000/0.000/1.535/3.282,total_ms=4.816} prop={iter=0,ms=0.000,classes=[]} decode={lineitem:142016/600572,ms=0.000,total_ms=0.000} total_ms=14.988
NOTICE:  custom_filter: bundle target=lineitem allow_count=10151/600572
NOTICE:  policy: load_ms=7.400
NOTICE:  policy: bundle_eval target=lineitem bundle_id=4 uses_atoms=6
NOTICE:  policy: local_bins table=lineitem atoms=6 bins=1525
NOTICE:  policy: local_ms table=lineitem stamp=0.000 bin=0.000 eval=1.554 fill=2.457
NOTICE:  policy: local_eval table=lineitem sat_calls=24 cache_hits=1501
NOTICE:  policy: allow_lineitem count = 70368 / 600572
NOTICE:  policy: total_ms=13.560
NOTICE:  policy_profile: bundle=4 target=lineitem K=0 query= local={lineitem:atoms=6,bins=1525,sat=24,hits=1501,ms=0.000/0.000/1.554/2.457,total_ms=4.012} prop={iter=0,ms=0.000,classes=[]} decode={lineitem:70368/600572,ms=0.000,total_ms=0.000} total_ms=13.560
NOTICE:  custom_filter: bundle target=lineitem allow_count=9782/600572
NOTICE:  policy: load_ms=7.569
NOTICE:  policy: bundle_eval target=lineitem bundle_id=5 uses_atoms=9
NOTICE:  policy: local_bins table=lineitem atoms=9 bins=1525
NOTICE:  policy: local_ms table=lineitem stamp=0.000 bin=0.000 eval=8.076 fill=2.266
NOTICE:  policy: local_eval table=lineitem sat_calls=81 cache_hits=1444
NOTICE:  policy: allow_lineitem count = 32154 / 600572
NOTICE:  policy: total_ms=19.923
NOTICE:  policy_profile: bundle=5 target=lineitem K=0 query= local={lineitem:atoms=9,bins=1525,sat=81,hits=1444,ms=0.000/0.000/8.076/2.266,total_ms=10.342} prop={iter=0,ms=0.000,classes=[]} decode={lineitem:32154/600572,ms=0.000,total_ms=0.000} total_ms=19.923
NOTICE:  custom_filter: bundle target=lineitem allow_count=2271/600572
NOTICE:  policy: load_ms=7.564
NOTICE:  policy: global_atoms table=customer count=17
NOTICE:  policy: global_bins table=customer bins=120 rows=15000
NOTICE:  policy: bundle_eval target=customer bundle_id=6 uses_atoms=2
NOTICE:  policy: local_bins table=customer atoms=2 bins=120
NOTICE:  policy: local_ms table=customer stamp=57.368 bin=1.134 eval=0.327 fill=0.154
NOTICE:  policy: local_eval table=customer sat_calls=3 cache_hits=117
NOTICE:  policy: allow_customer count = 6124 / 15000
NOTICE:  policy: total_ms=73.099
NOTICE:  policy_profile: bundle=6 target=customer K=0 query= local={customer:atoms=2,bins=120,sat=3,hits=117,ms=57.368/1.134/0.327/0.154,total_ms=58.983} prop={iter=0,ms=0.000,classes=[]} decode={customer:6124/15000,ms=0.000,total_ms=0.000} total_ms=73.099
NOTICE:  custom_filter: bundle target=customer allow_count=6124/15000
NOTICE:  policy: load_ms=6.777
NOTICE:  policy: bundle_eval target=customer bundle_id=7 uses_atoms=4
NOTICE:  policy: local_bins table=customer atoms=4 bins=120
NOTICE:  policy: local_ms table=customer stamp=0.000 bin=0.000 eval=0.482 fill=0.083
NOTICE:  policy: local_eval table=customer sat_calls=12 cache_hits=108
NOTICE:  policy: allow_customer count = 2171 / 15000
NOTICE:  policy: total_ms=7.843
NOTICE:  policy_profile: bundle=7 target=customer K=0 query= local={customer:atoms=4,bins=120,sat=12,hits=108,ms=0.000/0.000/0.482/0.083,total_ms=0.565} prop={iter=0,ms=0.000,classes=[]} decode={customer:2171/15000,ms=0.000,total_ms=0.000} total_ms=7.843
NOTICE:  custom_filter: bundle target=customer allow_count=0/15000
NOTICE:  policy: load_ms=6.821
NOTICE:  policy: bundle_eval target=customer bundle_id=8 uses_atoms=3
NOTICE:  policy: local_bins table=customer atoms=3 bins=120
NOTICE:  policy: local_ms table=customer stamp=0.000 bin=0.000 eval=0.587 fill=0.116
NOTICE:  policy: local_eval table=customer sat_calls=6 cache_hits=114
NOTICE:  policy: allow_customer count = 11332 / 15000
NOTICE:  policy: total_ms=8.017
NOTICE:  policy_profile: bundle=8 target=customer K=0 query= local={customer:atoms=3,bins=120,sat=6,hits=114,ms=0.000/0.000/0.587/0.116,total_ms=0.703} prop={iter=0,ms=0.000,classes=[]} decode={customer:11332/15000,ms=0.000,total_ms=0.000} total_ms=8.017
NOTICE:  custom_filter: bundle target=customer allow_count=0/15000
NOTICE:  policy: load_ms=7.920
NOTICE:  policy: bundle_eval target=customer bundle_id=9 uses_atoms=6
NOTICE:  policy: local_bins table=customer atoms=6 bins=120
NOTICE:  policy: local_ms table=customer stamp=0.000 bin=0.000 eval=1.065 fill=0.096
NOTICE:  policy: local_eval table=customer sat_calls=18 cache_hits=102
NOTICE:  policy: allow_customer count = 3219 / 15000
NOTICE:  policy: total_ms=9.633
NOTICE:  policy_profile: bundle=9 target=customer K=0 query= local={customer:atoms=6,bins=120,sat=18,hits=102,ms=0.000/0.000/1.065/0.096,total_ms=1.161} prop={iter=0,ms=0.000,classes=[]} decode={customer:3219/15000,ms=0.000,total_ms=0.000} total_ms=9.633
NOTICE:  custom_filter: bundle target=customer allow_count=0/15000
NOTICE:  policy: load_ms=7.251
NOTICE:  policy: bundle_eval target=customer bundle_id=10 uses_atoms=7
NOTICE:  policy: local_bins table=customer atoms=7 bins=120
NOTICE:  policy: local_ms table=customer stamp=0.000 bin=0.000 eval=1.855 fill=0.078
NOTICE:  policy: local_eval table=customer sat_calls=32 cache_hits=88
NOTICE:  policy: allow_customer count = 1244 / 15000
NOTICE:  policy: total_ms=9.762
NOTICE:  policy_profile: bundle=10 target=customer K=0 query= local={customer:atoms=7,bins=120,sat=32,hits=88,ms=0.000/0.000/1.855/0.078,total_ms=1.933} prop={iter=0,ms=0.000,classes=[]} decode={customer:1244/15000,ms=0.000,total_ms=0.000} total_ms=9.762
NOTICE:  custom_filter: bundle target=customer allow_count=0/15000
NOTICE:  policy: load_ms=7.407
NOTICE:  policy: bundle_eval target=customer bundle_id=11 uses_atoms=2
NOTICE:  policy: local_bins table=customer atoms=2 bins=120
NOTICE:  policy: local_ms table=customer stamp=0.000 bin=0.000 eval=0.358 fill=0.143
NOTICE:  policy: local_eval table=customer sat_calls=3 cache_hits=117
NOTICE:  policy: local_ok source=bins table=customer
NOTICE:  policy: multi_join local_ok customer = 6022 / 15000
NOTICE:  policy: multi_join local_ok orders = 150000 / 150000
NOTICE:  policy: multi_join class=0 allowed=3980 / 15000
NOTICE:  policy: allow_orders count = 59321 / 150000
NOTICE:  policy: total_ms=73.224
NOTICE:  policy_profile: bundle=11 target=orders K=0 query= local={customer:atoms=2,bins=120,sat=3,hits=117,ms=0.000/0.000/0.358/0.143,total_ms=0.501} prop={iter=1,ms=13.383,classes=[0:3980/15000]} decode={orders:59321/150000,ms=50.957,total_ms=50.957} total_ms=73.224
NOTICE:  custom_filter: bundle target=orders allow_count=59321/150000
NOTICE:  policy: load_ms=6.897
NOTICE:  policy: extract_local table=customer z=48 atoms=1
NOTICE:  policy: extract_local table=customer z=49 atoms=1
NOTICE:  policy: global_ast=(y44 and ((y40 and y48) or (y39 and y49)))
NOTICE:  policy: bundle_eval target=customer bundle_id=12 uses_atoms=1
NOTICE:  policy: local_bins table=customer atoms=1 bins=120
NOTICE:  policy: local_ms table=customer stamp=0.000 bin=0.000 eval=0.000 fill=0.074
NOTICE:  policy: local_eval table=customer sat_calls=0 cache_hits=118
NOTICE:  policy: z_eval table=customer z=48 bins=120 sat_calls=0 allowed_sigs=100
NOTICE:  policy: z_token_truth z=48 domain=15000 true=13596
NOTICE:  policy: bundle_eval target=customer bundle_id=12 uses_atoms=1
NOTICE:  policy: local_bins table=customer atoms=1 bins=120
NOTICE:  policy: local_ms table=customer stamp=0.000 bin=0.000 eval=0.000 fill=0.077
NOTICE:  policy: local_eval table=customer sat_calls=0 cache_hits=118
NOTICE:  policy: z_eval table=customer z=49 bins=120 sat_calls=0 allowed_sigs=24
NOTICE:  policy: z_token_truth z=49 domain=15000 true=3111
NOTICE:  policy: allow_orders count = 73142 / 150000
NOTICE:  policy: total_ms=254.500
NOTICE:  policy_profile: bundle=12 target=orders K=0 query= local={customer:atoms=1,bins=120,sat=0,hits=118,ms=0.000/0.000/0.000/0.074|customer:atoms=1,bins=120,sat=0,hits=118,ms=0.000/0.000/0.000/0.077,total_ms=0.151} prop={iter=0,ms=0.000,classes=[]} decode={orders:73142/150000,ms=0.000,total_ms=0.000} total_ms=254.500
NOTICE:  custom_filter: bundle target=orders allow_count=26368/150000
NOTICE:  policy: load_ms=6.877
NOTICE:  policy: bundle_eval target=customer bundle_id=13 uses_atoms=1
NOTICE:  policy: local_bins table=customer atoms=1 bins=120
NOTICE:  policy: local_ms table=customer stamp=0.000 bin=0.000 eval=0.203 fill=0.088
NOTICE:  policy: local_eval table=customer sat_calls=2 cache_hits=118
NOTICE:  policy: local_ok source=bins table=customer
NOTICE:  policy: global_atoms table=nation count=2
NOTICE:  policy: global_bins table=nation bins=3 rows=25
NOTICE:  policy: bundle_eval target=nation bundle_id=13 uses_atoms=2
NOTICE:  policy: local_bins table=nation atoms=2 bins=3
NOTICE:  policy: local_ms table=nation stamp=0.005 bin=0.005 eval=0.333 fill=0.001
NOTICE:  policy: local_eval table=nation sat_calls=3 cache_hits=0
NOTICE:  policy: local_ok source=bins table=nation
NOTICE:  policy: multi_join local_ok customer = 13596 / 15000
NOTICE:  policy: multi_join local_ok nation = 4 / 25
NOTICE:  policy: multi_join local_ok orders = 150000 / 150000
NOTICE:  policy: multi_join class=0 allowed=1462 / 15000
NOTICE:  policy: multi_join class=1 allowed=4 / 25
NOTICE:  policy: allow_orders count = 21767 / 150000
NOTICE:  policy: total_ms=86.029
NOTICE:  policy_profile: bundle=13 target=orders K=0 query= local={customer:atoms=1,bins=120,sat=2,hits=118,ms=0.000/0.000/0.203/0.088|nation:atoms=2,bins=3,sat=3,hits=0,ms=0.005/0.005/0.333/0.001,total_ms=0.635} prop={iter=1,ms=23.438,classes=[0:1462/15000,1:4/25]} decode={orders:21767/150000,ms=52.882,total_ms=52.882} total_ms=86.029
NOTICE:  custom_filter: bundle target=orders allow_count=4296/150000
NOTICE:  policy: load_ms=7.073
NOTICE:  policy: global_atoms table=orders count=3
NOTICE:  policy: global_bins table=orders bins=6 rows=150000
NOTICE:  policy: bundle_eval target=orders bundle_id=14 uses_atoms=1
NOTICE:  policy: local_bins table=orders atoms=1 bins=6
NOTICE:  policy: local_ms table=orders stamp=34.950 bin=20.850 eval=0.237 fill=0.610
NOTICE:  policy: local_eval table=orders sat_calls=2 cache_hits=4
NOTICE:  policy: local_ok source=bins table=orders
NOTICE:  policy: global_atoms table=region count=2
NOTICE:  policy: global_bins table=region bins=3 rows=5
NOTICE:  policy: bundle_eval target=region bundle_id=14 uses_atoms=2
NOTICE:  policy: local_bins table=region atoms=2 bins=3
NOTICE:  policy: local_ms table=region stamp=0.002 bin=0.003 eval=0.360 fill=0.001
NOTICE:  policy: local_eval table=region sat_calls=3 cache_hits=0
NOTICE:  policy: local_ok source=bins table=region
NOTICE:  policy: multi_join local_ok customer = 15000 / 15000
NOTICE:  policy: multi_join local_ok nation = 25 / 25
NOTICE:  policy: multi_join local_ok orders = 146151 / 150000
NOTICE:  policy: multi_join local_ok region = 2 / 5
NOTICE:  policy: multi_join class=0 allowed=3991 / 15000
NOTICE:  policy: multi_join class=1 allowed=10 / 25
NOTICE:  policy: multi_join class=3 allowed=2 / 5
NOTICE:  policy: allow_orders count = 58508 / 150000
NOTICE:  policy: total_ms=142.541
NOTICE:  policy_profile: bundle=14 target=orders K=0 query= local={orders:atoms=1,bins=6,sat=2,hits=4,ms=34.950/20.850/0.237/0.610|region:atoms=2,bins=3,sat=3,hits=0,ms=0.002/0.003/0.360/0.001,total_ms=57.014} prop={iter=1,ms=24.301,classes=[0:3991/15000,1:10/25,3:2/5]} decode={orders:58508/150000,ms=52.583,total_ms=52.583} total_ms=142.541
NOTICE:  custom_filter: bundle target=orders allow_count=2200/150000
NOTICE:  policy: load_ms=7.400
NOTICE:  policy: bundle_eval target=lineitem bundle_id=15 uses_atoms=4
NOTICE:  policy: local_bins table=lineitem atoms=4 bins=1525
NOTICE:  policy: local_ms table=lineitem stamp=0.000 bin=0.000 eval=1.487 fill=3.023
NOTICE:  policy: local_eval table=lineitem sat_calls=12 cache_hits=1513
NOTICE:  policy: local_ok source=bins table=lineitem
NOTICE:  policy: bundle_eval target=orders bundle_id=15 uses_atoms=2
NOTICE:  policy: local_bins table=orders atoms=2 bins=6
NOTICE:  policy: local_ms table=orders stamp=0.000 bin=0.000 eval=0.488 fill=1.004
NOTICE:  policy: local_eval table=orders sat_calls=4 cache_hits=2
NOTICE:  policy: local_ok source=bins table=orders
NOTICE:  policy: multi_join local_ok lineitem = 127843 / 600572
NOTICE:  policy: multi_join local_ok orders = 103877 / 150000
NOTICE:  policy: multi_join class=2 allowed=62981 / 150000
NOTICE:  policy: allow_lineitem count = 113382 / 600572
NOTICE:  policy: total_ms=83.601
NOTICE:  policy_profile: bundle=15 target=lineitem K=0 query= local={lineitem:atoms=4,bins=1525,sat=12,hits=1513,ms=0.000/0.000/1.487/3.023|orders:atoms=2,bins=6,sat=4,hits=2,ms=0.000/0.000/0.488/1.004,total_ms=6.001} prop={iter=1,ms=21.433,classes=[2:62981/150000]} decode={lineitem:113382/600572,ms=44.161,total_ms=44.161} total_ms=83.601
NOTICE:  custom_filter: bundle target=lineitem allow_count=2236/600572
NOTICE:  custom_filter: final_allow_lineitem count=2236/600572
NOTICE:  custom_filter: final_allow_customer count=0/15000
NOTICE:  custom_filter: final_allow_orders count=2200/150000
NOTICE:  custom_filter: allow_lineitem popcount=2236/600572
NOTICE:  custom_filter: ctid_map[0]=(0,1)->0
NOTICE:  custom_filter: ctid_map[1]=(0,2)->1
NOTICE:  custom_filter: ctid_map[2]=(0,3)->2
NOTICE:  custom_filter: ctid_map[3]=(0,4)->3
NOTICE:  custom_filter: ctid_map[4]=(0,5)->4
NOTICE:  custom_filter: ctid_index_ms=25.318 rel=lineitem
NOTICE:  custom_filter: lineitem_ctid head [0,1 0,2 0,3 0,4 0,5]
NOTICE:  custom_filter: retain rel=lineitem allow=75072B ctid=4804576B blk_index=135192B
NOTICE:  custom_filter: retain total allow=75072B ctid=4804576B blk_index=135192B
NOTICE:  custom_filter exec: rel=lineitem oid=74200 seen=171942 passed=2236 misses=0 mode=trace
NOTICE:  custom_filter: row validation time = 77.511 ms
NOTICE:  policy_metrics: eval_ms=0.710 artifact_load_ms=50.338 artifact_parse_ms=110.075 stamp_ms=2904.621 bin_ms=61.898 local_sat_ms=20.053 prop_ms=82.554 prop_iters=4 decode_ms=200.582 ctid_map_ms=25.318 filter_ms=77.511 rows_seen=171942 rows_passed=2236 policy_total_ms=3683.337
NOTICE:  policy_profile_query: K=0 query_id= total_ms=3683.337 local_ms=3005.698 prop_ms=82.554 decode_ms=200.582 sat_calls=226 cache_hits=10018 closure_tables=5 filtered_targets=1
NOTICE:  policy: scan_count table=region count=1
NOTICE:  policy: scan_count table=orders count=1
NOTICE:  policy: scan_count table=nation count=1
NOTICE:  policy: scan_count table=customer count=1
NOTICE:  policy: scan_count table=lineitem count=1
2236
