NOTICE:  policy_eval: target=lineitem tokens=LPAREN:( IDENT:l_returnflag OP:= STRING:'R' RPAREN:) OR:or LPAREN:( IDENT:l_linestatus OP:= STRING:'F' RPAREN:)
NOTICE:  policy_eval: target=lineitem tokens=LPAREN:( IDENT:l_shipinstruct OP:= STRING:'DELIVER IN PERSON' RPAREN:) AND:and LPAREN:( LPAREN:( IDENT:l_shipmode OP:in LPAREN:( STRING:'MAIL' COMMA:, STRING:'SHIP' RPAREN:) RPAREN:) OR:or LPAREN:( IDENT:l_shipmode OP:in LPAREN:( STRING:'TRUCK' COMMA:, STRING:'RAIL' RPAREN:) RPAREN:) RPAREN:)
NOTICE:  policy_eval: target=lineitem tokens=LPAREN:( LPAREN:( IDENT:l_discount OP:>= NUMBER:0.02 AND:and IDENT:l_discount OP:<= NUMBER:0.05 AND:and IDENT:l_quantity OP:<= NUMBER:25 RPAREN:) OR:or LPAREN:( IDENT:l_discount OP:>= NUMBER:0.06 AND:and IDENT:l_discount OP:<= NUMBER:0.08 AND:and IDENT:l_quantity OP:<= NUMBER:10 RPAREN:) RPAREN:)
NOTICE:  policy_eval: target=lineitem tokens=LPAREN:( IDENT:l_shipinstruct OP:= STRING:'DELIVER IN PERSON' RPAREN:) AND:and LPAREN:( LPAREN:( IDENT:l_returnflag OP:= STRING:'R' RPAREN:) OR:or LPAREN:( IDENT:l_returnflag OP:= STRING:'A' RPAREN:) RPAREN:) AND:and LPAREN:( LPAREN:( IDENT:l_tax OP:<= NUMBER:0.07 RPAREN:) OR:or LPAREN:( IDENT:l_discount OP:<= NUMBER:0.05 RPAREN:) RPAREN:) AND:and LPAREN:( IDENT:l_extendedprice OP:> NUMBER:0 RPAREN:)
NOTICE:  policy_eval: target=lineitem tokens=LPAREN:( LPAREN:( IDENT:l_shipmode OP:in LPAREN:( STRING:'AIR' COMMA:, STRING:'REG AIR' RPAREN:) AND:and IDENT:l_quantity OP:<= NUMBER:15 AND:and IDENT:l_discount OP:<= NUMBER:0.05 AND:and IDENT:l_linestatus OP:= STRING:'F' RPAREN:) OR:or LPAREN:( IDENT:l_shipmode OP:in LPAREN:( STRING:'MAIL' COMMA:, STRING:'SHIP' RPAREN:) AND:and IDENT:l_quantity OP:<= NUMBER:30 AND:and IDENT:l_discount OP:<= NUMBER:0.07 AND:and IDENT:l_returnflag OP:= STRING:'R' RPAREN:) RPAREN:) AND:and LPAREN:( IDENT:l_extendedprice OP:> NUMBER:0 RPAREN:)
NOTICE:  policy_eval: target=customer tokens=LPAREN:( IDENT:c_mktsegment OP:= STRING:'AUTOMOBILE' RPAREN:) OR:or LPAREN:( IDENT:c_mktsegment OP:= STRING:'BUILDING' RPAREN:)
NOTICE:  policy_eval: target=customer tokens=LPAREN:( IDENT:c_acctbal OP:> NUMBER:0 RPAREN:) AND:and LPAREN:( LPAREN:( IDENT:c_mktsegment OP:= STRING:'FURNITURE' RPAREN:) OR:or LPAREN:( IDENT:c_mktsegment OP:= STRING:'HOUSEHOLD' RPAREN:) RPAREN:) AND:and LPAREN:( IDENT:c_nationkey OP:< NUMBER:10 RPAREN:)
NOTICE:  policy_eval: target=customer tokens=LPAREN:( LPAREN:( IDENT:c_acctbal OP:>= NUMBER:500 AND:and IDENT:c_acctbal OP:<= NUMBER:7000 RPAREN:) OR:or LPAREN:( IDENT:c_phone OP:like STRING:'1%' RPAREN:) RPAREN:)
NOTICE:  policy_eval: target=customer tokens=LPAREN:( IDENT:c_name OP:like STRING:'Customer%' RPAREN:) AND:and LPAREN:( LPAREN:( IDENT:c_phone OP:like STRING:'2%' RPAREN:) OR:or LPAREN:( IDENT:c_phone OP:like STRING:'3%' RPAREN:) RPAREN:) AND:and LPAREN:( LPAREN:( IDENT:c_mktsegment OP:= STRING:'MACHINERY' RPAREN:) OR:or LPAREN:( IDENT:c_mktsegment OP:= STRING:'HOUSEHOLD' RPAREN:) RPAREN:) AND:and LPAREN:( IDENT:c_acctbal OP:< NUMBER:9000 RPAREN:)
NOTICE:  policy_eval: target=customer tokens=LPAREN:( LPAREN:( IDENT:c_mktsegment OP:= STRING:'AUTOMOBILE' AND:and IDENT:c_acctbal OP:> NUMBER:0 RPAREN:) OR:or LPAREN:( IDENT:c_mktsegment OP:= STRING:'FURNITURE' AND:and IDENT:c_acctbal OP:> NUMBER:500 RPAREN:) OR:or LPAREN:( IDENT:c_mktsegment OP:= STRING:'BUILDING' AND:and IDENT:c_acctbal OP:> NUMBER:1000 RPAREN:) RPAREN:) AND:and LPAREN:( IDENT:c_nationkey OP:in LPAREN:( NUMBER:1 COMMA:, NUMBER:3 COMMA:, NUMBER:5 COMMA:, NUMBER:7 RPAREN:) RPAREN:)
NOTICE:  policy_eval: target=customer join_classes=[]
NOTICE:  policy_eval: target=lineitem join_classes=[]
NOTICE:  policy_eval: policy[1] target=lineitem expr=(l_returnflag = 'R') OR (l_linestatus = 'F') ast=y30 or y24
NOTICE:  policy_eval: policy[2] target=lineitem expr=(l_shipinstruct = 'DELIVER IN PERSON') AND ((l_shipmode IN ('MAIL','SHIP')) OR (l_shipmode IN ('TRUCK','RAIL'))) ast=y31 and (y33 or y34)
NOTICE:  policy_eval: policy[3] target=lineitem expr=((l_discount >= 0.02 AND l_discount <= 0.05 AND l_quantity <= 25) OR (l_discount >= 0.06 AND l_discount <= 0.08 AND l_quantity <= 10)) ast=y21 and y18 and y27 or y22 and y20 and y25
NOTICE:  policy_eval: policy[4] target=lineitem expr=(l_shipinstruct = 'DELIVER IN PERSON') AND ((l_returnflag = 'R') OR (l_returnflag = 'A')) AND ((l_tax <= 0.07) OR (l_discount <= 0.05)) AND (l_extendedprice > 0) ast=y31 and (y30 or y29) and (y35 or y18) and y23
NOTICE:  policy_eval: policy[5] target=lineitem expr=((l_shipmode IN ('AIR','REG AIR') AND l_quantity <= 15 AND l_discount <= 0.05 AND l_linestatus = 'F') OR (l_shipmode IN ('MAIL','SHIP') AND l_quantity <= 30 AND l_discount <= 0.07 AND l_returnflag = 'R')) AND (l_extendedprice > 0) ast=(y32 and y26 and y18 and y24 or y33 and y28 and y19 and y30) and y23
NOTICE:  policy_eval: policy[6] target=customer expr=(c_mktsegment = 'AUTOMOBILE') OR (c_mktsegment = 'BUILDING') ast=y7 or y8
NOTICE:  policy_eval: policy[7] target=customer expr=(c_acctbal > 0) AND ((c_mktsegment = 'FURNITURE') OR (c_mktsegment = 'HOUSEHOLD')) AND (c_nationkey < 10) ast=y4 and (y9 or y10) and y13
NOTICE:  policy_eval: policy[8] target=customer expr=((c_acctbal >= 500 AND c_acctbal <= 7000) OR (c_phone LIKE '1%')) ast=y3 and y1 or y15
NOTICE:  policy_eval: policy[9] target=customer expr=(c_name LIKE 'Customer%') AND ((c_phone LIKE '2%') OR (c_phone LIKE '3%')) AND ((c_mktsegment = 'MACHINERY') OR (c_mktsegment = 'HOUSEHOLD')) AND (c_acctbal < 9000) ast=y12 and (y16 or y17) and (y11 or y10) and y2
NOTICE:  policy_eval: policy[10] target=customer expr=((c_mktsegment = 'AUTOMOBILE' AND c_acctbal > 0) OR (c_mktsegment = 'FURNITURE' AND c_acctbal > 500) OR (c_mktsegment = 'BUILDING' AND c_acctbal > 1000)) AND (c_nationkey IN (1,3,5,7)) ast=(y7 and y4 or y9 and y6 or y8 and y5) and y14
NOTICE:  policy_eval: atom y1 = const:customer.c_acctbal|<=|7000
NOTICE:  policy_eval: atom y2 = const:customer.c_acctbal|<|9000
NOTICE:  policy_eval: atom y3 = const:customer.c_acctbal|>=|500
NOTICE:  policy_eval: atom y4 = const:customer.c_acctbal|>|0
NOTICE:  policy_eval: atom y5 = const:customer.c_acctbal|>|1000
NOTICE:  policy_eval: atom y6 = const:customer.c_acctbal|>|500
NOTICE:  policy_eval: atom y7 = const:customer.c_mktsegment|=|AUTOMOBILE
NOTICE:  policy_eval: atom y8 = const:customer.c_mktsegment|=|BUILDING
NOTICE:  policy_eval: atom y9 = const:customer.c_mktsegment|=|FURNITURE
NOTICE:  policy_eval: atom y10 = const:customer.c_mktsegment|=|HOUSEHOLD
NOTICE:  policy_eval: atom y11 = const:customer.c_mktsegment|=|MACHINERY
NOTICE:  policy_eval: atom y12 = const:customer.c_name|like|Customer%
NOTICE:  policy_eval: atom y13 = const:customer.c_nationkey|<|10
NOTICE:  policy_eval: atom y14 = const:customer.c_nationkey|in|1,3,5,7
NOTICE:  policy_eval: atom y15 = const:customer.c_phone|like|1%
NOTICE:  policy_eval: atom y16 = const:customer.c_phone|like|2%
NOTICE:  policy_eval: atom y17 = const:customer.c_phone|like|3%
NOTICE:  policy_eval: atom y18 = const:lineitem.l_discount|<=|0.05
NOTICE:  policy_eval: atom y19 = const:lineitem.l_discount|<=|0.07
NOTICE:  policy_eval: atom y20 = const:lineitem.l_discount|<=|0.08
NOTICE:  policy_eval: atom y21 = const:lineitem.l_discount|>=|0.02
NOTICE:  policy_eval: atom y22 = const:lineitem.l_discount|>=|0.06
NOTICE:  policy_eval: atom y23 = const:lineitem.l_extendedprice|>|0
NOTICE:  policy_eval: atom y24 = const:lineitem.l_linestatus|=|F
NOTICE:  policy_eval: atom y25 = const:lineitem.l_quantity|<=|10
NOTICE:  policy_eval: atom y26 = const:lineitem.l_quantity|<=|15
NOTICE:  policy_eval: atom y27 = const:lineitem.l_quantity|<=|25
NOTICE:  policy_eval: atom y28 = const:lineitem.l_quantity|<=|30
NOTICE:  policy_eval: atom y29 = const:lineitem.l_returnflag|=|A
NOTICE:  policy_eval: atom y30 = const:lineitem.l_returnflag|=|R
NOTICE:  policy_eval: atom y31 = const:lineitem.l_shipinstruct|=|DELIVER IN PERSON
NOTICE:  policy_eval: atom y32 = const:lineitem.l_shipmode|in|AIR,REG AIR
NOTICE:  policy_eval: atom y33 = const:lineitem.l_shipmode|in|MAIL,SHIP
NOTICE:  policy_eval: atom y34 = const:lineitem.l_shipmode|in|RAIL,TRUCK
NOTICE:  policy_eval: atom y35 = const:lineitem.l_tax|<=|0.07
NOTICE:  policy_eval: combined_ast target=customer ast=(y7 or y8) and y4 and (y9 or y10) and y13 and (y3 and y1 or y15) and y12 and (y16 or y17) and (y11 or y10) and y2 and (y7 and y4 or y9 and y6 or y8 and y5) and y14
NOTICE:  policy_eval: combined_ast target=lineitem ast=(y30 or y24) and y31 and (y33 or y34) and (y21 and y18 and y27 or y22 and y20 and y25) and y31 and (y30 or y29) and (y35 or y18) and y23 and (y32 and y26 and y18 and y24 or y33 and y28 and y19 and y30) and y23
NOTICE:  policy_eval: closure_count=3
NOTICE:  policy_eval: target=lineitem tokens=LPAREN:( IDENT:l_returnflag OP:= STRING:'R' RPAREN:) OR:or LPAREN:( IDENT:l_linestatus OP:= STRING:'F' RPAREN:)
NOTICE:  policy_eval: target=lineitem tokens=LPAREN:( IDENT:l_shipinstruct OP:= STRING:'DELIVER IN PERSON' RPAREN:) AND:and LPAREN:( LPAREN:( IDENT:l_shipmode OP:in LPAREN:( STRING:'MAIL' COMMA:, STRING:'SHIP' RPAREN:) RPAREN:) OR:or LPAREN:( IDENT:l_shipmode OP:in LPAREN:( STRING:'TRUCK' COMMA:, STRING:'RAIL' RPAREN:) RPAREN:) RPAREN:)
NOTICE:  policy_eval: target=lineitem tokens=LPAREN:( LPAREN:( IDENT:l_discount OP:>= NUMBER:0.02 AND:and IDENT:l_discount OP:<= NUMBER:0.05 AND:and IDENT:l_quantity OP:<= NUMBER:25 RPAREN:) OR:or LPAREN:( IDENT:l_discount OP:>= NUMBER:0.06 AND:and IDENT:l_discount OP:<= NUMBER:0.08 AND:and IDENT:l_quantity OP:<= NUMBER:10 RPAREN:) RPAREN:)
NOTICE:  policy_eval: target=lineitem tokens=LPAREN:( IDENT:l_shipinstruct OP:= STRING:'DELIVER IN PERSON' RPAREN:) AND:and LPAREN:( LPAREN:( IDENT:l_returnflag OP:= STRING:'R' RPAREN:) OR:or LPAREN:( IDENT:l_returnflag OP:= STRING:'A' RPAREN:) RPAREN:) AND:and LPAREN:( LPAREN:( IDENT:l_tax OP:<= NUMBER:0.07 RPAREN:) OR:or LPAREN:( IDENT:l_discount OP:<= NUMBER:0.05 RPAREN:) RPAREN:) AND:and LPAREN:( IDENT:l_extendedprice OP:> NUMBER:0 RPAREN:)
NOTICE:  policy_eval: target=lineitem tokens=LPAREN:( LPAREN:( IDENT:l_shipmode OP:in LPAREN:( STRING:'AIR' COMMA:, STRING:'REG AIR' RPAREN:) AND:and IDENT:l_quantity OP:<= NUMBER:15 AND:and IDENT:l_discount OP:<= NUMBER:0.05 AND:and IDENT:l_linestatus OP:= STRING:'F' RPAREN:) OR:or LPAREN:( IDENT:l_shipmode OP:in LPAREN:( STRING:'MAIL' COMMA:, STRING:'SHIP' RPAREN:) AND:and IDENT:l_quantity OP:<= NUMBER:30 AND:and IDENT:l_discount OP:<= NUMBER:0.07 AND:and IDENT:l_returnflag OP:= STRING:'R' RPAREN:) RPAREN:) AND:and LPAREN:( IDENT:l_extendedprice OP:> NUMBER:0 RPAREN:)
NOTICE:  policy_eval: target=customer tokens=LPAREN:( IDENT:c_mktsegment OP:= STRING:'AUTOMOBILE' RPAREN:) OR:or LPAREN:( IDENT:c_mktsegment OP:= STRING:'BUILDING' RPAREN:)
NOTICE:  policy_eval: target=customer tokens=LPAREN:( IDENT:c_acctbal OP:> NUMBER:0 RPAREN:) AND:and LPAREN:( LPAREN:( IDENT:c_mktsegment OP:= STRING:'FURNITURE' RPAREN:) OR:or LPAREN:( IDENT:c_mktsegment OP:= STRING:'HOUSEHOLD' RPAREN:) RPAREN:) AND:and LPAREN:( IDENT:c_nationkey OP:< NUMBER:10 RPAREN:)
NOTICE:  policy_eval: target=customer tokens=LPAREN:( LPAREN:( IDENT:c_acctbal OP:>= NUMBER:500 AND:and IDENT:c_acctbal OP:<= NUMBER:7000 RPAREN:) OR:or LPAREN:( IDENT:c_phone OP:like STRING:'1%' RPAREN:) RPAREN:)
NOTICE:  policy_eval: target=customer tokens=LPAREN:( IDENT:c_name OP:like STRING:'Customer%' RPAREN:) AND:and LPAREN:( LPAREN:( IDENT:c_phone OP:like STRING:'2%' RPAREN:) OR:or LPAREN:( IDENT:c_phone OP:like STRING:'3%' RPAREN:) RPAREN:) AND:and LPAREN:( LPAREN:( IDENT:c_mktsegment OP:= STRING:'MACHINERY' RPAREN:) OR:or LPAREN:( IDENT:c_mktsegment OP:= STRING:'HOUSEHOLD' RPAREN:) RPAREN:) AND:and LPAREN:( IDENT:c_acctbal OP:< NUMBER:9000 RPAREN:)
NOTICE:  policy_eval: target=customer tokens=LPAREN:( LPAREN:( IDENT:c_mktsegment OP:= STRING:'AUTOMOBILE' AND:and IDENT:c_acctbal OP:> NUMBER:0 RPAREN:) OR:or LPAREN:( IDENT:c_mktsegment OP:= STRING:'FURNITURE' AND:and IDENT:c_acctbal OP:> NUMBER:500 RPAREN:) OR:or LPAREN:( IDENT:c_mktsegment OP:= STRING:'BUILDING' AND:and IDENT:c_acctbal OP:> NUMBER:1000 RPAREN:) RPAREN:) AND:and LPAREN:( IDENT:c_nationkey OP:in LPAREN:( NUMBER:1 COMMA:, NUMBER:3 COMMA:, NUMBER:5 COMMA:, NUMBER:7 RPAREN:) RPAREN:)
NOTICE:  policy_eval: target=customer join_classes=[]
NOTICE:  policy_eval: target=lineitem join_classes=[]
NOTICE:  policy_eval: policy[1] target=lineitem expr=(l_returnflag = 'R') OR (l_linestatus = 'F') ast=y30 or y24
NOTICE:  policy_eval: policy[2] target=lineitem expr=(l_shipinstruct = 'DELIVER IN PERSON') AND ((l_shipmode IN ('MAIL','SHIP')) OR (l_shipmode IN ('TRUCK','RAIL'))) ast=y31 and (y33 or y34)
NOTICE:  policy_eval: policy[3] target=lineitem expr=((l_discount >= 0.02 AND l_discount <= 0.05 AND l_quantity <= 25) OR (l_discount >= 0.06 AND l_discount <= 0.08 AND l_quantity <= 10)) ast=y21 and y18 and y27 or y22 and y20 and y25
NOTICE:  policy_eval: policy[4] target=lineitem expr=(l_shipinstruct = 'DELIVER IN PERSON') AND ((l_returnflag = 'R') OR (l_returnflag = 'A')) AND ((l_tax <= 0.07) OR (l_discount <= 0.05)) AND (l_extendedprice > 0) ast=y31 and (y30 or y29) and (y35 or y18) and y23
NOTICE:  policy_eval: policy[5] target=lineitem expr=((l_shipmode IN ('AIR','REG AIR') AND l_quantity <= 15 AND l_discount <= 0.05 AND l_linestatus = 'F') OR (l_shipmode IN ('MAIL','SHIP') AND l_quantity <= 30 AND l_discount <= 0.07 AND l_returnflag = 'R')) AND (l_extendedprice > 0) ast=(y32 and y26 and y18 and y24 or y33 and y28 and y19 and y30) and y23
NOTICE:  policy_eval: policy[6] target=customer expr=(c_mktsegment = 'AUTOMOBILE') OR (c_mktsegment = 'BUILDING') ast=y7 or y8
NOTICE:  policy_eval: policy[7] target=customer expr=(c_acctbal > 0) AND ((c_mktsegment = 'FURNITURE') OR (c_mktsegment = 'HOUSEHOLD')) AND (c_nationkey < 10) ast=y4 and (y9 or y10) and y13
NOTICE:  policy_eval: policy[8] target=customer expr=((c_acctbal >= 500 AND c_acctbal <= 7000) OR (c_phone LIKE '1%')) ast=y3 and y1 or y15
NOTICE:  policy_eval: policy[9] target=customer expr=(c_name LIKE 'Customer%') AND ((c_phone LIKE '2%') OR (c_phone LIKE '3%')) AND ((c_mktsegment = 'MACHINERY') OR (c_mktsegment = 'HOUSEHOLD')) AND (c_acctbal < 9000) ast=y12 and (y16 or y17) and (y11 or y10) and y2
NOTICE:  policy_eval: policy[10] target=customer expr=((c_mktsegment = 'AUTOMOBILE' AND c_acctbal > 0) OR (c_mktsegment = 'FURNITURE' AND c_acctbal > 500) OR (c_mktsegment = 'BUILDING' AND c_acctbal > 1000)) AND (c_nationkey IN (1,3,5,7)) ast=(y7 and y4 or y9 and y6 or y8 and y5) and y14
NOTICE:  policy_eval: atom y1 = const:customer.c_acctbal|<=|7000
NOTICE:  policy_eval: atom y2 = const:customer.c_acctbal|<|9000
NOTICE:  policy_eval: atom y3 = const:customer.c_acctbal|>=|500
NOTICE:  policy_eval: atom y4 = const:customer.c_acctbal|>|0
NOTICE:  policy_eval: atom y5 = const:customer.c_acctbal|>|1000
NOTICE:  policy_eval: atom y6 = const:customer.c_acctbal|>|500
NOTICE:  policy_eval: atom y7 = const:customer.c_mktsegment|=|AUTOMOBILE
NOTICE:  policy_eval: atom y8 = const:customer.c_mktsegment|=|BUILDING
NOTICE:  policy_eval: atom y9 = const:customer.c_mktsegment|=|FURNITURE
NOTICE:  policy_eval: atom y10 = const:customer.c_mktsegment|=|HOUSEHOLD
NOTICE:  policy_eval: atom y11 = const:customer.c_mktsegment|=|MACHINERY
NOTICE:  policy_eval: atom y12 = const:customer.c_name|like|Customer%
NOTICE:  policy_eval: atom y13 = const:customer.c_nationkey|<|10
NOTICE:  policy_eval: atom y14 = const:customer.c_nationkey|in|1,3,5,7
NOTICE:  policy_eval: atom y15 = const:customer.c_phone|like|1%
NOTICE:  policy_eval: atom y16 = const:customer.c_phone|like|2%
NOTICE:  policy_eval: atom y17 = const:customer.c_phone|like|3%
NOTICE:  policy_eval: atom y18 = const:lineitem.l_discount|<=|0.05
NOTICE:  policy_eval: atom y19 = const:lineitem.l_discount|<=|0.07
NOTICE:  policy_eval: atom y20 = const:lineitem.l_discount|<=|0.08
NOTICE:  policy_eval: atom y21 = const:lineitem.l_discount|>=|0.02
NOTICE:  policy_eval: atom y22 = const:lineitem.l_discount|>=|0.06
NOTICE:  policy_eval: atom y23 = const:lineitem.l_extendedprice|>|0
NOTICE:  policy_eval: atom y24 = const:lineitem.l_linestatus|=|F
NOTICE:  policy_eval: atom y25 = const:lineitem.l_quantity|<=|10
NOTICE:  policy_eval: atom y26 = const:lineitem.l_quantity|<=|15
NOTICE:  policy_eval: atom y27 = const:lineitem.l_quantity|<=|25
NOTICE:  policy_eval: atom y28 = const:lineitem.l_quantity|<=|30
NOTICE:  policy_eval: atom y29 = const:lineitem.l_returnflag|=|A
NOTICE:  policy_eval: atom y30 = const:lineitem.l_returnflag|=|R
NOTICE:  policy_eval: atom y31 = const:lineitem.l_shipinstruct|=|DELIVER IN PERSON
NOTICE:  policy_eval: atom y32 = const:lineitem.l_shipmode|in|AIR,REG AIR
NOTICE:  policy_eval: atom y33 = const:lineitem.l_shipmode|in|MAIL,SHIP
NOTICE:  policy_eval: atom y34 = const:lineitem.l_shipmode|in|RAIL,TRUCK
NOTICE:  policy_eval: atom y35 = const:lineitem.l_tax|<=|0.07
NOTICE:  policy_eval: combined_ast target=customer ast=(y7 or y8) and y4 and (y9 or y10) and y13 and (y3 and y1 or y15) and y12 and (y16 or y17) and (y11 or y10) and y2 and (y7 and y4 or y9 and y6 or y8 and y5) and y14
NOTICE:  policy_eval: combined_ast target=lineitem ast=(y30 or y24) and y31 and (y33 or y34) and (y21 and y18 and y27 or y22 and y20 and y25) and y31 and (y30 or y29) and (y35 or y18) and y23 and (y32 and y26 and y18 and y24 or y33 and y28 and y19 and y30) and y23
NOTICE:  policy_eval: closure_count=3
NOTICE:  custom_filter: wrap rel=lineitem oid=74200 paths=3
NOTICE:  policy_eval: target=lineitem tokens=LPAREN:( IDENT:l_returnflag OP:= STRING:'R' RPAREN:) OR:or LPAREN:( IDENT:l_linestatus OP:= STRING:'F' RPAREN:)
NOTICE:  policy_eval: target=lineitem tokens=LPAREN:( IDENT:l_shipinstruct OP:= STRING:'DELIVER IN PERSON' RPAREN:) AND:and LPAREN:( LPAREN:( IDENT:l_shipmode OP:in LPAREN:( STRING:'MAIL' COMMA:, STRING:'SHIP' RPAREN:) RPAREN:) OR:or LPAREN:( IDENT:l_shipmode OP:in LPAREN:( STRING:'TRUCK' COMMA:, STRING:'RAIL' RPAREN:) RPAREN:) RPAREN:)
NOTICE:  policy_eval: target=lineitem tokens=LPAREN:( LPAREN:( IDENT:l_discount OP:>= NUMBER:0.02 AND:and IDENT:l_discount OP:<= NUMBER:0.05 AND:and IDENT:l_quantity OP:<= NUMBER:25 RPAREN:) OR:or LPAREN:( IDENT:l_discount OP:>= NUMBER:0.06 AND:and IDENT:l_discount OP:<= NUMBER:0.08 AND:and IDENT:l_quantity OP:<= NUMBER:10 RPAREN:) RPAREN:)
NOTICE:  policy_eval: target=lineitem tokens=LPAREN:( IDENT:l_shipinstruct OP:= STRING:'DELIVER IN PERSON' RPAREN:) AND:and LPAREN:( LPAREN:( IDENT:l_returnflag OP:= STRING:'R' RPAREN:) OR:or LPAREN:( IDENT:l_returnflag OP:= STRING:'A' RPAREN:) RPAREN:) AND:and LPAREN:( LPAREN:( IDENT:l_tax OP:<= NUMBER:0.07 RPAREN:) OR:or LPAREN:( IDENT:l_discount OP:<= NUMBER:0.05 RPAREN:) RPAREN:) AND:and LPAREN:( IDENT:l_extendedprice OP:> NUMBER:0 RPAREN:)
NOTICE:  policy_eval: target=lineitem tokens=LPAREN:( LPAREN:( IDENT:l_shipmode OP:in LPAREN:( STRING:'AIR' COMMA:, STRING:'REG AIR' RPAREN:) AND:and IDENT:l_quantity OP:<= NUMBER:15 AND:and IDENT:l_discount OP:<= NUMBER:0.05 AND:and IDENT:l_linestatus OP:= STRING:'F' RPAREN:) OR:or LPAREN:( IDENT:l_shipmode OP:in LPAREN:( STRING:'MAIL' COMMA:, STRING:'SHIP' RPAREN:) AND:and IDENT:l_quantity OP:<= NUMBER:30 AND:and IDENT:l_discount OP:<= NUMBER:0.07 AND:and IDENT:l_returnflag OP:= STRING:'R' RPAREN:) RPAREN:) AND:and LPAREN:( IDENT:l_extendedprice OP:> NUMBER:0 RPAREN:)
NOTICE:  policy_eval: target=customer tokens=LPAREN:( IDENT:c_mktsegment OP:= STRING:'AUTOMOBILE' RPAREN:) OR:or LPAREN:( IDENT:c_mktsegment OP:= STRING:'BUILDING' RPAREN:)
NOTICE:  policy_eval: target=customer tokens=LPAREN:( IDENT:c_acctbal OP:> NUMBER:0 RPAREN:) AND:and LPAREN:( LPAREN:( IDENT:c_mktsegment OP:= STRING:'FURNITURE' RPAREN:) OR:or LPAREN:( IDENT:c_mktsegment OP:= STRING:'HOUSEHOLD' RPAREN:) RPAREN:) AND:and LPAREN:( IDENT:c_nationkey OP:< NUMBER:10 RPAREN:)
NOTICE:  policy_eval: target=customer tokens=LPAREN:( LPAREN:( IDENT:c_acctbal OP:>= NUMBER:500 AND:and IDENT:c_acctbal OP:<= NUMBER:7000 RPAREN:) OR:or LPAREN:( IDENT:c_phone OP:like STRING:'1%' RPAREN:) RPAREN:)
NOTICE:  policy_eval: target=customer tokens=LPAREN:( IDENT:c_name OP:like STRING:'Customer%' RPAREN:) AND:and LPAREN:( LPAREN:( IDENT:c_phone OP:like STRING:'2%' RPAREN:) OR:or LPAREN:( IDENT:c_phone OP:like STRING:'3%' RPAREN:) RPAREN:) AND:and LPAREN:( LPAREN:( IDENT:c_mktsegment OP:= STRING:'MACHINERY' RPAREN:) OR:or LPAREN:( IDENT:c_mktsegment OP:= STRING:'HOUSEHOLD' RPAREN:) RPAREN:) AND:and LPAREN:( IDENT:c_acctbal OP:< NUMBER:9000 RPAREN:)
NOTICE:  policy_eval: target=customer tokens=LPAREN:( LPAREN:( IDENT:c_mktsegment OP:= STRING:'AUTOMOBILE' AND:and IDENT:c_acctbal OP:> NUMBER:0 RPAREN:) OR:or LPAREN:( IDENT:c_mktsegment OP:= STRING:'FURNITURE' AND:and IDENT:c_acctbal OP:> NUMBER:500 RPAREN:) OR:or LPAREN:( IDENT:c_mktsegment OP:= STRING:'BUILDING' AND:and IDENT:c_acctbal OP:> NUMBER:1000 RPAREN:) RPAREN:) AND:and LPAREN:( IDENT:c_nationkey OP:in LPAREN:( NUMBER:1 COMMA:, NUMBER:3 COMMA:, NUMBER:5 COMMA:, NUMBER:7 RPAREN:) RPAREN:)
NOTICE:  policy_eval: target=customer join_classes=[]
NOTICE:  policy_eval: target=lineitem join_classes=[]
NOTICE:  policy_eval: policy[1] target=lineitem expr=(l_returnflag = 'R') OR (l_linestatus = 'F') ast=y30 or y24
NOTICE:  policy_eval: policy[2] target=lineitem expr=(l_shipinstruct = 'DELIVER IN PERSON') AND ((l_shipmode IN ('MAIL','SHIP')) OR (l_shipmode IN ('TRUCK','RAIL'))) ast=y31 and (y33 or y34)
NOTICE:  policy_eval: policy[3] target=lineitem expr=((l_discount >= 0.02 AND l_discount <= 0.05 AND l_quantity <= 25) OR (l_discount >= 0.06 AND l_discount <= 0.08 AND l_quantity <= 10)) ast=y21 and y18 and y27 or y22 and y20 and y25
NOTICE:  policy_eval: policy[4] target=lineitem expr=(l_shipinstruct = 'DELIVER IN PERSON') AND ((l_returnflag = 'R') OR (l_returnflag = 'A')) AND ((l_tax <= 0.07) OR (l_discount <= 0.05)) AND (l_extendedprice > 0) ast=y31 and (y30 or y29) and (y35 or y18) and y23
NOTICE:  policy_eval: policy[5] target=lineitem expr=((l_shipmode IN ('AIR','REG AIR') AND l_quantity <= 15 AND l_discount <= 0.05 AND l_linestatus = 'F') OR (l_shipmode IN ('MAIL','SHIP') AND l_quantity <= 30 AND l_discount <= 0.07 AND l_returnflag = 'R')) AND (l_extendedprice > 0) ast=(y32 and y26 and y18 and y24 or y33 and y28 and y19 and y30) and y23
NOTICE:  policy_eval: policy[6] target=customer expr=(c_mktsegment = 'AUTOMOBILE') OR (c_mktsegment = 'BUILDING') ast=y7 or y8
NOTICE:  policy_eval: policy[7] target=customer expr=(c_acctbal > 0) AND ((c_mktsegment = 'FURNITURE') OR (c_mktsegment = 'HOUSEHOLD')) AND (c_nationkey < 10) ast=y4 and (y9 or y10) and y13
NOTICE:  policy_eval: policy[8] target=customer expr=((c_acctbal >= 500 AND c_acctbal <= 7000) OR (c_phone LIKE '1%')) ast=y3 and y1 or y15
NOTICE:  policy_eval: policy[9] target=customer expr=(c_name LIKE 'Customer%') AND ((c_phone LIKE '2%') OR (c_phone LIKE '3%')) AND ((c_mktsegment = 'MACHINERY') OR (c_mktsegment = 'HOUSEHOLD')) AND (c_acctbal < 9000) ast=y12 and (y16 or y17) and (y11 or y10) and y2
NOTICE:  policy_eval: policy[10] target=customer expr=((c_mktsegment = 'AUTOMOBILE' AND c_acctbal > 0) OR (c_mktsegment = 'FURNITURE' AND c_acctbal > 500) OR (c_mktsegment = 'BUILDING' AND c_acctbal > 1000)) AND (c_nationkey IN (1,3,5,7)) ast=(y7 and y4 or y9 and y6 or y8 and y5) and y14
NOTICE:  policy_eval: atom y1 = const:customer.c_acctbal|<=|7000
NOTICE:  policy_eval: atom y2 = const:customer.c_acctbal|<|9000
NOTICE:  policy_eval: atom y3 = const:customer.c_acctbal|>=|500
NOTICE:  policy_eval: atom y4 = const:customer.c_acctbal|>|0
NOTICE:  policy_eval: atom y5 = const:customer.c_acctbal|>|1000
NOTICE:  policy_eval: atom y6 = const:customer.c_acctbal|>|500
NOTICE:  policy_eval: atom y7 = const:customer.c_mktsegment|=|AUTOMOBILE
NOTICE:  policy_eval: atom y8 = const:customer.c_mktsegment|=|BUILDING
NOTICE:  policy_eval: atom y9 = const:customer.c_mktsegment|=|FURNITURE
NOTICE:  policy_eval: atom y10 = const:customer.c_mktsegment|=|HOUSEHOLD
NOTICE:  policy_eval: atom y11 = const:customer.c_mktsegment|=|MACHINERY
NOTICE:  policy_eval: atom y12 = const:customer.c_name|like|Customer%
NOTICE:  policy_eval: atom y13 = const:customer.c_nationkey|<|10
NOTICE:  policy_eval: atom y14 = const:customer.c_nationkey|in|1,3,5,7
NOTICE:  policy_eval: atom y15 = const:customer.c_phone|like|1%
NOTICE:  policy_eval: atom y16 = const:customer.c_phone|like|2%
NOTICE:  policy_eval: atom y17 = const:customer.c_phone|like|3%
NOTICE:  policy_eval: atom y18 = const:lineitem.l_discount|<=|0.05
NOTICE:  policy_eval: atom y19 = const:lineitem.l_discount|<=|0.07
NOTICE:  policy_eval: atom y20 = const:lineitem.l_discount|<=|0.08
NOTICE:  policy_eval: atom y21 = const:lineitem.l_discount|>=|0.02
NOTICE:  policy_eval: atom y22 = const:lineitem.l_discount|>=|0.06
NOTICE:  policy_eval: atom y23 = const:lineitem.l_extendedprice|>|0
NOTICE:  policy_eval: atom y24 = const:lineitem.l_linestatus|=|F
NOTICE:  policy_eval: atom y25 = const:lineitem.l_quantity|<=|10
NOTICE:  policy_eval: atom y26 = const:lineitem.l_quantity|<=|15
NOTICE:  policy_eval: atom y27 = const:lineitem.l_quantity|<=|25
NOTICE:  policy_eval: atom y28 = const:lineitem.l_quantity|<=|30
NOTICE:  policy_eval: atom y29 = const:lineitem.l_returnflag|=|A
NOTICE:  policy_eval: atom y30 = const:lineitem.l_returnflag|=|R
NOTICE:  policy_eval: atom y31 = const:lineitem.l_shipinstruct|=|DELIVER IN PERSON
NOTICE:  policy_eval: atom y32 = const:lineitem.l_shipmode|in|AIR,REG AIR
NOTICE:  policy_eval: atom y33 = const:lineitem.l_shipmode|in|MAIL,SHIP
NOTICE:  policy_eval: atom y34 = const:lineitem.l_shipmode|in|RAIL,TRUCK
NOTICE:  policy_eval: atom y35 = const:lineitem.l_tax|<=|0.07
NOTICE:  policy_eval: combined_ast target=customer ast=(y7 or y8) and y4 and (y9 or y10) and y13 and (y3 and y1 or y15) and y12 and (y16 or y17) and (y11 or y10) and y2 and (y7 and y4 or y9 and y6 or y8 and y5) and y14
NOTICE:  policy_eval: combined_ast target=lineitem ast=(y30 or y24) and y31 and (y33 or y34) and (y21 and y18 and y27 or y22 and y20 and y25) and y31 and (y30 or y29) and (y35 or y18) and y23 and (y32 and y26 and y18 and y24 or y33 and y28 and y19 and y30) and y23
NOTICE:  policy_eval: closure_count=3
NOTICE:  policy_eval: target=lineitem tokens=LPAREN:( IDENT:l_returnflag OP:= STRING:'R' RPAREN:) OR:or LPAREN:( IDENT:l_linestatus OP:= STRING:'F' RPAREN:)
NOTICE:  policy_eval: target=lineitem tokens=LPAREN:( IDENT:l_shipinstruct OP:= STRING:'DELIVER IN PERSON' RPAREN:) AND:and LPAREN:( LPAREN:( IDENT:l_shipmode OP:in LPAREN:( STRING:'MAIL' COMMA:, STRING:'SHIP' RPAREN:) RPAREN:) OR:or LPAREN:( IDENT:l_shipmode OP:in LPAREN:( STRING:'TRUCK' COMMA:, STRING:'RAIL' RPAREN:) RPAREN:) RPAREN:)
NOTICE:  policy_eval: target=lineitem tokens=LPAREN:( LPAREN:( IDENT:l_discount OP:>= NUMBER:0.02 AND:and IDENT:l_discount OP:<= NUMBER:0.05 AND:and IDENT:l_quantity OP:<= NUMBER:25 RPAREN:) OR:or LPAREN:( IDENT:l_discount OP:>= NUMBER:0.06 AND:and IDENT:l_discount OP:<= NUMBER:0.08 AND:and IDENT:l_quantity OP:<= NUMBER:10 RPAREN:) RPAREN:)
NOTICE:  policy_eval: target=lineitem tokens=LPAREN:( IDENT:l_shipinstruct OP:= STRING:'DELIVER IN PERSON' RPAREN:) AND:and LPAREN:( LPAREN:( IDENT:l_returnflag OP:= STRING:'R' RPAREN:) OR:or LPAREN:( IDENT:l_returnflag OP:= STRING:'A' RPAREN:) RPAREN:) AND:and LPAREN:( LPAREN:( IDENT:l_tax OP:<= NUMBER:0.07 RPAREN:) OR:or LPAREN:( IDENT:l_discount OP:<= NUMBER:0.05 RPAREN:) RPAREN:) AND:and LPAREN:( IDENT:l_extendedprice OP:> NUMBER:0 RPAREN:)
NOTICE:  policy_eval: target=lineitem tokens=LPAREN:( LPAREN:( IDENT:l_shipmode OP:in LPAREN:( STRING:'AIR' COMMA:, STRING:'REG AIR' RPAREN:) AND:and IDENT:l_quantity OP:<= NUMBER:15 AND:and IDENT:l_discount OP:<= NUMBER:0.05 AND:and IDENT:l_linestatus OP:= STRING:'F' RPAREN:) OR:or LPAREN:( IDENT:l_shipmode OP:in LPAREN:( STRING:'MAIL' COMMA:, STRING:'SHIP' RPAREN:) AND:and IDENT:l_quantity OP:<= NUMBER:30 AND:and IDENT:l_discount OP:<= NUMBER:0.07 AND:and IDENT:l_returnflag OP:= STRING:'R' RPAREN:) RPAREN:) AND:and LPAREN:( IDENT:l_extendedprice OP:> NUMBER:0 RPAREN:)
NOTICE:  policy_eval: target=customer tokens=LPAREN:( IDENT:c_mktsegment OP:= STRING:'AUTOMOBILE' RPAREN:) OR:or LPAREN:( IDENT:c_mktsegment OP:= STRING:'BUILDING' RPAREN:)
NOTICE:  policy_eval: target=customer tokens=LPAREN:( IDENT:c_acctbal OP:> NUMBER:0 RPAREN:) AND:and LPAREN:( LPAREN:( IDENT:c_mktsegment OP:= STRING:'FURNITURE' RPAREN:) OR:or LPAREN:( IDENT:c_mktsegment OP:= STRING:'HOUSEHOLD' RPAREN:) RPAREN:) AND:and LPAREN:( IDENT:c_nationkey OP:< NUMBER:10 RPAREN:)
NOTICE:  policy_eval: target=customer tokens=LPAREN:( LPAREN:( IDENT:c_acctbal OP:>= NUMBER:500 AND:and IDENT:c_acctbal OP:<= NUMBER:7000 RPAREN:) OR:or LPAREN:( IDENT:c_phone OP:like STRING:'1%' RPAREN:) RPAREN:)
NOTICE:  policy_eval: target=customer tokens=LPAREN:( IDENT:c_name OP:like STRING:'Customer%' RPAREN:) AND:and LPAREN:( LPAREN:( IDENT:c_phone OP:like STRING:'2%' RPAREN:) OR:or LPAREN:( IDENT:c_phone OP:like STRING:'3%' RPAREN:) RPAREN:) AND:and LPAREN:( LPAREN:( IDENT:c_mktsegment OP:= STRING:'MACHINERY' RPAREN:) OR:or LPAREN:( IDENT:c_mktsegment OP:= STRING:'HOUSEHOLD' RPAREN:) RPAREN:) AND:and LPAREN:( IDENT:c_acctbal OP:< NUMBER:9000 RPAREN:)
NOTICE:  policy_eval: target=customer tokens=LPAREN:( LPAREN:( IDENT:c_mktsegment OP:= STRING:'AUTOMOBILE' AND:and IDENT:c_acctbal OP:> NUMBER:0 RPAREN:) OR:or LPAREN:( IDENT:c_mktsegment OP:= STRING:'FURNITURE' AND:and IDENT:c_acctbal OP:> NUMBER:500 RPAREN:) OR:or LPAREN:( IDENT:c_mktsegment OP:= STRING:'BUILDING' AND:and IDENT:c_acctbal OP:> NUMBER:1000 RPAREN:) RPAREN:) AND:and LPAREN:( IDENT:c_nationkey OP:in LPAREN:( NUMBER:1 COMMA:, NUMBER:3 COMMA:, NUMBER:5 COMMA:, NUMBER:7 RPAREN:) RPAREN:)
NOTICE:  policy_eval: target=customer join_classes=[]
NOTICE:  policy_eval: target=lineitem join_classes=[]
NOTICE:  policy_eval: policy[1] target=lineitem expr=(l_returnflag = 'R') OR (l_linestatus = 'F') ast=y30 or y24
NOTICE:  policy_eval: policy[2] target=lineitem expr=(l_shipinstruct = 'DELIVER IN PERSON') AND ((l_shipmode IN ('MAIL','SHIP')) OR (l_shipmode IN ('TRUCK','RAIL'))) ast=y31 and (y33 or y34)
NOTICE:  policy_eval: policy[3] target=lineitem expr=((l_discount >= 0.02 AND l_discount <= 0.05 AND l_quantity <= 25) OR (l_discount >= 0.06 AND l_discount <= 0.08 AND l_quantity <= 10)) ast=y21 and y18 and y27 or y22 and y20 and y25
NOTICE:  policy_eval: policy[4] target=lineitem expr=(l_shipinstruct = 'DELIVER IN PERSON') AND ((l_returnflag = 'R') OR (l_returnflag = 'A')) AND ((l_tax <= 0.07) OR (l_discount <= 0.05)) AND (l_extendedprice > 0) ast=y31 and (y30 or y29) and (y35 or y18) and y23
NOTICE:  policy_eval: policy[5] target=lineitem expr=((l_shipmode IN ('AIR','REG AIR') AND l_quantity <= 15 AND l_discount <= 0.05 AND l_linestatus = 'F') OR (l_shipmode IN ('MAIL','SHIP') AND l_quantity <= 30 AND l_discount <= 0.07 AND l_returnflag = 'R')) AND (l_extendedprice > 0) ast=(y32 and y26 and y18 and y24 or y33 and y28 and y19 and y30) and y23
NOTICE:  policy_eval: policy[6] target=customer expr=(c_mktsegment = 'AUTOMOBILE') OR (c_mktsegment = 'BUILDING') ast=y7 or y8
NOTICE:  policy_eval: policy[7] target=customer expr=(c_acctbal > 0) AND ((c_mktsegment = 'FURNITURE') OR (c_mktsegment = 'HOUSEHOLD')) AND (c_nationkey < 10) ast=y4 and (y9 or y10) and y13
NOTICE:  policy_eval: policy[8] target=customer expr=((c_acctbal >= 500 AND c_acctbal <= 7000) OR (c_phone LIKE '1%')) ast=y3 and y1 or y15
NOTICE:  policy_eval: policy[9] target=customer expr=(c_name LIKE 'Customer%') AND ((c_phone LIKE '2%') OR (c_phone LIKE '3%')) AND ((c_mktsegment = 'MACHINERY') OR (c_mktsegment = 'HOUSEHOLD')) AND (c_acctbal < 9000) ast=y12 and (y16 or y17) and (y11 or y10) and y2
NOTICE:  policy_eval: policy[10] target=customer expr=((c_mktsegment = 'AUTOMOBILE' AND c_acctbal > 0) OR (c_mktsegment = 'FURNITURE' AND c_acctbal > 500) OR (c_mktsegment = 'BUILDING' AND c_acctbal > 1000)) AND (c_nationkey IN (1,3,5,7)) ast=(y7 and y4 or y9 and y6 or y8 and y5) and y14
NOTICE:  policy_eval: atom y1 = const:customer.c_acctbal|<=|7000
NOTICE:  policy_eval: atom y2 = const:customer.c_acctbal|<|9000
NOTICE:  policy_eval: atom y3 = const:customer.c_acctbal|>=|500
NOTICE:  policy_eval: atom y4 = const:customer.c_acctbal|>|0
NOTICE:  policy_eval: atom y5 = const:customer.c_acctbal|>|1000
NOTICE:  policy_eval: atom y6 = const:customer.c_acctbal|>|500
NOTICE:  policy_eval: atom y7 = const:customer.c_mktsegment|=|AUTOMOBILE
NOTICE:  policy_eval: atom y8 = const:customer.c_mktsegment|=|BUILDING
NOTICE:  policy_eval: atom y9 = const:customer.c_mktsegment|=|FURNITURE
NOTICE:  policy_eval: atom y10 = const:customer.c_mktsegment|=|HOUSEHOLD
NOTICE:  policy_eval: atom y11 = const:customer.c_mktsegment|=|MACHINERY
NOTICE:  policy_eval: atom y12 = const:customer.c_name|like|Customer%
NOTICE:  policy_eval: atom y13 = const:customer.c_nationkey|<|10
NOTICE:  policy_eval: atom y14 = const:customer.c_nationkey|in|1,3,5,7
NOTICE:  policy_eval: atom y15 = const:customer.c_phone|like|1%
NOTICE:  policy_eval: atom y16 = const:customer.c_phone|like|2%
NOTICE:  policy_eval: atom y17 = const:customer.c_phone|like|3%
NOTICE:  policy_eval: atom y18 = const:lineitem.l_discount|<=|0.05
NOTICE:  policy_eval: atom y19 = const:lineitem.l_discount|<=|0.07
NOTICE:  policy_eval: atom y20 = const:lineitem.l_discount|<=|0.08
NOTICE:  policy_eval: atom y21 = const:lineitem.l_discount|>=|0.02
NOTICE:  policy_eval: atom y22 = const:lineitem.l_discount|>=|0.06
NOTICE:  policy_eval: atom y23 = const:lineitem.l_extendedprice|>|0
NOTICE:  policy_eval: atom y24 = const:lineitem.l_linestatus|=|F
NOTICE:  policy_eval: atom y25 = const:lineitem.l_quantity|<=|10
NOTICE:  policy_eval: atom y26 = const:lineitem.l_quantity|<=|15
NOTICE:  policy_eval: atom y27 = const:lineitem.l_quantity|<=|25
NOTICE:  policy_eval: atom y28 = const:lineitem.l_quantity|<=|30
NOTICE:  policy_eval: atom y29 = const:lineitem.l_returnflag|=|A
NOTICE:  policy_eval: atom y30 = const:lineitem.l_returnflag|=|R
NOTICE:  policy_eval: atom y31 = const:lineitem.l_shipinstruct|=|DELIVER IN PERSON
NOTICE:  policy_eval: atom y32 = const:lineitem.l_shipmode|in|AIR,REG AIR
NOTICE:  policy_eval: atom y33 = const:lineitem.l_shipmode|in|MAIL,SHIP
NOTICE:  policy_eval: atom y34 = const:lineitem.l_shipmode|in|RAIL,TRUCK
NOTICE:  policy_eval: atom y35 = const:lineitem.l_tax|<=|0.07
NOTICE:  policy_eval: combined_ast target=customer ast=(y7 or y8) and y4 and (y9 or y10) and y13 and (y3 and y1 or y15) and y12 and (y16 or y17) and (y11 or y10) and y2 and (y7 and y4 or y9 and y6 or y8 and y5) and y14
NOTICE:  policy_eval: combined_ast target=lineitem ast=(y30 or y24) and y31 and (y33 or y34) and (y21 and y18 and y27 or y22 and y20 and y25) and y31 and (y30 or y29) and (y35 or y18) and y23 and (y32 and y26 and y18 and y24 or y33 and y28 and y19 and y30) and y23
NOTICE:  policy_eval: closure_count=3
NOTICE:  custom_filter: wrap rel=customer oid=74194 paths=1
NOTICE:  policy_eval: target=lineitem tokens=LPAREN:( IDENT:l_returnflag OP:= STRING:'R' RPAREN:) OR:or LPAREN:( IDENT:l_linestatus OP:= STRING:'F' RPAREN:)
NOTICE:  policy_eval: target=lineitem tokens=LPAREN:( IDENT:l_shipinstruct OP:= STRING:'DELIVER IN PERSON' RPAREN:) AND:and LPAREN:( LPAREN:( IDENT:l_shipmode OP:in LPAREN:( STRING:'MAIL' COMMA:, STRING:'SHIP' RPAREN:) RPAREN:) OR:or LPAREN:( IDENT:l_shipmode OP:in LPAREN:( STRING:'TRUCK' COMMA:, STRING:'RAIL' RPAREN:) RPAREN:) RPAREN:)
NOTICE:  policy_eval: target=lineitem tokens=LPAREN:( LPAREN:( IDENT:l_discount OP:>= NUMBER:0.02 AND:and IDENT:l_discount OP:<= NUMBER:0.05 AND:and IDENT:l_quantity OP:<= NUMBER:25 RPAREN:) OR:or LPAREN:( IDENT:l_discount OP:>= NUMBER:0.06 AND:and IDENT:l_discount OP:<= NUMBER:0.08 AND:and IDENT:l_quantity OP:<= NUMBER:10 RPAREN:) RPAREN:)
NOTICE:  policy_eval: target=lineitem tokens=LPAREN:( IDENT:l_shipinstruct OP:= STRING:'DELIVER IN PERSON' RPAREN:) AND:and LPAREN:( LPAREN:( IDENT:l_returnflag OP:= STRING:'R' RPAREN:) OR:or LPAREN:( IDENT:l_returnflag OP:= STRING:'A' RPAREN:) RPAREN:) AND:and LPAREN:( LPAREN:( IDENT:l_tax OP:<= NUMBER:0.07 RPAREN:) OR:or LPAREN:( IDENT:l_discount OP:<= NUMBER:0.05 RPAREN:) RPAREN:) AND:and LPAREN:( IDENT:l_extendedprice OP:> NUMBER:0 RPAREN:)
NOTICE:  policy_eval: target=lineitem tokens=LPAREN:( LPAREN:( IDENT:l_shipmode OP:in LPAREN:( STRING:'AIR' COMMA:, STRING:'REG AIR' RPAREN:) AND:and IDENT:l_quantity OP:<= NUMBER:15 AND:and IDENT:l_discount OP:<= NUMBER:0.05 AND:and IDENT:l_linestatus OP:= STRING:'F' RPAREN:) OR:or LPAREN:( IDENT:l_shipmode OP:in LPAREN:( STRING:'MAIL' COMMA:, STRING:'SHIP' RPAREN:) AND:and IDENT:l_quantity OP:<= NUMBER:30 AND:and IDENT:l_discount OP:<= NUMBER:0.07 AND:and IDENT:l_returnflag OP:= STRING:'R' RPAREN:) RPAREN:) AND:and LPAREN:( IDENT:l_extendedprice OP:> NUMBER:0 RPAREN:)
NOTICE:  policy_eval: target=customer tokens=LPAREN:( IDENT:c_mktsegment OP:= STRING:'AUTOMOBILE' RPAREN:) OR:or LPAREN:( IDENT:c_mktsegment OP:= STRING:'BUILDING' RPAREN:)
NOTICE:  policy_eval: target=customer tokens=LPAREN:( IDENT:c_acctbal OP:> NUMBER:0 RPAREN:) AND:and LPAREN:( LPAREN:( IDENT:c_mktsegment OP:= STRING:'FURNITURE' RPAREN:) OR:or LPAREN:( IDENT:c_mktsegment OP:= STRING:'HOUSEHOLD' RPAREN:) RPAREN:) AND:and LPAREN:( IDENT:c_nationkey OP:< NUMBER:10 RPAREN:)
NOTICE:  policy_eval: target=customer tokens=LPAREN:( LPAREN:( IDENT:c_acctbal OP:>= NUMBER:500 AND:and IDENT:c_acctbal OP:<= NUMBER:7000 RPAREN:) OR:or LPAREN:( IDENT:c_phone OP:like STRING:'1%' RPAREN:) RPAREN:)
NOTICE:  policy_eval: target=customer tokens=LPAREN:( IDENT:c_name OP:like STRING:'Customer%' RPAREN:) AND:and LPAREN:( LPAREN:( IDENT:c_phone OP:like STRING:'2%' RPAREN:) OR:or LPAREN:( IDENT:c_phone OP:like STRING:'3%' RPAREN:) RPAREN:) AND:and LPAREN:( LPAREN:( IDENT:c_mktsegment OP:= STRING:'MACHINERY' RPAREN:) OR:or LPAREN:( IDENT:c_mktsegment OP:= STRING:'HOUSEHOLD' RPAREN:) RPAREN:) AND:and LPAREN:( IDENT:c_acctbal OP:< NUMBER:9000 RPAREN:)
NOTICE:  policy_eval: target=customer tokens=LPAREN:( LPAREN:( IDENT:c_mktsegment OP:= STRING:'AUTOMOBILE' AND:and IDENT:c_acctbal OP:> NUMBER:0 RPAREN:) OR:or LPAREN:( IDENT:c_mktsegment OP:= STRING:'FURNITURE' AND:and IDENT:c_acctbal OP:> NUMBER:500 RPAREN:) OR:or LPAREN:( IDENT:c_mktsegment OP:= STRING:'BUILDING' AND:and IDENT:c_acctbal OP:> NUMBER:1000 RPAREN:) RPAREN:) AND:and LPAREN:( IDENT:c_nationkey OP:in LPAREN:( NUMBER:1 COMMA:, NUMBER:3 COMMA:, NUMBER:5 COMMA:, NUMBER:7 RPAREN:) RPAREN:)
NOTICE:  policy_eval: target=customer join_classes=[]
NOTICE:  policy_eval: target=lineitem join_classes=[]
NOTICE:  policy_eval: policy[1] target=lineitem expr=(l_returnflag = 'R') OR (l_linestatus = 'F') ast=y30 or y24
NOTICE:  policy_eval: policy[2] target=lineitem expr=(l_shipinstruct = 'DELIVER IN PERSON') AND ((l_shipmode IN ('MAIL','SHIP')) OR (l_shipmode IN ('TRUCK','RAIL'))) ast=y31 and (y33 or y34)
NOTICE:  policy_eval: policy[3] target=lineitem expr=((l_discount >= 0.02 AND l_discount <= 0.05 AND l_quantity <= 25) OR (l_discount >= 0.06 AND l_discount <= 0.08 AND l_quantity <= 10)) ast=y21 and y18 and y27 or y22 and y20 and y25
NOTICE:  policy_eval: policy[4] target=lineitem expr=(l_shipinstruct = 'DELIVER IN PERSON') AND ((l_returnflag = 'R') OR (l_returnflag = 'A')) AND ((l_tax <= 0.07) OR (l_discount <= 0.05)) AND (l_extendedprice > 0) ast=y31 and (y30 or y29) and (y35 or y18) and y23
NOTICE:  policy_eval: policy[5] target=lineitem expr=((l_shipmode IN ('AIR','REG AIR') AND l_quantity <= 15 AND l_discount <= 0.05 AND l_linestatus = 'F') OR (l_shipmode IN ('MAIL','SHIP') AND l_quantity <= 30 AND l_discount <= 0.07 AND l_returnflag = 'R')) AND (l_extendedprice > 0) ast=(y32 and y26 and y18 and y24 or y33 and y28 and y19 and y30) and y23
NOTICE:  policy_eval: policy[6] target=customer expr=(c_mktsegment = 'AUTOMOBILE') OR (c_mktsegment = 'BUILDING') ast=y7 or y8
NOTICE:  policy_eval: policy[7] target=customer expr=(c_acctbal > 0) AND ((c_mktsegment = 'FURNITURE') OR (c_mktsegment = 'HOUSEHOLD')) AND (c_nationkey < 10) ast=y4 and (y9 or y10) and y13
NOTICE:  policy_eval: policy[8] target=customer expr=((c_acctbal >= 500 AND c_acctbal <= 7000) OR (c_phone LIKE '1%')) ast=y3 and y1 or y15
NOTICE:  policy_eval: policy[9] target=customer expr=(c_name LIKE 'Customer%') AND ((c_phone LIKE '2%') OR (c_phone LIKE '3%')) AND ((c_mktsegment = 'MACHINERY') OR (c_mktsegment = 'HOUSEHOLD')) AND (c_acctbal < 9000) ast=y12 and (y16 or y17) and (y11 or y10) and y2
NOTICE:  policy_eval: policy[10] target=customer expr=((c_mktsegment = 'AUTOMOBILE' AND c_acctbal > 0) OR (c_mktsegment = 'FURNITURE' AND c_acctbal > 500) OR (c_mktsegment = 'BUILDING' AND c_acctbal > 1000)) AND (c_nationkey IN (1,3,5,7)) ast=(y7 and y4 or y9 and y6 or y8 and y5) and y14
NOTICE:  policy_eval: atom y1 = const:customer.c_acctbal|<=|7000
NOTICE:  policy_eval: atom y2 = const:customer.c_acctbal|<|9000
NOTICE:  policy_eval: atom y3 = const:customer.c_acctbal|>=|500
NOTICE:  policy_eval: atom y4 = const:customer.c_acctbal|>|0
NOTICE:  policy_eval: atom y5 = const:customer.c_acctbal|>|1000
NOTICE:  policy_eval: atom y6 = const:customer.c_acctbal|>|500
NOTICE:  policy_eval: atom y7 = const:customer.c_mktsegment|=|AUTOMOBILE
NOTICE:  policy_eval: atom y8 = const:customer.c_mktsegment|=|BUILDING
NOTICE:  policy_eval: atom y9 = const:customer.c_mktsegment|=|FURNITURE
NOTICE:  policy_eval: atom y10 = const:customer.c_mktsegment|=|HOUSEHOLD
NOTICE:  policy_eval: atom y11 = const:customer.c_mktsegment|=|MACHINERY
NOTICE:  policy_eval: atom y12 = const:customer.c_name|like|Customer%
NOTICE:  policy_eval: atom y13 = const:customer.c_nationkey|<|10
NOTICE:  policy_eval: atom y14 = const:customer.c_nationkey|in|1,3,5,7
NOTICE:  policy_eval: atom y15 = const:customer.c_phone|like|1%
NOTICE:  policy_eval: atom y16 = const:customer.c_phone|like|2%
NOTICE:  policy_eval: atom y17 = const:customer.c_phone|like|3%
NOTICE:  policy_eval: atom y18 = const:lineitem.l_discount|<=|0.05
NOTICE:  policy_eval: atom y19 = const:lineitem.l_discount|<=|0.07
NOTICE:  policy_eval: atom y20 = const:lineitem.l_discount|<=|0.08
NOTICE:  policy_eval: atom y21 = const:lineitem.l_discount|>=|0.02
NOTICE:  policy_eval: atom y22 = const:lineitem.l_discount|>=|0.06
NOTICE:  policy_eval: atom y23 = const:lineitem.l_extendedprice|>|0
NOTICE:  policy_eval: atom y24 = const:lineitem.l_linestatus|=|F
NOTICE:  policy_eval: atom y25 = const:lineitem.l_quantity|<=|10
NOTICE:  policy_eval: atom y26 = const:lineitem.l_quantity|<=|15
NOTICE:  policy_eval: atom y27 = const:lineitem.l_quantity|<=|25
NOTICE:  policy_eval: atom y28 = const:lineitem.l_quantity|<=|30
NOTICE:  policy_eval: atom y29 = const:lineitem.l_returnflag|=|A
NOTICE:  policy_eval: atom y30 = const:lineitem.l_returnflag|=|R
NOTICE:  policy_eval: atom y31 = const:lineitem.l_shipinstruct|=|DELIVER IN PERSON
NOTICE:  policy_eval: atom y32 = const:lineitem.l_shipmode|in|AIR,REG AIR
NOTICE:  policy_eval: atom y33 = const:lineitem.l_shipmode|in|MAIL,SHIP
NOTICE:  policy_eval: atom y34 = const:lineitem.l_shipmode|in|RAIL,TRUCK
NOTICE:  policy_eval: atom y35 = const:lineitem.l_tax|<=|0.07
NOTICE:  policy_eval: combined_ast target=customer ast=(y7 or y8) and y4 and (y9 or y10) and y13 and (y3 and y1 or y15) and y12 and (y16 or y17) and (y11 or y10) and y2 and (y7 and y4 or y9 and y6 or y8 and y5) and y14
NOTICE:  policy_eval: combined_ast target=lineitem ast=(y30 or y24) and y31 and (y33 or y34) and (y21 and y18 and y27 or y22 and y20 and y25) and y31 and (y30 or y29) and (y35 or y18) and y23 and (y32 and y26 and y18 and y24 or y33 and y28 and y19 and y30) and y23
NOTICE:  policy_eval: closure_count=3
NOTICE:  custom_filter: needed_files = [customer_code_base, customer_ctid, dict/customer/c_acctbal, dict/customer/c_mktsegment, dict/customer/c_name, dict/customer/c_nationkey, dict/customer/c_phone, dict/lineitem/l_discount, dict/lineitem/l_extendedprice, dict/lineitem/l_linestatus, dict/lineitem/l_quantity, dict/lineitem/l_returnflag, dict/lineitem/l_shipinstruct, dict/lineitem/l_shipmode, dict/lineitem/l_tax, lineitem_code_base, lineitem_ctid, meta/cols/customer, meta/cols/lineitem, meta/dict_sorted/customer/c_acctbal, meta/dict_sorted/customer/c_mktsegment, meta/dict_sorted/customer/c_name, meta/dict_sorted/customer/c_nationkey, meta/dict_sorted/customer/c_phone, meta/dict_sorted/lineitem/l_discount, meta/dict_sorted/lineitem/l_extendedprice, meta/dict_sorted/lineitem/l_linestatus, meta/dict_sorted/lineitem/l_quantity, meta/dict_sorted/lineitem/l_returnflag, meta/dict_sorted/lineitem/l_shipinstruct, meta/dict_sorted/lineitem/l_shipmode, meta/dict_sorted/lineitem/l_tax, meta/dict_type/customer/c_acctbal, meta/dict_type/customer/c_mktsegment, meta/dict_type/customer/c_name, meta/dict_type/customer/c_nationkey, meta/dict_type/customer/c_phone, meta/dict_type/lineitem/l_discount, meta/dict_type/lineitem/l_extendedprice, meta/dict_type/lineitem/l_linestatus, meta/dict_type/lineitem/l_quantity, meta/dict_type/lineitem/l_returnflag, meta/dict_type/lineitem/l_shipinstruct, meta/dict_type/lineitem/l_shipmode, meta/dict_type/lineitem/l_tax]
NOTICE:  custom_filter: policy_targets = [customer, lineitem]
NOTICE:  custom_filter: query_targets = [lineitem]
NOTICE:  custom_filter: scanned_tables = [lineitem, orders, customer]
NOTICE:  custom_filter: table=lineitem filter=on
NOTICE:  custom_filter: table=orders filter=off
NOTICE:  custom_filter: table=customer filter=on
NOTICE:  custom_filter: artifact_load_ms=45.581
NOTICE:  policy: load_ms=8.442
NOTICE:  policy: global_atoms table=lineitem count=18
NOTICE:  policy: global_bins table=lineitem bins=1525 rows=600572
NOTICE:  policy: bundle_eval target=lineitem bundle_id=1 uses_atoms=2
NOTICE:  policy: local_bins table=lineitem atoms=2 bins=1525
NOTICE:  policy: local_ms table=lineitem stamp=3090.586 bin=47.008 eval=0.485 fill=2.908
NOTICE:  policy: local_eval table=lineitem sat_calls=3 cache_hits=1522
NOTICE:  policy: allow_lineitem count = 299856 / 600572
NOTICE:  policy: total_ms=3159.424
NOTICE:  policy_profile: bundle=1 target=lineitem K=0 query= local={lineitem:atoms=2,bins=1525,sat=3,hits=1522,ms=3090.586/47.008/0.485/2.908,total_ms=3140.986} prop={iter=0,ms=0.000,classes=[]} decode={lineitem:299856/600572,ms=0.000,total_ms=0.000} total_ms=3159.424
NOTICE:  custom_filter: bundle target=lineitem allow_count=299856/600572
NOTICE:  policy: load_ms=7.247
NOTICE:  policy: bundle_eval target=lineitem bundle_id=2 uses_atoms=3
NOTICE:  policy: local_bins table=lineitem atoms=3 bins=1525
NOTICE:  policy: local_ms table=lineitem stamp=0.000 bin=0.000 eval=0.485 fill=2.647
NOTICE:  policy: local_eval table=lineitem sat_calls=6 cache_hits=1519
NOTICE:  policy: allow_lineitem count = 85613 / 600572
NOTICE:  policy: total_ms=12.460
NOTICE:  policy_profile: bundle=2 target=lineitem K=0 query= local={lineitem:atoms=3,bins=1525,sat=6,hits=1519,ms=0.000/0.000/0.485/2.647,total_ms=3.132} prop={iter=0,ms=0.000,classes=[]} decode={lineitem:85613/600572,ms=0.000,total_ms=0.000} total_ms=12.460
NOTICE:  custom_filter: bundle target=lineitem allow_count=42862/600572
NOTICE:  policy: load_ms=6.789
NOTICE:  policy: bundle_eval target=lineitem bundle_id=3 uses_atoms=6
NOTICE:  policy: local_bins table=lineitem atoms=6 bins=1525
NOTICE:  policy: local_ms table=lineitem stamp=0.000 bin=0.000 eval=1.282 fill=3.134
NOTICE:  policy: local_eval table=lineitem sat_calls=12 cache_hits=1513
NOTICE:  policy: allow_lineitem count = 142016 / 600572
NOTICE:  policy: total_ms=13.798
NOTICE:  policy_profile: bundle=3 target=lineitem K=0 query= local={lineitem:atoms=6,bins=1525,sat=12,hits=1513,ms=0.000/0.000/1.282/3.134,total_ms=4.416} prop={iter=0,ms=0.000,classes=[]} decode={lineitem:142016/600572,ms=0.000,total_ms=0.000} total_ms=13.798
NOTICE:  custom_filter: bundle target=lineitem allow_count=10151/600572
NOTICE:  policy: load_ms=6.687
NOTICE:  policy: bundle_eval target=lineitem bundle_id=4 uses_atoms=6
NOTICE:  policy: local_bins table=lineitem atoms=6 bins=1525
NOTICE:  policy: local_ms table=lineitem stamp=0.000 bin=0.000 eval=1.224 fill=2.474
NOTICE:  policy: local_eval table=lineitem sat_calls=24 cache_hits=1501
NOTICE:  policy: allow_lineitem count = 70368 / 600572
NOTICE:  policy: total_ms=19.587
NOTICE:  policy_profile: bundle=4 target=lineitem K=0 query= local={lineitem:atoms=6,bins=1525,sat=24,hits=1501,ms=0.000/0.000/1.224/2.474,total_ms=3.697} prop={iter=0,ms=0.000,classes=[]} decode={lineitem:70368/600572,ms=0.000,total_ms=0.000} total_ms=19.587
NOTICE:  custom_filter: bundle target=lineitem allow_count=9782/600572
NOTICE:  policy: load_ms=6.662
NOTICE:  policy: bundle_eval target=lineitem bundle_id=5 uses_atoms=9
NOTICE:  policy: local_bins table=lineitem atoms=9 bins=1525
NOTICE:  policy: local_ms table=lineitem stamp=0.000 bin=0.000 eval=6.229 fill=1.955
NOTICE:  policy: local_eval table=lineitem sat_calls=81 cache_hits=1444
NOTICE:  policy: allow_lineitem count = 32154 / 600572
NOTICE:  policy: total_ms=23.799
NOTICE:  policy_profile: bundle=5 target=lineitem K=0 query= local={lineitem:atoms=9,bins=1525,sat=81,hits=1444,ms=0.000/0.000/6.229/1.955,total_ms=8.184} prop={iter=0,ms=0.000,classes=[]} decode={lineitem:32154/600572,ms=0.000,total_ms=0.000} total_ms=23.799
NOTICE:  custom_filter: bundle target=lineitem allow_count=2271/600572
NOTICE:  policy: load_ms=6.730
NOTICE:  policy: global_atoms table=customer count=17
NOTICE:  policy: global_bins table=customer bins=120 rows=15000
NOTICE:  policy: bundle_eval target=customer bundle_id=6 uses_atoms=2
NOTICE:  policy: local_bins table=customer atoms=2 bins=120
NOTICE:  policy: local_ms table=customer stamp=56.545 bin=1.104 eval=0.302 fill=0.110
NOTICE:  policy: local_eval table=customer sat_calls=3 cache_hits=117
NOTICE:  policy: allow_customer count = 6124 / 15000
NOTICE:  policy: total_ms=70.935
NOTICE:  policy_profile: bundle=6 target=customer K=0 query= local={customer:atoms=2,bins=120,sat=3,hits=117,ms=56.545/1.104/0.302/0.110,total_ms=58.061} prop={iter=0,ms=0.000,classes=[]} decode={customer:6124/15000,ms=0.000,total_ms=0.000} total_ms=70.935
NOTICE:  custom_filter: bundle target=customer allow_count=6124/15000
NOTICE:  policy: load_ms=6.733
NOTICE:  policy: bundle_eval target=customer bundle_id=7 uses_atoms=4
NOTICE:  policy: local_bins table=customer atoms=4 bins=120
NOTICE:  policy: local_ms table=customer stamp=0.000 bin=0.000 eval=0.396 fill=0.085
NOTICE:  policy: local_eval table=customer sat_calls=12 cache_hits=108
NOTICE:  policy: allow_customer count = 2171 / 15000
NOTICE:  policy: total_ms=8.558
NOTICE:  policy_profile: bundle=7 target=customer K=0 query= local={customer:atoms=4,bins=120,sat=12,hits=108,ms=0.000/0.000/0.396/0.085,total_ms=0.481} prop={iter=0,ms=0.000,classes=[]} decode={customer:2171/15000,ms=0.000,total_ms=0.000} total_ms=8.558
NOTICE:  custom_filter: bundle target=customer allow_count=0/15000
NOTICE:  policy: load_ms=6.749
NOTICE:  policy: bundle_eval target=customer bundle_id=8 uses_atoms=3
NOTICE:  policy: local_bins table=customer atoms=3 bins=120
NOTICE:  policy: local_ms table=customer stamp=0.000 bin=0.000 eval=0.485 fill=0.107
NOTICE:  policy: local_eval table=customer sat_calls=6 cache_hits=114
NOTICE:  policy: allow_customer count = 11332 / 15000
NOTICE:  policy: total_ms=9.606
NOTICE:  policy_profile: bundle=8 target=customer K=0 query= local={customer:atoms=3,bins=120,sat=6,hits=114,ms=0.000/0.000/0.485/0.107,total_ms=0.592} prop={iter=0,ms=0.000,classes=[]} decode={customer:11332/15000,ms=0.000,total_ms=0.000} total_ms=9.606
NOTICE:  custom_filter: bundle target=customer allow_count=0/15000
NOTICE:  policy: load_ms=7.593
NOTICE:  policy: bundle_eval target=customer bundle_id=9 uses_atoms=6
NOTICE:  policy: local_bins table=customer atoms=6 bins=120
NOTICE:  policy: local_ms table=customer stamp=0.000 bin=0.000 eval=0.862 fill=0.096
NOTICE:  policy: local_eval table=customer sat_calls=18 cache_hits=102
NOTICE:  policy: allow_customer count = 3219 / 15000
NOTICE:  policy: total_ms=10.452
NOTICE:  policy_profile: bundle=9 target=customer K=0 query= local={customer:atoms=6,bins=120,sat=18,hits=102,ms=0.000/0.000/0.862/0.096,total_ms=0.957} prop={iter=0,ms=0.000,classes=[]} decode={customer:3219/15000,ms=0.000,total_ms=0.000} total_ms=10.452
NOTICE:  custom_filter: bundle target=customer allow_count=0/15000
NOTICE:  policy: load_ms=6.900
NOTICE:  policy: bundle_eval target=customer bundle_id=10 uses_atoms=7
NOTICE:  policy: local_bins table=customer atoms=7 bins=120
NOTICE:  policy: local_ms table=customer stamp=0.000 bin=0.000 eval=1.477 fill=0.058
NOTICE:  policy: local_eval table=customer sat_calls=32 cache_hits=88
NOTICE:  policy: allow_customer count = 1244 / 15000
NOTICE:  policy: total_ms=11.374
NOTICE:  policy_profile: bundle=10 target=customer K=0 query= local={customer:atoms=7,bins=120,sat=32,hits=88,ms=0.000/0.000/1.477/0.058,total_ms=1.535} prop={iter=0,ms=0.000,classes=[]} decode={customer:1244/15000,ms=0.000,total_ms=0.000} total_ms=11.374
NOTICE:  custom_filter: bundle target=customer allow_count=0/15000
NOTICE:  custom_filter: final_allow_lineitem count=2271/600572
NOTICE:  custom_filter: final_allow_customer count=0/15000
NOTICE:  custom_filter: allow_customer popcount=0/15000
NOTICE:  custom_filter: ctid_map[0]=(0,1)->0
NOTICE:  custom_filter: ctid_map[1]=(0,2)->1
NOTICE:  custom_filter: ctid_map[2]=(0,3)->2
NOTICE:  custom_filter: ctid_map[3]=(0,4)->3
NOTICE:  custom_filter: ctid_map[4]=(0,5)->4
NOTICE:  custom_filter: ctid_index_ms=0.390 rel=customer
NOTICE:  custom_filter: customer_ctid head [0,1 0,2 0,3 0,4 0,5]
NOTICE:  custom_filter: retain rel=customer allow=1875B ctid=120000B blk_index=4332B
NOTICE:  custom_filter: allow_lineitem popcount=2271/600572
NOTICE:  custom_filter: ctid_map[0]=(0,1)->0
NOTICE:  custom_filter: ctid_map[1]=(0,2)->1
NOTICE:  custom_filter: ctid_map[2]=(0,3)->2
NOTICE:  custom_filter: ctid_map[3]=(0,4)->3
NOTICE:  custom_filter: ctid_map[4]=(0,5)->4
NOTICE:  custom_filter: ctid_index_ms=20.943 rel=lineitem
NOTICE:  custom_filter: lineitem_ctid head [0,1 0,2 0,3 0,4 0,5]
NOTICE:  custom_filter: retain rel=lineitem allow=75072B ctid=4804576B blk_index=135192B
NOTICE:  custom_filter: retain total allow=76947B ctid=4924576B blk_index=139524B
NOTICE:  custom_filter exec: rel=lineitem oid=74200 seen=726 passed=1 misses=0 mode=trace
NOTICE:  custom_filter: row validation time = 0.112 ms
NOTICE:  custom_filter exec: rel=customer oid=74194 seen=15000 passed=0 misses=0 mode=trace
NOTICE:  custom_filter: row validation time = 1.581 ms
NOTICE:  policy_metrics: eval_ms=0.559 artifact_load_ms=45.581 artifact_parse_ms=70.532 stamp_ms=3147.131 bin_ms=48.111 local_sat_ms=13.227 prop_ms=0.000 prop_iters=0 decode_ms=0.000 ctid_map_ms=21.333 filter_ms=1.693 rows_seen=15726 rows_passed=1 policy_total_ms=3339.994
NOTICE:  policy_profile_query: K=0 query_id= total_ms=3339.994 local_ms=3222.042 prop_ms=0.000 decode_ms=0.000 sat_calls=197 cache_hits=8028 closure_tables=2 filtered_targets=1
NOTICE:  policy: scan_count table=customer count=1
NOTICE:  policy: scan_count table=lineitem count=1
0
