NOTICE:  custom_filter: seqscan ctid mismatch rid=56 got=(1633,3) exp=(1,3)
NOTICE:  custom_filter: seqscan ctid mismatch rid=57 got=(1633,4) exp=(1,4)
NOTICE:  custom_filter: seqscan ctid mismatch rid=58 got=(1633,5) exp=(1,5)
NOTICE:  custom_filter: seqscan ctid mismatch rid=59 got=(1633,6) exp=(1,6)
NOTICE:  custom_filter: seqscan ctid mismatch rid=60 got=(1633,7) exp=(1,7)
NOTICE:  custom_filter: seqscan ctid mismatch rid=61 got=(1633,8) exp=(1,8)
NOTICE:  custom_filter: seqscan ctid mismatch rid=62 got=(1633,9) exp=(1,9)
NOTICE:  custom_filter: seqscan ctid mismatch rid=63 got=(1633,10) exp=(1,10)
NOTICE:  custom_filter: seqscan ctid mismatch rid=64 got=(1633,11) exp=(1,11)
NOTICE:  custom_filter: seqscan ctid mismatch rid=65 got=(1633,12) exp=(1,12)
NOTICE:  custom_filter: seqscan ctid mismatch rid=66 got=(1633,13) exp=(1,13)
NOTICE:  custom_filter: seqscan ctid mismatch rid=67 got=(1633,14) exp=(1,14)
NOTICE:  custom_filter: seqscan ctid mismatch rid=68 got=(1633,15) exp=(1,15)
NOTICE:  custom_filter: seqscan ctid mismatch rid=69 got=(1633,16) exp=(1,16)
NOTICE:  custom_filter: seqscan ctid mismatch rid=70 got=(1633,17) exp=(1,17)
NOTICE:  custom_filter: seqscan ctid mismatch rid=71 got=(1633,18) exp=(1,18)
NOTICE:  custom_filter: seqscan ctid mismatch rid=72 got=(1633,19) exp=(1,19)
NOTICE:  custom_filter: seqscan ctid mismatch rid=73 got=(1633,20) exp=(1,20)
NOTICE:  custom_filter: seqscan ctid mismatch rid=74 got=(1633,21) exp=(1,21)
NOTICE:  custom_filter: seqscan ctid mismatch rid=75 got=(1633,22) exp=(1,22)
NOTICE:  custom_filter: seqscan ctid mismatch rid=76 got=(1633,23) exp=(1,23)
NOTICE:  custom_filter: seqscan ctid mismatch rid=77 got=(1633,24) exp=(1,24)
NOTICE:  custom_filter: seqscan ctid mismatch rid=78 got=(1633,25) exp=(1,25)
NOTICE:  custom_filter: seqscan ctid mismatch rid=79 got=(1633,26) exp=(1,26)
NOTICE:  custom_filter: seqscan ctid mismatch rid=80 got=(1633,27) exp=(1,27)
NOTICE:  custom_filter: seqscan ctid mismatch rid=81 got=(1633,28) exp=(1,28)
NOTICE:  custom_filter: seqscan ctid mismatch rid=82 got=(1633,29) exp=(1,29)
NOTICE:  custom_filter: seqscan ctid mismatch rid=83 got=(1633,30) exp=(1,30)
NOTICE:  custom_filter: seqscan ctid mismatch rid=84 got=(1633,31) exp=(1,31)
NOTICE:  custom_filter: seqscan ctid mismatch rid=85 got=(1633,32) exp=(1,32)
NOTICE:  custom_filter: seqscan ctid mismatch rid=86 got=(1633,33) exp=(1,33)
NOTICE:  custom_filter: seqscan ctid mismatch rid=87 got=(1633,34) exp=(1,34)
NOTICE:  custom_filter: seqscan ctid mismatch rid=88 got=(1633,35) exp=(1,35)
NOTICE:  custom_filter: seqscan ctid mismatch rid=89 got=(1633,36) exp=(1,36)
NOTICE:  custom_filter: seqscan ctid mismatch rid=90 got=(1633,37) exp=(1,37)
NOTICE:  custom_filter: seqscan ctid mismatch rid=91 got=(1633,38) exp=(1,38)
NOTICE:  custom_filter: seqscan ctid mismatch rid=92 got=(1633,39) exp=(1,39)
NOTICE:  custom_filter: seqscan ctid mismatch rid=93 got=(1633,40) exp=(1,40)
NOTICE:  custom_filter: seqscan ctid mismatch rid=94 got=(1633,41) exp=(1,41)
NOTICE:  custom_filter: seqscan ctid mismatch rid=95 got=(1633,42) exp=(1,42)
NOTICE:  custom_filter: seqscan ctid mismatch rid=96 got=(1633,43) exp=(1,43)
NOTICE:  custom_filter: seqscan ctid mismatch rid=97 got=(1633,44) exp=(1,44)
NOTICE:  custom_filter: seqscan ctid mismatch rid=98 got=(1633,45) exp=(1,45)
NOTICE:  custom_filter: seqscan ctid mismatch rid=99 got=(1633,46) exp=(1,46)
NOTICE:  custom_filter exec: rel=lineitem oid=74200 seen=600572 passed=171942 misses=0 mode=contract
NOTICE:  custom_filter: row validation time = 61.633 ms
NOTICE:  custom_filter exec: rel=orders oid=74197 seen=150000 passed=59321 misses=0 mode=contract
NOTICE:  custom_filter: row validation time = 12.333 ms
NOTICE:  policy_metrics: eval_ms=0.054 artifact_load_ms=12.965 artifact_parse_ms=0.221 stamp_ms=0.000 bin_ms=0.000 local_sat_ms=0.000 prop_ms=12.095 prop_iters=0 decode_ms=0.000 ctid_map_ms=26.021 filter_ms=73.965 rows_seen=750572 rows_passed=231263 policy_total_ms=12.316
NOTICE:  policy_profile_query: K=0 query_id= total_ms=12.316 local_ms=0.000 prop_ms=12.095 decode_ms=0.000 sat_calls=0 cache_hits=0 closure_tables=3 filtered_targets=1
