LOAD
NOTICE:  relation "files" already exists, skipping
NOTICE:  table "tmp_jc_0" does not exist, skipping
NOTICE:  table "tmp_jc_1" does not exist, skipping
NOTICE:  table "tmp_jc_2" does not exist, skipping
NOTICE:  table "tmp_jc_3" does not exist, skipping
NOTICE:  table "tmp_dict_0" does not exist, skipping
NOTICE:  table "tmp_dict_1" does not exist, skipping
NOTICE:  table "tmp_dict_2" does not exist, skipping
NOTICE:  table "tmp_dict_3" does not exist, skipping
NOTICE:  table "tmp_dict_4" does not exist, skipping
NOTICE:  table "tmp_dict_5" does not exist, skipping
NOTICE:  table "tmp_dict_6" does not exist, skipping
NOTICE:  table "tmp_dict_7" does not exist, skipping
NOTICE:  table "tmp_dict_8" does not exist, skipping
NOTICE:  table "tmp_dict_9" does not exist, skipping
NOTICE:  table "tmp_dict_10" does not exist, skipping
NOTICE:  table "tmp_dict_11" does not exist, skipping
NOTICE:  table "tmp_dict_12" does not exist, skipping
NOTICE:  table "tmp_dict_13" does not exist, skipping
NOTICE:  table "tmp_dict_14" does not exist, skipping
NOTICE:  table "tmp_dict_15" does not exist, skipping
NOTICE:  table "tmp_dict_16" does not exist, skipping
TRUNCATE TABLE
 build_base 
------------
 
(1 row)

