SET
SET
LOAD
SET
SET
SET
psql:/home/ng_lab/z3/stage5h_k15_q1_contract_repro.sql:7: NOTICE:  policy_eval: target=lineitem tokens=LPAREN:( IDENT:l_returnflag OP:= STRING:'R' RPAREN:) OR:or LPAREN:( IDENT:l_linestatus OP:= STRING:'F' RPAREN:)
psql:/home/ng_lab/z3/stage5h_k15_q1_contract_repro.sql:7: NOTICE:  policy_eval: target=lineitem tokens=LPAREN:( IDENT:l_shipinstruct OP:= STRING:'DELIVER IN PERSON' RPAREN:) AND:and LPAREN:( LPAREN:( IDENT:l_shipmode OP:in LPAREN:( STRING:'MAIL' COMMA:, STRING:'SHIP' RPAREN:) RPAREN:) OR:or LPAREN:( IDENT:l_shipmode OP:in LPAREN:( STRING:'TRUCK' COMMA:, STRING:'RAIL' RPAREN:) RPAREN:) RPAREN:)
psql:/home/ng_lab/z3/stage5h_k15_q1_contract_repro.sql:7: NOTICE:  policy_eval: target=lineitem tokens=LPAREN:( LPAREN:( IDENT:l_discount OP:>= NUMBER:0.02 AND:and IDENT:l_discount OP:<= NUMBER:0.05 AND:and IDENT:l_quantity OP:<= NUMBER:25 RPAREN:) OR:or LPAREN:( IDENT:l_discount OP:>= NUMBER:0.06 AND:and IDENT:l_discount OP:<= NUMBER:0.08 AND:and IDENT:l_quantity OP:<= NUMBER:10 RPAREN:) RPAREN:)
psql:/home/ng_lab/z3/stage5h_k15_q1_contract_repro.sql:7: NOTICE:  policy_eval: target=lineitem tokens=LPAREN:( IDENT:l_shipinstruct OP:= STRING:'DELIVER IN PERSON' RPAREN:) AND:and LPAREN:( LPAREN:( IDENT:l_returnflag OP:= STRING:'R' RPAREN:) OR:or LPAREN:( IDENT:l_returnflag OP:= STRING:'A' RPAREN:) RPAREN:) AND:and LPAREN:( LPAREN:( IDENT:l_tax OP:<= NUMBER:0.07 RPAREN:) OR:or LPAREN:( IDENT:l_discount OP:<= NUMBER:0.05 RPAREN:) RPAREN:) AND:and LPAREN:( IDENT:l_extendedprice OP:> NUMBER:0 RPAREN:)
psql:/home/ng_lab/z3/stage5h_k15_q1_contract_repro.sql:7: NOTICE:  policy_eval: target=lineitem tokens=LPAREN:( LPAREN:( IDENT:l_shipmode OP:in LPAREN:( STRING:'AIR' COMMA:, STRING:'REG AIR' RPAREN:) AND:and IDENT:l_quantity OP:<= NUMBER:15 AND:and IDENT:l_discount OP:<= NUMBER:0.05 AND:and IDENT:l_linestatus OP:= STRING:'F' RPAREN:) OR:or LPAREN:( IDENT:l_shipmode OP:in LPAREN:( STRING:'MAIL' COMMA:, STRING:'SHIP' RPAREN:) AND:and IDENT:l_quantity OP:<= NUMBER:30 AND:and IDENT:l_discount OP:<= NUMBER:0.07 AND:and IDENT:l_returnflag OP:= STRING:'R' RPAREN:) RPAREN:) AND:and LPAREN:( IDENT:l_extendedprice OP:> NUMBER:0 RPAREN:)
psql:/home/ng_lab/z3/stage5h_k15_q1_contract_repro.sql:7: NOTICE:  policy_eval: target=customer tokens=LPAREN:( IDENT:c_mktsegment OP:= STRING:'AUTOMOBILE' RPAREN:) OR:or LPAREN:( IDENT:c_mktsegment OP:= STRING:'BUILDING' RPAREN:)
psql:/home/ng_lab/z3/stage5h_k15_q1_contract_repro.sql:7: NOTICE:  policy_eval: target=customer tokens=LPAREN:( IDENT:c_acctbal OP:> NUMBER:0 RPAREN:) AND:and LPAREN:( LPAREN:( IDENT:c_mktsegment OP:= STRING:'FURNITURE' RPAREN:) OR:or LPAREN:( IDENT:c_mktsegment OP:= STRING:'HOUSEHOLD' RPAREN:) RPAREN:) AND:and LPAREN:( IDENT:c_nationkey OP:< NUMBER:10 RPAREN:)
psql:/home/ng_lab/z3/stage5h_k15_q1_contract_repro.sql:7: NOTICE:  policy_eval: target=customer tokens=LPAREN:( LPAREN:( IDENT:c_acctbal OP:>= NUMBER:500 AND:and IDENT:c_acctbal OP:<= NUMBER:7000 RPAREN:) OR:or LPAREN:( IDENT:c_phone OP:like STRING:'1%' RPAREN:) RPAREN:)
psql:/home/ng_lab/z3/stage5h_k15_q1_contract_repro.sql:7: NOTICE:  policy_eval: target=customer tokens=LPAREN:( IDENT:c_name OP:like STRING:'Customer%' RPAREN:) AND:and LPAREN:( LPAREN:( IDENT:c_phone OP:like STRING:'2%' RPAREN:) OR:or LPAREN:( IDENT:c_phone OP:like STRING:'3%' RPAREN:) RPAREN:) AND:and LPAREN:( LPAREN:( IDENT:c_mktsegment OP:= STRING:'MACHINERY' RPAREN:) OR:or LPAREN:( IDENT:c_mktsegment OP:= STRING:'HOUSEHOLD' RPAREN:) RPAREN:) AND:and LPAREN:( IDENT:c_acctbal OP:< NUMBER:9000 RPAREN:)
psql:/home/ng_lab/z3/stage5h_k15_q1_contract_repro.sql:7: NOTICE:  policy_eval: target=customer tokens=LPAREN:( LPAREN:( IDENT:c_mktsegment OP:= STRING:'AUTOMOBILE' AND:and IDENT:c_acctbal OP:> NUMBER:0 RPAREN:) OR:or LPAREN:( IDENT:c_mktsegment OP:= STRING:'FURNITURE' AND:and IDENT:c_acctbal OP:> NUMBER:500 RPAREN:) OR:or LPAREN:( IDENT:c_mktsegment OP:= STRING:'BUILDING' AND:and IDENT:c_acctbal OP:> NUMBER:1000 RPAREN:) RPAREN:) AND:and LPAREN:( IDENT:c_nationkey OP:in LPAREN:( NUMBER:1 COMMA:, NUMBER:3 COMMA:, NUMBER:5 COMMA:, NUMBER:7 RPAREN:) RPAREN:)
psql:/home/ng_lab/z3/stage5h_k15_q1_contract_repro.sql:7: NOTICE:  policy_eval: target=orders tokens=IDENT:orders.o_custkey OP:= IDENT:customer.c_custkey AND:and LPAREN:( IDENT:customer.c_mktsegment OP:= STRING:'AUTOMOBILE' OR:or IDENT:customer.c_mktsegment OP:= STRING:'HOUSEHOLD' RPAREN:)
psql:/home/ng_lab/z3/stage5h_k15_q1_contract_repro.sql:7: NOTICE:  policy_eval: target=orders tokens=IDENT:orders.o_custkey OP:= IDENT:customer.c_custkey AND:and LPAREN:( LPAREN:( IDENT:orders.o_orderstatus OP:= STRING:'F' AND:and IDENT:customer.c_acctbal OP:> NUMBER:0 RPAREN:) OR:or LPAREN:( IDENT:orders.o_orderpriority OP:in LPAREN:( STRING:'1-URGENT' COMMA:, STRING:'2-HIGH' RPAREN:) AND:and IDENT:customer.c_mktsegment OP:= STRING:'BUILDING' RPAREN:) RPAREN:)
psql:/home/ng_lab/z3/stage5h_k15_q1_contract_repro.sql:7: NOTICE:  policy_eval: target=orders tokens=IDENT:orders.o_custkey OP:= IDENT:customer.c_custkey AND:and IDENT:customer.c_nationkey OP:= IDENT:nation.n_nationkey AND:and LPAREN:( IDENT:nation.n_name OP:in LPAREN:( STRING:'GERMANY' COMMA:, STRING:'FRANCE' RPAREN:) OR:or IDENT:nation.n_name OP:in LPAREN:( STRING:'BRAZIL' COMMA:, STRING:'CANADA' RPAREN:) RPAREN:) AND:and IDENT:customer.c_acctbal OP:> NUMBER:0
psql:/home/ng_lab/z3/stage5h_k15_q1_contract_repro.sql:7: NOTICE:  policy_eval: target=orders tokens=IDENT:orders.o_custkey OP:= IDENT:customer.c_custkey AND:and IDENT:customer.c_nationkey OP:= IDENT:nation.n_nationkey AND:and IDENT:nation.n_regionkey OP:= IDENT:region.r_regionkey AND:and LPAREN:( IDENT:region.r_name OP:= STRING:'EUROPE' OR:or IDENT:region.r_name OP:= STRING:'ASIA' RPAREN:) AND:and IDENT:orders.o_orderstatus OP:in LPAREN:( STRING:'O' COMMA:, STRING:'F' RPAREN:)
psql:/home/ng_lab/z3/stage5h_k15_q1_contract_repro.sql:7: NOTICE:  policy_eval: target=lineitem tokens=IDENT:lineitem.l_orderkey OP:= IDENT:orders.o_orderkey AND:and LPAREN:( IDENT:orders.o_orderstatus OP:= STRING:'F' OR:or IDENT:orders.o_orderpriority OP:in LPAREN:( STRING:'1-URGENT' COMMA:, STRING:'2-HIGH' RPAREN:) RPAREN:) AND:and LPAREN:( LPAREN:( IDENT:lineitem.l_shipmode OP:in LPAREN:( STRING:'MAIL' COMMA:, STRING:'SHIP' RPAREN:) AND:and IDENT:lineitem.l_shipinstruct OP:= STRING:'DELIVER IN PERSON' RPAREN:) OR:or LPAREN:( IDENT:lineitem.l_shipmode OP:in LPAREN:( STRING:'TRUCK' COMMA:, STRING:'RAIL' RPAREN:) AND:and IDENT:lineitem.l_returnflag OP:in LPAREN:( STRING:'R' COMMA:, STRING:'A' RPAREN:) RPAREN:) RPAREN:)
psql:/home/ng_lab/z3/stage5h_k15_q1_contract_repro.sql:7: NOTICE:  policy_eval: target=customer join_classes=[]
psql:/home/ng_lab/z3/stage5h_k15_q1_contract_repro.sql:7: NOTICE:  policy_eval: policy[6] target=customer expr=(c_mktsegment = 'AUTOMOBILE') OR (c_mktsegment = 'BUILDING') ast=y7 or y8
psql:/home/ng_lab/z3/stage5h_k15_q1_contract_repro.sql:7: NOTICE:  policy_eval: policy[7] target=customer expr=(c_acctbal > 0) AND ((c_mktsegment = 'FURNITURE') OR (c_mktsegment = 'HOUSEHOLD')) AND (c_nationkey < 10) ast=y4 and (y9 or y10) and y13
psql:/home/ng_lab/z3/stage5h_k15_q1_contract_repro.sql:7: NOTICE:  policy_eval: policy[8] target=customer expr=((c_acctbal >= 500 AND c_acctbal <= 7000) OR (c_phone LIKE '1%')) ast=y3 and y1 or y15
psql:/home/ng_lab/z3/stage5h_k15_q1_contract_repro.sql:7: NOTICE:  policy_eval: policy[9] target=customer expr=(c_name LIKE 'Customer%') AND ((c_phone LIKE '2%') OR (c_phone LIKE '3%')) AND ((c_mktsegment = 'MACHINERY') OR (c_mktsegment = 'HOUSEHOLD')) AND (c_acctbal < 9000) ast=y12 and (y16 or y17) and (y11 or y10) and y2
psql:/home/ng_lab/z3/stage5h_k15_q1_contract_repro.sql:7: NOTICE:  policy_eval: policy[10] target=customer expr=((c_mktsegment = 'AUTOMOBILE' AND c_acctbal > 0) OR (c_mktsegment = 'FURNITURE' AND c_acctbal > 500) OR (c_mktsegment = 'BUILDING' AND c_acctbal > 1000)) AND (c_nationkey IN (1,3,5,7)) ast=(y7 and y4 or y9 and y6 or y8 and y5) and y14
psql:/home/ng_lab/z3/stage5h_k15_q1_contract_repro.sql:7: NOTICE:  policy_eval: atom y1 = const:customer.c_acctbal|<=|7000
psql:/home/ng_lab/z3/stage5h_k15_q1_contract_repro.sql:7: NOTICE:  policy_eval: atom y2 = const:customer.c_acctbal|<|9000
psql:/home/ng_lab/z3/stage5h_k15_q1_contract_repro.sql:7: NOTICE:  policy_eval: atom y3 = const:customer.c_acctbal|>=|500
psql:/home/ng_lab/z3/stage5h_k15_q1_contract_repro.sql:7: NOTICE:  policy_eval: atom y4 = const:customer.c_acctbal|>|0
psql:/home/ng_lab/z3/stage5h_k15_q1_contract_repro.sql:7: NOTICE:  policy_eval: atom y5 = const:customer.c_acctbal|>|1000
psql:/home/ng_lab/z3/stage5h_k15_q1_contract_repro.sql:7: NOTICE:  policy_eval: atom y6 = const:customer.c_acctbal|>|500
psql:/home/ng_lab/z3/stage5h_k15_q1_contract_repro.sql:7: NOTICE:  policy_eval: atom y7 = const:customer.c_mktsegment|=|AUTOMOBILE
psql:/home/ng_lab/z3/stage5h_k15_q1_contract_repro.sql:7: NOTICE:  policy_eval: atom y8 = const:customer.c_mktsegment|=|BUILDING
psql:/home/ng_lab/z3/stage5h_k15_q1_contract_repro.sql:7: NOTICE:  policy_eval: atom y9 = const:customer.c_mktsegment|=|FURNITURE
psql:/home/ng_lab/z3/stage5h_k15_q1_contract_repro.sql:7: NOTICE:  policy_eval: atom y10 = const:customer.c_mktsegment|=|HOUSEHOLD
psql:/home/ng_lab/z3/stage5h_k15_q1_contract_repro.sql:7: NOTICE:  policy_eval: atom y11 = const:customer.c_mktsegment|=|MACHINERY
psql:/home/ng_lab/z3/stage5h_k15_q1_contract_repro.sql:7: NOTICE:  policy_eval: atom y12 = const:customer.c_name|like|Customer%
psql:/home/ng_lab/z3/stage5h_k15_q1_contract_repro.sql:7: NOTICE:  policy_eval: atom y13 = const:customer.c_nationkey|<|10
psql:/home/ng_lab/z3/stage5h_k15_q1_contract_repro.sql:7: NOTICE:  policy_eval: atom y14 = const:customer.c_nationkey|in|1,3,5,7
psql:/home/ng_lab/z3/stage5h_k15_q1_contract_repro.sql:7: NOTICE:  policy_eval: atom y15 = const:customer.c_phone|like|1%
psql:/home/ng_lab/z3/stage5h_k15_q1_contract_repro.sql:7: NOTICE:  policy_eval: atom y16 = const:customer.c_phone|like|2%
psql:/home/ng_lab/z3/stage5h_k15_q1_contract_repro.sql:7: NOTICE:  policy_eval: atom y17 = const:customer.c_phone|like|3%
psql:/home/ng_lab/z3/stage5h_k15_q1_contract_repro.sql:7: NOTICE:  policy_eval: combined_ast target=customer ast=(y7 or y8) and y4 and (y9 or y10) and y13 and (y3 and y1 or y15) and y12 and (y16 or y17) and (y11 or y10) and y2 and (y7 and y4 or y9 and y6 or y8 and y5) and y14
psql:/home/ng_lab/z3/stage5h_k15_q1_contract_repro.sql:7: NOTICE:  policy_eval: closure_count=1
psql:/home/ng_lab/z3/stage5h_k15_q1_contract_repro.sql:7: NOTICE:  policy_eval: target=lineitem tokens=LPAREN:( IDENT:l_returnflag OP:= STRING:'R' RPAREN:) OR:or LPAREN:( IDENT:l_linestatus OP:= STRING:'F' RPAREN:)
psql:/home/ng_lab/z3/stage5h_k15_q1_contract_repro.sql:7: NOTICE:  policy_eval: target=lineitem tokens=LPAREN:( IDENT:l_shipinstruct OP:= STRING:'DELIVER IN PERSON' RPAREN:) AND:and LPAREN:( LPAREN:( IDENT:l_shipmode OP:in LPAREN:( STRING:'MAIL' COMMA:, STRING:'SHIP' RPAREN:) RPAREN:) OR:or LPAREN:( IDENT:l_shipmode OP:in LPAREN:( STRING:'TRUCK' COMMA:, STRING:'RAIL' RPAREN:) RPAREN:) RPAREN:)
psql:/home/ng_lab/z3/stage5h_k15_q1_contract_repro.sql:7: NOTICE:  policy_eval: target=lineitem tokens=LPAREN:( LPAREN:( IDENT:l_discount OP:>= NUMBER:0.02 AND:and IDENT:l_discount OP:<= NUMBER:0.05 AND:and IDENT:l_quantity OP:<= NUMBER:25 RPAREN:) OR:or LPAREN:( IDENT:l_discount OP:>= NUMBER:0.06 AND:and IDENT:l_discount OP:<= NUMBER:0.08 AND:and IDENT:l_quantity OP:<= NUMBER:10 RPAREN:) RPAREN:)
psql:/home/ng_lab/z3/stage5h_k15_q1_contract_repro.sql:7: NOTICE:  policy_eval: target=lineitem tokens=LPAREN:( IDENT:l_shipinstruct OP:= STRING:'DELIVER IN PERSON' RPAREN:) AND:and LPAREN:( LPAREN:( IDENT:l_returnflag OP:= STRING:'R' RPAREN:) OR:or LPAREN:( IDENT:l_returnflag OP:= STRING:'A' RPAREN:) RPAREN:) AND:and LPAREN:( LPAREN:( IDENT:l_tax OP:<= NUMBER:0.07 RPAREN:) OR:or LPAREN:( IDENT:l_discount OP:<= NUMBER:0.05 RPAREN:) RPAREN:) AND:and LPAREN:( IDENT:l_extendedprice OP:> NUMBER:0 RPAREN:)
psql:/home/ng_lab/z3/stage5h_k15_q1_contract_repro.sql:7: NOTICE:  policy_eval: target=lineitem tokens=LPAREN:( LPAREN:( IDENT:l_shipmode OP:in LPAREN:( STRING:'AIR' COMMA:, STRING:'REG AIR' RPAREN:) AND:and IDENT:l_quantity OP:<= NUMBER:15 AND:and IDENT:l_discount OP:<= NUMBER:0.05 AND:and IDENT:l_linestatus OP:= STRING:'F' RPAREN:) OR:or LPAREN:( IDENT:l_shipmode OP:in LPAREN:( STRING:'MAIL' COMMA:, STRING:'SHIP' RPAREN:) AND:and IDENT:l_quantity OP:<= NUMBER:30 AND:and IDENT:l_discount OP:<= NUMBER:0.07 AND:and IDENT:l_returnflag OP:= STRING:'R' RPAREN:) RPAREN:) AND:and LPAREN:( IDENT:l_extendedprice OP:> NUMBER:0 RPAREN:)
psql:/home/ng_lab/z3/stage5h_k15_q1_contract_repro.sql:7: NOTICE:  policy_eval: target=customer tokens=LPAREN:( IDENT:c_mktsegment OP:= STRING:'AUTOMOBILE' RPAREN:) OR:or LPAREN:( IDENT:c_mktsegment OP:= STRING:'BUILDING' RPAREN:)
psql:/home/ng_lab/z3/stage5h_k15_q1_contract_repro.sql:7: NOTICE:  policy_eval: target=customer tokens=LPAREN:( IDENT:c_acctbal OP:> NUMBER:0 RPAREN:) AND:and LPAREN:( LPAREN:( IDENT:c_mktsegment OP:= STRING:'FURNITURE' RPAREN:) OR:or LPAREN:( IDENT:c_mktsegment OP:= STRING:'HOUSEHOLD' RPAREN:) RPAREN:) AND:and LPAREN:( IDENT:c_nationkey OP:< NUMBER:10 RPAREN:)
psql:/home/ng_lab/z3/stage5h_k15_q1_contract_repro.sql:7: NOTICE:  policy_eval: target=customer tokens=LPAREN:( LPAREN:( IDENT:c_acctbal OP:>= NUMBER:500 AND:and IDENT:c_acctbal OP:<= NUMBER:7000 RPAREN:) OR:or LPAREN:( IDENT:c_phone OP:like STRING:'1%' RPAREN:) RPAREN:)
psql:/home/ng_lab/z3/stage5h_k15_q1_contract_repro.sql:7: NOTICE:  policy_eval: target=customer tokens=LPAREN:( IDENT:c_name OP:like STRING:'Customer%' RPAREN:) AND:and LPAREN:( LPAREN:( IDENT:c_phone OP:like STRING:'2%' RPAREN:) OR:or LPAREN:( IDENT:c_phone OP:like STRING:'3%' RPAREN:) RPAREN:) AND:and LPAREN:( LPAREN:( IDENT:c_mktsegment OP:= STRING:'MACHINERY' RPAREN:) OR:or LPAREN:( IDENT:c_mktsegment OP:= STRING:'HOUSEHOLD' RPAREN:) RPAREN:) AND:and LPAREN:( IDENT:c_acctbal OP:< NUMBER:9000 RPAREN:)
psql:/home/ng_lab/z3/stage5h_k15_q1_contract_repro.sql:7: NOTICE:  policy_eval: target=customer tokens=LPAREN:( LPAREN:( IDENT:c_mktsegment OP:= STRING:'AUTOMOBILE' AND:and IDENT:c_acctbal OP:> NUMBER:0 RPAREN:) OR:or LPAREN:( IDENT:c_mktsegment OP:= STRING:'FURNITURE' AND:and IDENT:c_acctbal OP:> NUMBER:500 RPAREN:) OR:or LPAREN:( IDENT:c_mktsegment OP:= STRING:'BUILDING' AND:and IDENT:c_acctbal OP:> NUMBER:1000 RPAREN:) RPAREN:) AND:and LPAREN:( IDENT:c_nationkey OP:in LPAREN:( NUMBER:1 COMMA:, NUMBER:3 COMMA:, NUMBER:5 COMMA:, NUMBER:7 RPAREN:) RPAREN:)
psql:/home/ng_lab/z3/stage5h_k15_q1_contract_repro.sql:7: NOTICE:  policy_eval: target=orders tokens=IDENT:orders.o_custkey OP:= IDENT:customer.c_custkey AND:and LPAREN:( IDENT:customer.c_mktsegment OP:= STRING:'AUTOMOBILE' OR:or IDENT:customer.c_mktsegment OP:= STRING:'HOUSEHOLD' RPAREN:)
psql:/home/ng_lab/z3/stage5h_k15_q1_contract_repro.sql:7: NOTICE:  policy_eval: target=orders tokens=IDENT:orders.o_custkey OP:= IDENT:customer.c_custkey AND:and LPAREN:( LPAREN:( IDENT:orders.o_orderstatus OP:= STRING:'F' AND:and IDENT:customer.c_acctbal OP:> NUMBER:0 RPAREN:) OR:or LPAREN:( IDENT:orders.o_orderpriority OP:in LPAREN:( STRING:'1-URGENT' COMMA:, STRING:'2-HIGH' RPAREN:) AND:and IDENT:customer.c_mktsegment OP:= STRING:'BUILDING' RPAREN:) RPAREN:)
psql:/home/ng_lab/z3/stage5h_k15_q1_contract_repro.sql:7: NOTICE:  policy_eval: target=orders tokens=IDENT:orders.o_custkey OP:= IDENT:customer.c_custkey AND:and IDENT:customer.c_nationkey OP:= IDENT:nation.n_nationkey AND:and LPAREN:( IDENT:nation.n_name OP:in LPAREN:( STRING:'GERMANY' COMMA:, STRING:'FRANCE' RPAREN:) OR:or IDENT:nation.n_name OP:in LPAREN:( STRING:'BRAZIL' COMMA:, STRING:'CANADA' RPAREN:) RPAREN:) AND:and IDENT:customer.c_acctbal OP:> NUMBER:0
psql:/home/ng_lab/z3/stage5h_k15_q1_contract_repro.sql:7: NOTICE:  policy_eval: target=orders tokens=IDENT:orders.o_custkey OP:= IDENT:customer.c_custkey AND:and IDENT:customer.c_nationkey OP:= IDENT:nation.n_nationkey AND:and IDENT:nation.n_regionkey OP:= IDENT:region.r_regionkey AND:and LPAREN:( IDENT:region.r_name OP:= STRING:'EUROPE' OR:or IDENT:region.r_name OP:= STRING:'ASIA' RPAREN:) AND:and IDENT:orders.o_orderstatus OP:in LPAREN:( STRING:'O' COMMA:, STRING:'F' RPAREN:)
psql:/home/ng_lab/z3/stage5h_k15_q1_contract_repro.sql:7: NOTICE:  policy_eval: target=lineitem tokens=IDENT:lineitem.l_orderkey OP:= IDENT:orders.o_orderkey AND:and LPAREN:( IDENT:orders.o_orderstatus OP:= STRING:'F' OR:or IDENT:orders.o_orderpriority OP:in LPAREN:( STRING:'1-URGENT' COMMA:, STRING:'2-HIGH' RPAREN:) RPAREN:) AND:and LPAREN:( LPAREN:( IDENT:lineitem.l_shipmode OP:in LPAREN:( STRING:'MAIL' COMMA:, STRING:'SHIP' RPAREN:) AND:and IDENT:lineitem.l_shipinstruct OP:= STRING:'DELIVER IN PERSON' RPAREN:) OR:or LPAREN:( IDENT:lineitem.l_shipmode OP:in LPAREN:( STRING:'TRUCK' COMMA:, STRING:'RAIL' RPAREN:) AND:and IDENT:lineitem.l_returnflag OP:in LPAREN:( STRING:'R' COMMA:, STRING:'A' RPAREN:) RPAREN:) RPAREN:)
psql:/home/ng_lab/z3/stage5h_k15_q1_contract_repro.sql:7: NOTICE:  policy_eval: target=customer join_classes=[]
psql:/home/ng_lab/z3/stage5h_k15_q1_contract_repro.sql:7: NOTICE:  policy_eval: policy[6] target=customer expr=(c_mktsegment = 'AUTOMOBILE') OR (c_mktsegment = 'BUILDING') ast=y7 or y8
psql:/home/ng_lab/z3/stage5h_k15_q1_contract_repro.sql:7: NOTICE:  policy_eval: policy[7] target=customer expr=(c_acctbal > 0) AND ((c_mktsegment = 'FURNITURE') OR (c_mktsegment = 'HOUSEHOLD')) AND (c_nationkey < 10) ast=y4 and (y9 or y10) and y13
psql:/home/ng_lab/z3/stage5h_k15_q1_contract_repro.sql:7: NOTICE:  policy_eval: policy[8] target=customer expr=((c_acctbal >= 500 AND c_acctbal <= 7000) OR (c_phone LIKE '1%')) ast=y3 and y1 or y15
psql:/home/ng_lab/z3/stage5h_k15_q1_contract_repro.sql:7: NOTICE:  policy_eval: policy[9] target=customer expr=(c_name LIKE 'Customer%') AND ((c_phone LIKE '2%') OR (c_phone LIKE '3%')) AND ((c_mktsegment = 'MACHINERY') OR (c_mktsegment = 'HOUSEHOLD')) AND (c_acctbal < 9000) ast=y12 and (y16 or y17) and (y11 or y10) and y2
psql:/home/ng_lab/z3/stage5h_k15_q1_contract_repro.sql:7: NOTICE:  policy_eval: policy[10] target=customer expr=((c_mktsegment = 'AUTOMOBILE' AND c_acctbal > 0) OR (c_mktsegment = 'FURNITURE' AND c_acctbal > 500) OR (c_mktsegment = 'BUILDING' AND c_acctbal > 1000)) AND (c_nationkey IN (1,3,5,7)) ast=(y7 and y4 or y9 and y6 or y8 and y5) and y14
psql:/home/ng_lab/z3/stage5h_k15_q1_contract_repro.sql:7: NOTICE:  policy_eval: atom y1 = const:customer.c_acctbal|<=|7000
psql:/home/ng_lab/z3/stage5h_k15_q1_contract_repro.sql:7: NOTICE:  policy_eval: atom y2 = const:customer.c_acctbal|<|9000
psql:/home/ng_lab/z3/stage5h_k15_q1_contract_repro.sql:7: NOTICE:  policy_eval: atom y3 = const:customer.c_acctbal|>=|500
psql:/home/ng_lab/z3/stage5h_k15_q1_contract_repro.sql:7: NOTICE:  policy_eval: atom y4 = const:customer.c_acctbal|>|0
psql:/home/ng_lab/z3/stage5h_k15_q1_contract_repro.sql:7: NOTICE:  policy_eval: atom y5 = const:customer.c_acctbal|>|1000
psql:/home/ng_lab/z3/stage5h_k15_q1_contract_repro.sql:7: NOTICE:  policy_eval: atom y6 = const:customer.c_acctbal|>|500
psql:/home/ng_lab/z3/stage5h_k15_q1_contract_repro.sql:7: NOTICE:  policy_eval: atom y7 = const:customer.c_mktsegment|=|AUTOMOBILE
psql:/home/ng_lab/z3/stage5h_k15_q1_contract_repro.sql:7: NOTICE:  policy_eval: atom y8 = const:customer.c_mktsegment|=|BUILDING
psql:/home/ng_lab/z3/stage5h_k15_q1_contract_repro.sql:7: NOTICE:  policy_eval: atom y9 = const:customer.c_mktsegment|=|FURNITURE
psql:/home/ng_lab/z3/stage5h_k15_q1_contract_repro.sql:7: NOTICE:  policy_eval: atom y10 = const:customer.c_mktsegment|=|HOUSEHOLD
psql:/home/ng_lab/z3/stage5h_k15_q1_contract_repro.sql:7: NOTICE:  policy_eval: atom y11 = const:customer.c_mktsegment|=|MACHINERY
psql:/home/ng_lab/z3/stage5h_k15_q1_contract_repro.sql:7: NOTICE:  policy_eval: atom y12 = const:customer.c_name|like|Customer%
psql:/home/ng_lab/z3/stage5h_k15_q1_contract_repro.sql:7: NOTICE:  policy_eval: atom y13 = const:customer.c_nationkey|<|10
psql:/home/ng_lab/z3/stage5h_k15_q1_contract_repro.sql:7: NOTICE:  policy_eval: atom y14 = const:customer.c_nationkey|in|1,3,5,7
psql:/home/ng_lab/z3/stage5h_k15_q1_contract_repro.sql:7: NOTICE:  policy_eval: atom y15 = const:customer.c_phone|like|1%
psql:/home/ng_lab/z3/stage5h_k15_q1_contract_repro.sql:7: NOTICE:  policy_eval: atom y16 = const:customer.c_phone|like|2%
psql:/home/ng_lab/z3/stage5h_k15_q1_contract_repro.sql:7: NOTICE:  policy_eval: atom y17 = const:customer.c_phone|like|3%
psql:/home/ng_lab/z3/stage5h_k15_q1_contract_repro.sql:7: NOTICE:  policy_eval: combined_ast target=customer ast=(y7 or y8) and y4 and (y9 or y10) and y13 and (y3 and y1 or y15) and y12 and (y16 or y17) and (y11 or y10) and y2 and (y7 and y4 or y9 and y6 or y8 and y5) and y14
psql:/home/ng_lab/z3/stage5h_k15_q1_contract_repro.sql:7: NOTICE:  policy_eval: closure_count=1
psql:/home/ng_lab/z3/stage5h_k15_q1_contract_repro.sql:7: NOTICE:  custom_filter: wrap rel=customer oid=74194 paths=1
psql:/home/ng_lab/z3/stage5h_k15_q1_contract_repro.sql:7: NOTICE:  policy_contract: policy_path=/home/ng_lab/z3/tmp_policy_k15.txt size=2512
psql:/home/ng_lab/z3/stage5h_k15_q1_contract_repro.sql:7: NOTICE:  policy_contract: policy_path=/home/ng_lab/z3/tmp_policy_k15.txt md5=159133882c5e806e855bf152711fc2b1
psql:/home/ng_lab/z3/stage5h_k15_q1_contract_repro.sql:7: NOTICE:  policy_eval: target=lineitem tokens=LPAREN:( IDENT:l_returnflag OP:= STRING:'R' RPAREN:) OR:or LPAREN:( IDENT:l_linestatus OP:= STRING:'F' RPAREN:)
psql:/home/ng_lab/z3/stage5h_k15_q1_contract_repro.sql:7: NOTICE:  policy_eval: target=lineitem tokens=LPAREN:( IDENT:l_shipinstruct OP:= STRING:'DELIVER IN PERSON' RPAREN:) AND:and LPAREN:( LPAREN:( IDENT:l_shipmode OP:in LPAREN:( STRING:'MAIL' COMMA:, STRING:'SHIP' RPAREN:) RPAREN:) OR:or LPAREN:( IDENT:l_shipmode OP:in LPAREN:( STRING:'TRUCK' COMMA:, STRING:'RAIL' RPAREN:) RPAREN:) RPAREN:)
psql:/home/ng_lab/z3/stage5h_k15_q1_contract_repro.sql:7: NOTICE:  policy_eval: target=lineitem tokens=LPAREN:( LPAREN:( IDENT:l_discount OP:>= NUMBER:0.02 AND:and IDENT:l_discount OP:<= NUMBER:0.05 AND:and IDENT:l_quantity OP:<= NUMBER:25 RPAREN:) OR:or LPAREN:( IDENT:l_discount OP:>= NUMBER:0.06 AND:and IDENT:l_discount OP:<= NUMBER:0.08 AND:and IDENT:l_quantity OP:<= NUMBER:10 RPAREN:) RPAREN:)
psql:/home/ng_lab/z3/stage5h_k15_q1_contract_repro.sql:7: NOTICE:  policy_eval: target=lineitem tokens=LPAREN:( IDENT:l_shipinstruct OP:= STRING:'DELIVER IN PERSON' RPAREN:) AND:and LPAREN:( LPAREN:( IDENT:l_returnflag OP:= STRING:'R' RPAREN:) OR:or LPAREN:( IDENT:l_returnflag OP:= STRING:'A' RPAREN:) RPAREN:) AND:and LPAREN:( LPAREN:( IDENT:l_tax OP:<= NUMBER:0.07 RPAREN:) OR:or LPAREN:( IDENT:l_discount OP:<= NUMBER:0.05 RPAREN:) RPAREN:) AND:and LPAREN:( IDENT:l_extendedprice OP:> NUMBER:0 RPAREN:)
psql:/home/ng_lab/z3/stage5h_k15_q1_contract_repro.sql:7: NOTICE:  policy_eval: target=lineitem tokens=LPAREN:( LPAREN:( IDENT:l_shipmode OP:in LPAREN:( STRING:'AIR' COMMA:, STRING:'REG AIR' RPAREN:) AND:and IDENT:l_quantity OP:<= NUMBER:15 AND:and IDENT:l_discount OP:<= NUMBER:0.05 AND:and IDENT:l_linestatus OP:= STRING:'F' RPAREN:) OR:or LPAREN:( IDENT:l_shipmode OP:in LPAREN:( STRING:'MAIL' COMMA:, STRING:'SHIP' RPAREN:) AND:and IDENT:l_quantity OP:<= NUMBER:30 AND:and IDENT:l_discount OP:<= NUMBER:0.07 AND:and IDENT:l_returnflag OP:= STRING:'R' RPAREN:) RPAREN:) AND:and LPAREN:( IDENT:l_extendedprice OP:> NUMBER:0 RPAREN:)
psql:/home/ng_lab/z3/stage5h_k15_q1_contract_repro.sql:7: NOTICE:  policy_eval: target=customer tokens=LPAREN:( IDENT:c_mktsegment OP:= STRING:'AUTOMOBILE' RPAREN:) OR:or LPAREN:( IDENT:c_mktsegment OP:= STRING:'BUILDING' RPAREN:)
psql:/home/ng_lab/z3/stage5h_k15_q1_contract_repro.sql:7: NOTICE:  policy_eval: target=customer tokens=LPAREN:( IDENT:c_acctbal OP:> NUMBER:0 RPAREN:) AND:and LPAREN:( LPAREN:( IDENT:c_mktsegment OP:= STRING:'FURNITURE' RPAREN:) OR:or LPAREN:( IDENT:c_mktsegment OP:= STRING:'HOUSEHOLD' RPAREN:) RPAREN:) AND:and LPAREN:( IDENT:c_nationkey OP:< NUMBER:10 RPAREN:)
psql:/home/ng_lab/z3/stage5h_k15_q1_contract_repro.sql:7: NOTICE:  policy_eval: target=customer tokens=LPAREN:( LPAREN:( IDENT:c_acctbal OP:>= NUMBER:500 AND:and IDENT:c_acctbal OP:<= NUMBER:7000 RPAREN:) OR:or LPAREN:( IDENT:c_phone OP:like STRING:'1%' RPAREN:) RPAREN:)
psql:/home/ng_lab/z3/stage5h_k15_q1_contract_repro.sql:7: NOTICE:  policy_eval: target=customer tokens=LPAREN:( IDENT:c_name OP:like STRING:'Customer%' RPAREN:) AND:and LPAREN:( LPAREN:( IDENT:c_phone OP:like STRING:'2%' RPAREN:) OR:or LPAREN:( IDENT:c_phone OP:like STRING:'3%' RPAREN:) RPAREN:) AND:and LPAREN:( LPAREN:( IDENT:c_mktsegment OP:= STRING:'MACHINERY' RPAREN:) OR:or LPAREN:( IDENT:c_mktsegment OP:= STRING:'HOUSEHOLD' RPAREN:) RPAREN:) AND:and LPAREN:( IDENT:c_acctbal OP:< NUMBER:9000 RPAREN:)
psql:/home/ng_lab/z3/stage5h_k15_q1_contract_repro.sql:7: NOTICE:  policy_eval: target=customer tokens=LPAREN:( LPAREN:( IDENT:c_mktsegment OP:= STRING:'AUTOMOBILE' AND:and IDENT:c_acctbal OP:> NUMBER:0 RPAREN:) OR:or LPAREN:( IDENT:c_mktsegment OP:= STRING:'FURNITURE' AND:and IDENT:c_acctbal OP:> NUMBER:500 RPAREN:) OR:or LPAREN:( IDENT:c_mktsegment OP:= STRING:'BUILDING' AND:and IDENT:c_acctbal OP:> NUMBER:1000 RPAREN:) RPAREN:) AND:and LPAREN:( IDENT:c_nationkey OP:in LPAREN:( NUMBER:1 COMMA:, NUMBER:3 COMMA:, NUMBER:5 COMMA:, NUMBER:7 RPAREN:) RPAREN:)
psql:/home/ng_lab/z3/stage5h_k15_q1_contract_repro.sql:7: NOTICE:  policy_eval: target=orders tokens=IDENT:orders.o_custkey OP:= IDENT:customer.c_custkey AND:and LPAREN:( IDENT:customer.c_mktsegment OP:= STRING:'AUTOMOBILE' OR:or IDENT:customer.c_mktsegment OP:= STRING:'HOUSEHOLD' RPAREN:)
psql:/home/ng_lab/z3/stage5h_k15_q1_contract_repro.sql:7: NOTICE:  policy_eval: target=orders tokens=IDENT:orders.o_custkey OP:= IDENT:customer.c_custkey AND:and LPAREN:( LPAREN:( IDENT:orders.o_orderstatus OP:= STRING:'F' AND:and IDENT:customer.c_acctbal OP:> NUMBER:0 RPAREN:) OR:or LPAREN:( IDENT:orders.o_orderpriority OP:in LPAREN:( STRING:'1-URGENT' COMMA:, STRING:'2-HIGH' RPAREN:) AND:and IDENT:customer.c_mktsegment OP:= STRING:'BUILDING' RPAREN:) RPAREN:)
psql:/home/ng_lab/z3/stage5h_k15_q1_contract_repro.sql:7: NOTICE:  policy_eval: target=orders tokens=IDENT:orders.o_custkey OP:= IDENT:customer.c_custkey AND:and IDENT:customer.c_nationkey OP:= IDENT:nation.n_nationkey AND:and LPAREN:( IDENT:nation.n_name OP:in LPAREN:( STRING:'GERMANY' COMMA:, STRING:'FRANCE' RPAREN:) OR:or IDENT:nation.n_name OP:in LPAREN:( STRING:'BRAZIL' COMMA:, STRING:'CANADA' RPAREN:) RPAREN:) AND:and IDENT:customer.c_acctbal OP:> NUMBER:0
psql:/home/ng_lab/z3/stage5h_k15_q1_contract_repro.sql:7: NOTICE:  policy_eval: target=orders tokens=IDENT:orders.o_custkey OP:= IDENT:customer.c_custkey AND:and IDENT:customer.c_nationkey OP:= IDENT:nation.n_nationkey AND:and IDENT:nation.n_regionkey OP:= IDENT:region.r_regionkey AND:and LPAREN:( IDENT:region.r_name OP:= STRING:'EUROPE' OR:or IDENT:region.r_name OP:= STRING:'ASIA' RPAREN:) AND:and IDENT:orders.o_orderstatus OP:in LPAREN:( STRING:'O' COMMA:, STRING:'F' RPAREN:)
psql:/home/ng_lab/z3/stage5h_k15_q1_contract_repro.sql:7: NOTICE:  policy_eval: target=lineitem tokens=IDENT:lineitem.l_orderkey OP:= IDENT:orders.o_orderkey AND:and LPAREN:( IDENT:orders.o_orderstatus OP:= STRING:'F' OR:or IDENT:orders.o_orderpriority OP:in LPAREN:( STRING:'1-URGENT' COMMA:, STRING:'2-HIGH' RPAREN:) RPAREN:) AND:and LPAREN:( LPAREN:( IDENT:lineitem.l_shipmode OP:in LPAREN:( STRING:'MAIL' COMMA:, STRING:'SHIP' RPAREN:) AND:and IDENT:lineitem.l_shipinstruct OP:= STRING:'DELIVER IN PERSON' RPAREN:) OR:or LPAREN:( IDENT:lineitem.l_shipmode OP:in LPAREN:( STRING:'TRUCK' COMMA:, STRING:'RAIL' RPAREN:) AND:and IDENT:lineitem.l_returnflag OP:in LPAREN:( STRING:'R' COMMA:, STRING:'A' RPAREN:) RPAREN:) RPAREN:)
psql:/home/ng_lab/z3/stage5h_k15_q1_contract_repro.sql:7: NOTICE:  policy_eval: target=customer join_classes=[]
psql:/home/ng_lab/z3/stage5h_k15_q1_contract_repro.sql:7: NOTICE:  policy_eval: policy[6] target=customer expr=(c_mktsegment = 'AUTOMOBILE') OR (c_mktsegment = 'BUILDING') ast=y7 or y8
psql:/home/ng_lab/z3/stage5h_k15_q1_contract_repro.sql:7: NOTICE:  policy_eval: policy[7] target=customer expr=(c_acctbal > 0) AND ((c_mktsegment = 'FURNITURE') OR (c_mktsegment = 'HOUSEHOLD')) AND (c_nationkey < 10) ast=y4 and (y9 or y10) and y13
psql:/home/ng_lab/z3/stage5h_k15_q1_contract_repro.sql:7: NOTICE:  policy_eval: policy[8] target=customer expr=((c_acctbal >= 500 AND c_acctbal <= 7000) OR (c_phone LIKE '1%')) ast=y3 and y1 or y15
psql:/home/ng_lab/z3/stage5h_k15_q1_contract_repro.sql:7: NOTICE:  policy_eval: policy[9] target=customer expr=(c_name LIKE 'Customer%') AND ((c_phone LIKE '2%') OR (c_phone LIKE '3%')) AND ((c_mktsegment = 'MACHINERY') OR (c_mktsegment = 'HOUSEHOLD')) AND (c_acctbal < 9000) ast=y12 and (y16 or y17) and (y11 or y10) and y2
psql:/home/ng_lab/z3/stage5h_k15_q1_contract_repro.sql:7: NOTICE:  policy_eval: policy[10] target=customer expr=((c_mktsegment = 'AUTOMOBILE' AND c_acctbal > 0) OR (c_mktsegment = 'FURNITURE' AND c_acctbal > 500) OR (c_mktsegment = 'BUILDING' AND c_acctbal > 1000)) AND (c_nationkey IN (1,3,5,7)) ast=(y7 and y4 or y9 and y6 or y8 and y5) and y14
psql:/home/ng_lab/z3/stage5h_k15_q1_contract_repro.sql:7: NOTICE:  policy_eval: atom y1 = const:customer.c_acctbal|<=|7000
psql:/home/ng_lab/z3/stage5h_k15_q1_contract_repro.sql:7: NOTICE:  policy_eval: atom y2 = const:customer.c_acctbal|<|9000
psql:/home/ng_lab/z3/stage5h_k15_q1_contract_repro.sql:7: NOTICE:  policy_eval: atom y3 = const:customer.c_acctbal|>=|500
psql:/home/ng_lab/z3/stage5h_k15_q1_contract_repro.sql:7: NOTICE:  policy_eval: atom y4 = const:customer.c_acctbal|>|0
psql:/home/ng_lab/z3/stage5h_k15_q1_contract_repro.sql:7: NOTICE:  policy_eval: atom y5 = const:customer.c_acctbal|>|1000
psql:/home/ng_lab/z3/stage5h_k15_q1_contract_repro.sql:7: NOTICE:  policy_eval: atom y6 = const:customer.c_acctbal|>|500
psql:/home/ng_lab/z3/stage5h_k15_q1_contract_repro.sql:7: NOTICE:  policy_eval: atom y7 = const:customer.c_mktsegment|=|AUTOMOBILE
psql:/home/ng_lab/z3/stage5h_k15_q1_contract_repro.sql:7: NOTICE:  policy_eval: atom y8 = const:customer.c_mktsegment|=|BUILDING
psql:/home/ng_lab/z3/stage5h_k15_q1_contract_repro.sql:7: NOTICE:  policy_eval: atom y9 = const:customer.c_mktsegment|=|FURNITURE
psql:/home/ng_lab/z3/stage5h_k15_q1_contract_repro.sql:7: NOTICE:  policy_eval: atom y10 = const:customer.c_mktsegment|=|HOUSEHOLD
psql:/home/ng_lab/z3/stage5h_k15_q1_contract_repro.sql:7: NOTICE:  policy_eval: atom y11 = const:customer.c_mktsegment|=|MACHINERY
psql:/home/ng_lab/z3/stage5h_k15_q1_contract_repro.sql:7: NOTICE:  policy_eval: atom y12 = const:customer.c_name|like|Customer%
psql:/home/ng_lab/z3/stage5h_k15_q1_contract_repro.sql:7: NOTICE:  policy_eval: atom y13 = const:customer.c_nationkey|<|10
psql:/home/ng_lab/z3/stage5h_k15_q1_contract_repro.sql:7: NOTICE:  policy_eval: atom y14 = const:customer.c_nationkey|in|1,3,5,7
psql:/home/ng_lab/z3/stage5h_k15_q1_contract_repro.sql:7: NOTICE:  policy_eval: atom y15 = const:customer.c_phone|like|1%
psql:/home/ng_lab/z3/stage5h_k15_q1_contract_repro.sql:7: NOTICE:  policy_eval: atom y16 = const:customer.c_phone|like|2%
psql:/home/ng_lab/z3/stage5h_k15_q1_contract_repro.sql:7: NOTICE:  policy_eval: atom y17 = const:customer.c_phone|like|3%
psql:/home/ng_lab/z3/stage5h_k15_q1_contract_repro.sql:7: NOTICE:  policy_eval: combined_ast target=customer ast=(y7 or y8) and y4 and (y9 or y10) and y13 and (y3 and y1 or y15) and y12 and (y16 or y17) and (y11 or y10) and y2 and (y7 and y4 or y9 and y6 or y8 and y5) and y14
psql:/home/ng_lab/z3/stage5h_k15_q1_contract_repro.sql:7: NOTICE:  policy_eval: closure_count=1
psql:/home/ng_lab/z3/stage5h_k15_q1_contract_repro.sql:7: NOTICE:  custom_filter: needed_files = [customer_code_base, customer_ctid, dict/customer/c_acctbal, dict/customer/c_mktsegment, dict/customer/c_name, dict/customer/c_nationkey, dict/customer/c_phone, meta/cols/customer, meta/dict_sorted/customer/c_acctbal, meta/dict_sorted/customer/c_mktsegment, meta/dict_sorted/customer/c_name, meta/dict_sorted/customer/c_nationkey, meta/dict_sorted/customer/c_phone, meta/dict_type/customer/c_acctbal, meta/dict_type/customer/c_mktsegment, meta/dict_type/customer/c_name, meta/dict_type/customer/c_nationkey, meta/dict_type/customer/c_phone]
psql:/home/ng_lab/z3/stage5h_k15_q1_contract_repro.sql:7: NOTICE:  custom_filter: policy_targets = [customer]
psql:/home/ng_lab/z3/stage5h_k15_q1_contract_repro.sql:7: NOTICE:  custom_filter: closure_tables = [customer]
psql:/home/ng_lab/z3/stage5h_k15_q1_contract_repro.sql:7: NOTICE:  custom_filter: query_targets = [customer]
psql:/home/ng_lab/z3/stage5h_k15_q1_contract_repro.sql:7: NOTICE:  custom_filter: scanned_tables = [customer]
psql:/home/ng_lab/z3/stage5h_k15_q1_contract_repro.sql:7: NOTICE:  custom_filter: table=customer filter=on
psql:/home/ng_lab/z3/stage5h_k15_q1_contract_repro.sql:7: NOTICE:  custom_filter: wrapped_tables = [customer]
psql:/home/ng_lab/z3/stage5h_k15_q1_contract_repro.sql:7: NOTICE:  custom_filter: memctx label=artifact_blob rel=<global> ptr=0x72ed43dec040 mctx=0x581a13c5e0f0 qctx=0x581a13c5e0f0 ok=true
psql:/home/ng_lab/z3/stage5h_k15_q1_contract_repro.sql:7: NOTICE:  custom_filter: memctx label=artifact_blob rel=<global> ptr=0x581a13cae0a0 mctx=0x581a13c5e0f0 qctx=0x581a13c5e0f0 ok=true
psql:/home/ng_lab/z3/stage5h_k15_q1_contract_repro.sql:7: NOTICE:  custom_filter: memctx label=artifact_blob rel=<global> ptr=0x581a13cdb220 mctx=0x581a13c5e0f0 qctx=0x581a13c5e0f0 ok=true
psql:/home/ng_lab/z3/stage5h_k15_q1_contract_repro.sql:7: NOTICE:  custom_filter: memctx label=artifact_blob rel=<global> ptr=0x581a13c85ac0 mctx=0x581a13c5e0f0 qctx=0x581a13c5e0f0 ok=true
psql:/home/ng_lab/z3/stage5h_k15_q1_contract_repro.sql:7: NOTICE:  custom_filter: memctx label=artifact_blob rel=<global> ptr=0x72ed45d6e040 mctx=0x581a13c5e0f0 qctx=0x581a13c5e0f0 ok=true
psql:/home/ng_lab/z3/stage5h_k15_q1_contract_repro.sql:7: NOTICE:  custom_filter: memctx label=artifact_blob rel=<global> ptr=0x581a13c85c00 mctx=0x581a13c5e0f0 qctx=0x581a13c5e0f0 ok=true
psql:/home/ng_lab/z3/stage5h_k15_q1_contract_repro.sql:7: NOTICE:  custom_filter: memctx label=artifact_blob rel=<global> ptr=0x72ed43da6040 mctx=0x581a13c5e0f0 qctx=0x581a13c5e0f0 ok=true
psql:/home/ng_lab/z3/stage5h_k15_q1_contract_repro.sql:7: NOTICE:  custom_filter: memctx label=artifact_blob rel=<global> ptr=0x581a13c85b48 mctx=0x581a13c5e0f0 qctx=0x581a13c5e0f0 ok=true
psql:/home/ng_lab/z3/stage5h_k15_q1_contract_repro.sql:7: NOTICE:  custom_filter: memctx label=artifact_blob rel=<global> ptr=0x581a13c85f18 mctx=0x581a13c5e0f0 qctx=0x581a13c5e0f0 ok=true
psql:/home/ng_lab/z3/stage5h_k15_q1_contract_repro.sql:7: NOTICE:  custom_filter: memctx label=artifact_blob rel=<global> ptr=0x581a13ccb618 mctx=0x581a13c5e0f0 qctx=0x581a13c5e0f0 ok=true
psql:/home/ng_lab/z3/stage5h_k15_q1_contract_repro.sql:7: NOTICE:  custom_filter: memctx label=artifact_blob rel=<global> ptr=0x581a13ccb628 mctx=0x581a13c5e0f0 qctx=0x581a13c5e0f0 ok=true
psql:/home/ng_lab/z3/stage5h_k15_q1_contract_repro.sql:7: NOTICE:  custom_filter: memctx label=artifact_blob rel=<global> ptr=0x581a13ccb680 mctx=0x581a13c5e0f0 qctx=0x581a13c5e0f0 ok=true
psql:/home/ng_lab/z3/stage5h_k15_q1_contract_repro.sql:7: NOTICE:  custom_filter: memctx label=artifact_blob rel=<global> ptr=0x581a13ccb6d8 mctx=0x581a13c5e0f0 qctx=0x581a13c5e0f0 ok=true
psql:/home/ng_lab/z3/stage5h_k15_q1_contract_repro.sql:7: NOTICE:  custom_filter: memctx label=artifact_blob rel=<global> ptr=0x581a13c861b8 mctx=0x581a13c5e0f0 qctx=0x581a13c5e0f0 ok=true
psql:/home/ng_lab/z3/stage5h_k15_q1_contract_repro.sql:7: NOTICE:  custom_filter: memctx label=artifact_blob rel=<global> ptr=0x581a13ccb778 mctx=0x581a13c5e0f0 qctx=0x581a13c5e0f0 ok=true
psql:/home/ng_lab/z3/stage5h_k15_q1_contract_repro.sql:7: NOTICE:  custom_filter: memctx label=artifact_blob rel=<global> ptr=0x581a13ccb7d0 mctx=0x581a13c5e0f0 qctx=0x581a13c5e0f0 ok=true
psql:/home/ng_lab/z3/stage5h_k15_q1_contract_repro.sql:7: NOTICE:  custom_filter: memctx label=artifact_blob rel=<global> ptr=0x581a13ccb808 mctx=0x581a13c5e0f0 qctx=0x581a13c5e0f0 ok=true
psql:/home/ng_lab/z3/stage5h_k15_q1_contract_repro.sql:7: NOTICE:  custom_filter: memctx label=artifact_blob rel=<global> ptr=0x581a13ccb860 mctx=0x581a13c5e0f0 qctx=0x581a13c5e0f0 ok=true
psql:/home/ng_lab/z3/stage5h_k15_q1_contract_repro.sql:7: NOTICE:  custom_filter: artifact_load_ms=2.303
psql:/home/ng_lab/z3/stage5h_k15_q1_contract_repro.sql:7: NOTICE:  custom_filter: artifact customer_code_base bytes=420000
psql:/home/ng_lab/z3/stage5h_k15_q1_contract_repro.sql:7: NOTICE:  custom_filter: artifact customer_ctid bytes=120000
psql:/home/ng_lab/z3/stage5h_k15_q1_contract_repro.sql:7: NOTICE:  custom_filter: artifact dict/customer/c_acctbal bytes=162147
psql:/home/ng_lab/z3/stage5h_k15_q1_contract_repro.sql:7: NOTICE:  custom_filter: artifact dict/customer/c_mktsegment bytes=65
psql:/home/ng_lab/z3/stage5h_k15_q1_contract_repro.sql:7: NOTICE:  custom_filter: artifact dict/customer/c_name bytes=330000
psql:/home/ng_lab/z3/stage5h_k15_q1_contract_repro.sql:7: NOTICE:  custom_filter: artifact dict/customer/c_nationkey bytes=140
psql:/home/ng_lab/z3/stage5h_k15_q1_contract_repro.sql:7: NOTICE:  custom_filter: artifact dict/customer/c_phone bytes=285000
psql:/home/ng_lab/z3/stage5h_k15_q1_contract_repro.sql:7: NOTICE:  custom_filter: artifact meta/cols/customer bytes=114
psql:/home/ng_lab/z3/stage5h_k15_q1_contract_repro.sql:7: NOTICE:  custom_filter: artifact meta/dict_sorted/customer/c_acctbal bytes=1
psql:/home/ng_lab/z3/stage5h_k15_q1_contract_repro.sql:7: NOTICE:  custom_filter: artifact meta/dict_sorted/customer/c_mktsegment bytes=1
psql:/home/ng_lab/z3/stage5h_k15_q1_contract_repro.sql:7: NOTICE:  custom_filter: artifact meta/dict_sorted/customer/c_name bytes=1
psql:/home/ng_lab/z3/stage5h_k15_q1_contract_repro.sql:7: NOTICE:  custom_filter: artifact meta/dict_sorted/customer/c_nationkey bytes=1
psql:/home/ng_lab/z3/stage5h_k15_q1_contract_repro.sql:7: NOTICE:  custom_filter: artifact meta/dict_sorted/customer/c_phone bytes=1
psql:/home/ng_lab/z3/stage5h_k15_q1_contract_repro.sql:7: NOTICE:  custom_filter: artifact meta/dict_type/customer/c_acctbal bytes=5
psql:/home/ng_lab/z3/stage5h_k15_q1_contract_repro.sql:7: NOTICE:  custom_filter: artifact meta/dict_type/customer/c_mktsegment bytes=4
psql:/home/ng_lab/z3/stage5h_k15_q1_contract_repro.sql:7: NOTICE:  custom_filter: artifact meta/dict_type/customer/c_name bytes=4
psql:/home/ng_lab/z3/stage5h_k15_q1_contract_repro.sql:7: NOTICE:  custom_filter: artifact meta/dict_type/customer/c_nationkey bytes=3
psql:/home/ng_lab/z3/stage5h_k15_q1_contract_repro.sql:7: NOTICE:  custom_filter: artifact meta/dict_type/customer/c_phone bytes=4
psql:/home/ng_lab/z3/stage5h_k15_q1_contract_repro.sql:7: NOTICE:  policy_contract: global_atom id=1 kind=2 lhs=const:customer.c_acctbal rhs=<null> op=5 jc=-1 key=const:customer.c_acctbal|<=|7000 vals=[7000]
psql:/home/ng_lab/z3/stage5h_k15_q1_contract_repro.sql:7: NOTICE:  policy_contract: global_atom id=2 kind=2 lhs=const:customer.c_acctbal rhs=<null> op=4 jc=-1 key=const:customer.c_acctbal|<|9000 vals=[9000]
psql:/home/ng_lab/z3/stage5h_k15_q1_contract_repro.sql:7: NOTICE:  policy_contract: global_atom id=3 kind=2 lhs=const:customer.c_acctbal rhs=<null> op=7 jc=-1 key=const:customer.c_acctbal|>=|500 vals=[500]
psql:/home/ng_lab/z3/stage5h_k15_q1_contract_repro.sql:7: NOTICE:  policy_contract: global_atom id=4 kind=2 lhs=const:customer.c_acctbal rhs=<null> op=6 jc=-1 key=const:customer.c_acctbal|>|0 vals=[0]
psql:/home/ng_lab/z3/stage5h_k15_q1_contract_repro.sql:7: NOTICE:  policy_contract: global_atom id=5 kind=2 lhs=const:customer.c_acctbal rhs=<null> op=6 jc=-1 key=const:customer.c_acctbal|>|1000 vals=[1000]
psql:/home/ng_lab/z3/stage5h_k15_q1_contract_repro.sql:7: NOTICE:  policy_contract: global_atom id=6 kind=2 lhs=const:customer.c_acctbal rhs=<null> op=6 jc=-1 key=const:customer.c_acctbal|>|500 vals=[500]
psql:/home/ng_lab/z3/stage5h_k15_q1_contract_repro.sql:7: NOTICE:  policy_contract: global_atom id=7 kind=2 lhs=const:customer.c_mktsegment rhs=<null> op=1 jc=-1 key=const:customer.c_mktsegment|=|AUTOMOBILE vals=[AUTOMOBILE]
psql:/home/ng_lab/z3/stage5h_k15_q1_contract_repro.sql:7: NOTICE:  policy_contract: global_atom id=8 kind=2 lhs=const:customer.c_mktsegment rhs=<null> op=1 jc=-1 key=const:customer.c_mktsegment|=|BUILDING vals=[BUILDING]
psql:/home/ng_lab/z3/stage5h_k15_q1_contract_repro.sql:7: NOTICE:  policy_contract: global_atom id=9 kind=2 lhs=const:customer.c_mktsegment rhs=<null> op=1 jc=-1 key=const:customer.c_mktsegment|=|FURNITURE vals=[FURNITURE]
psql:/home/ng_lab/z3/stage5h_k15_q1_contract_repro.sql:7: NOTICE:  policy_contract: global_atom id=10 kind=2 lhs=const:customer.c_mktsegment rhs=<null> op=1 jc=-1 key=const:customer.c_mktsegment|=|HOUSEHOLD vals=[HOUSEHOLD]
psql:/home/ng_lab/z3/stage5h_k15_q1_contract_repro.sql:7: NOTICE:  policy_contract: global_atom id=11 kind=2 lhs=const:customer.c_mktsegment rhs=<null> op=1 jc=-1 key=const:customer.c_mktsegment|=|MACHINERY vals=[MACHINERY]
psql:/home/ng_lab/z3/stage5h_k15_q1_contract_repro.sql:7: NOTICE:  policy_contract: global_atom id=12 kind=2 lhs=const:customer.c_name rhs=<null> op=3 jc=-1 key=const:customer.c_name|like|Customer% vals=[Customer%]
psql:/home/ng_lab/z3/stage5h_k15_q1_contract_repro.sql:7: NOTICE:  policy_contract: global_atom id=13 kind=2 lhs=const:customer.c_nationkey rhs=<null> op=4 jc=1 key=const:customer.c_nationkey|<|10 vals=[10]
psql:/home/ng_lab/z3/stage5h_k15_q1_contract_repro.sql:7: NOTICE:  policy_contract: global_atom id=14 kind=2 lhs=const:customer.c_nationkey rhs=<null> op=2 jc=1 key=const:customer.c_nationkey|in|1,3,5,7 vals=[1,3,5,7]
psql:/home/ng_lab/z3/stage5h_k15_q1_contract_repro.sql:7: NOTICE:  policy_contract: global_atom id=15 kind=2 lhs=const:customer.c_phone rhs=<null> op=3 jc=-1 key=const:customer.c_phone|like|1% vals=[1%]
psql:/home/ng_lab/z3/stage5h_k15_q1_contract_repro.sql:7: NOTICE:  policy_contract: global_atom id=16 kind=2 lhs=const:customer.c_phone rhs=<null> op=3 jc=-1 key=const:customer.c_phone|like|2% vals=[2%]
psql:/home/ng_lab/z3/stage5h_k15_q1_contract_repro.sql:7: NOTICE:  policy_contract: global_atom id=17 kind=2 lhs=const:customer.c_phone rhs=<null> op=3 jc=-1 key=const:customer.c_phone|like|3% vals=[3%]
psql:/home/ng_lab/z3/stage5h_k15_q1_contract_repro.sql:7: NOTICE:  policy_contract: bundle_atom id=1 kind=2 lhs=const:customer.c_mktsegment rhs=<null> op=1 jc=-1 key=const:customer.c_mktsegment|=|AUTOMOBILE vals=[AUTOMOBILE]
psql:/home/ng_lab/z3/stage5h_k15_q1_contract_repro.sql:7: NOTICE:  policy_contract: bundle_atom id=2 kind=2 lhs=const:customer.c_mktsegment rhs=<null> op=1 jc=-1 key=const:customer.c_mktsegment|=|BUILDING vals=[BUILDING]
psql:/home/ng_lab/z3/stage5h_k15_q1_contract_repro.sql:7: NOTICE:  policy_contract: bundle_ast target=customer ast=y1 or y2
psql:/home/ng_lab/z3/stage5h_k15_q1_contract_repro.sql:7: NOTICE:  policy_contract: bundle_atom_map target=customer y1->y7
psql:/home/ng_lab/z3/stage5h_k15_q1_contract_repro.sql:7: NOTICE:  policy_contract: bundle_atom_map target=customer y2->y8
psql:/home/ng_lab/z3/stage5h_k15_q1_contract_repro.sql:7: NOTICE:  policy_contract: bundle_ast_global target=customer ast=y7 or y8
psql:/home/ng_lab/z3/stage5h_k15_q1_contract_repro.sql:7: NOTICE:  policy_contract: artifact name=customer_code_base bytes=420000
psql:/home/ng_lab/z3/stage5h_k15_q1_contract_repro.sql:7: NOTICE:  policy_contract: artifact name=customer_ctid bytes=120000
psql:/home/ng_lab/z3/stage5h_k15_q1_contract_repro.sql:7: NOTICE:  policy_contract: artifact name=dict/customer/c_acctbal bytes=162147
psql:/home/ng_lab/z3/stage5h_k15_q1_contract_repro.sql:7: NOTICE:  policy_contract: artifact name=dict/customer/c_mktsegment bytes=65
psql:/home/ng_lab/z3/stage5h_k15_q1_contract_repro.sql:7: NOTICE:  policy_contract: artifact name=dict/customer/c_name bytes=330000
psql:/home/ng_lab/z3/stage5h_k15_q1_contract_repro.sql:7: NOTICE:  policy_contract: artifact name=dict/customer/c_nationkey bytes=140
psql:/home/ng_lab/z3/stage5h_k15_q1_contract_repro.sql:7: NOTICE:  policy_contract: artifact name=dict/customer/c_phone bytes=285000
psql:/home/ng_lab/z3/stage5h_k15_q1_contract_repro.sql:7: NOTICE:  policy_contract: artifact name=meta/cols/customer bytes=114
psql:/home/ng_lab/z3/stage5h_k15_q1_contract_repro.sql:7: NOTICE:  policy_contract: artifact name=meta/dict_sorted/customer/c_acctbal bytes=1
psql:/home/ng_lab/z3/stage5h_k15_q1_contract_repro.sql:7: NOTICE:  policy_contract: artifact name=meta/dict_sorted/customer/c_mktsegment bytes=1
psql:/home/ng_lab/z3/stage5h_k15_q1_contract_repro.sql:7: NOTICE:  policy_contract: artifact name=meta/dict_sorted/customer/c_name bytes=1
psql:/home/ng_lab/z3/stage5h_k15_q1_contract_repro.sql:7: NOTICE:  policy_contract: artifact name=meta/dict_sorted/customer/c_nationkey bytes=1
psql:/home/ng_lab/z3/stage5h_k15_q1_contract_repro.sql:7: NOTICE:  policy_contract: artifact name=meta/dict_sorted/customer/c_phone bytes=1
psql:/home/ng_lab/z3/stage5h_k15_q1_contract_repro.sql:7: NOTICE:  policy_contract: artifact name=meta/dict_type/customer/c_acctbal bytes=5
psql:/home/ng_lab/z3/stage5h_k15_q1_contract_repro.sql:7: NOTICE:  policy_contract: artifact name=meta/dict_type/customer/c_mktsegment bytes=4
psql:/home/ng_lab/z3/stage5h_k15_q1_contract_repro.sql:7: NOTICE:  policy_contract: artifact name=meta/dict_type/customer/c_name bytes=4
psql:/home/ng_lab/z3/stage5h_k15_q1_contract_repro.sql:7: NOTICE:  policy_contract: artifact name=meta/dict_type/customer/c_nationkey bytes=3
psql:/home/ng_lab/z3/stage5h_k15_q1_contract_repro.sql:7: NOTICE:  policy_contract: artifact name=meta/dict_type/customer/c_phone bytes=4
psql:/home/ng_lab/z3/stage5h_k15_q1_contract_repro.sql:7: ERROR:  policy_contract: const atom y13 missing in meta/join_classes (col=customer.c_nationkey)
