NOTICE:  policy_eval: target=lineitem tokens=LPAREN:( IDENT:l_returnflag OP:= STRING:'R' RPAREN:) OR:or LPAREN:( IDENT:l_linestatus OP:= STRING:'F' RPAREN:)
NOTICE:  policy_eval: target=lineitem tokens=LPAREN:( IDENT:l_shipinstruct OP:= STRING:'DELIVER IN PERSON' RPAREN:) AND:and LPAREN:( LPAREN:( IDENT:l_shipmode OP:in LPAREN:( STRING:'MAIL' COMMA:, STRING:'SHIP' RPAREN:) RPAREN:) OR:or LPAREN:( IDENT:l_shipmode OP:in LPAREN:( STRING:'TRUCK' COMMA:, STRING:'RAIL' RPAREN:) RPAREN:) RPAREN:)
NOTICE:  policy_eval: target=lineitem tokens=LPAREN:( LPAREN:( IDENT:l_discount OP:>= NUMBER:0.02 AND:and IDENT:l_discount OP:<= NUMBER:0.05 AND:and IDENT:l_quantity OP:<= NUMBER:25 RPAREN:) OR:or LPAREN:( IDENT:l_discount OP:>= NUMBER:0.06 AND:and IDENT:l_discount OP:<= NUMBER:0.08 AND:and IDENT:l_quantity OP:<= NUMBER:10 RPAREN:) RPAREN:)
NOTICE:  policy_eval: target=lineitem tokens=LPAREN:( IDENT:l_shipinstruct OP:= STRING:'DELIVER IN PERSON' RPAREN:) AND:and LPAREN:( LPAREN:( IDENT:l_returnflag OP:= STRING:'R' RPAREN:) OR:or LPAREN:( IDENT:l_returnflag OP:= STRING:'A' RPAREN:) RPAREN:) AND:and LPAREN:( LPAREN:( IDENT:l_tax OP:<= NUMBER:0.07 RPAREN:) OR:or LPAREN:( IDENT:l_discount OP:<= NUMBER:0.05 RPAREN:) RPAREN:) AND:and LPAREN:( IDENT:l_extendedprice OP:> NUMBER:0 RPAREN:)
NOTICE:  policy_eval: target=lineitem tokens=LPAREN:( LPAREN:( IDENT:l_shipmode OP:in LPAREN:( STRING:'AIR' COMMA:, STRING:'REG AIR' RPAREN:) AND:and IDENT:l_quantity OP:<= NUMBER:15 AND:and IDENT:l_discount OP:<= NUMBER:0.05 AND:and IDENT:l_linestatus OP:= STRING:'F' RPAREN:) OR:or LPAREN:( IDENT:l_shipmode OP:in LPAREN:( STRING:'MAIL' COMMA:, STRING:'SHIP' RPAREN:) AND:and IDENT:l_quantity OP:<= NUMBER:30 AND:and IDENT:l_discount OP:<= NUMBER:0.07 AND:and IDENT:l_returnflag OP:= STRING:'R' RPAREN:) RPAREN:) AND:and LPAREN:( IDENT:l_extendedprice OP:> NUMBER:0 RPAREN:)
NOTICE:  policy_eval: target=customer tokens=LPAREN:( IDENT:c_mktsegment OP:= STRING:'AUTOMOBILE' RPAREN:) OR:or LPAREN:( IDENT:c_mktsegment OP:= STRING:'BUILDING' RPAREN:)
NOTICE:  policy_eval: target=customer tokens=LPAREN:( IDENT:c_acctbal OP:> NUMBER:0 RPAREN:) AND:and LPAREN:( LPAREN:( IDENT:c_mktsegment OP:= STRING:'FURNITURE' RPAREN:) OR:or LPAREN:( IDENT:c_mktsegment OP:= STRING:'HOUSEHOLD' RPAREN:) RPAREN:) AND:and LPAREN:( IDENT:c_nationkey OP:< NUMBER:10 RPAREN:)
NOTICE:  policy_eval: target=customer tokens=LPAREN:( LPAREN:( IDENT:c_acctbal OP:>= NUMBER:500 AND:and IDENT:c_acctbal OP:<= NUMBER:7000 RPAREN:) OR:or LPAREN:( IDENT:c_phone OP:like STRING:'1%' RPAREN:) RPAREN:)
NOTICE:  policy_eval: target=customer tokens=LPAREN:( IDENT:c_name OP:like STRING:'Customer%' RPAREN:) AND:and LPAREN:( LPAREN:( IDENT:c_phone OP:like STRING:'2%' RPAREN:) OR:or LPAREN:( IDENT:c_phone OP:like STRING:'3%' RPAREN:) RPAREN:) AND:and LPAREN:( LPAREN:( IDENT:c_mktsegment OP:= STRING:'MACHINERY' RPAREN:) OR:or LPAREN:( IDENT:c_mktsegment OP:= STRING:'HOUSEHOLD' RPAREN:) RPAREN:) AND:and LPAREN:( IDENT:c_acctbal OP:< NUMBER:9000 RPAREN:)
NOTICE:  policy_eval: target=customer tokens=LPAREN:( LPAREN:( IDENT:c_mktsegment OP:= STRING:'AUTOMOBILE' AND:and IDENT:c_acctbal OP:> NUMBER:0 RPAREN:) OR:or LPAREN:( IDENT:c_mktsegment OP:= STRING:'FURNITURE' AND:and IDENT:c_acctbal OP:> NUMBER:500 RPAREN:) OR:or LPAREN:( IDENT:c_mktsegment OP:= STRING:'BUILDING' AND:and IDENT:c_acctbal OP:> NUMBER:1000 RPAREN:) RPAREN:) AND:and LPAREN:( IDENT:c_nationkey OP:in LPAREN:( NUMBER:1 COMMA:, NUMBER:3 COMMA:, NUMBER:5 COMMA:, NUMBER:7 RPAREN:) RPAREN:)
NOTICE:  policy_eval: target=orders tokens=IDENT:orders.o_custkey OP:= IDENT:customer.c_custkey AND:and LPAREN:( IDENT:customer.c_mktsegment OP:= STRING:'AUTOMOBILE' OR:or IDENT:customer.c_mktsegment OP:= STRING:'HOUSEHOLD' RPAREN:)
NOTICE:  policy_eval: target=orders tokens=IDENT:orders.o_custkey OP:= IDENT:customer.c_custkey AND:and LPAREN:( LPAREN:( IDENT:orders.o_orderstatus OP:= STRING:'F' AND:and IDENT:customer.c_acctbal OP:> NUMBER:0 RPAREN:) OR:or LPAREN:( IDENT:orders.o_orderpriority OP:in LPAREN:( STRING:'1-URGENT' COMMA:, STRING:'2-HIGH' RPAREN:) AND:and IDENT:customer.c_mktsegment OP:= STRING:'BUILDING' RPAREN:) RPAREN:)
NOTICE:  policy_eval: target=orders tokens=IDENT:orders.o_custkey OP:= IDENT:customer.c_custkey AND:and IDENT:customer.c_nationkey OP:= IDENT:nation.n_nationkey AND:and LPAREN:( IDENT:nation.n_name OP:in LPAREN:( STRING:'GERMANY' COMMA:, STRING:'FRANCE' RPAREN:) OR:or IDENT:nation.n_name OP:in LPAREN:( STRING:'BRAZIL' COMMA:, STRING:'CANADA' RPAREN:) RPAREN:) AND:and IDENT:customer.c_acctbal OP:> NUMBER:0
NOTICE:  policy_eval: target=orders tokens=IDENT:orders.o_custkey OP:= IDENT:customer.c_custkey AND:and IDENT:customer.c_nationkey OP:= IDENT:nation.n_nationkey AND:and IDENT:nation.n_regionkey OP:= IDENT:region.r_regionkey AND:and LPAREN:( IDENT:region.r_name OP:= STRING:'EUROPE' OR:or IDENT:region.r_name OP:= STRING:'ASIA' RPAREN:) AND:and IDENT:orders.o_orderstatus OP:in LPAREN:( STRING:'O' COMMA:, STRING:'F' RPAREN:)
NOTICE:  policy_eval: target=lineitem tokens=IDENT:lineitem.l_orderkey OP:= IDENT:orders.o_orderkey AND:and LPAREN:( IDENT:orders.o_orderstatus OP:= STRING:'F' OR:or IDENT:orders.o_orderpriority OP:in LPAREN:( STRING:'1-URGENT' COMMA:, STRING:'2-HIGH' RPAREN:) RPAREN:) AND:and LPAREN:( LPAREN:( IDENT:lineitem.l_shipmode OP:in LPAREN:( STRING:'MAIL' COMMA:, STRING:'SHIP' RPAREN:) AND:and IDENT:lineitem.l_shipinstruct OP:= STRING:'DELIVER IN PERSON' RPAREN:) OR:or LPAREN:( IDENT:lineitem.l_shipmode OP:in LPAREN:( STRING:'TRUCK' COMMA:, STRING:'RAIL' RPAREN:) AND:and IDENT:lineitem.l_returnflag OP:in LPAREN:( STRING:'R' COMMA:, STRING:'A' RPAREN:) RPAREN:) RPAREN:)
NOTICE:  policy_eval: target=customer join_classes=[]
NOTICE:  policy_eval: target=lineitem join_classes=[2]
NOTICE:  policy_eval: target=orders join_classes=[0, 1, 3]
NOTICE:  policy_eval: policy[1] target=lineitem expr=(l_returnflag = 'R') OR (l_linestatus = 'F') ast=y30 or y24
NOTICE:  policy_eval: policy[2] target=lineitem expr=(l_shipinstruct = 'DELIVER IN PERSON') AND ((l_shipmode IN ('MAIL','SHIP')) OR (l_shipmode IN ('TRUCK','RAIL'))) ast=y32 and (y34 or y35)
NOTICE:  policy_eval: policy[3] target=lineitem expr=((l_discount >= 0.02 AND l_discount <= 0.05 AND l_quantity <= 25) OR (l_discount >= 0.06 AND l_discount <= 0.08 AND l_quantity <= 10)) ast=y21 and y18 and y27 or y22 and y20 and y25
NOTICE:  policy_eval: policy[4] target=lineitem expr=(l_shipinstruct = 'DELIVER IN PERSON') AND ((l_returnflag = 'R') OR (l_returnflag = 'A')) AND ((l_tax <= 0.07) OR (l_discount <= 0.05)) AND (l_extendedprice > 0) ast=y32 and (y30 or y29) and (y36 or y18) and y23
NOTICE:  policy_eval: policy[5] target=lineitem expr=((l_shipmode IN ('AIR','REG AIR') AND l_quantity <= 15 AND l_discount <= 0.05 AND l_linestatus = 'F') OR (l_shipmode IN ('MAIL','SHIP') AND l_quantity <= 30 AND l_discount <= 0.07 AND l_returnflag = 'R')) AND (l_extendedprice > 0) ast=(y33 and y26 and y18 and y24 or y34 and y28 and y19 and y30) and y23
NOTICE:  policy_eval: policy[6] target=customer expr=(c_mktsegment = 'AUTOMOBILE') OR (c_mktsegment = 'BUILDING') ast=y7 or y8
NOTICE:  policy_eval: policy[7] target=customer expr=(c_acctbal > 0) AND ((c_mktsegment = 'FURNITURE') OR (c_mktsegment = 'HOUSEHOLD')) AND (c_nationkey < 10) ast=y4 and (y9 or y10) and y13
NOTICE:  policy_eval: policy[8] target=customer expr=((c_acctbal >= 500 AND c_acctbal <= 7000) OR (c_phone LIKE '1%')) ast=y3 and y1 or y15
NOTICE:  policy_eval: policy[9] target=customer expr=(c_name LIKE 'Customer%') AND ((c_phone LIKE '2%') OR (c_phone LIKE '3%')) AND ((c_mktsegment = 'MACHINERY') OR (c_mktsegment = 'HOUSEHOLD')) AND (c_acctbal < 9000) ast=y12 and (y16 or y17) and (y11 or y10) and y2
NOTICE:  policy_eval: policy[10] target=customer expr=((c_mktsegment = 'AUTOMOBILE' AND c_acctbal > 0) OR (c_mktsegment = 'FURNITURE' AND c_acctbal > 500) OR (c_mktsegment = 'BUILDING' AND c_acctbal > 1000)) AND (c_nationkey IN (1,3,5,7)) ast=(y7 and y4 or y9 and y6 or y8 and y5) and y14
NOTICE:  policy_eval: policy[11] target=orders expr=orders.o_custkey = customer.c_custkey AND (customer.c_mktsegment = 'AUTOMOBILE' OR customer.c_mktsegment = 'HOUSEHOLD') ast=y44 and (y7 or y10)
NOTICE:  policy_eval: policy[12] target=orders expr=orders.o_custkey = customer.c_custkey AND ((orders.o_orderstatus = 'F' AND customer.c_acctbal > 0) OR (orders.o_orderpriority IN ('1-URGENT','2-HIGH') AND customer.c_mktsegment = 'BUILDING')) ast=y44 and (y40 and y4 or y39 and y8)
NOTICE:  policy_eval: policy[13] target=orders expr=orders.o_custkey = customer.c_custkey AND customer.c_nationkey = nation.n_nationkey AND (nation.n_name IN ('GERMANY','FRANCE') OR nation.n_name IN ('BRAZIL','CANADA')) AND customer.c_acctbal > 0 ast=y44 and y45 and (y38 or y37) and y4
NOTICE:  policy_eval: policy[14] target=orders expr=orders.o_custkey = customer.c_custkey AND customer.c_nationkey = nation.n_nationkey AND nation.n_regionkey = region.r_regionkey AND (region.r_name = 'EUROPE' OR region.r_name = 'ASIA') AND orders.o_orderstatus IN ('O','F') ast=y44 and y45 and y47 and (y43 or y42) and y41
NOTICE:  policy_eval: policy[15] target=lineitem expr=lineitem.l_orderkey = orders.o_orderkey AND (orders.o_orderstatus = 'F' OR orders.o_orderpriority IN ('1-URGENT','2-HIGH')) AND ((lineitem.l_shipmode IN ('MAIL','SHIP') AND lineitem.l_shipinstruct = 'DELIVER IN PERSON') OR (lineitem.l_shipmode IN ('TRUCK','RAIL') AND lineitem.l_returnflag IN ('R','A'))) ast=y46 and (y40 or y39) and (y34 and y32 or y35 and y31)
NOTICE:  policy_eval: atom y1 = const:customer.c_acctbal|<=|7000
NOTICE:  policy_eval: atom y2 = const:customer.c_acctbal|<|9000
NOTICE:  policy_eval: atom y3 = const:customer.c_acctbal|>=|500
NOTICE:  policy_eval: atom y4 = const:customer.c_acctbal|>|0
NOTICE:  policy_eval: atom y5 = const:customer.c_acctbal|>|1000
NOTICE:  policy_eval: atom y6 = const:customer.c_acctbal|>|500
NOTICE:  policy_eval: atom y7 = const:customer.c_mktsegment|=|AUTOMOBILE
NOTICE:  policy_eval: atom y8 = const:customer.c_mktsegment|=|BUILDING
NOTICE:  policy_eval: atom y9 = const:customer.c_mktsegment|=|FURNITURE
NOTICE:  policy_eval: atom y10 = const:customer.c_mktsegment|=|HOUSEHOLD
NOTICE:  policy_eval: atom y11 = const:customer.c_mktsegment|=|MACHINERY
NOTICE:  policy_eval: atom y12 = const:customer.c_name|like|Customer%
NOTICE:  policy_eval: atom y13 = const:customer.c_nationkey|<|10
NOTICE:  policy_eval: atom y14 = const:customer.c_nationkey|in|1,3,5,7
NOTICE:  policy_eval: atom y15 = const:customer.c_phone|like|1%
NOTICE:  policy_eval: atom y16 = const:customer.c_phone|like|2%
NOTICE:  policy_eval: atom y17 = const:customer.c_phone|like|3%
NOTICE:  policy_eval: atom y18 = const:lineitem.l_discount|<=|0.05
NOTICE:  policy_eval: atom y19 = const:lineitem.l_discount|<=|0.07
NOTICE:  policy_eval: atom y20 = const:lineitem.l_discount|<=|0.08
NOTICE:  policy_eval: atom y21 = const:lineitem.l_discount|>=|0.02
NOTICE:  policy_eval: atom y22 = const:lineitem.l_discount|>=|0.06
NOTICE:  policy_eval: atom y23 = const:lineitem.l_extendedprice|>|0
NOTICE:  policy_eval: atom y24 = const:lineitem.l_linestatus|=|F
NOTICE:  policy_eval: atom y25 = const:lineitem.l_quantity|<=|10
NOTICE:  policy_eval: atom y26 = const:lineitem.l_quantity|<=|15
NOTICE:  policy_eval: atom y27 = const:lineitem.l_quantity|<=|25
NOTICE:  policy_eval: atom y28 = const:lineitem.l_quantity|<=|30
NOTICE:  policy_eval: atom y29 = const:lineitem.l_returnflag|=|A
NOTICE:  policy_eval: atom y30 = const:lineitem.l_returnflag|=|R
NOTICE:  policy_eval: atom y31 = const:lineitem.l_returnflag|in|A,R
NOTICE:  policy_eval: atom y32 = const:lineitem.l_shipinstruct|=|DELIVER IN PERSON
NOTICE:  policy_eval: atom y33 = const:lineitem.l_shipmode|in|AIR,REG AIR
NOTICE:  policy_eval: atom y34 = const:lineitem.l_shipmode|in|MAIL,SHIP
NOTICE:  policy_eval: atom y35 = const:lineitem.l_shipmode|in|RAIL,TRUCK
NOTICE:  policy_eval: atom y36 = const:lineitem.l_tax|<=|0.07
NOTICE:  policy_eval: atom y37 = const:nation.n_name|in|BRAZIL,CANADA
NOTICE:  policy_eval: atom y38 = const:nation.n_name|in|FRANCE,GERMANY
NOTICE:  policy_eval: atom y39 = const:orders.o_orderpriority|in|1-URGENT,2-HIGH
NOTICE:  policy_eval: atom y40 = const:orders.o_orderstatus|=|F
NOTICE:  policy_eval: atom y41 = const:orders.o_orderstatus|in|F,O
NOTICE:  policy_eval: atom y42 = const:region.r_name|=|ASIA
NOTICE:  policy_eval: atom y43 = const:region.r_name|=|EUROPE
NOTICE:  policy_eval: atom y44 = join:customer.c_custkey=orders.o_custkey
NOTICE:  policy_eval: atom y45 = join:customer.c_nationkey=nation.n_nationkey
NOTICE:  policy_eval: atom y46 = join:lineitem.l_orderkey=orders.o_orderkey
NOTICE:  policy_eval: atom y47 = join:nation.n_regionkey=region.r_regionkey
NOTICE:  policy_eval: combined_ast target=customer ast=(y7 or y8) and y4 and (y9 or y10) and y13 and (y3 and y1 or y15) and y12 and (y16 or y17) and (y11 or y10) and y2 and (y7 and y4 or y9 and y6 or y8 and y5) and y14
NOTICE:  policy_eval: combined_ast target=lineitem ast=(y30 or y24) and y32 and (y34 or y35) and (y21 and y18 and y27 or y22 and y20 and y25) and y32 and (y30 or y29) and (y36 or y18) and y23 and (y33 and y26 and y18 and y24 or y34 and y28 and y19 and y30) and y23 and y46 and (y40 or y39) and (y34 and y32 or y35 and y31)
NOTICE:  policy_eval: combined_ast target=orders ast=y44 and (y7 or y10) and y44 and (y40 and y4 or y39 and y8) and y44 and y45 and (y38 or y37) and y4 and y44 and y45 and y47 and (y43 or y42) and y41
NOTICE:  policy_eval: closure_count=5
NOTICE:  policy_eval: target=lineitem tokens=LPAREN:( IDENT:l_returnflag OP:= STRING:'R' RPAREN:) OR:or LPAREN:( IDENT:l_linestatus OP:= STRING:'F' RPAREN:)
NOTICE:  policy_eval: target=lineitem tokens=LPAREN:( IDENT:l_shipinstruct OP:= STRING:'DELIVER IN PERSON' RPAREN:) AND:and LPAREN:( LPAREN:( IDENT:l_shipmode OP:in LPAREN:( STRING:'MAIL' COMMA:, STRING:'SHIP' RPAREN:) RPAREN:) OR:or LPAREN:( IDENT:l_shipmode OP:in LPAREN:( STRING:'TRUCK' COMMA:, STRING:'RAIL' RPAREN:) RPAREN:) RPAREN:)
NOTICE:  policy_eval: target=lineitem tokens=LPAREN:( LPAREN:( IDENT:l_discount OP:>= NUMBER:0.02 AND:and IDENT:l_discount OP:<= NUMBER:0.05 AND:and IDENT:l_quantity OP:<= NUMBER:25 RPAREN:) OR:or LPAREN:( IDENT:l_discount OP:>= NUMBER:0.06 AND:and IDENT:l_discount OP:<= NUMBER:0.08 AND:and IDENT:l_quantity OP:<= NUMBER:10 RPAREN:) RPAREN:)
NOTICE:  policy_eval: target=lineitem tokens=LPAREN:( IDENT:l_shipinstruct OP:= STRING:'DELIVER IN PERSON' RPAREN:) AND:and LPAREN:( LPAREN:( IDENT:l_returnflag OP:= STRING:'R' RPAREN:) OR:or LPAREN:( IDENT:l_returnflag OP:= STRING:'A' RPAREN:) RPAREN:) AND:and LPAREN:( LPAREN:( IDENT:l_tax OP:<= NUMBER:0.07 RPAREN:) OR:or LPAREN:( IDENT:l_discount OP:<= NUMBER:0.05 RPAREN:) RPAREN:) AND:and LPAREN:( IDENT:l_extendedprice OP:> NUMBER:0 RPAREN:)
NOTICE:  policy_eval: target=lineitem tokens=LPAREN:( LPAREN:( IDENT:l_shipmode OP:in LPAREN:( STRING:'AIR' COMMA:, STRING:'REG AIR' RPAREN:) AND:and IDENT:l_quantity OP:<= NUMBER:15 AND:and IDENT:l_discount OP:<= NUMBER:0.05 AND:and IDENT:l_linestatus OP:= STRING:'F' RPAREN:) OR:or LPAREN:( IDENT:l_shipmode OP:in LPAREN:( STRING:'MAIL' COMMA:, STRING:'SHIP' RPAREN:) AND:and IDENT:l_quantity OP:<= NUMBER:30 AND:and IDENT:l_discount OP:<= NUMBER:0.07 AND:and IDENT:l_returnflag OP:= STRING:'R' RPAREN:) RPAREN:) AND:and LPAREN:( IDENT:l_extendedprice OP:> NUMBER:0 RPAREN:)
NOTICE:  policy_eval: target=customer tokens=LPAREN:( IDENT:c_mktsegment OP:= STRING:'AUTOMOBILE' RPAREN:) OR:or LPAREN:( IDENT:c_mktsegment OP:= STRING:'BUILDING' RPAREN:)
NOTICE:  policy_eval: target=customer tokens=LPAREN:( IDENT:c_acctbal OP:> NUMBER:0 RPAREN:) AND:and LPAREN:( LPAREN:( IDENT:c_mktsegment OP:= STRING:'FURNITURE' RPAREN:) OR:or LPAREN:( IDENT:c_mktsegment OP:= STRING:'HOUSEHOLD' RPAREN:) RPAREN:) AND:and LPAREN:( IDENT:c_nationkey OP:< NUMBER:10 RPAREN:)
NOTICE:  policy_eval: target=customer tokens=LPAREN:( LPAREN:( IDENT:c_acctbal OP:>= NUMBER:500 AND:and IDENT:c_acctbal OP:<= NUMBER:7000 RPAREN:) OR:or LPAREN:( IDENT:c_phone OP:like STRING:'1%' RPAREN:) RPAREN:)
NOTICE:  policy_eval: target=customer tokens=LPAREN:( IDENT:c_name OP:like STRING:'Customer%' RPAREN:) AND:and LPAREN:( LPAREN:( IDENT:c_phone OP:like STRING:'2%' RPAREN:) OR:or LPAREN:( IDENT:c_phone OP:like STRING:'3%' RPAREN:) RPAREN:) AND:and LPAREN:( LPAREN:( IDENT:c_mktsegment OP:= STRING:'MACHINERY' RPAREN:) OR:or LPAREN:( IDENT:c_mktsegment OP:= STRING:'HOUSEHOLD' RPAREN:) RPAREN:) AND:and LPAREN:( IDENT:c_acctbal OP:< NUMBER:9000 RPAREN:)
NOTICE:  policy_eval: target=customer tokens=LPAREN:( LPAREN:( IDENT:c_mktsegment OP:= STRING:'AUTOMOBILE' AND:and IDENT:c_acctbal OP:> NUMBER:0 RPAREN:) OR:or LPAREN:( IDENT:c_mktsegment OP:= STRING:'FURNITURE' AND:and IDENT:c_acctbal OP:> NUMBER:500 RPAREN:) OR:or LPAREN:( IDENT:c_mktsegment OP:= STRING:'BUILDING' AND:and IDENT:c_acctbal OP:> NUMBER:1000 RPAREN:) RPAREN:) AND:and LPAREN:( IDENT:c_nationkey OP:in LPAREN:( NUMBER:1 COMMA:, NUMBER:3 COMMA:, NUMBER:5 COMMA:, NUMBER:7 RPAREN:) RPAREN:)
NOTICE:  policy_eval: target=orders tokens=IDENT:orders.o_custkey OP:= IDENT:customer.c_custkey AND:and LPAREN:( IDENT:customer.c_mktsegment OP:= STRING:'AUTOMOBILE' OR:or IDENT:customer.c_mktsegment OP:= STRING:'HOUSEHOLD' RPAREN:)
NOTICE:  policy_eval: target=orders tokens=IDENT:orders.o_custkey OP:= IDENT:customer.c_custkey AND:and LPAREN:( LPAREN:( IDENT:orders.o_orderstatus OP:= STRING:'F' AND:and IDENT:customer.c_acctbal OP:> NUMBER:0 RPAREN:) OR:or LPAREN:( IDENT:orders.o_orderpriority OP:in LPAREN:( STRING:'1-URGENT' COMMA:, STRING:'2-HIGH' RPAREN:) AND:and IDENT:customer.c_mktsegment OP:= STRING:'BUILDING' RPAREN:) RPAREN:)
NOTICE:  policy_eval: target=orders tokens=IDENT:orders.o_custkey OP:= IDENT:customer.c_custkey AND:and IDENT:customer.c_nationkey OP:= IDENT:nation.n_nationkey AND:and LPAREN:( IDENT:nation.n_name OP:in LPAREN:( STRING:'GERMANY' COMMA:, STRING:'FRANCE' RPAREN:) OR:or IDENT:nation.n_name OP:in LPAREN:( STRING:'BRAZIL' COMMA:, STRING:'CANADA' RPAREN:) RPAREN:) AND:and IDENT:customer.c_acctbal OP:> NUMBER:0
NOTICE:  policy_eval: target=orders tokens=IDENT:orders.o_custkey OP:= IDENT:customer.c_custkey AND:and IDENT:customer.c_nationkey OP:= IDENT:nation.n_nationkey AND:and IDENT:nation.n_regionkey OP:= IDENT:region.r_regionkey AND:and LPAREN:( IDENT:region.r_name OP:= STRING:'EUROPE' OR:or IDENT:region.r_name OP:= STRING:'ASIA' RPAREN:) AND:and IDENT:orders.o_orderstatus OP:in LPAREN:( STRING:'O' COMMA:, STRING:'F' RPAREN:)
NOTICE:  policy_eval: target=lineitem tokens=IDENT:lineitem.l_orderkey OP:= IDENT:orders.o_orderkey AND:and LPAREN:( IDENT:orders.o_orderstatus OP:= STRING:'F' OR:or IDENT:orders.o_orderpriority OP:in LPAREN:( STRING:'1-URGENT' COMMA:, STRING:'2-HIGH' RPAREN:) RPAREN:) AND:and LPAREN:( LPAREN:( IDENT:lineitem.l_shipmode OP:in LPAREN:( STRING:'MAIL' COMMA:, STRING:'SHIP' RPAREN:) AND:and IDENT:lineitem.l_shipinstruct OP:= STRING:'DELIVER IN PERSON' RPAREN:) OR:or LPAREN:( IDENT:lineitem.l_shipmode OP:in LPAREN:( STRING:'TRUCK' COMMA:, STRING:'RAIL' RPAREN:) AND:and IDENT:lineitem.l_returnflag OP:in LPAREN:( STRING:'R' COMMA:, STRING:'A' RPAREN:) RPAREN:) RPAREN:)
NOTICE:  policy_eval: target=customer join_classes=[]
NOTICE:  policy_eval: target=lineitem join_classes=[2]
NOTICE:  policy_eval: target=orders join_classes=[0, 1, 3]
NOTICE:  policy_eval: policy[1] target=lineitem expr=(l_returnflag = 'R') OR (l_linestatus = 'F') ast=y30 or y24
NOTICE:  policy_eval: policy[2] target=lineitem expr=(l_shipinstruct = 'DELIVER IN PERSON') AND ((l_shipmode IN ('MAIL','SHIP')) OR (l_shipmode IN ('TRUCK','RAIL'))) ast=y32 and (y34 or y35)
NOTICE:  policy_eval: policy[3] target=lineitem expr=((l_discount >= 0.02 AND l_discount <= 0.05 AND l_quantity <= 25) OR (l_discount >= 0.06 AND l_discount <= 0.08 AND l_quantity <= 10)) ast=y21 and y18 and y27 or y22 and y20 and y25
NOTICE:  policy_eval: policy[4] target=lineitem expr=(l_shipinstruct = 'DELIVER IN PERSON') AND ((l_returnflag = 'R') OR (l_returnflag = 'A')) AND ((l_tax <= 0.07) OR (l_discount <= 0.05)) AND (l_extendedprice > 0) ast=y32 and (y30 or y29) and (y36 or y18) and y23
NOTICE:  policy_eval: policy[5] target=lineitem expr=((l_shipmode IN ('AIR','REG AIR') AND l_quantity <= 15 AND l_discount <= 0.05 AND l_linestatus = 'F') OR (l_shipmode IN ('MAIL','SHIP') AND l_quantity <= 30 AND l_discount <= 0.07 AND l_returnflag = 'R')) AND (l_extendedprice > 0) ast=(y33 and y26 and y18 and y24 or y34 and y28 and y19 and y30) and y23
NOTICE:  policy_eval: policy[6] target=customer expr=(c_mktsegment = 'AUTOMOBILE') OR (c_mktsegment = 'BUILDING') ast=y7 or y8
NOTICE:  policy_eval: policy[7] target=customer expr=(c_acctbal > 0) AND ((c_mktsegment = 'FURNITURE') OR (c_mktsegment = 'HOUSEHOLD')) AND (c_nationkey < 10) ast=y4 and (y9 or y10) and y13
NOTICE:  policy_eval: policy[8] target=customer expr=((c_acctbal >= 500 AND c_acctbal <= 7000) OR (c_phone LIKE '1%')) ast=y3 and y1 or y15
NOTICE:  policy_eval: policy[9] target=customer expr=(c_name LIKE 'Customer%') AND ((c_phone LIKE '2%') OR (c_phone LIKE '3%')) AND ((c_mktsegment = 'MACHINERY') OR (c_mktsegment = 'HOUSEHOLD')) AND (c_acctbal < 9000) ast=y12 and (y16 or y17) and (y11 or y10) and y2
NOTICE:  policy_eval: policy[10] target=customer expr=((c_mktsegment = 'AUTOMOBILE' AND c_acctbal > 0) OR (c_mktsegment = 'FURNITURE' AND c_acctbal > 500) OR (c_mktsegment = 'BUILDING' AND c_acctbal > 1000)) AND (c_nationkey IN (1,3,5,7)) ast=(y7 and y4 or y9 and y6 or y8 and y5) and y14
NOTICE:  policy_eval: policy[11] target=orders expr=orders.o_custkey = customer.c_custkey AND (customer.c_mktsegment = 'AUTOMOBILE' OR customer.c_mktsegment = 'HOUSEHOLD') ast=y44 and (y7 or y10)
NOTICE:  policy_eval: policy[12] target=orders expr=orders.o_custkey = customer.c_custkey AND ((orders.o_orderstatus = 'F' AND customer.c_acctbal > 0) OR (orders.o_orderpriority IN ('1-URGENT','2-HIGH') AND customer.c_mktsegment = 'BUILDING')) ast=y44 and (y40 and y4 or y39 and y8)
NOTICE:  policy_eval: policy[13] target=orders expr=orders.o_custkey = customer.c_custkey AND customer.c_nationkey = nation.n_nationkey AND (nation.n_name IN ('GERMANY','FRANCE') OR nation.n_name IN ('BRAZIL','CANADA')) AND customer.c_acctbal > 0 ast=y44 and y45 and (y38 or y37) and y4
NOTICE:  policy_eval: policy[14] target=orders expr=orders.o_custkey = customer.c_custkey AND customer.c_nationkey = nation.n_nationkey AND nation.n_regionkey = region.r_regionkey AND (region.r_name = 'EUROPE' OR region.r_name = 'ASIA') AND orders.o_orderstatus IN ('O','F') ast=y44 and y45 and y47 and (y43 or y42) and y41
NOTICE:  policy_eval: policy[15] target=lineitem expr=lineitem.l_orderkey = orders.o_orderkey AND (orders.o_orderstatus = 'F' OR orders.o_orderpriority IN ('1-URGENT','2-HIGH')) AND ((lineitem.l_shipmode IN ('MAIL','SHIP') AND lineitem.l_shipinstruct = 'DELIVER IN PERSON') OR (lineitem.l_shipmode IN ('TRUCK','RAIL') AND lineitem.l_returnflag IN ('R','A'))) ast=y46 and (y40 or y39) and (y34 and y32 or y35 and y31)
NOTICE:  policy_eval: atom y1 = const:customer.c_acctbal|<=|7000
NOTICE:  policy_eval: atom y2 = const:customer.c_acctbal|<|9000
NOTICE:  policy_eval: atom y3 = const:customer.c_acctbal|>=|500
NOTICE:  policy_eval: atom y4 = const:customer.c_acctbal|>|0
NOTICE:  policy_eval: atom y5 = const:customer.c_acctbal|>|1000
NOTICE:  policy_eval: atom y6 = const:customer.c_acctbal|>|500
NOTICE:  policy_eval: atom y7 = const:customer.c_mktsegment|=|AUTOMOBILE
NOTICE:  policy_eval: atom y8 = const:customer.c_mktsegment|=|BUILDING
NOTICE:  policy_eval: atom y9 = const:customer.c_mktsegment|=|FURNITURE
NOTICE:  policy_eval: atom y10 = const:customer.c_mktsegment|=|HOUSEHOLD
NOTICE:  policy_eval: atom y11 = const:customer.c_mktsegment|=|MACHINERY
NOTICE:  policy_eval: atom y12 = const:customer.c_name|like|Customer%
NOTICE:  policy_eval: atom y13 = const:customer.c_nationkey|<|10
NOTICE:  policy_eval: atom y14 = const:customer.c_nationkey|in|1,3,5,7
NOTICE:  policy_eval: atom y15 = const:customer.c_phone|like|1%
NOTICE:  policy_eval: atom y16 = const:customer.c_phone|like|2%
NOTICE:  policy_eval: atom y17 = const:customer.c_phone|like|3%
NOTICE:  policy_eval: atom y18 = const:lineitem.l_discount|<=|0.05
NOTICE:  policy_eval: atom y19 = const:lineitem.l_discount|<=|0.07
NOTICE:  policy_eval: atom y20 = const:lineitem.l_discount|<=|0.08
NOTICE:  policy_eval: atom y21 = const:lineitem.l_discount|>=|0.02
NOTICE:  policy_eval: atom y22 = const:lineitem.l_discount|>=|0.06
NOTICE:  policy_eval: atom y23 = const:lineitem.l_extendedprice|>|0
NOTICE:  policy_eval: atom y24 = const:lineitem.l_linestatus|=|F
NOTICE:  policy_eval: atom y25 = const:lineitem.l_quantity|<=|10
NOTICE:  policy_eval: atom y26 = const:lineitem.l_quantity|<=|15
NOTICE:  policy_eval: atom y27 = const:lineitem.l_quantity|<=|25
NOTICE:  policy_eval: atom y28 = const:lineitem.l_quantity|<=|30
NOTICE:  policy_eval: atom y29 = const:lineitem.l_returnflag|=|A
NOTICE:  policy_eval: atom y30 = const:lineitem.l_returnflag|=|R
NOTICE:  policy_eval: atom y31 = const:lineitem.l_returnflag|in|A,R
NOTICE:  policy_eval: atom y32 = const:lineitem.l_shipinstruct|=|DELIVER IN PERSON
NOTICE:  policy_eval: atom y33 = const:lineitem.l_shipmode|in|AIR,REG AIR
NOTICE:  policy_eval: atom y34 = const:lineitem.l_shipmode|in|MAIL,SHIP
NOTICE:  policy_eval: atom y35 = const:lineitem.l_shipmode|in|RAIL,TRUCK
NOTICE:  policy_eval: atom y36 = const:lineitem.l_tax|<=|0.07
NOTICE:  policy_eval: atom y37 = const:nation.n_name|in|BRAZIL,CANADA
NOTICE:  policy_eval: atom y38 = const:nation.n_name|in|FRANCE,GERMANY
NOTICE:  policy_eval: atom y39 = const:orders.o_orderpriority|in|1-URGENT,2-HIGH
NOTICE:  policy_eval: atom y40 = const:orders.o_orderstatus|=|F
NOTICE:  policy_eval: atom y41 = const:orders.o_orderstatus|in|F,O
NOTICE:  policy_eval: atom y42 = const:region.r_name|=|ASIA
NOTICE:  policy_eval: atom y43 = const:region.r_name|=|EUROPE
NOTICE:  policy_eval: atom y44 = join:customer.c_custkey=orders.o_custkey
NOTICE:  policy_eval: atom y45 = join:customer.c_nationkey=nation.n_nationkey
NOTICE:  policy_eval: atom y46 = join:lineitem.l_orderkey=orders.o_orderkey
NOTICE:  policy_eval: atom y47 = join:nation.n_regionkey=region.r_regionkey
NOTICE:  policy_eval: combined_ast target=customer ast=(y7 or y8) and y4 and (y9 or y10) and y13 and (y3 and y1 or y15) and y12 and (y16 or y17) and (y11 or y10) and y2 and (y7 and y4 or y9 and y6 or y8 and y5) and y14
NOTICE:  policy_eval: combined_ast target=lineitem ast=(y30 or y24) and y32 and (y34 or y35) and (y21 and y18 and y27 or y22 and y20 and y25) and y32 and (y30 or y29) and (y36 or y18) and y23 and (y33 and y26 and y18 and y24 or y34 and y28 and y19 and y30) and y23 and y46 and (y40 or y39) and (y34 and y32 or y35 and y31)
NOTICE:  policy_eval: combined_ast target=orders ast=y44 and (y7 or y10) and y44 and (y40 and y4 or y39 and y8) and y44 and y45 and (y38 or y37) and y4 and y44 and y45 and y47 and (y43 or y42) and y41
NOTICE:  policy_eval: closure_count=5
NOTICE:  custom_filter: wrap rel=lineitem oid=74200 paths=1
NOTICE:  policy_contract: policy_path=/home/ng_lab/z3/tmp_policy_k15.txt size=2512
NOTICE:  policy_contract: policy_path=/home/ng_lab/z3/tmp_policy_k15.txt md5=159133882c5e806e855bf152711fc2b1
NOTICE:  policy_eval: target=lineitem tokens=LPAREN:( IDENT:l_returnflag OP:= STRING:'R' RPAREN:) OR:or LPAREN:( IDENT:l_linestatus OP:= STRING:'F' RPAREN:)
NOTICE:  policy_eval: target=lineitem tokens=LPAREN:( IDENT:l_shipinstruct OP:= STRING:'DELIVER IN PERSON' RPAREN:) AND:and LPAREN:( LPAREN:( IDENT:l_shipmode OP:in LPAREN:( STRING:'MAIL' COMMA:, STRING:'SHIP' RPAREN:) RPAREN:) OR:or LPAREN:( IDENT:l_shipmode OP:in LPAREN:( STRING:'TRUCK' COMMA:, STRING:'RAIL' RPAREN:) RPAREN:) RPAREN:)
NOTICE:  policy_eval: target=lineitem tokens=LPAREN:( LPAREN:( IDENT:l_discount OP:>= NUMBER:0.02 AND:and IDENT:l_discount OP:<= NUMBER:0.05 AND:and IDENT:l_quantity OP:<= NUMBER:25 RPAREN:) OR:or LPAREN:( IDENT:l_discount OP:>= NUMBER:0.06 AND:and IDENT:l_discount OP:<= NUMBER:0.08 AND:and IDENT:l_quantity OP:<= NUMBER:10 RPAREN:) RPAREN:)
NOTICE:  policy_eval: target=lineitem tokens=LPAREN:( IDENT:l_shipinstruct OP:= STRING:'DELIVER IN PERSON' RPAREN:) AND:and LPAREN:( LPAREN:( IDENT:l_returnflag OP:= STRING:'R' RPAREN:) OR:or LPAREN:( IDENT:l_returnflag OP:= STRING:'A' RPAREN:) RPAREN:) AND:and LPAREN:( LPAREN:( IDENT:l_tax OP:<= NUMBER:0.07 RPAREN:) OR:or LPAREN:( IDENT:l_discount OP:<= NUMBER:0.05 RPAREN:) RPAREN:) AND:and LPAREN:( IDENT:l_extendedprice OP:> NUMBER:0 RPAREN:)
NOTICE:  policy_eval: target=lineitem tokens=LPAREN:( LPAREN:( IDENT:l_shipmode OP:in LPAREN:( STRING:'AIR' COMMA:, STRING:'REG AIR' RPAREN:) AND:and IDENT:l_quantity OP:<= NUMBER:15 AND:and IDENT:l_discount OP:<= NUMBER:0.05 AND:and IDENT:l_linestatus OP:= STRING:'F' RPAREN:) OR:or LPAREN:( IDENT:l_shipmode OP:in LPAREN:( STRING:'MAIL' COMMA:, STRING:'SHIP' RPAREN:) AND:and IDENT:l_quantity OP:<= NUMBER:30 AND:and IDENT:l_discount OP:<= NUMBER:0.07 AND:and IDENT:l_returnflag OP:= STRING:'R' RPAREN:) RPAREN:) AND:and LPAREN:( IDENT:l_extendedprice OP:> NUMBER:0 RPAREN:)
NOTICE:  policy_eval: target=customer tokens=LPAREN:( IDENT:c_mktsegment OP:= STRING:'AUTOMOBILE' RPAREN:) OR:or LPAREN:( IDENT:c_mktsegment OP:= STRING:'BUILDING' RPAREN:)
NOTICE:  policy_eval: target=customer tokens=LPAREN:( IDENT:c_acctbal OP:> NUMBER:0 RPAREN:) AND:and LPAREN:( LPAREN:( IDENT:c_mktsegment OP:= STRING:'FURNITURE' RPAREN:) OR:or LPAREN:( IDENT:c_mktsegment OP:= STRING:'HOUSEHOLD' RPAREN:) RPAREN:) AND:and LPAREN:( IDENT:c_nationkey OP:< NUMBER:10 RPAREN:)
NOTICE:  policy_eval: target=customer tokens=LPAREN:( LPAREN:( IDENT:c_acctbal OP:>= NUMBER:500 AND:and IDENT:c_acctbal OP:<= NUMBER:7000 RPAREN:) OR:or LPAREN:( IDENT:c_phone OP:like STRING:'1%' RPAREN:) RPAREN:)
NOTICE:  policy_eval: target=customer tokens=LPAREN:( IDENT:c_name OP:like STRING:'Customer%' RPAREN:) AND:and LPAREN:( LPAREN:( IDENT:c_phone OP:like STRING:'2%' RPAREN:) OR:or LPAREN:( IDENT:c_phone OP:like STRING:'3%' RPAREN:) RPAREN:) AND:and LPAREN:( LPAREN:( IDENT:c_mktsegment OP:= STRING:'MACHINERY' RPAREN:) OR:or LPAREN:( IDENT:c_mktsegment OP:= STRING:'HOUSEHOLD' RPAREN:) RPAREN:) AND:and LPAREN:( IDENT:c_acctbal OP:< NUMBER:9000 RPAREN:)
NOTICE:  policy_eval: target=customer tokens=LPAREN:( LPAREN:( IDENT:c_mktsegment OP:= STRING:'AUTOMOBILE' AND:and IDENT:c_acctbal OP:> NUMBER:0 RPAREN:) OR:or LPAREN:( IDENT:c_mktsegment OP:= STRING:'FURNITURE' AND:and IDENT:c_acctbal OP:> NUMBER:500 RPAREN:) OR:or LPAREN:( IDENT:c_mktsegment OP:= STRING:'BUILDING' AND:and IDENT:c_acctbal OP:> NUMBER:1000 RPAREN:) RPAREN:) AND:and LPAREN:( IDENT:c_nationkey OP:in LPAREN:( NUMBER:1 COMMA:, NUMBER:3 COMMA:, NUMBER:5 COMMA:, NUMBER:7 RPAREN:) RPAREN:)
NOTICE:  policy_eval: target=orders tokens=IDENT:orders.o_custkey OP:= IDENT:customer.c_custkey AND:and LPAREN:( IDENT:customer.c_mktsegment OP:= STRING:'AUTOMOBILE' OR:or IDENT:customer.c_mktsegment OP:= STRING:'HOUSEHOLD' RPAREN:)
NOTICE:  policy_eval: target=orders tokens=IDENT:orders.o_custkey OP:= IDENT:customer.c_custkey AND:and LPAREN:( LPAREN:( IDENT:orders.o_orderstatus OP:= STRING:'F' AND:and IDENT:customer.c_acctbal OP:> NUMBER:0 RPAREN:) OR:or LPAREN:( IDENT:orders.o_orderpriority OP:in LPAREN:( STRING:'1-URGENT' COMMA:, STRING:'2-HIGH' RPAREN:) AND:and IDENT:customer.c_mktsegment OP:= STRING:'BUILDING' RPAREN:) RPAREN:)
NOTICE:  policy_eval: target=orders tokens=IDENT:orders.o_custkey OP:= IDENT:customer.c_custkey AND:and IDENT:customer.c_nationkey OP:= IDENT:nation.n_nationkey AND:and LPAREN:( IDENT:nation.n_name OP:in LPAREN:( STRING:'GERMANY' COMMA:, STRING:'FRANCE' RPAREN:) OR:or IDENT:nation.n_name OP:in LPAREN:( STRING:'BRAZIL' COMMA:, STRING:'CANADA' RPAREN:) RPAREN:) AND:and IDENT:customer.c_acctbal OP:> NUMBER:0
NOTICE:  policy_eval: target=orders tokens=IDENT:orders.o_custkey OP:= IDENT:customer.c_custkey AND:and IDENT:customer.c_nationkey OP:= IDENT:nation.n_nationkey AND:and IDENT:nation.n_regionkey OP:= IDENT:region.r_regionkey AND:and LPAREN:( IDENT:region.r_name OP:= STRING:'EUROPE' OR:or IDENT:region.r_name OP:= STRING:'ASIA' RPAREN:) AND:and IDENT:orders.o_orderstatus OP:in LPAREN:( STRING:'O' COMMA:, STRING:'F' RPAREN:)
NOTICE:  policy_eval: target=lineitem tokens=IDENT:lineitem.l_orderkey OP:= IDENT:orders.o_orderkey AND:and LPAREN:( IDENT:orders.o_orderstatus OP:= STRING:'F' OR:or IDENT:orders.o_orderpriority OP:in LPAREN:( STRING:'1-URGENT' COMMA:, STRING:'2-HIGH' RPAREN:) RPAREN:) AND:and LPAREN:( LPAREN:( IDENT:lineitem.l_shipmode OP:in LPAREN:( STRING:'MAIL' COMMA:, STRING:'SHIP' RPAREN:) AND:and IDENT:lineitem.l_shipinstruct OP:= STRING:'DELIVER IN PERSON' RPAREN:) OR:or LPAREN:( IDENT:lineitem.l_shipmode OP:in LPAREN:( STRING:'TRUCK' COMMA:, STRING:'RAIL' RPAREN:) AND:and IDENT:lineitem.l_returnflag OP:in LPAREN:( STRING:'R' COMMA:, STRING:'A' RPAREN:) RPAREN:) RPAREN:)
NOTICE:  policy_eval: target=customer join_classes=[]
NOTICE:  policy_eval: target=lineitem join_classes=[2]
NOTICE:  policy_eval: target=orders join_classes=[0, 1, 3]
NOTICE:  policy_eval: policy[1] target=lineitem expr=(l_returnflag = 'R') OR (l_linestatus = 'F') ast=y30 or y24
NOTICE:  policy_eval: policy[2] target=lineitem expr=(l_shipinstruct = 'DELIVER IN PERSON') AND ((l_shipmode IN ('MAIL','SHIP')) OR (l_shipmode IN ('TRUCK','RAIL'))) ast=y32 and (y34 or y35)
NOTICE:  policy_eval: policy[3] target=lineitem expr=((l_discount >= 0.02 AND l_discount <= 0.05 AND l_quantity <= 25) OR (l_discount >= 0.06 AND l_discount <= 0.08 AND l_quantity <= 10)) ast=y21 and y18 and y27 or y22 and y20 and y25
NOTICE:  policy_eval: policy[4] target=lineitem expr=(l_shipinstruct = 'DELIVER IN PERSON') AND ((l_returnflag = 'R') OR (l_returnflag = 'A')) AND ((l_tax <= 0.07) OR (l_discount <= 0.05)) AND (l_extendedprice > 0) ast=y32 and (y30 or y29) and (y36 or y18) and y23
NOTICE:  policy_eval: policy[5] target=lineitem expr=((l_shipmode IN ('AIR','REG AIR') AND l_quantity <= 15 AND l_discount <= 0.05 AND l_linestatus = 'F') OR (l_shipmode IN ('MAIL','SHIP') AND l_quantity <= 30 AND l_discount <= 0.07 AND l_returnflag = 'R')) AND (l_extendedprice > 0) ast=(y33 and y26 and y18 and y24 or y34 and y28 and y19 and y30) and y23
NOTICE:  policy_eval: policy[6] target=customer expr=(c_mktsegment = 'AUTOMOBILE') OR (c_mktsegment = 'BUILDING') ast=y7 or y8
NOTICE:  policy_eval: policy[7] target=customer expr=(c_acctbal > 0) AND ((c_mktsegment = 'FURNITURE') OR (c_mktsegment = 'HOUSEHOLD')) AND (c_nationkey < 10) ast=y4 and (y9 or y10) and y13
NOTICE:  policy_eval: policy[8] target=customer expr=((c_acctbal >= 500 AND c_acctbal <= 7000) OR (c_phone LIKE '1%')) ast=y3 and y1 or y15
NOTICE:  policy_eval: policy[9] target=customer expr=(c_name LIKE 'Customer%') AND ((c_phone LIKE '2%') OR (c_phone LIKE '3%')) AND ((c_mktsegment = 'MACHINERY') OR (c_mktsegment = 'HOUSEHOLD')) AND (c_acctbal < 9000) ast=y12 and (y16 or y17) and (y11 or y10) and y2
NOTICE:  policy_eval: policy[10] target=customer expr=((c_mktsegment = 'AUTOMOBILE' AND c_acctbal > 0) OR (c_mktsegment = 'FURNITURE' AND c_acctbal > 500) OR (c_mktsegment = 'BUILDING' AND c_acctbal > 1000)) AND (c_nationkey IN (1,3,5,7)) ast=(y7 and y4 or y9 and y6 or y8 and y5) and y14
NOTICE:  policy_eval: policy[11] target=orders expr=orders.o_custkey = customer.c_custkey AND (customer.c_mktsegment = 'AUTOMOBILE' OR customer.c_mktsegment = 'HOUSEHOLD') ast=y44 and (y7 or y10)
NOTICE:  policy_eval: policy[12] target=orders expr=orders.o_custkey = customer.c_custkey AND ((orders.o_orderstatus = 'F' AND customer.c_acctbal > 0) OR (orders.o_orderpriority IN ('1-URGENT','2-HIGH') AND customer.c_mktsegment = 'BUILDING')) ast=y44 and (y40 and y4 or y39 and y8)
NOTICE:  policy_eval: policy[13] target=orders expr=orders.o_custkey = customer.c_custkey AND customer.c_nationkey = nation.n_nationkey AND (nation.n_name IN ('GERMANY','FRANCE') OR nation.n_name IN ('BRAZIL','CANADA')) AND customer.c_acctbal > 0 ast=y44 and y45 and (y38 or y37) and y4
NOTICE:  policy_eval: policy[14] target=orders expr=orders.o_custkey = customer.c_custkey AND customer.c_nationkey = nation.n_nationkey AND nation.n_regionkey = region.r_regionkey AND (region.r_name = 'EUROPE' OR region.r_name = 'ASIA') AND orders.o_orderstatus IN ('O','F') ast=y44 and y45 and y47 and (y43 or y42) and y41
NOTICE:  policy_eval: policy[15] target=lineitem expr=lineitem.l_orderkey = orders.o_orderkey AND (orders.o_orderstatus = 'F' OR orders.o_orderpriority IN ('1-URGENT','2-HIGH')) AND ((lineitem.l_shipmode IN ('MAIL','SHIP') AND lineitem.l_shipinstruct = 'DELIVER IN PERSON') OR (lineitem.l_shipmode IN ('TRUCK','RAIL') AND lineitem.l_returnflag IN ('R','A'))) ast=y46 and (y40 or y39) and (y34 and y32 or y35 and y31)
NOTICE:  policy_eval: atom y1 = const:customer.c_acctbal|<=|7000
NOTICE:  policy_eval: atom y2 = const:customer.c_acctbal|<|9000
NOTICE:  policy_eval: atom y3 = const:customer.c_acctbal|>=|500
NOTICE:  policy_eval: atom y4 = const:customer.c_acctbal|>|0
NOTICE:  policy_eval: atom y5 = const:customer.c_acctbal|>|1000
NOTICE:  policy_eval: atom y6 = const:customer.c_acctbal|>|500
NOTICE:  policy_eval: atom y7 = const:customer.c_mktsegment|=|AUTOMOBILE
NOTICE:  policy_eval: atom y8 = const:customer.c_mktsegment|=|BUILDING
NOTICE:  policy_eval: atom y9 = const:customer.c_mktsegment|=|FURNITURE
NOTICE:  policy_eval: atom y10 = const:customer.c_mktsegment|=|HOUSEHOLD
NOTICE:  policy_eval: atom y11 = const:customer.c_mktsegment|=|MACHINERY
NOTICE:  policy_eval: atom y12 = const:customer.c_name|like|Customer%
NOTICE:  policy_eval: atom y13 = const:customer.c_nationkey|<|10
NOTICE:  policy_eval: atom y14 = const:customer.c_nationkey|in|1,3,5,7
NOTICE:  policy_eval: atom y15 = const:customer.c_phone|like|1%
NOTICE:  policy_eval: atom y16 = const:customer.c_phone|like|2%
NOTICE:  policy_eval: atom y17 = const:customer.c_phone|like|3%
NOTICE:  policy_eval: atom y18 = const:lineitem.l_discount|<=|0.05
NOTICE:  policy_eval: atom y19 = const:lineitem.l_discount|<=|0.07
NOTICE:  policy_eval: atom y20 = const:lineitem.l_discount|<=|0.08
NOTICE:  policy_eval: atom y21 = const:lineitem.l_discount|>=|0.02
NOTICE:  policy_eval: atom y22 = const:lineitem.l_discount|>=|0.06
NOTICE:  policy_eval: atom y23 = const:lineitem.l_extendedprice|>|0
NOTICE:  policy_eval: atom y24 = const:lineitem.l_linestatus|=|F
NOTICE:  policy_eval: atom y25 = const:lineitem.l_quantity|<=|10
NOTICE:  policy_eval: atom y26 = const:lineitem.l_quantity|<=|15
NOTICE:  policy_eval: atom y27 = const:lineitem.l_quantity|<=|25
NOTICE:  policy_eval: atom y28 = const:lineitem.l_quantity|<=|30
NOTICE:  policy_eval: atom y29 = const:lineitem.l_returnflag|=|A
NOTICE:  policy_eval: atom y30 = const:lineitem.l_returnflag|=|R
NOTICE:  policy_eval: atom y31 = const:lineitem.l_returnflag|in|A,R
NOTICE:  policy_eval: atom y32 = const:lineitem.l_shipinstruct|=|DELIVER IN PERSON
NOTICE:  policy_eval: atom y33 = const:lineitem.l_shipmode|in|AIR,REG AIR
NOTICE:  policy_eval: atom y34 = const:lineitem.l_shipmode|in|MAIL,SHIP
NOTICE:  policy_eval: atom y35 = const:lineitem.l_shipmode|in|RAIL,TRUCK
NOTICE:  policy_eval: atom y36 = const:lineitem.l_tax|<=|0.07
NOTICE:  policy_eval: atom y37 = const:nation.n_name|in|BRAZIL,CANADA
NOTICE:  policy_eval: atom y38 = const:nation.n_name|in|FRANCE,GERMANY
NOTICE:  policy_eval: atom y39 = const:orders.o_orderpriority|in|1-URGENT,2-HIGH
NOTICE:  policy_eval: atom y40 = const:orders.o_orderstatus|=|F
NOTICE:  policy_eval: atom y41 = const:orders.o_orderstatus|in|F,O
NOTICE:  policy_eval: atom y42 = const:region.r_name|=|ASIA
NOTICE:  policy_eval: atom y43 = const:region.r_name|=|EUROPE
NOTICE:  policy_eval: atom y44 = join:customer.c_custkey=orders.o_custkey
NOTICE:  policy_eval: atom y45 = join:customer.c_nationkey=nation.n_nationkey
NOTICE:  policy_eval: atom y46 = join:lineitem.l_orderkey=orders.o_orderkey
NOTICE:  policy_eval: atom y47 = join:nation.n_regionkey=region.r_regionkey
NOTICE:  policy_eval: combined_ast target=customer ast=(y7 or y8) and y4 and (y9 or y10) and y13 and (y3 and y1 or y15) and y12 and (y16 or y17) and (y11 or y10) and y2 and (y7 and y4 or y9 and y6 or y8 and y5) and y14
NOTICE:  policy_eval: combined_ast target=lineitem ast=(y30 or y24) and y32 and (y34 or y35) and (y21 and y18 and y27 or y22 and y20 and y25) and y32 and (y30 or y29) and (y36 or y18) and y23 and (y33 and y26 and y18 and y24 or y34 and y28 and y19 and y30) and y23 and y46 and (y40 or y39) and (y34 and y32 or y35 and y31)
NOTICE:  policy_eval: combined_ast target=orders ast=y44 and (y7 or y10) and y44 and (y40 and y4 or y39 and y8) and y44 and y45 and (y38 or y37) and y4 and y44 and y45 and y47 and (y43 or y42) and y41
NOTICE:  policy_eval: closure_count=5
NOTICE:  custom_filter: needed_files = [customer_code_base, customer_ctid, dict/customer/c_acctbal, dict/customer/c_mktsegment, dict/customer/c_name, dict/customer/c_nationkey, dict/customer/c_phone, dict/lineitem/l_discount, dict/lineitem/l_extendedprice, dict/lineitem/l_linestatus, dict/lineitem/l_quantity, dict/lineitem/l_returnflag, dict/lineitem/l_shipinstruct, dict/lineitem/l_shipmode, dict/lineitem/l_tax, dict/nation/n_name, dict/orders/o_orderpriority, dict/orders/o_orderstatus, dict/region/r_name, lineitem_code_base, lineitem_ctid, meta/cols/customer, meta/cols/lineitem, meta/cols/nation, meta/cols/orders, meta/cols/region, meta/dict_sorted/customer/c_acctbal, meta/dict_sorted/customer/c_mktsegment, meta/dict_sorted/customer/c_name, meta/dict_sorted/customer/c_nationkey, meta/dict_sorted/customer/c_phone, meta/dict_sorted/lineitem/l_discount, meta/dict_sorted/lineitem/l_extendedprice, meta/dict_sorted/lineitem/l_linestatus, meta/dict_sorted/lineitem/l_quantity, meta/dict_sorted/lineitem/l_returnflag, meta/dict_sorted/lineitem/l_shipinstruct, meta/dict_sorted/lineitem/l_shipmode, meta/dict_sorted/lineitem/l_tax, meta/dict_sorted/nation/n_name, meta/dict_sorted/orders/o_orderpriority, meta/dict_sorted/orders/o_orderstatus, meta/dict_sorted/region/r_name, meta/dict_type/customer/c_acctbal, meta/dict_type/customer/c_mktsegment, meta/dict_type/customer/c_name, meta/dict_type/customer/c_nationkey, meta/dict_type/customer/c_phone, meta/dict_type/lineitem/l_discount, meta/dict_type/lineitem/l_extendedprice, meta/dict_type/lineitem/l_linestatus, meta/dict_type/lineitem/l_quantity, meta/dict_type/lineitem/l_returnflag, meta/dict_type/lineitem/l_shipinstruct, meta/dict_type/lineitem/l_shipmode, meta/dict_type/lineitem/l_tax, meta/dict_type/nation/n_name, meta/dict_type/orders/o_orderpriority, meta/dict_type/orders/o_orderstatus, meta/dict_type/region/r_name, meta/join_classes, nation_code_base, nation_ctid, orders_code_base, orders_ctid, region_code_base, region_ctid]
NOTICE:  custom_filter: policy_targets = [customer, lineitem, orders]
NOTICE:  custom_filter: closure_tables = [customer, lineitem, nation, orders, region]
NOTICE:  custom_filter: query_targets = [lineitem]
NOTICE:  custom_filter: scanned_tables = [lineitem]
NOTICE:  custom_filter: table=lineitem filter=on
NOTICE:  custom_filter: target=customer joinclass_count=0 joinclasses=[]
NOTICE:  custom_filter: target=lineitem joinclass_count=1 joinclasses=[2]
NOTICE:  custom_filter: target=orders joinclass_count=3 joinclasses=[0, 1, 3]
NOTICE:  custom_filter: wrapped_tables = [lineitem]
NOTICE:  custom_filter: artifact_load_ms=51.002
NOTICE:  custom_filter: artifact customer_code_base bytes=420000
NOTICE:  custom_filter: artifact customer_ctid bytes=120000
NOTICE:  custom_filter: artifact dict/customer/c_acctbal bytes=162147
NOTICE:  custom_filter: artifact dict/customer/c_mktsegment bytes=65
NOTICE:  custom_filter: artifact dict/customer/c_name bytes=330000
NOTICE:  custom_filter: artifact dict/customer/c_nationkey bytes=140
NOTICE:  custom_filter: artifact dict/customer/c_phone bytes=285000
NOTICE:  custom_filter: artifact dict/lineitem/l_discount bytes=88
NOTICE:  custom_filter: artifact dict/lineitem/l_extendedprice bytes=1551006
NOTICE:  custom_filter: artifact dict/lineitem/l_linestatus bytes=10
NOTICE:  custom_filter: artifact dict/lineitem/l_quantity bytes=441
NOTICE:  custom_filter: artifact dict/lineitem/l_returnflag bytes=15
NOTICE:  custom_filter: artifact dict/lineitem/l_shipinstruct bytes=64
NOTICE:  custom_filter: artifact dict/lineitem/l_shipmode bytes=58
NOTICE:  custom_filter: artifact dict/lineitem/l_tax bytes=72
NOTICE:  custom_filter: artifact dict/nation/n_name bytes=277
NOTICE:  custom_filter: artifact dict/orders/o_orderpriority bytes=62
NOTICE:  custom_filter: artifact dict/orders/o_orderstatus bytes=15
NOTICE:  custom_filter: artifact dict/region/r_name bytes=54
NOTICE:  custom_filter: artifact lineitem_code_base bytes=28827456
NOTICE:  custom_filter: artifact lineitem_ctid bytes=4804576
NOTICE:  custom_filter: artifact meta/cols/customer bytes=114
NOTICE:  custom_filter: artifact meta/cols/lineitem bytes=226
NOTICE:  custom_filter: artifact meta/cols/nation bytes=52
NOTICE:  custom_filter: artifact meta/cols/orders bytes=99
NOTICE:  custom_filter: artifact meta/cols/region bytes=33
NOTICE:  custom_filter: artifact meta/dict_sorted/customer/c_acctbal bytes=1
NOTICE:  custom_filter: artifact meta/dict_sorted/customer/c_mktsegment bytes=1
NOTICE:  custom_filter: artifact meta/dict_sorted/customer/c_name bytes=1
NOTICE:  custom_filter: artifact meta/dict_sorted/customer/c_nationkey bytes=1
NOTICE:  custom_filter: artifact meta/dict_sorted/customer/c_phone bytes=1
NOTICE:  custom_filter: artifact meta/dict_sorted/lineitem/l_discount bytes=1
NOTICE:  custom_filter: artifact meta/dict_sorted/lineitem/l_extendedprice bytes=1
NOTICE:  custom_filter: artifact meta/dict_sorted/lineitem/l_linestatus bytes=1
NOTICE:  custom_filter: artifact meta/dict_sorted/lineitem/l_quantity bytes=1
NOTICE:  custom_filter: artifact meta/dict_sorted/lineitem/l_returnflag bytes=1
NOTICE:  custom_filter: artifact meta/dict_sorted/lineitem/l_shipinstruct bytes=1
NOTICE:  custom_filter: artifact meta/dict_sorted/lineitem/l_shipmode bytes=1
NOTICE:  custom_filter: artifact meta/dict_sorted/lineitem/l_tax bytes=1
NOTICE:  custom_filter: artifact meta/dict_sorted/nation/n_name bytes=1
NOTICE:  custom_filter: artifact meta/dict_sorted/orders/o_orderpriority bytes=1
NOTICE:  custom_filter: artifact meta/dict_sorted/orders/o_orderstatus bytes=1
NOTICE:  custom_filter: artifact meta/dict_sorted/region/r_name bytes=1
NOTICE:  custom_filter: artifact meta/dict_type/customer/c_acctbal bytes=5
NOTICE:  custom_filter: artifact meta/dict_type/customer/c_mktsegment bytes=4
NOTICE:  custom_filter: artifact meta/dict_type/customer/c_name bytes=4
NOTICE:  custom_filter: artifact meta/dict_type/customer/c_nationkey bytes=3
NOTICE:  custom_filter: artifact meta/dict_type/customer/c_phone bytes=4
NOTICE:  custom_filter: artifact meta/dict_type/lineitem/l_discount bytes=5
NOTICE:  custom_filter: artifact meta/dict_type/lineitem/l_extendedprice bytes=5
NOTICE:  custom_filter: artifact meta/dict_type/lineitem/l_linestatus bytes=4
NOTICE:  custom_filter: artifact meta/dict_type/lineitem/l_quantity bytes=5
NOTICE:  custom_filter: artifact meta/dict_type/lineitem/l_returnflag bytes=4
NOTICE:  custom_filter: artifact meta/dict_type/lineitem/l_shipinstruct bytes=4
NOTICE:  custom_filter: artifact meta/dict_type/lineitem/l_shipmode bytes=4
NOTICE:  custom_filter: artifact meta/dict_type/lineitem/l_tax bytes=5
NOTICE:  custom_filter: artifact meta/dict_type/nation/n_name bytes=4
NOTICE:  custom_filter: artifact meta/dict_type/orders/o_orderpriority bytes=4
NOTICE:  custom_filter: artifact meta/dict_type/orders/o_orderstatus bytes=4
NOTICE:  custom_filter: artifact meta/dict_type/region/r_name bytes=4
NOTICE:  custom_filter: artifact meta/join_classes bytes=363
NOTICE:  custom_filter: artifact nation_code_base bytes=400
NOTICE:  custom_filter: artifact nation_ctid bytes=200
NOTICE:  custom_filter: artifact orders_code_base bytes=3600000
NOTICE:  custom_filter: artifact orders_ctid bytes=1200000
NOTICE:  custom_filter: artifact region_code_base bytes=60
NOTICE:  custom_filter: artifact region_ctid bytes=40
NOTICE:  policy_contract: global_atom id=1 kind=2 lhs=const:customer.c_acctbal rhs=<null> op=5 jc=-1 key=const:customer.c_acctbal|<=|7000 vals=[7000]
NOTICE:  policy_contract: global_atom id=2 kind=2 lhs=const:customer.c_acctbal rhs=<null> op=4 jc=-1 key=const:customer.c_acctbal|<|9000 vals=[9000]
NOTICE:  policy_contract: global_atom id=3 kind=2 lhs=const:customer.c_acctbal rhs=<null> op=7 jc=-1 key=const:customer.c_acctbal|>=|500 vals=[500]
NOTICE:  policy_contract: global_atom id=4 kind=2 lhs=const:customer.c_acctbal rhs=<null> op=6 jc=-1 key=const:customer.c_acctbal|>|0 vals=[0]
NOTICE:  policy_contract: global_atom id=5 kind=2 lhs=const:customer.c_acctbal rhs=<null> op=6 jc=-1 key=const:customer.c_acctbal|>|1000 vals=[1000]
NOTICE:  policy_contract: global_atom id=6 kind=2 lhs=const:customer.c_acctbal rhs=<null> op=6 jc=-1 key=const:customer.c_acctbal|>|500 vals=[500]
NOTICE:  policy_contract: global_atom id=7 kind=2 lhs=const:customer.c_mktsegment rhs=<null> op=1 jc=-1 key=const:customer.c_mktsegment|=|AUTOMOBILE vals=[AUTOMOBILE]
NOTICE:  policy_contract: global_atom id=8 kind=2 lhs=const:customer.c_mktsegment rhs=<null> op=1 jc=-1 key=const:customer.c_mktsegment|=|BUILDING vals=[BUILDING]
NOTICE:  policy_contract: global_atom id=9 kind=2 lhs=const:customer.c_mktsegment rhs=<null> op=1 jc=-1 key=const:customer.c_mktsegment|=|FURNITURE vals=[FURNITURE]
NOTICE:  policy_contract: global_atom id=10 kind=2 lhs=const:customer.c_mktsegment rhs=<null> op=1 jc=-1 key=const:customer.c_mktsegment|=|HOUSEHOLD vals=[HOUSEHOLD]
NOTICE:  policy_contract: global_atom id=11 kind=2 lhs=const:customer.c_mktsegment rhs=<null> op=1 jc=-1 key=const:customer.c_mktsegment|=|MACHINERY vals=[MACHINERY]
NOTICE:  policy_contract: global_atom id=12 kind=2 lhs=const:customer.c_name rhs=<null> op=3 jc=-1 key=const:customer.c_name|like|Customer% vals=[Customer%]
NOTICE:  policy_contract: global_atom id=13 kind=2 lhs=const:customer.c_nationkey rhs=<null> op=4 jc=1 key=const:customer.c_nationkey|<|10 vals=[10]
NOTICE:  policy_contract: global_atom id=14 kind=2 lhs=const:customer.c_nationkey rhs=<null> op=2 jc=1 key=const:customer.c_nationkey|in|1,3,5,7 vals=[1,3,5,7]
NOTICE:  policy_contract: global_atom id=15 kind=2 lhs=const:customer.c_phone rhs=<null> op=3 jc=-1 key=const:customer.c_phone|like|1% vals=[1%]
NOTICE:  policy_contract: global_atom id=16 kind=2 lhs=const:customer.c_phone rhs=<null> op=3 jc=-1 key=const:customer.c_phone|like|2% vals=[2%]
NOTICE:  policy_contract: global_atom id=17 kind=2 lhs=const:customer.c_phone rhs=<null> op=3 jc=-1 key=const:customer.c_phone|like|3% vals=[3%]
NOTICE:  policy_contract: global_atom id=18 kind=2 lhs=const:lineitem.l_discount rhs=<null> op=5 jc=-1 key=const:lineitem.l_discount|<=|0.05 vals=[0.05]
NOTICE:  policy_contract: global_atom id=19 kind=2 lhs=const:lineitem.l_discount rhs=<null> op=5 jc=-1 key=const:lineitem.l_discount|<=|0.07 vals=[0.07]
NOTICE:  policy_contract: global_atom id=20 kind=2 lhs=const:lineitem.l_discount rhs=<null> op=5 jc=-1 key=const:lineitem.l_discount|<=|0.08 vals=[0.08]
NOTICE:  policy_contract: global_atom id=21 kind=2 lhs=const:lineitem.l_discount rhs=<null> op=7 jc=-1 key=const:lineitem.l_discount|>=|0.02 vals=[0.02]
NOTICE:  policy_contract: global_atom id=22 kind=2 lhs=const:lineitem.l_discount rhs=<null> op=7 jc=-1 key=const:lineitem.l_discount|>=|0.06 vals=[0.06]
NOTICE:  policy_contract: global_atom id=23 kind=2 lhs=const:lineitem.l_extendedprice rhs=<null> op=6 jc=-1 key=const:lineitem.l_extendedprice|>|0 vals=[0]
NOTICE:  policy_contract: global_atom id=24 kind=2 lhs=const:lineitem.l_linestatus rhs=<null> op=1 jc=-1 key=const:lineitem.l_linestatus|=|F vals=[F]
NOTICE:  policy_contract: global_atom id=25 kind=2 lhs=const:lineitem.l_quantity rhs=<null> op=5 jc=-1 key=const:lineitem.l_quantity|<=|10 vals=[10]
NOTICE:  policy_contract: global_atom id=26 kind=2 lhs=const:lineitem.l_quantity rhs=<null> op=5 jc=-1 key=const:lineitem.l_quantity|<=|15 vals=[15]
NOTICE:  policy_contract: global_atom id=27 kind=2 lhs=const:lineitem.l_quantity rhs=<null> op=5 jc=-1 key=const:lineitem.l_quantity|<=|25 vals=[25]
NOTICE:  policy_contract: global_atom id=28 kind=2 lhs=const:lineitem.l_quantity rhs=<null> op=5 jc=-1 key=const:lineitem.l_quantity|<=|30 vals=[30]
NOTICE:  policy_contract: global_atom id=29 kind=2 lhs=const:lineitem.l_returnflag rhs=<null> op=1 jc=-1 key=const:lineitem.l_returnflag|=|A vals=[A]
NOTICE:  policy_contract: global_atom id=30 kind=2 lhs=const:lineitem.l_returnflag rhs=<null> op=1 jc=-1 key=const:lineitem.l_returnflag|=|R vals=[R]
NOTICE:  policy_contract: global_atom id=31 kind=2 lhs=const:lineitem.l_returnflag rhs=<null> op=2 jc=-1 key=const:lineitem.l_returnflag|in|A,R vals=[A,R]
NOTICE:  policy_contract: global_atom id=32 kind=2 lhs=const:lineitem.l_shipinstruct rhs=<null> op=1 jc=-1 key=const:lineitem.l_shipinstruct|=|DELIVER IN PERSON vals=[DELIVER IN PERSON]
NOTICE:  policy_contract: global_atom id=33 kind=2 lhs=const:lineitem.l_shipmode rhs=<null> op=2 jc=-1 key=const:lineitem.l_shipmode|in|AIR,REG AIR vals=[AIR,REG AIR]
NOTICE:  policy_contract: global_atom id=34 kind=2 lhs=const:lineitem.l_shipmode rhs=<null> op=2 jc=-1 key=const:lineitem.l_shipmode|in|MAIL,SHIP vals=[MAIL,SHIP]
NOTICE:  policy_contract: global_atom id=35 kind=2 lhs=const:lineitem.l_shipmode rhs=<null> op=2 jc=-1 key=const:lineitem.l_shipmode|in|RAIL,TRUCK vals=[RAIL,TRUCK]
NOTICE:  policy_contract: global_atom id=36 kind=2 lhs=const:lineitem.l_tax rhs=<null> op=5 jc=-1 key=const:lineitem.l_tax|<=|0.07 vals=[0.07]
NOTICE:  policy_contract: global_atom id=37 kind=2 lhs=const:nation.n_name rhs=<null> op=2 jc=-1 key=const:nation.n_name|in|BRAZIL,CANADA vals=[BRAZIL,CANADA]
NOTICE:  policy_contract: global_atom id=38 kind=2 lhs=const:nation.n_name rhs=<null> op=2 jc=-1 key=const:nation.n_name|in|FRANCE,GERMANY vals=[FRANCE,GERMANY]
NOTICE:  policy_contract: global_atom id=39 kind=2 lhs=const:orders.o_orderpriority rhs=<null> op=2 jc=-1 key=const:orders.o_orderpriority|in|1-URGENT,2-HIGH vals=[1-URGENT,2-HIGH]
NOTICE:  policy_contract: global_atom id=40 kind=2 lhs=const:orders.o_orderstatus rhs=<null> op=1 jc=-1 key=const:orders.o_orderstatus|=|F vals=[F]
NOTICE:  policy_contract: global_atom id=41 kind=2 lhs=const:orders.o_orderstatus rhs=<null> op=2 jc=-1 key=const:orders.o_orderstatus|in|F,O vals=[F,O]
NOTICE:  policy_contract: global_atom id=42 kind=2 lhs=const:region.r_name rhs=<null> op=1 jc=-1 key=const:region.r_name|=|ASIA vals=[ASIA]
NOTICE:  policy_contract: global_atom id=43 kind=2 lhs=const:region.r_name rhs=<null> op=1 jc=-1 key=const:region.r_name|=|EUROPE vals=[EUROPE]
NOTICE:  policy_contract: global_atom id=44 kind=1 lhs=join:customer.c_custkey class=0 rhs=join:orders.o_custkey class=0 op=0 jc=0 key=join:customer.c_custkey=orders.o_custkey
NOTICE:  policy_contract: global_atom id=45 kind=1 lhs=join:customer.c_nationkey class=1 rhs=join:nation.n_nationkey class=1 op=0 jc=1 key=join:customer.c_nationkey=nation.n_nationkey
NOTICE:  policy_contract: global_atom id=46 kind=1 lhs=join:lineitem.l_orderkey class=2 rhs=join:orders.o_orderkey class=2 op=0 jc=2 key=join:lineitem.l_orderkey=orders.o_orderkey
NOTICE:  policy_contract: global_atom id=47 kind=1 lhs=join:nation.n_regionkey class=3 rhs=join:region.r_regionkey class=3 op=0 jc=3 key=join:nation.n_regionkey=region.r_regionkey
NOTICE:  policy_contract: bundle_atom id=1 kind=2 lhs=const:lineitem.l_linestatus rhs=<null> op=1 jc=-1 key=const:lineitem.l_linestatus|=|F vals=[F]
NOTICE:  policy_contract: bundle_atom id=2 kind=2 lhs=const:lineitem.l_returnflag rhs=<null> op=1 jc=-1 key=const:lineitem.l_returnflag|=|R vals=[R]
NOTICE:  policy_contract: bundle_ast target=lineitem ast=y2 or y1
NOTICE:  policy_contract: bundle_atom_map target=lineitem y1->y24
NOTICE:  policy_contract: bundle_atom_map target=lineitem y2->y30
NOTICE:  policy_contract: bundle_ast_global target=lineitem ast=y30 or y24
NOTICE:  policy_contract: artifact name=customer_code_base bytes=420000
NOTICE:  policy_contract: artifact name=customer_ctid bytes=120000
NOTICE:  policy_contract: artifact name=dict/customer/c_acctbal bytes=162147
NOTICE:  policy_contract: artifact name=dict/customer/c_mktsegment bytes=65
NOTICE:  policy_contract: artifact name=dict/customer/c_name bytes=330000
NOTICE:  policy_contract: artifact name=dict/customer/c_nationkey bytes=140
NOTICE:  policy_contract: artifact name=dict/customer/c_phone bytes=285000
NOTICE:  policy_contract: artifact name=dict/lineitem/l_discount bytes=88
NOTICE:  policy_contract: artifact name=dict/lineitem/l_extendedprice bytes=1551006
NOTICE:  policy_contract: artifact name=dict/lineitem/l_linestatus bytes=10
NOTICE:  policy_contract: artifact name=dict/lineitem/l_quantity bytes=441
NOTICE:  policy_contract: artifact name=dict/lineitem/l_returnflag bytes=15
NOTICE:  policy_contract: artifact name=dict/lineitem/l_shipinstruct bytes=64
NOTICE:  policy_contract: artifact name=dict/lineitem/l_shipmode bytes=58
NOTICE:  policy_contract: artifact name=dict/lineitem/l_tax bytes=72
NOTICE:  policy_contract: artifact name=dict/nation/n_name bytes=277
NOTICE:  policy_contract: artifact name=dict/orders/o_orderpriority bytes=62
NOTICE:  policy_contract: artifact name=dict/orders/o_orderstatus bytes=15
NOTICE:  policy_contract: artifact name=dict/region/r_name bytes=54
NOTICE:  policy_contract: artifact name=lineitem_code_base bytes=28827456
NOTICE:  policy_contract: artifact name=lineitem_ctid bytes=4804576
NOTICE:  policy_contract: artifact name=meta/cols/customer bytes=114
NOTICE:  policy_contract: artifact name=meta/cols/lineitem bytes=226
NOTICE:  policy_contract: artifact name=meta/cols/nation bytes=52
NOTICE:  policy_contract: artifact name=meta/cols/orders bytes=99
NOTICE:  policy_contract: artifact name=meta/cols/region bytes=33
NOTICE:  policy_contract: artifact name=meta/dict_sorted/customer/c_acctbal bytes=1
NOTICE:  policy_contract: artifact name=meta/dict_sorted/customer/c_mktsegment bytes=1
NOTICE:  policy_contract: artifact name=meta/dict_sorted/customer/c_name bytes=1
NOTICE:  policy_contract: artifact name=meta/dict_sorted/customer/c_nationkey bytes=1
NOTICE:  policy_contract: artifact name=meta/dict_sorted/customer/c_phone bytes=1
NOTICE:  policy_contract: artifact name=meta/dict_sorted/lineitem/l_discount bytes=1
NOTICE:  policy_contract: artifact name=meta/dict_sorted/lineitem/l_extendedprice bytes=1
NOTICE:  policy_contract: artifact name=meta/dict_sorted/lineitem/l_linestatus bytes=1
NOTICE:  policy_contract: artifact name=meta/dict_sorted/lineitem/l_quantity bytes=1
NOTICE:  policy_contract: artifact name=meta/dict_sorted/lineitem/l_returnflag bytes=1
NOTICE:  policy_contract: artifact name=meta/dict_sorted/lineitem/l_shipinstruct bytes=1
NOTICE:  policy_contract: artifact name=meta/dict_sorted/lineitem/l_shipmode bytes=1
NOTICE:  policy_contract: artifact name=meta/dict_sorted/lineitem/l_tax bytes=1
NOTICE:  policy_contract: artifact name=meta/dict_sorted/nation/n_name bytes=1
NOTICE:  policy_contract: artifact name=meta/dict_sorted/orders/o_orderpriority bytes=1
NOTICE:  policy_contract: artifact name=meta/dict_sorted/orders/o_orderstatus bytes=1
NOTICE:  policy_contract: artifact name=meta/dict_sorted/region/r_name bytes=1
NOTICE:  policy_contract: artifact name=meta/dict_type/customer/c_acctbal bytes=5
NOTICE:  policy_contract: artifact name=meta/dict_type/customer/c_mktsegment bytes=4
NOTICE:  policy_contract: artifact name=meta/dict_type/customer/c_name bytes=4
NOTICE:  policy_contract: artifact name=meta/dict_type/customer/c_nationkey bytes=3
NOTICE:  policy_contract: artifact name=meta/dict_type/customer/c_phone bytes=4
NOTICE:  policy_contract: artifact name=meta/dict_type/lineitem/l_discount bytes=5
NOTICE:  policy_contract: artifact name=meta/dict_type/lineitem/l_extendedprice bytes=5
NOTICE:  policy_contract: artifact name=meta/dict_type/lineitem/l_linestatus bytes=4
NOTICE:  policy_contract: artifact name=meta/dict_type/lineitem/l_quantity bytes=5
NOTICE:  policy_contract: artifact name=meta/dict_type/lineitem/l_returnflag bytes=4
NOTICE:  policy_contract: artifact name=meta/dict_type/lineitem/l_shipinstruct bytes=4
NOTICE:  policy_contract: artifact name=meta/dict_type/lineitem/l_shipmode bytes=4
NOTICE:  policy_contract: artifact name=meta/dict_type/lineitem/l_tax bytes=5
NOTICE:  policy_contract: artifact name=meta/dict_type/nation/n_name bytes=4
NOTICE:  policy_contract: artifact name=meta/dict_type/orders/o_orderpriority bytes=4
NOTICE:  policy_contract: artifact name=meta/dict_type/orders/o_orderstatus bytes=4
NOTICE:  policy_contract: artifact name=meta/dict_type/region/r_name bytes=4
NOTICE:  policy_contract: artifact name=meta/join_classes bytes=363
NOTICE:  policy_contract: artifact name=nation_code_base bytes=400
NOTICE:  policy_contract: artifact name=nation_ctid bytes=200
NOTICE:  policy_contract: artifact name=orders_code_base bytes=3600000
NOTICE:  policy_contract: artifact name=orders_ctid bytes=1200000
NOTICE:  policy_contract: artifact name=region_code_base bytes=60
NOTICE:  policy_contract: artifact name=region_ctid bytes=40
ERROR:  policy_contract: join atom y47 class mismatch atom=3 meta=5 (lhs=nation.n_regionkey rhs=region.r_regionkey)
