[db] start db=tpch0_01
[policy_set] db=tpch0_01 K=1 enabled_ids=[1]
[setup_ours] K=1 setup_ms=83.668 disk=1083254
[index_infer] K=1 specs=['lineitem.l_linestatus', 'lineitem.l_returnflag']
[setup_rls] K=1 setup_ms=56.574 disk=868352 indexes=['cf_rls_k1_lineitem_l_linestatus_1', 'cf_rls_k1_lineitem_l_returnflag_2']
[correctness_sample] db=tpch0_01 K=1 queries=['1', '2', '3', '4', '5', '6', '7', '8', '9', '10', '11', '12', '13', '14', '15', '16', '17', '18', '19', '21', '22']
[progress] db=tpch0_01 K=1 baseline=ours query=1
[progress] db=tpch0_01 K=1 baseline=rls_with_index query=1
[progress] db=tpch0_01 K=1 baseline=ours query=2
[progress] db=tpch0_01 K=1 baseline=rls_with_index query=2
[progress] db=tpch0_01 K=1 baseline=ours query=3
[progress] db=tpch0_01 K=1 baseline=rls_with_index query=3
[progress] db=tpch0_01 K=1 baseline=ours query=4
[progress] db=tpch0_01 K=1 baseline=rls_with_index query=4
[progress] db=tpch0_01 K=1 baseline=ours query=5
[progress] db=tpch0_01 K=1 baseline=rls_with_index query=5
[progress] db=tpch0_01 K=1 baseline=ours query=6
[progress] db=tpch0_01 K=1 baseline=rls_with_index query=6
[progress] db=tpch0_01 K=1 baseline=ours query=7
[progress] db=tpch0_01 K=1 baseline=rls_with_index query=7
[progress] db=tpch0_01 K=1 baseline=ours query=8
[progress] db=tpch0_01 K=1 baseline=rls_with_index query=8
[progress] db=tpch0_01 K=1 baseline=ours query=9
[progress] db=tpch0_01 K=1 baseline=rls_with_index query=9
[progress] db=tpch0_01 K=1 baseline=ours query=10
[progress] db=tpch0_01 K=1 baseline=rls_with_index query=10
[progress] db=tpch0_01 K=1 baseline=ours query=11
[progress] db=tpch0_01 K=1 baseline=rls_with_index query=11
[progress] db=tpch0_01 K=1 baseline=ours query=12
[progress] db=tpch0_01 K=1 baseline=rls_with_index query=12
[progress] db=tpch0_01 K=1 baseline=ours query=13
[progress] db=tpch0_01 K=1 baseline=rls_with_index query=13
[progress] db=tpch0_01 K=1 baseline=ours query=14
[progress] db=tpch0_01 K=1 baseline=rls_with_index query=14
[progress] db=tpch0_01 K=1 baseline=ours query=15
[progress] db=tpch0_01 K=1 baseline=rls_with_index query=15
[progress] db=tpch0_01 K=1 baseline=ours query=16
[progress] db=tpch0_01 K=1 baseline=rls_with_index query=16
[progress] db=tpch0_01 K=1 baseline=ours query=17
[progress] db=tpch0_01 K=1 baseline=rls_with_index query=17
[progress] db=tpch0_01 K=1 baseline=ours query=18
[progress] db=tpch0_01 K=1 baseline=rls_with_index query=18
[progress] db=tpch0_01 K=1 baseline=ours query=19
[progress] db=tpch0_01 K=1 baseline=rls_with_index query=19
[progress] db=tpch0_01 K=1 baseline=ours query=21
[progress] db=tpch0_01 K=1 baseline=rls_with_index query=21
[progress] db=tpch0_01 K=1 baseline=ours query=22
[progress] db=tpch0_01 K=1 baseline=rls_with_index query=22
[policy_set] db=tpch0_01 K=5 enabled_ids=[1, 2, 3, 4, 5]
[setup_ours] K=5 setup_ms=525.217 disk=2954322
[index_infer] K=5 specs=['lineitem.l_discount', 'lineitem.l_extendedprice', 'lineitem.l_linestatus', 'lineitem.l_quantity', 'lineitem.l_returnflag', 'lineitem.l_shipinstruct', 'lineitem.l_shipmode', 'lineitem.l_tax']
[setup_rls] K=5 setup_ms=274.474 disk=7692288 indexes=['cf_rls_k5_lineitem_l_discount_1', 'cf_rls_k5_lineitem_l_extendedprice_2', 'cf_rls_k5_lineitem_l_linestatus_3', 'cf_rls_k5_lineitem_l_quantity_4', 'cf_rls_k5_lineitem_l_returnflag_5', 'cf_rls_k5_lineitem_l_shipinstruct_6', 'cf_rls_k5_lineitem_l_shipmode_7', 'cf_rls_k5_lineitem_l_tax_8']
[correctness_sample] db=tpch0_01 K=5 queries=['1', '2', '3', '4', '5', '6', '7', '8', '9', '10', '11', '12', '13', '14', '15', '16', '17', '18', '19', '21', '22']
[progress] db=tpch0_01 K=5 baseline=ours query=1
[progress] db=tpch0_01 K=5 baseline=rls_with_index query=1
[progress] db=tpch0_01 K=5 baseline=ours query=2
[progress] db=tpch0_01 K=5 baseline=rls_with_index query=2
[progress] db=tpch0_01 K=5 baseline=ours query=3
[progress] db=tpch0_01 K=5 baseline=rls_with_index query=3
[progress] db=tpch0_01 K=5 baseline=ours query=4
[progress] db=tpch0_01 K=5 baseline=rls_with_index query=4
[progress] db=tpch0_01 K=5 baseline=ours query=5
[progress] db=tpch0_01 K=5 baseline=rls_with_index query=5
[progress] db=tpch0_01 K=5 baseline=ours query=6
[progress] db=tpch0_01 K=5 baseline=rls_with_index query=6
[progress] db=tpch0_01 K=5 baseline=ours query=7
[progress] db=tpch0_01 K=5 baseline=rls_with_index query=7
[progress] db=tpch0_01 K=5 baseline=ours query=8
[progress] db=tpch0_01 K=5 baseline=rls_with_index query=8
[progress] db=tpch0_01 K=5 baseline=ours query=9
[progress] db=tpch0_01 K=5 baseline=rls_with_index query=9
[progress] db=tpch0_01 K=5 baseline=ours query=10
[progress] db=tpch0_01 K=5 baseline=rls_with_index query=10
[progress] db=tpch0_01 K=5 baseline=ours query=11
[progress] db=tpch0_01 K=5 baseline=rls_with_index query=11
[progress] db=tpch0_01 K=5 baseline=ours query=12
[progress] db=tpch0_01 K=5 baseline=rls_with_index query=12
[progress] db=tpch0_01 K=5 baseline=ours query=13
[progress] db=tpch0_01 K=5 baseline=rls_with_index query=13
[progress] db=tpch0_01 K=5 baseline=ours query=14
[progress] db=tpch0_01 K=5 baseline=rls_with_index query=14
[progress] db=tpch0_01 K=5 baseline=ours query=15
[progress] db=tpch0_01 K=5 baseline=rls_with_index query=15
[progress] db=tpch0_01 K=5 baseline=ours query=16
[progress] db=tpch0_01 K=5 baseline=rls_with_index query=16
[progress] db=tpch0_01 K=5 baseline=ours query=17
[progress] db=tpch0_01 K=5 baseline=rls_with_index query=17
[progress] db=tpch0_01 K=5 baseline=ours query=18
[progress] db=tpch0_01 K=5 baseline=rls_with_index query=18
[progress] db=tpch0_01 K=5 baseline=ours query=19
[progress] db=tpch0_01 K=5 baseline=rls_with_index query=19
[progress] db=tpch0_01 K=5 baseline=ours query=21
[progress] db=tpch0_01 K=5 baseline=rls_with_index query=21
[progress] db=tpch0_01 K=5 baseline=ours query=22
[progress] db=tpch0_01 K=5 baseline=rls_with_index query=22
[policy_set] db=tpch0_01 K=10 enabled_ids=[1, 2, 3, 4, 5, 10, 11, 12, 13, 14]
[setup_ours] K=10 setup_ms=556.256 disk=3341411
[index_infer] K=10 specs=['customer.c_acctbal', 'customer.c_custkey', 'customer.c_mktsegment', 'customer.c_nationkey', 'lineitem.l_discount', 'lineitem.l_extendedprice', 'lineitem.l_linestatus', 'lineitem.l_quantity', 'lineitem.l_returnflag', 'lineitem.l_shipinstruct', 'lineitem.l_shipmode', 'lineitem.l_tax', 'nation.n_name', 'nation.n_nationkey', 'nation.n_regionkey', 'orders.o_custkey', 'orders.o_orderpriority', 'orders.o_orderstatus', 'region.r_name', 'region.r_regionkey']
[setup_rls] K=10 setup_ms=310.685 disk=8347648 indexes=['cf_rls_k10_customer_c_acctbal_1', 'cf_rls_k10_customer_c_custkey_2', 'cf_rls_k10_customer_c_mktsegment_3', 'cf_rls_k10_customer_c_nationkey_4', 'cf_rls_k10_lineitem_l_discount_5', 'cf_rls_k10_lineitem_l_extendedprice_6', 'cf_rls_k10_lineitem_l_linestatus_7', 'cf_rls_k10_lineitem_l_quantity_8', 'cf_rls_k10_lineitem_l_returnflag_9', 'cf_rls_k10_lineitem_l_shipinstruct_10', 'cf_rls_k10_lineitem_l_shipmode_11', 'cf_rls_k10_lineitem_l_tax_12', 'cf_rls_k10_nation_n_name_13', 'cf_rls_k10_nation_n_nationkey_14', 'cf_rls_k10_nation_n_regionkey_15', 'cf_rls_k10_orders_o_custkey_16', 'cf_rls_k10_orders_o_orderpriority_17', 'cf_rls_k10_orders_o_orderstatus_18', 'cf_rls_k10_region_r_name_19', 'cf_rls_k10_region_r_regionkey_20']
[correctness_sample] db=tpch0_01 K=10 queries=['1', '2', '3', '4', '5', '6', '7', '8', '9', '10', '11', '12', '13', '14', '15', '16', '17', '18', '19', '21', '22']
[progress] db=tpch0_01 K=10 baseline=ours query=1
[progress] db=tpch0_01 K=10 baseline=rls_with_index query=1
[progress] db=tpch0_01 K=10 baseline=ours query=2
[progress] db=tpch0_01 K=10 baseline=rls_with_index query=2
[progress] db=tpch0_01 K=10 baseline=ours query=3
[progress] db=tpch0_01 K=10 baseline=rls_with_index query=3
[progress] db=tpch0_01 K=10 baseline=ours query=4
[progress] db=tpch0_01 K=10 baseline=rls_with_index query=4
[progress] db=tpch0_01 K=10 baseline=ours query=5
[progress] db=tpch0_01 K=10 baseline=rls_with_index query=5
[progress] db=tpch0_01 K=10 baseline=ours query=6
[progress] db=tpch0_01 K=10 baseline=rls_with_index query=6
[progress] db=tpch0_01 K=10 baseline=ours query=7
[progress] db=tpch0_01 K=10 baseline=rls_with_index query=7
[progress] db=tpch0_01 K=10 baseline=ours query=8
[progress] db=tpch0_01 K=10 baseline=rls_with_index query=8
[progress] db=tpch0_01 K=10 baseline=ours query=9
[progress] db=tpch0_01 K=10 baseline=rls_with_index query=9
[progress] db=tpch0_01 K=10 baseline=ours query=10
[progress] db=tpch0_01 K=10 baseline=rls_with_index query=10
[progress] db=tpch0_01 K=10 baseline=ours query=11
[progress] db=tpch0_01 K=10 baseline=rls_with_index query=11
[progress] db=tpch0_01 K=10 baseline=ours query=12
[progress] db=tpch0_01 K=10 baseline=rls_with_index query=12
[progress] db=tpch0_01 K=10 baseline=ours query=13
[progress] db=tpch0_01 K=10 baseline=rls_with_index query=13
[progress] db=tpch0_01 K=10 baseline=ours query=14
[progress] db=tpch0_01 K=10 baseline=rls_with_index query=14
[progress] db=tpch0_01 K=10 baseline=ours query=15
[progress] db=tpch0_01 K=10 baseline=rls_with_index query=15
[progress] db=tpch0_01 K=10 baseline=ours query=16
[progress] db=tpch0_01 K=10 baseline=rls_with_index query=16
[progress] db=tpch0_01 K=10 baseline=ours query=17
[progress] db=tpch0_01 K=10 baseline=rls_with_index query=17
[progress] db=tpch0_01 K=10 baseline=ours query=18
[progress] db=tpch0_01 K=10 baseline=rls_with_index query=18
[progress] db=tpch0_01 K=10 baseline=ours query=19
[progress] db=tpch0_01 K=10 baseline=rls_with_index query=19
[progress] db=tpch0_01 K=10 baseline=ours query=21
[progress] db=tpch0_01 K=10 baseline=rls_with_index query=21
[progress] db=tpch0_01 K=10 baseline=ours query=22
[progress] db=tpch0_01 K=10 baseline=rls_with_index query=22
