SET
SET
SET
SET
SET
SET
LOAD
SET
SET
SET
SET
SET
psql:/home/nghosh/research/z3_lab/logs/tpch0_1_k20_strict_20260209_125810/FAIL_BUNDLE/repro.sql:16: NOTICE:  policy_profile: eval_ms=0.673 artifact_load_ms=0.000 artifact_parse_ms=0.000 stamp_ms=0.000 bin_ms=0.000 local_sat_ms=0.000 prop_ms=0.000 prop_iters=0 decode_ms=0.000 policy_total_ms=0.000 ctid_map_ms=0.000 filter_ms=0.000 child_exec_ms=0.000 ctid_extract_ms=0.000 ctid_to_rid_ms=0.000 allow_check_ms=0.000 projection_ms=0.000 n_scanned_tables=0 n_policy_targets=0 n_filters=0 bytes_artifacts_loaded=0 bytes_allow=0 bytes_ctid=0 bytes_blk_index=0 rows_seen=0 rows_passed=0 ctid_misses=0 rss_kb_before_eval=-1 rss_kb_after_eval=-1 rss_kb_after_load=-1 rss_kb_after_engine=-1 rss_kb_after_ctid=-1 rss_kb_end=-1 peak_rss_kb_end=-1
SET
RESET
RESET
SET
SET
RESET
ours=1 rls=1
psql:/home/nghosh/research/z3_lab/logs/tpch0_1_k20_strict_20260209_125810/FAIL_BUNDLE/repro.sql:28: error: unrecognized value "1 != 1" for "\if expression": Boolean expected
OK
