[matrix] run_id=matrix_tpch0_1_tpch1_K5_15_q1_3_6_13_22_20260214_090401 run_dir=/tmp/z3_lab/project/logs/matrix_tpch0_1_tpch1_K5_15_q1_3_6_13_22_20260214_090401
[matrix] dbs=['tpch0_1', 'tpch1'] Ks=[5, 15] pool=1-20 warmup_runs=0 timed_runs=1
[matrix] queries=['1', '3', '6', '13', '22']
[db] start db=tpch0_1
[clean_state] tag=clean_start db=tpch0_1 artifacts_rows=0 artifacts_bytes_db=0 artifacts_bytes_disk=16384 indexes=0 policies=0
[policy_set] db=tpch0_1 K=5 enabled_ids=[1, 2, 3, 4, 5]
[clean_state] tag=clean_before_k K=5 db=tpch0_1 artifacts_rows=0 artifacts_bytes_db=0 artifacts_bytes_disk=16384 indexes=0 policies=0
[setup_ours] K=5 setup_ms=5114.309 artifact_bytes_db=8900652 artifact_bytes_disk=9306112
[progress] db=tpch0_1 K=5 baseline=ours query=1
[progress] db=tpch0_1 K=5 baseline=ours query=3
[progress] db=tpch0_1 K=5 baseline=ours query=6
[progress] db=tpch0_1 K=5 baseline=ours query=13
[progress] db=tpch0_1 K=5 baseline=ours query=22
[clean_state] tag=after_ours_drop K=5 db=tpch0_1 artifacts_rows=0 artifacts_bytes_db=0 artifacts_bytes_disk=16384 indexes=0 policies=0
[index_infer] K=5 specs=['lineitem.l_discount', 'lineitem.l_extendedprice', 'lineitem.l_linestatus', 'lineitem.l_quantity', 'lineitem.l_returnflag', 'lineitem.l_shipinstruct', 'lineitem.l_shipmode', 'lineitem.l_tax']
[setup_rls] K=5 setup_ms=2662.115 disk=75563008 indexes=['cf_rls_k5_lineitem_l_discount_1', 'cf_rls_k5_lineitem_l_extendedprice_2', 'cf_rls_k5_lineitem_l_linestatus_3', 'cf_rls_k5_lineitem_l_quantity_4', 'cf_rls_k5_lineitem_l_returnflag_5', 'cf_rls_k5_lineitem_l_shipinstruct_6', 'cf_rls_k5_lineitem_l_shipmode_7', 'cf_rls_k5_lineitem_l_tax_8']
[progress] db=tpch0_1 K=5 baseline=rls_with_index query=1
[progress] db=tpch0_1 K=5 baseline=rls_with_index query=3
[progress] db=tpch0_1 K=5 baseline=rls_with_index query=6
[progress] db=tpch0_1 K=5 baseline=rls_with_index query=13
[progress] db=tpch0_1 K=5 baseline=rls_with_index query=22
[clean_state] tag=after_rls_drop K=5 db=tpch0_1 artifacts_rows=0 artifacts_bytes_db=0 artifacts_bytes_disk=16384 indexes=0 policies=0
[policy_set] db=tpch0_1 K=15 enabled_ids=[1, 2, 3, 4, 5, 6, 7, 8, 9, 10, 11, 12, 13, 14, 15]
[clean_state] tag=clean_before_k K=15 db=tpch0_1 artifacts_rows=0 artifacts_bytes_db=0 artifacts_bytes_disk=16384 indexes=0 policies=0
[setup_ours] K=15 setup_ms=6152.195 artifact_bytes_db=12636550 artifact_bytes_disk=13189120
[progress] db=tpch0_1 K=15 baseline=ours query=1
[progress] db=tpch0_1 K=15 baseline=ours query=3
[progress] db=tpch0_1 K=15 baseline=ours query=6
[progress] db=tpch0_1 K=15 baseline=ours query=13
[progress] db=tpch0_1 K=15 baseline=ours query=22
[clean_state] tag=after_ours_drop K=15 db=tpch0_1 artifacts_rows=0 artifacts_bytes_db=0 artifacts_bytes_disk=16384 indexes=0 policies=0
[index_infer] K=15 specs=['customer.c_acctbal', 'customer.c_custkey', 'customer.c_mktsegment', 'customer.c_name:text_pattern_ops', 'customer.c_nationkey', 'customer.c_phone:text_pattern_ops', 'lineitem.l_discount', 'lineitem.l_extendedprice', 'lineitem.l_linestatus', 'lineitem.l_orderkey', 'lineitem.l_quantity', 'lineitem.l_returnflag', 'lineitem.l_shipinstruct', 'lineitem.l_shipmode', 'lineitem.l_tax', 'nation.n_name', 'nation.n_nationkey', 'nation.n_regionkey', 'orders.o_custkey', 'orders.o_orderkey', 'orders.o_orderpriority', 'orders.o_orderstatus', 'region.r_name', 'region.r_regionkey']
[setup_rls] K=15 setup_ms=3058.287 disk=92323840 indexes=['cf_rls_k15_customer_c_acctbal_1', 'cf_rls_k15_customer_c_custkey_2', 'cf_rls_k15_customer_c_mktsegment_3', 'cf_rls_k15_customer_c_name_4', 'cf_rls_k15_customer_c_nationkey_5', 'cf_rls_k15_customer_c_phone_6', 'cf_rls_k15_lineitem_l_discount_7', 'cf_rls_k15_lineitem_l_extendedprice_8', 'cf_rls_k15_lineitem_l_linestatus_9', 'cf_rls_k15_lineitem_l_orderkey_10', 'cf_rls_k15_lineitem_l_quantity_11', 'cf_rls_k15_lineitem_l_returnflag_12', 'cf_rls_k15_lineitem_l_shipinstruct_13', 'cf_rls_k15_lineitem_l_shipmode_14', 'cf_rls_k15_lineitem_l_tax_15', 'cf_rls_k15_nation_n_name_16', 'cf_rls_k15_nation_n_nationkey_17', 'cf_rls_k15_nation_n_regionkey_18', 'cf_rls_k15_orders_o_custkey_19', 'cf_rls_k15_orders_o_orderkey_20', 'cf_rls_k15_orders_o_orderpriority_21', 'cf_rls_k15_orders_o_orderstatus_22', 'cf_rls_k15_region_r_name_23', 'cf_rls_k15_region_r_regionkey_24']
[progress] db=tpch0_1 K=15 baseline=rls_with_index query=1
[progress] db=tpch0_1 K=15 baseline=rls_with_index query=3
[progress] db=tpch0_1 K=15 baseline=rls_with_index query=6
[progress] db=tpch0_1 K=15 baseline=rls_with_index query=13
[progress] db=tpch0_1 K=15 baseline=rls_with_index query=22
[clean_state] tag=after_rls_drop K=15 db=tpch0_1 artifacts_rows=0 artifacts_bytes_db=0 artifacts_bytes_disk=16384 indexes=0 policies=0
[db] done db=tpch0_1
[db] start db=tpch1
[clean_state] tag=clean_start db=tpch1 artifacts_rows=0 artifacts_bytes_db=0 artifacts_bytes_disk=16384 indexes=0 policies=0
[policy_set] db=tpch1 K=5 enabled_ids=[1, 2, 3, 4, 5]
[clean_state] tag=clean_before_k K=5 db=tpch1 artifacts_rows=0 artifacts_bytes_db=0 artifacts_bytes_disk=16384 indexes=0 policies=0
[setup_ours] K=5 setup_ms=47441.980 artifact_bytes_db=91302745 artifact_bytes_disk=94797824
[progress] db=tpch1 K=5 baseline=ours query=1
[progress] db=tpch1 K=5 baseline=ours query=3
[progress] db=tpch1 K=5 baseline=ours query=6
[progress] db=tpch1 K=5 baseline=ours query=13
[progress] db=tpch1 K=5 baseline=ours query=22
[clean_state] tag=after_ours_drop K=5 db=tpch1 artifacts_rows=0 artifacts_bytes_db=0 artifacts_bytes_disk=16384 indexes=0 policies=0
[index_infer] K=5 specs=['lineitem.l_discount', 'lineitem.l_extendedprice', 'lineitem.l_linestatus', 'lineitem.l_quantity', 'lineitem.l_returnflag', 'lineitem.l_shipinstruct', 'lineitem.l_shipmode', 'lineitem.l_tax']
[setup_rls] K=5 setup_ms=29075.014 disk=753713152 indexes=['cf_rls_k5_lineitem_l_discount_1', 'cf_rls_k5_lineitem_l_extendedprice_2', 'cf_rls_k5_lineitem_l_linestatus_3', 'cf_rls_k5_lineitem_l_quantity_4', 'cf_rls_k5_lineitem_l_returnflag_5', 'cf_rls_k5_lineitem_l_shipinstruct_6', 'cf_rls_k5_lineitem_l_shipmode_7', 'cf_rls_k5_lineitem_l_tax_8']
[progress] db=tpch1 K=5 baseline=rls_with_index query=1
[progress] db=tpch1 K=5 baseline=rls_with_index query=3
[progress] db=tpch1 K=5 baseline=rls_with_index query=6
[progress] db=tpch1 K=5 baseline=rls_with_index query=13
[progress] db=tpch1 K=5 baseline=rls_with_index query=22
[clean_state] tag=after_rls_drop K=5 db=tpch1 artifacts_rows=0 artifacts_bytes_db=0 artifacts_bytes_disk=16384 indexes=0 policies=0
[policy_set] db=tpch1 K=15 enabled_ids=[1, 2, 3, 4, 5, 6, 7, 8, 9, 10, 11, 12, 13, 14, 15]
[clean_state] tag=clean_before_k K=15 db=tpch1 artifacts_rows=0 artifacts_bytes_db=0 artifacts_bytes_disk=16384 indexes=0 policies=0
[setup_ours] K=15 setup_ms=61281.180 artifact_bytes_db=128614976 artifact_bytes_disk=133513216
[progress] db=tpch1 K=15 baseline=ours query=1
[progress] db=tpch1 K=15 baseline=ours query=3
[progress] db=tpch1 K=15 baseline=ours query=6
[progress] db=tpch1 K=15 baseline=ours query=13
[progress] db=tpch1 K=15 baseline=ours query=22
[clean_state] tag=after_ours_drop K=15 db=tpch1 artifacts_rows=0 artifacts_bytes_db=0 artifacts_bytes_disk=16384 indexes=0 policies=0
[index_infer] K=15 specs=['customer.c_acctbal', 'customer.c_custkey', 'customer.c_mktsegment', 'customer.c_name:text_pattern_ops', 'customer.c_nationkey', 'customer.c_phone:text_pattern_ops', 'lineitem.l_discount', 'lineitem.l_extendedprice', 'lineitem.l_linestatus', 'lineitem.l_orderkey', 'lineitem.l_quantity', 'lineitem.l_returnflag', 'lineitem.l_shipinstruct', 'lineitem.l_shipmode', 'lineitem.l_tax', 'nation.n_name', 'nation.n_nationkey', 'nation.n_regionkey', 'orders.o_custkey', 'orders.o_orderkey', 'orders.o_orderpriority', 'orders.o_orderstatus', 'region.r_name', 'region.r_regionkey']
[setup_rls] K=15 setup_ms=33229.427 disk=918839296 indexes=['cf_rls_k15_customer_c_acctbal_1', 'cf_rls_k15_customer_c_custkey_2', 'cf_rls_k15_customer_c_mktsegment_3', 'cf_rls_k15_customer_c_name_4', 'cf_rls_k15_customer_c_nationkey_5', 'cf_rls_k15_customer_c_phone_6', 'cf_rls_k15_lineitem_l_discount_7', 'cf_rls_k15_lineitem_l_extendedprice_8', 'cf_rls_k15_lineitem_l_linestatus_9', 'cf_rls_k15_lineitem_l_orderkey_10', 'cf_rls_k15_lineitem_l_quantity_11', 'cf_rls_k15_lineitem_l_returnflag_12', 'cf_rls_k15_lineitem_l_shipinstruct_13', 'cf_rls_k15_lineitem_l_shipmode_14', 'cf_rls_k15_lineitem_l_tax_15', 'cf_rls_k15_nation_n_name_16', 'cf_rls_k15_nation_n_nationkey_17', 'cf_rls_k15_nation_n_regionkey_18', 'cf_rls_k15_orders_o_custkey_19', 'cf_rls_k15_orders_o_orderkey_20', 'cf_rls_k15_orders_o_orderpriority_21', 'cf_rls_k15_orders_o_orderstatus_22', 'cf_rls_k15_region_r_name_23', 'cf_rls_k15_region_r_regionkey_24']
[progress] db=tpch1 K=15 baseline=rls_with_index query=1
[progress] db=tpch1 K=15 baseline=rls_with_index query=3
[progress] db=tpch1 K=15 baseline=rls_with_index query=6
[progress] db=tpch1 K=15 baseline=rls_with_index query=13
[progress] db=tpch1 K=15 baseline=rls_with_index query=22
[clean_state] tag=after_rls_drop K=15 db=tpch1 artifacts_rows=0 artifacts_bytes_db=0 artifacts_bytes_disk=16384 indexes=0 policies=0
[db] done db=tpch1
[done] run_dir=/tmp/z3_lab/project/logs/matrix_tpch0_1_tpch1_K5_15_q1_3_6_13_22_20260214_090401
[done] runs_csv=/tmp/z3_lab/project/logs/matrix_tpch0_1_tpch1_K5_15_q1_3_6_13_22_20260214_090401/runs.csv
[done] build_csv=/tmp/z3_lab/project/logs/matrix_tpch0_1_tpch1_K5_15_q1_3_6_13_22_20260214_090401/build.csv
