[K] db=tpch0_1 K=1 enabled_ids=[1]
[setup_ours] K=1 setup_ms=1852.987 disk=12011528
[index_infer] K=1 specs=['lineitem.l_linestatus', 'lineitem.l_returnflag']
[setup_rls] K=1 setup_ms=475.353 disk=8372224 indexes=['cf_rls_k1_lineitem_l_linestatus_1', 'cf_rls_k1_lineitem_l_returnflag_2']
[q] db=tpch0_1 K=1 q=1 ours_count...
[q] db=tpch0_1 K=1 q=1 rls_count...
[q] db=tpch0_1 K=1 q=2 ours_count...
[q] db=tpch0_1 K=1 q=2 rls_count...
[q] db=tpch0_1 K=1 q=3 ours_count...
[q] db=tpch0_1 K=1 q=3 rls_count...
[q] db=tpch0_1 K=1 q=4 ours_count...
[q] db=tpch0_1 K=1 q=4 rls_count...
[q] db=tpch0_1 K=1 q=5 ours_count...
[q] db=tpch0_1 K=1 q=5 rls_count...
[q] db=tpch0_1 K=1 q=6 ours_count...
[q] db=tpch0_1 K=1 q=6 rls_count...
[q] db=tpch0_1 K=1 q=7 ours_count...
[q] db=tpch0_1 K=1 q=7 rls_count...
[q] db=tpch0_1 K=1 q=8 ours_count...
[q] db=tpch0_1 K=1 q=8 rls_count...
[q] db=tpch0_1 K=1 q=9 ours_count...
[q] db=tpch0_1 K=1 q=9 rls_count...
[q] db=tpch0_1 K=1 q=10 ours_count...
[q] db=tpch0_1 K=1 q=10 rls_count...
[q] db=tpch0_1 K=1 q=11 ours_count...
[q] db=tpch0_1 K=1 q=11 rls_count...
[q] db=tpch0_1 K=1 q=12 ours_count...
[q] db=tpch0_1 K=1 q=12 rls_count...
[q] db=tpch0_1 K=1 q=13 ours_count...
[q] db=tpch0_1 K=1 q=13 rls_count...
[q] db=tpch0_1 K=1 q=14 ours_count...
[q] db=tpch0_1 K=1 q=14 rls_count...
[q] db=tpch0_1 K=1 q=15 ours_count...
[q] db=tpch0_1 K=1 q=15 rls_count...
[q] db=tpch0_1 K=1 q=16 ours_count...
[q] db=tpch0_1 K=1 q=16 rls_count...
[q] db=tpch0_1 K=1 q=17 ours_count...
[q] db=tpch0_1 K=1 q=17 rls_count...
[q] db=tpch0_1 K=1 q=18 ours_count...
[q] db=tpch0_1 K=1 q=18 rls_count...
[q] db=tpch0_1 K=1 q=19 ours_count...
[q] db=tpch0_1 K=1 q=19 rls_count...
[q] db=tpch0_1 K=1 q=21 ours_count...
[q] db=tpch0_1 K=1 q=21 rls_count...
[q] db=tpch0_1 K=1 q=22 ours_count...
[q] db=tpch0_1 K=1 q=22 rls_count...
[K] done db=tpch0_1 K=1 ok=21 mismatch=0 error=0
[K] db=tpch0_1 K=10 enabled_ids=[1, 2, 3, 4, 5, 6, 7, 8, 9, 10]
[setup_ours] K=10 setup_ms=9988.388 disk=29234624
[index_infer] K=10 specs=['customer.c_acctbal', 'customer.c_mktsegment', 'customer.c_name:text_pattern_ops', 'customer.c_nationkey', 'customer.c_phone:text_pattern_ops', 'lineitem.l_discount', 'lineitem.l_extendedprice', 'lineitem.l_linestatus', 'lineitem.l_quantity', 'lineitem.l_returnflag', 'lineitem.l_shipinstruct', 'lineitem.l_shipmode', 'lineitem.l_tax']
[setup_rls] K=10 setup_ms=2720.830 disk=77275136 indexes=['cf_rls_k10_customer_c_acctbal_1', 'cf_rls_k10_customer_c_mktsegment_2', 'cf_rls_k10_customer_c_name_3', 'cf_rls_k10_customer_c_nationkey_4', 'cf_rls_k10_customer_c_phone_5', 'cf_rls_k10_lineitem_l_discount_6', 'cf_rls_k10_lineitem_l_extendedprice_7', 'cf_rls_k10_lineitem_l_linestatus_8', 'cf_rls_k10_lineitem_l_quantity_9', 'cf_rls_k10_lineitem_l_returnflag_10', 'cf_rls_k10_lineitem_l_shipinstruct_11', 'cf_rls_k10_lineitem_l_shipmode_12', 'cf_rls_k10_lineitem_l_tax_13']
[q] db=tpch0_1 K=10 q=1 ours_count...
[q] db=tpch0_1 K=10 q=1 rls_count...
[q] db=tpch0_1 K=10 q=2 ours_count...
[q] db=tpch0_1 K=10 q=2 rls_count...
[q] db=tpch0_1 K=10 q=3 ours_count...
[q] db=tpch0_1 K=10 q=3 rls_count...
[q] db=tpch0_1 K=10 q=4 ours_count...
[q] db=tpch0_1 K=10 q=4 rls_count...
[q] db=tpch0_1 K=10 q=5 ours_count...
[q] db=tpch0_1 K=10 q=5 rls_count...
[q] db=tpch0_1 K=10 q=6 ours_count...
[q] db=tpch0_1 K=10 q=6 rls_count...
[q] db=tpch0_1 K=10 q=7 ours_count...
[q] db=tpch0_1 K=10 q=7 rls_count...
[q] db=tpch0_1 K=10 q=8 ours_count...
[q] db=tpch0_1 K=10 q=8 rls_count...
[q] db=tpch0_1 K=10 q=9 ours_count...
[q] db=tpch0_1 K=10 q=9 rls_count...
[q] db=tpch0_1 K=10 q=10 ours_count...
[q] db=tpch0_1 K=10 q=10 rls_count...
[q] db=tpch0_1 K=10 q=11 ours_count...
[q] db=tpch0_1 K=10 q=11 rls_count...
[q] db=tpch0_1 K=10 q=12 ours_count...
[q] db=tpch0_1 K=10 q=12 rls_count...
[q] db=tpch0_1 K=10 q=13 ours_count...
[q] db=tpch0_1 K=10 q=13 rls_count...
[q] db=tpch0_1 K=10 q=14 ours_count...
[q] db=tpch0_1 K=10 q=14 rls_count...
[q] db=tpch0_1 K=10 q=15 ours_count...
[q] db=tpch0_1 K=10 q=15 rls_count...
[q] db=tpch0_1 K=10 q=16 ours_count...
[q] db=tpch0_1 K=10 q=16 rls_count...
[q] db=tpch0_1 K=10 q=17 ours_count...
[q] db=tpch0_1 K=10 q=17 rls_count...
[q] db=tpch0_1 K=10 q=18 ours_count...
[q] db=tpch0_1 K=10 q=18 rls_count...
[q] db=tpch0_1 K=10 q=19 ours_count...
[q] db=tpch0_1 K=10 q=19 rls_count...
[q] db=tpch0_1 K=10 q=21 ours_count...
[q] db=tpch0_1 K=10 q=21 rls_count...
[q] db=tpch0_1 K=10 q=22 ours_count...
[q] db=tpch0_1 K=10 q=22 rls_count...
[K] done db=tpch0_1 K=10 ok=19 mismatch=1 error=1
[K] db=tpch0_1 K=20 enabled_ids=[1, 2, 3, 4, 5, 6, 7, 8, 9, 10, 11, 12, 13, 14, 15, 16, 17, 18, 19, 20]
[setup_ours] K=20 setup_ms=18906.793 disk=46155726
[index_infer] K=20 specs=['customer.c_acctbal', 'customer.c_custkey', 'customer.c_mktsegment', 'customer.c_name:text_pattern_ops', 'customer.c_nationkey', 'customer.c_phone:text_pattern_ops', 'lineitem.l_discount', 'lineitem.l_extendedprice', 'lineitem.l_linestatus', 'lineitem.l_orderkey', 'lineitem.l_partkey', 'lineitem.l_quantity', 'lineitem.l_returnflag', 'lineitem.l_shipinstruct', 'lineitem.l_shipmode', 'lineitem.l_suppkey', 'lineitem.l_tax', 'nation.n_name', 'nation.n_nationkey', 'nation.n_regionkey', 'orders.o_custkey', 'orders.o_orderkey', 'orders.o_orderpriority', 'orders.o_orderstatus', 'orders.o_totalprice', 'part.p_brand', 'part.p_partkey', 'part.p_size', 'partsupp.ps_partkey', 'partsupp.ps_suppkey', 'partsupp.ps_supplycost', 'region.r_name', 'region.r_regionkey', 'supplier.s_nationkey', 'supplier.s_suppkey']
[setup_rls] K=20 setup_ms=3634.018 disk=110084096 indexes=['cf_rls_k20_customer_c_acctbal_1', 'cf_rls_k20_customer_c_custkey_2', 'cf_rls_k20_customer_c_mktsegment_3', 'cf_rls_k20_customer_c_name_4', 'cf_rls_k20_customer_c_nationkey_5', 'cf_rls_k20_customer_c_phone_6', 'cf_rls_k20_lineitem_l_discount_7', 'cf_rls_k20_lineitem_l_extendedprice_8', 'cf_rls_k20_lineitem_l_linestatus_9', 'cf_rls_k20_lineitem_l_orderkey_10', 'cf_rls_k20_lineitem_l_partkey_11', 'cf_rls_k20_lineitem_l_quantity_12', 'cf_rls_k20_lineitem_l_returnflag_13', 'cf_rls_k20_lineitem_l_shipinstruct_14', 'cf_rls_k20_lineitem_l_shipmode_15', 'cf_rls_k20_lineitem_l_suppkey_16', 'cf_rls_k20_lineitem_l_tax_17', 'cf_rls_k20_nation_n_name_18', 'cf_rls_k20_nation_n_nationkey_19', 'cf_rls_k20_nation_n_regionkey_20', 'cf_rls_k20_orders_o_custkey_21', 'cf_rls_k20_orders_o_orderkey_22', 'cf_rls_k20_orders_o_orderpriority_23', 'cf_rls_k20_orders_o_orderstatus_24', 'cf_rls_k20_orders_o_totalprice_25', 'cf_rls_k20_part_p_brand_26', 'cf_rls_k20_part_p_partkey_27', 'cf_rls_k20_part_p_size_28', 'cf_rls_k20_partsupp_ps_partkey_29', 'cf_rls_k20_partsupp_ps_suppkey_30', 'cf_rls_k20_partsupp_ps_supplycost_31', 'cf_rls_k20_region_r_name_32', 'cf_rls_k20_region_r_regionkey_33', 'cf_rls_k20_supplier_s_nationkey_34', 'cf_rls_k20_supplier_s_suppkey_35']
[q] db=tpch0_1 K=20 q=1 ours_count...
[q] db=tpch0_1 K=20 q=1 rls_count...
[q] db=tpch0_1 K=20 q=2 ours_count...
[q] db=tpch0_1 K=20 q=2 rls_count...
[q] db=tpch0_1 K=20 q=3 ours_count...
[q] db=tpch0_1 K=20 q=3 rls_count...
[q] db=tpch0_1 K=20 q=4 ours_count...
[q] db=tpch0_1 K=20 q=4 rls_count...
[q] db=tpch0_1 K=20 q=5 ours_count...
[q] db=tpch0_1 K=20 q=5 rls_count...
[q] db=tpch0_1 K=20 q=6 ours_count...
[q] db=tpch0_1 K=20 q=6 rls_count...
[q] db=tpch0_1 K=20 q=7 ours_count...
[q] db=tpch0_1 K=20 q=7 rls_count...
[q] db=tpch0_1 K=20 q=8 ours_count...
[q] db=tpch0_1 K=20 q=8 rls_count...
[q] db=tpch0_1 K=20 q=9 ours_count...
[q] db=tpch0_1 K=20 q=9 rls_count...
[q] db=tpch0_1 K=20 q=10 ours_count...
[q] db=tpch0_1 K=20 q=10 rls_count...
[q] db=tpch0_1 K=20 q=11 ours_count...
[q] db=tpch0_1 K=20 q=11 rls_count...
[q] db=tpch0_1 K=20 q=12 ours_count...
[q] db=tpch0_1 K=20 q=12 rls_count...
[q] db=tpch0_1 K=20 q=13 ours_count...
[q] db=tpch0_1 K=20 q=13 rls_count...
[q] db=tpch0_1 K=20 q=14 ours_count...
[q] db=tpch0_1 K=20 q=14 rls_count...
[q] db=tpch0_1 K=20 q=15 ours_count...
[q] db=tpch0_1 K=20 q=15 rls_count...
[q] db=tpch0_1 K=20 q=16 ours_count...
[q] db=tpch0_1 K=20 q=16 rls_count...
[q] db=tpch0_1 K=20 q=17 ours_count...
[q] db=tpch0_1 K=20 q=17 rls_count...
[q] db=tpch0_1 K=20 q=18 ours_count...
[q] db=tpch0_1 K=20 q=18 rls_count...
[q] db=tpch0_1 K=20 q=19 ours_count...
[q] db=tpch0_1 K=20 q=19 rls_count...
[q] db=tpch0_1 K=20 q=21 ours_count...
[q] db=tpch0_1 K=20 q=21 rls_count...
[q] db=tpch0_1 K=20 q=22 ours_count...
[q] db=tpch0_1 K=20 q=22 rls_count...
[K] done db=tpch0_1 K=20 ok=19 mismatch=2 error=0
[done] out_dir=logs/correctness_tpch0_1_k1_10_20_skipq20_20260210_133414
