SET
SET
SET
SET
LOAD
SET
SET
SET
SET
SET
psql:/home/nghosh/research/z3_lab/logs/tpch0_1_k20_strict_20260210_034223_step1a/q3_subset_trace.sql:12: NOTICE:  custom_filter: wrap rel=customer oid=16407 paths=3
psql:/home/nghosh/research/z3_lab/logs/tpch0_1_k20_strict_20260210_034223_step1a/q3_subset_trace.sql:12: NOTICE:  custom_filter: wrap rel=orders oid=16410 paths=5
psql:/home/nghosh/research/z3_lab/logs/tpch0_1_k20_strict_20260210_034223_step1a/q3_subset_trace.sql:12: NOTICE:  custom_filter: wrap rel=lineitem oid=16413 paths=3
psql:/home/nghosh/research/z3_lab/logs/tpch0_1_k20_strict_20260210_034223_step1a/q3_subset_trace.sql:12: NOTICE:  policy_eval: target=lineitem tokens=IDENT:lineitem.l_orderkey OP:= IDENT:orders.o_orderkey AND:and IDENT:orders.o_custkey OP:= IDENT:customer.c_custkey AND:and LPAREN:( IDENT:customer.c_mktsegment OP:= STRING:'AUTOMOBILE' OR:or IDENT:customer.c_mktsegment OP:= STRING:'BUILDING' RPAREN:) AND:and LPAREN:( IDENT:orders.o_orderstatus OP:= STRING:'F' OR:or IDENT:orders.o_totalprice OP:> NUMBER:50000 RPAREN:) AND:and IDENT:lineitem.l_discount OP:<= NUMBER:0.07
psql:/home/nghosh/research/z3_lab/logs/tpch0_1_k20_strict_20260210_034223_step1a/q3_subset_trace.sql:12: NOTICE:  policy_eval: target=lineitem tokens=IDENT:lineitem.l_orderkey OP:= IDENT:orders.o_orderkey AND:and IDENT:orders.o_custkey OP:= IDENT:customer.c_custkey AND:and IDENT:customer.c_nationkey OP:= IDENT:nation.n_nationkey AND:and IDENT:nation.n_regionkey OP:= IDENT:region.r_regionkey AND:and LPAREN:( IDENT:region.r_name OP:= STRING:'AMERICA' OR:or IDENT:region.r_name OP:= STRING:'EUROPE' RPAREN:) AND:and LPAREN:( LPAREN:( IDENT:orders.o_orderpriority OP:in LPAREN:( STRING:'1-URGENT' COMMA:, STRING:'2-HIGH' RPAREN:) AND:and IDENT:lineitem.l_quantity OP:<= NUMBER:20 RPAREN:) OR:or LPAREN:( IDENT:orders.o_orderstatus OP:= STRING:'O' AND:and IDENT:lineitem.l_quantity OP:<= NUMBER:10 RPAREN:) RPAREN:)
psql:/home/nghosh/research/z3_lab/logs/tpch0_1_k20_strict_20260210_034223_step1a/q3_subset_trace.sql:12: NOTICE:  policy_eval: target=lineitem tokens=IDENT:lineitem.l_suppkey OP:= IDENT:supplier.s_suppkey AND:and IDENT:supplier.s_nationkey OP:= IDENT:nation.n_nationkey AND:and IDENT:nation.n_regionkey OP:= IDENT:region.r_regionkey AND:and LPAREN:( IDENT:region.r_name OP:= STRING:'EUROPE' OR:or IDENT:region.r_name OP:= STRING:'ASIA' RPAREN:) AND:and LPAREN:( LPAREN:( IDENT:lineitem.l_discount OP:<= NUMBER:0.05 AND:and IDENT:lineitem.l_quantity OP:<= NUMBER:25 RPAREN:) OR:or LPAREN:( IDENT:lineitem.l_discount OP:<= NUMBER:0.07 AND:and IDENT:lineitem.l_quantity OP:<= NUMBER:10 RPAREN:) RPAREN:)
psql:/home/nghosh/research/z3_lab/logs/tpch0_1_k20_strict_20260210_034223_step1a/q3_subset_trace.sql:12: NOTICE:  policy_eval: target=lineitem tokens=IDENT:lineitem.l_partkey OP:= IDENT:part.p_partkey AND:and IDENT:lineitem.l_orderkey OP:= IDENT:orders.o_orderkey AND:and IDENT:orders.o_custkey OP:= IDENT:customer.c_custkey AND:and LPAREN:( IDENT:part.p_brand OP:in LPAREN:( STRING:'Brand#12' COMMA:, STRING:'Brand#23' RPAREN:) OR:or IDENT:part.p_brand OP:in LPAREN:( STRING:'Brand#34' COMMA:, STRING:'Brand#45' RPAREN:) RPAREN:) AND:and LPAREN:( IDENT:part.p_size OP:in LPAREN:( NUMBER:10 COMMA:, NUMBER:15 COMMA:, NUMBER:20 RPAREN:) OR:or IDENT:part.p_size OP:in LPAREN:( NUMBER:5 COMMA:, NUMBER:7 COMMA:, NUMBER:9 RPAREN:) RPAREN:) AND:and LPAREN:( IDENT:orders.o_orderstatus OP:= STRING:'F' OR:or IDENT:orders.o_totalprice OP:> NUMBER:30000 RPAREN:)
psql:/home/nghosh/research/z3_lab/logs/tpch0_1_k20_strict_20260210_034223_step1a/q3_subset_trace.sql:12: NOTICE:  policy_eval: target=lineitem join_classes=[0, 1, 2, 3, 4, 5]
psql:/home/nghosh/research/z3_lab/logs/tpch0_1_k20_strict_20260210_034223_step1a/q3_subset_trace.sql:12: NOTICE:  policy_eval: policy[1] target=lineitem expr=lineitem.l_orderkey = orders.o_orderkey AND orders.o_custkey = customer.c_custkey AND (customer.c_mktsegment = 'AUTOMOBILE' OR customer.c_mktsegment = 'BUILDING') AND (orders.o_orderstatus = 'F' OR orders.o_totalprice > 50000) AND lineitem.l_discount <= 0.07 ast=y22 and y20 and (y1 or y2) and (y9 or y12) and y4
psql:/home/nghosh/research/z3_lab/logs/tpch0_1_k20_strict_20260210_034223_step1a/q3_subset_trace.sql:12: NOTICE:  policy_eval: policy[2] target=lineitem expr=lineitem.l_orderkey = orders.o_orderkey AND orders.o_custkey = customer.c_custkey AND customer.c_nationkey = nation.n_nationkey AND nation.n_regionkey = region.r_regionkey AND (region.r_name = 'AMERICA' OR region.r_name = 'EUROPE') AND ((orders.o_orderpriority IN ('1-URGENT','2-HIGH') AND lineitem.l_quantity <= 20) OR (orders.o_orderstatus = 'O' AND lineitem.l_quantity <= 10)) ast=y22 and y20 and y21 and y26 and (y17 or y19) and (y8 and y6 or y10 and y5)
psql:/home/nghosh/research/z3_lab/logs/tpch0_1_k20_strict_20260210_034223_step1a/q3_subset_trace.sql:12: NOTICE:  policy_eval: policy[3] target=lineitem expr=lineitem.l_suppkey = supplier.s_suppkey AND supplier.s_nationkey = nation.n_nationkey AND nation.n_regionkey = region.r_regionkey AND (region.r_name = 'EUROPE' OR region.r_name = 'ASIA') AND ((lineitem.l_discount <= 0.05 AND lineitem.l_quantity <= 25) OR (lineitem.l_discount <= 0.07 AND lineitem.l_quantity <= 10)) ast=y24 and y25 and y26 and (y19 or y18) and (y3 and y7 or y4 and y5)
psql:/home/nghosh/research/z3_lab/logs/tpch0_1_k20_strict_20260210_034223_step1a/q3_subset_trace.sql:12: NOTICE:  policy_eval: policy[4] target=lineitem expr=lineitem.l_partkey = part.p_partkey AND lineitem.l_orderkey = orders.o_orderkey AND orders.o_custkey = customer.c_custkey AND (part.p_brand IN ('Brand#12','Brand#23') OR part.p_brand IN ('Brand#34','Brand#45')) AND (part.p_size IN (10,15,20) OR part.p_size IN (5,7,9)) AND (orders.o_orderstatus = 'F' OR orders.o_totalprice > 30000) ast=y23 and y22 and y20 and (y13 or y14) and (y15 or y16) and (y9 or y11)
psql:/home/nghosh/research/z3_lab/logs/tpch0_1_k20_strict_20260210_034223_step1a/q3_subset_trace.sql:12: NOTICE:  policy_eval: atom y1 = const:customer.c_mktsegment|=|AUTOMOBILE
psql:/home/nghosh/research/z3_lab/logs/tpch0_1_k20_strict_20260210_034223_step1a/q3_subset_trace.sql:12: NOTICE:  policy_eval: atom y2 = const:customer.c_mktsegment|=|BUILDING
psql:/home/nghosh/research/z3_lab/logs/tpch0_1_k20_strict_20260210_034223_step1a/q3_subset_trace.sql:12: NOTICE:  policy_eval: atom y3 = const:lineitem.l_discount|<=|0.05
psql:/home/nghosh/research/z3_lab/logs/tpch0_1_k20_strict_20260210_034223_step1a/q3_subset_trace.sql:12: NOTICE:  policy_eval: atom y4 = const:lineitem.l_discount|<=|0.07
psql:/home/nghosh/research/z3_lab/logs/tpch0_1_k20_strict_20260210_034223_step1a/q3_subset_trace.sql:12: NOTICE:  policy_eval: atom y5 = const:lineitem.l_quantity|<=|10
psql:/home/nghosh/research/z3_lab/logs/tpch0_1_k20_strict_20260210_034223_step1a/q3_subset_trace.sql:12: NOTICE:  policy_eval: atom y6 = const:lineitem.l_quantity|<=|20
psql:/home/nghosh/research/z3_lab/logs/tpch0_1_k20_strict_20260210_034223_step1a/q3_subset_trace.sql:12: NOTICE:  policy_eval: atom y7 = const:lineitem.l_quantity|<=|25
psql:/home/nghosh/research/z3_lab/logs/tpch0_1_k20_strict_20260210_034223_step1a/q3_subset_trace.sql:12: NOTICE:  policy_eval: atom y8 = const:orders.o_orderpriority|in|1-URGENT,2-HIGH
psql:/home/nghosh/research/z3_lab/logs/tpch0_1_k20_strict_20260210_034223_step1a/q3_subset_trace.sql:12: NOTICE:  policy_eval: atom y9 = const:orders.o_orderstatus|=|F
psql:/home/nghosh/research/z3_lab/logs/tpch0_1_k20_strict_20260210_034223_step1a/q3_subset_trace.sql:12: NOTICE:  policy_eval: atom y10 = const:orders.o_orderstatus|=|O
psql:/home/nghosh/research/z3_lab/logs/tpch0_1_k20_strict_20260210_034223_step1a/q3_subset_trace.sql:12: NOTICE:  policy_eval: atom y11 = const:orders.o_totalprice|>|30000
psql:/home/nghosh/research/z3_lab/logs/tpch0_1_k20_strict_20260210_034223_step1a/q3_subset_trace.sql:12: NOTICE:  policy_eval: atom y12 = const:orders.o_totalprice|>|50000
psql:/home/nghosh/research/z3_lab/logs/tpch0_1_k20_strict_20260210_034223_step1a/q3_subset_trace.sql:12: NOTICE:  policy_eval: atom y13 = const:part.p_brand|in|Brand#12,Brand#23
psql:/home/nghosh/research/z3_lab/logs/tpch0_1_k20_strict_20260210_034223_step1a/q3_subset_trace.sql:12: NOTICE:  policy_eval: atom y14 = const:part.p_brand|in|Brand#34,Brand#45
psql:/home/nghosh/research/z3_lab/logs/tpch0_1_k20_strict_20260210_034223_step1a/q3_subset_trace.sql:12: NOTICE:  policy_eval: atom y15 = const:part.p_size|in|10,15,20
psql:/home/nghosh/research/z3_lab/logs/tpch0_1_k20_strict_20260210_034223_step1a/q3_subset_trace.sql:12: NOTICE:  policy_eval: atom y16 = const:part.p_size|in|5,7,9
psql:/home/nghosh/research/z3_lab/logs/tpch0_1_k20_strict_20260210_034223_step1a/q3_subset_trace.sql:12: NOTICE:  policy_eval: atom y17 = const:region.r_name|=|AMERICA
psql:/home/nghosh/research/z3_lab/logs/tpch0_1_k20_strict_20260210_034223_step1a/q3_subset_trace.sql:12: NOTICE:  policy_eval: atom y18 = const:region.r_name|=|ASIA
psql:/home/nghosh/research/z3_lab/logs/tpch0_1_k20_strict_20260210_034223_step1a/q3_subset_trace.sql:12: NOTICE:  policy_eval: atom y19 = const:region.r_name|=|EUROPE
psql:/home/nghosh/research/z3_lab/logs/tpch0_1_k20_strict_20260210_034223_step1a/q3_subset_trace.sql:12: NOTICE:  policy_eval: atom y20 = join:customer.c_custkey=orders.o_custkey
psql:/home/nghosh/research/z3_lab/logs/tpch0_1_k20_strict_20260210_034223_step1a/q3_subset_trace.sql:12: NOTICE:  policy_eval: atom y21 = join:customer.c_nationkey=nation.n_nationkey
psql:/home/nghosh/research/z3_lab/logs/tpch0_1_k20_strict_20260210_034223_step1a/q3_subset_trace.sql:12: NOTICE:  policy_eval: atom y22 = join:lineitem.l_orderkey=orders.o_orderkey
psql:/home/nghosh/research/z3_lab/logs/tpch0_1_k20_strict_20260210_034223_step1a/q3_subset_trace.sql:12: NOTICE:  policy_eval: atom y23 = join:lineitem.l_partkey=part.p_partkey
psql:/home/nghosh/research/z3_lab/logs/tpch0_1_k20_strict_20260210_034223_step1a/q3_subset_trace.sql:12: NOTICE:  policy_eval: atom y24 = join:lineitem.l_suppkey=supplier.s_suppkey
psql:/home/nghosh/research/z3_lab/logs/tpch0_1_k20_strict_20260210_034223_step1a/q3_subset_trace.sql:12: NOTICE:  policy_eval: atom y25 = join:nation.n_nationkey=supplier.s_nationkey
psql:/home/nghosh/research/z3_lab/logs/tpch0_1_k20_strict_20260210_034223_step1a/q3_subset_trace.sql:12: NOTICE:  policy_eval: atom y26 = join:nation.n_regionkey=region.r_regionkey
psql:/home/nghosh/research/z3_lab/logs/tpch0_1_k20_strict_20260210_034223_step1a/q3_subset_trace.sql:12: NOTICE:  policy_eval: combined_ast target=lineitem ast=y22 and y20 and (y1 or y2) and (y9 or y12) and y4 and y22 and y20 and y21 and y26 and (y17 or y19) and (y8 and y6 or y10 and y5) and y24 and y25 and y26 and (y19 or y18) and (y3 and y7 or y4 and y5) and y23 and y22 and y20 and (y13 or y14) and (y15 or y16) and (y9 or y11)
psql:/home/nghosh/research/z3_lab/logs/tpch0_1_k20_strict_20260210_034223_step1a/q3_subset_trace.sql:12: NOTICE:  policy_eval: closure_count=7
psql:/home/nghosh/research/z3_lab/logs/tpch0_1_k20_strict_20260210_034223_step1a/q3_subset_trace.sql:12: NOTICE:  custom_filter: needed_files = [customer_code_base, customer_ctid, dict/customer/c_mktsegment, dict/lineitem/l_discount, dict/lineitem/l_quantity, dict/orders/o_orderpriority, dict/orders/o_orderstatus, dict/orders/o_totalprice, dict/part/p_brand, dict/part/p_size, dict/region/r_name, lineitem_code_base, lineitem_ctid, meta/cols/customer, meta/cols/lineitem, meta/cols/nation, meta/cols/orders, meta/cols/part, meta/cols/region, meta/cols/supplier, meta/dict_sorted/customer/c_mktsegment, meta/dict_sorted/lineitem/l_discount, meta/dict_sorted/lineitem/l_quantity, meta/dict_sorted/orders/o_orderpriority, meta/dict_sorted/orders/o_orderstatus, meta/dict_sorted/orders/o_totalprice, meta/dict_sorted/part/p_brand, meta/dict_sorted/part/p_size, meta/dict_sorted/region/r_name, meta/dict_type/customer/c_mktsegment, meta/dict_type/lineitem/l_discount, meta/dict_type/lineitem/l_quantity, meta/dict_type/orders/o_orderpriority, meta/dict_type/orders/o_orderstatus, meta/dict_type/orders/o_totalprice, meta/dict_type/part/p_brand, meta/dict_type/part/p_size, meta/dict_type/region/r_name, meta/join_classes, nation_code_base, nation_ctid, orders_code_base, orders_ctid, part_code_base, part_ctid, region_code_base, region_ctid, supplier_code_base, supplier_ctid]
psql:/home/nghosh/research/z3_lab/logs/tpch0_1_k20_strict_20260210_034223_step1a/q3_subset_trace.sql:12: NOTICE:  custom_filter: policy_targets = [lineitem]
psql:/home/nghosh/research/z3_lab/logs/tpch0_1_k20_strict_20260210_034223_step1a/q3_subset_trace.sql:12: NOTICE:  policy_eval: target_tables=[lineitem]
psql:/home/nghosh/research/z3_lab/logs/tpch0_1_k20_strict_20260210_034223_step1a/q3_subset_trace.sql:12: NOTICE:  policy_eval: combined_ast target=lineitem ast=y22 and y20 and (y1 or y2) and (y9 or y12) and y4 and y22 and y20 and y21 and y26 and (y17 or y19) and (y8 and y6 or y10 and y5) and y24 and y25 and y26 and (y19 or y18) and (y3 and y7 or y4 and y5) and y23 and y22 and y20 and (y13 or y14) and (y15 or y16) and (y9 or y11)
psql:/home/nghosh/research/z3_lab/logs/tpch0_1_k20_strict_20260210_034223_step1a/q3_subset_trace.sql:12: NOTICE:  custom_filter: scanned_tables = [orders, customer, lineitem]
psql:/home/nghosh/research/z3_lab/logs/tpch0_1_k20_strict_20260210_034223_step1a/q3_subset_trace.sql:12: NOTICE:  custom_filter: table=orders filter=off
psql:/home/nghosh/research/z3_lab/logs/tpch0_1_k20_strict_20260210_034223_step1a/q3_subset_trace.sql:12: NOTICE:  custom_filter: table=customer filter=off
psql:/home/nghosh/research/z3_lab/logs/tpch0_1_k20_strict_20260210_034223_step1a/q3_subset_trace.sql:12: NOTICE:  custom_filter: table=lineitem filter=on
psql:/home/nghosh/research/z3_lab/logs/tpch0_1_k20_strict_20260210_034223_step1a/q3_subset_trace.sql:12: NOTICE:  custom_filter: artifact_load_ms=61.728
psql:/home/nghosh/research/z3_lab/logs/tpch0_1_k20_strict_20260210_034223_step1a/q3_subset_trace.sql:12: NOTICE:  custom_filter: calling policy_run once target_count=1 atom_count=26
psql:/home/nghosh/research/z3_lab/logs/tpch0_1_k20_strict_20260210_034223_step1a/q3_subset_trace.sql:12: NOTICE:  policy: load_ms=6.048
psql:/home/nghosh/research/z3_lab/logs/tpch0_1_k20_strict_20260210_034223_step1a/q3_subset_trace.sql:12: NOTICE:  policy: allow_lineitem count = 6 / 600572
psql:/home/nghosh/research/z3_lab/logs/tpch0_1_k20_strict_20260210_034223_step1a/q3_subset_trace.sql:12: NOTICE:  policy: total_ms=84.265
psql:/home/nghosh/research/z3_lab/logs/tpch0_1_k20_strict_20260210_034223_step1a/q3_subset_trace.sql:12: NOTICE:  policy_profile_bundle: bundle=1 target=lineitem K=0 query= local={,total_ms=0.000} prop={iter=0,ms=0.000,classes=[]} decode={lineitem:6/600572,ms=0.000,total_ms=0.000} total_ms=84.265
psql:/home/nghosh/research/z3_lab/logs/tpch0_1_k20_strict_20260210_034223_step1a/q3_subset_trace.sql:12: NOTICE:  custom_filter: allow_lineitem count=6/600572
psql:/home/nghosh/research/z3_lab/logs/tpch0_1_k20_strict_20260210_034223_step1a/q3_subset_trace.sql:12: NOTICE:  custom_filter: allow_lineitem popcount=6/600572
psql:/home/nghosh/research/z3_lab/logs/tpch0_1_k20_strict_20260210_034223_step1a/q3_subset_trace.sql:12: NOTICE:  custom_filter: ctid_map[0]=(0,1)->0
psql:/home/nghosh/research/z3_lab/logs/tpch0_1_k20_strict_20260210_034223_step1a/q3_subset_trace.sql:12: NOTICE:  custom_filter: ctid_map[1]=(0,2)->1
psql:/home/nghosh/research/z3_lab/logs/tpch0_1_k20_strict_20260210_034223_step1a/q3_subset_trace.sql:12: NOTICE:  custom_filter: ctid_map[2]=(0,3)->2
psql:/home/nghosh/research/z3_lab/logs/tpch0_1_k20_strict_20260210_034223_step1a/q3_subset_trace.sql:12: NOTICE:  custom_filter: ctid_map[3]=(0,4)->3
psql:/home/nghosh/research/z3_lab/logs/tpch0_1_k20_strict_20260210_034223_step1a/q3_subset_trace.sql:12: NOTICE:  custom_filter: ctid_map[4]=(0,5)->4
psql:/home/nghosh/research/z3_lab/logs/tpch0_1_k20_strict_20260210_034223_step1a/q3_subset_trace.sql:12: NOTICE:  custom_filter: ctid_index_ms=2.660 rel=lineitem
psql:/home/nghosh/research/z3_lab/logs/tpch0_1_k20_strict_20260210_034223_step1a/q3_subset_trace.sql:12: NOTICE:  custom_filter: lineitem_ctid head [0,1 0,2 0,3 0,4 0,5]
psql:/home/nghosh/research/z3_lab/logs/tpch0_1_k20_strict_20260210_034223_step1a/q3_subset_trace.sql:12: NOTICE:  custom_filter: retain rel=lineitem allow=75072B ctid=4804576B blk_index=1584188B
psql:/home/nghosh/research/z3_lab/logs/tpch0_1_k20_strict_20260210_034223_step1a/q3_subset_trace.sql:12: NOTICE:  custom_filter: retain total allow=75072B ctid=4804576B blk_index=1584188B
psql:/home/nghosh/research/z3_lab/logs/tpch0_1_k20_strict_20260210_034223_step1a/q3_subset_trace.sql:12: NOTICE:  custom_filter exec: rel=orders oid=16410 seen=73068 passed=73068 misses=0 mode=trace
psql:/home/nghosh/research/z3_lab/logs/tpch0_1_k20_strict_20260210_034223_step1a/q3_subset_trace.sql:12: NOTICE:  custom_filter: row validation time = 30.780 ms
psql:/home/nghosh/research/z3_lab/logs/tpch0_1_k20_strict_20260210_034223_step1a/q3_subset_trace.sql:12: NOTICE:  custom_filter exec: rel=customer oid=16407 seen=2888 passed=2888 misses=0 mode=trace
psql:/home/nghosh/research/z3_lab/logs/tpch0_1_k20_strict_20260210_034223_step1a/q3_subset_trace.sql:12: NOTICE:  custom_filter: row validation time = 1.312 ms
psql:/home/nghosh/research/z3_lab/logs/tpch0_1_k20_strict_20260210_034223_step1a/q3_subset_trace.sql:12: NOTICE:  custom_filter exec: rel=lineitem oid=16413 seen=3023 passed=0 misses=0 mode=trace
psql:/home/nghosh/research/z3_lab/logs/tpch0_1_k20_strict_20260210_034223_step1a/q3_subset_trace.sql:12: NOTICE:  custom_filter: row validation time = 49.667 ms
psql:/home/nghosh/research/z3_lab/logs/tpch0_1_k20_strict_20260210_034223_step1a/q3_subset_trace.sql:12: NOTICE:  policy_profile: eval_ms=0.880 artifact_load_ms=61.728 artifact_parse_ms=6.048 stamp_ms=0.000 bin_ms=0.000 local_sat_ms=0.000 prop_ms=0.000 prop_iters=0 decode_ms=0.000 policy_total_ms=84.265 ctid_map_ms=2.660 filter_ms=81.758 child_exec_ms=66.885 ctid_extract_ms=0.416 ctid_to_rid_ms=0.165 allow_check_ms=0.083 projection_ms=6.710 n_scanned_tables=3 n_policy_targets=1 n_filters=1 bytes_artifacts_loaded=26768752 bytes_allow=75072 bytes_ctid=4804576 bytes_blk_index=1584188 rows_seen=78979 rows_passed=75956 ctid_misses=0 rss_kb_before_eval=31964 rss_kb_after_eval=32512 rss_kb_after_load=94484 rss_kb_after_engine=102648 rss_kb_after_ctid=102648 rss_kb_end=174496 peak_rss_kb_end=175412
psql:/home/nghosh/research/z3_lab/logs/tpch0_1_k20_strict_20260210_034223_step1a/q3_subset_trace.sql:12: NOTICE:  policy_profile_query: K=0 query_id= total_ms=84.265 local_ms=0.000 prop_ms=0.000 decode_ms=0.000 sat_calls=0 cache_hits=0 closure_tables=7 filtered_targets=1
 count 
-------
     0
(1 row)

