SET
SET
SET
DROP VIEW
CREATE VIEW
                                                                                                                                                                                                        QUERY PLAN                                                                                                                                                                                                        
--------------------------------------------------------------------------------------------------------------------------------------------------------------------------------------------------------------------------------------------------------------------------------------------------------------------------------------------------------------------------------------------------------------------------
 Aggregate
   Output: count(*)
   InitPlan 1 (returns $0)
     ->  Aggregate
           Output: max((sum((lineitem_1.l_extendedprice * ('1'::numeric - lineitem_1.l_discount)))))
           ->  HashAggregate
                 Output: lineitem_1.l_suppkey, sum((lineitem_1.l_extendedprice * ('1'::numeric - lineitem_1.l_discount)))
                 Group Key: lineitem_1.l_suppkey
                 ->  Seq Scan on public.lineitem lineitem_1
                       Output: lineitem_1.l_orderkey, lineitem_1.l_partkey, lineitem_1.l_suppkey, lineitem_1.l_linenumber, lineitem_1.l_quantity, lineitem_1.l_extendedprice, lineitem_1.l_discount, lineitem_1.l_tax, lineitem_1.l_returnflag, lineitem_1.l_linestatus, lineitem_1.l_shipdate, lineitem_1.l_commitdate, lineitem_1.l_receiptdate, lineitem_1.l_shipinstruct, lineitem_1.l_shipmode, lineitem_1.l_comment
                       Filter: ((lineitem_1.l_shipdate >= '1996-10-01'::date) AND (lineitem_1.l_shipdate < '1997-01-01 00:00:00'::timestamp without time zone))
   ->  Nested Loop
         ->  HashAggregate
               Output: lineitem.l_suppkey, NULL::numeric
               Group Key: lineitem.l_suppkey
               Filter: (sum((lineitem.l_extendedprice * ('1'::numeric - lineitem.l_discount))) = $0)
               ->  Seq Scan on public.lineitem
                     Output: lineitem.l_orderkey, lineitem.l_partkey, lineitem.l_suppkey, lineitem.l_linenumber, lineitem.l_quantity, lineitem.l_extendedprice, lineitem.l_discount, lineitem.l_tax, lineitem.l_returnflag, lineitem.l_linestatus, lineitem.l_shipdate, lineitem.l_commitdate, lineitem.l_receiptdate, lineitem.l_shipinstruct, lineitem.l_shipmode, lineitem.l_comment
                     Filter: ((lineitem.l_shipdate >= '1996-10-01'::date) AND (lineitem.l_shipdate < '1997-01-01 00:00:00'::timestamp without time zone))
         ->  Index Scan using cf_rls_k20_supplier_s_suppkey_35 on public.supplier
               Output: supplier.s_suppkey, supplier.s_name, supplier.s_address, supplier.s_nationkey, supplier.s_phone, supplier.s_acctbal, supplier.s_comment
               Index Cond: (supplier.s_suppkey = lineitem.l_suppkey)
(22 rows)

DROP VIEW
