Timing is on.
SET
Time: 0.129 ms
SET
Time: 0.039 ms
SET
Time: 0.034 ms
SET
Time: 0.041 ms
LOAD
Time: 2.089 ms
SET
Time: 0.063 ms
SET
Time: 0.039 ms
SET
Time: 0.035 ms
SET
Time: 0.034 ms
psql:/home/nghosh/research/z3_lab/logs/tpch0_1_k20_fix_20260209_101819/q15_fb_ours.sql:26: NOTICE:  policy_profile: eval_ms=1.047 artifact_load_ms=99.770 artifact_parse_ms=10.047 stamp_ms=4.814 bin_ms=0.428 local_sat_ms=10.274 prop_ms=0.000 prop_iters=0 decode_ms=0.000 policy_total_ms=181.031 ctid_map_ms=2.558 filter_ms=74.576 child_exec_ms=67.725 ctid_extract_ms=2.794 ctid_to_rid_ms=0.700 allow_check_ms=0.498 projection_ms=0.000 n_scanned_tables=2 n_policy_targets=3 n_filters=1 bytes_artifacts_loaded=43691660 bytes_allow=75072 bytes_ctid=4804576 bytes_blk_index=1584188 rows_seen=23006 rows_passed=0 ctid_misses=0 rss_kb_before_eval=-1 rss_kb_after_eval=-1 rss_kb_after_load=-1 rss_kb_after_engine=-1 rss_kb_after_ctid=-1 rss_kb_end=-1 peak_rss_kb_end=-1
 cnt 
-----
   0
(1 row)

Time: 368.921 ms
