Timing is on.
SET
Time: 0.124 ms
SET
Time: 0.043 ms
SET
Time: 0.034 ms
SET
Time: 0.038 ms
LOAD
Time: 2.093 ms
SET
Time: 0.065 ms
SET
Time: 0.036 ms
SET
Time: 0.034 ms
SET
Time: 0.033 ms
psql:/home/nghosh/research/z3_lab/logs/tpch0_1_k20_fix_20260209_101819/q15_fb_ours.sql:26: NOTICE:  policy_profile: eval_ms=1.052 artifact_load_ms=97.257 artifact_parse_ms=9.656 stamp_ms=4.782 bin_ms=0.432 local_sat_ms=10.215 prop_ms=0.000 prop_iters=0 decode_ms=0.000 policy_total_ms=181.213 ctid_map_ms=2.573 filter_ms=74.165 child_exec_ms=67.325 ctid_extract_ms=2.795 ctid_to_rid_ms=0.699 allow_check_ms=0.495 projection_ms=0.000 n_scanned_tables=2 n_policy_targets=3 n_filters=1 bytes_artifacts_loaded=43691660 bytes_allow=75072 bytes_ctid=4804576 bytes_blk_index=1584188 rows_seen=23006 rows_passed=0 ctid_misses=0 rss_kb_before_eval=-1 rss_kb_after_eval=-1 rss_kb_after_load=-1 rss_kb_after_engine=-1 rss_kb_after_ctid=-1 rss_kb_end=-1 peak_rss_kb_end=-1
 cnt 
-----
   0
(1 row)

Time: 365.956 ms
