Timing is on.
SET
Time: 0.116 ms
SET
Time: 0.043 ms
SET
Time: 0.032 ms
SET
Time: 0.037 ms
LOAD
Time: 1.893 ms
SET
Time: 0.057 ms
SET
Time: 0.035 ms
SET
Time: 0.034 ms
SET
Time: 0.033 ms
psql:/home/nghosh/research/z3_lab/logs/tpch0_1_k20_fix_20260209_101819/q15_fb_ours.sql:26: NOTICE:  policy_profile: eval_ms=0.882 artifact_load_ms=97.361 artifact_parse_ms=10.277 stamp_ms=4.758 bin_ms=0.431 local_sat_ms=10.213 prop_ms=0.000 prop_iters=0 decode_ms=0.000 policy_total_ms=180.215 ctid_map_ms=2.519 filter_ms=74.365 child_exec_ms=67.507 ctid_extract_ms=2.798 ctid_to_rid_ms=0.709 allow_check_ms=0.496 projection_ms=0.000 n_scanned_tables=2 n_policy_targets=3 n_filters=1 bytes_artifacts_loaded=43691660 bytes_allow=75072 bytes_ctid=4804576 bytes_blk_index=1584188 rows_seen=23006 rows_passed=0 ctid_misses=0 rss_kb_before_eval=-1 rss_kb_after_eval=-1 rss_kb_after_load=-1 rss_kb_after_engine=-1 rss_kb_after_ctid=-1 rss_kb_end=-1 peak_rss_kb_end=-1
 cnt 
-----
   0
(1 row)

Time: 364.377 ms
