Timing is on.
SET
Time: 0.117 ms
SET
Time: 0.037 ms
SET
Time: 0.032 ms
SET
Time: 0.038 ms
LOAD
Time: 1.894 ms
SET
Time: 0.061 ms
SET
Time: 0.036 ms
SET
Time: 0.034 ms
SET
Time: 0.033 ms
psql:/home/nghosh/research/z3_lab/logs/tpch0_1_k20_fix_20260209_101819/q15_fb_ours.sql:26: ERROR:  custom_filter[engine_error]: missing allow_bits for policy-required table rel=lineitem
psql:/home/nghosh/research/z3_lab/logs/tpch0_1_k20_fix_20260209_101819/q15_fb_ours.sql:26: NOTICE:  policy_profile: eval_ms=0.866 artifact_load_ms=96.349 artifact_parse_ms=9.743 stamp_ms=4.352 bin_ms=0.439 local_sat_ms=10.263 prop_ms=0.000 prop_iters=0 decode_ms=0.000 policy_total_ms=172.586 ctid_map_ms=2.703 filter_ms=0.000 child_exec_ms=0.000 ctid_extract_ms=0.000 ctid_to_rid_ms=0.000 allow_check_ms=0.000 projection_ms=0.000 n_scanned_tables=2 n_policy_targets=3 n_filters=1 bytes_artifacts_loaded=43691660 bytes_allow=75072 bytes_ctid=4804576 bytes_blk_index=1584188 rows_seen=0 rows_passed=0 ctid_misses=0 rss_kb_before_eval=-1 rss_kb_after_eval=-1 rss_kb_after_load=-1 rss_kb_after_engine=-1 rss_kb_after_ctid=-1 rss_kb_end=-1 peak_rss_kb_end=-1
Time: 281.852 ms
