[db] start db=tpch0_1
[policy_set] db=tpch0_1 K=1 enabled_ids=[1]
[setup_ours] K=1 setup_ms=705.049 disk=10810396
[CF_RLS_DUMP] tag=post_create db=tpch0_1
[CF_RLS_DUMP] current_user=postgres session_user=postgres
[CF_RLS_DUMP] row_security=on
[CF_RLS_DUMP] role rolname=postgres rolsuper=True rolbypassrls=True
[CF_RLS_DUMP] rel relname=customer relrowsecurity=False relforcerowsecurity=False
[CF_RLS_DUMP] rel relname=lineitem relrowsecurity=True relforcerowsecurity=False
[CF_RLS_DUMP] rel relname=orders relrowsecurity=False relforcerowsecurity=False
[CF_RLS_DUMP] policy tablename=lineitem policyname=cf_p1 permissive=PERMISSIVE roles=['rls_user'] qual=((l_returnflag = 'R'::bpchar) OR (l_linestatus = 'F'::bpchar))
[index_infer] K=1 specs=['lineitem.l_linestatus', 'lineitem.l_returnflag']
[setup_rls] K=1 setup_ms=469.101 disk=8372224 indexes=['cf_rls_k1_lineitem_l_linestatus_1', 'cf_rls_k1_lineitem_l_returnflag_2']
[correctness_sample] db=tpch0_1 K=1 queries=['1', '3', '6', '13']
[progress] db=tpch0_1 K=1 baseline=ours query=1
[progress] db=tpch0_1 K=1 baseline=rls_with_index query=1
[CF_RLS_DUMP] tag=pre_query db=tpch0_1 baseline=rls_with_index q=1
[CF_RLS_DUMP] current_user=rls_user session_user=rls_user
[CF_RLS_DUMP] row_security=on
[CF_RLS_DUMP] role rolname=rls_user rolsuper=False rolbypassrls=False
[CF_RLS_DUMP] rel relname=customer relrowsecurity=False relforcerowsecurity=False
[CF_RLS_DUMP] rel relname=lineitem relrowsecurity=True relforcerowsecurity=False
[CF_RLS_DUMP] rel relname=orders relrowsecurity=False relforcerowsecurity=False
[CF_RLS_DUMP] policy tablename=lineitem policyname=cf_p1 permissive=PERMISSIVE roles=['rls_user'] qual=((l_returnflag = 'R'::bpchar) OR (l_linestatus = 'F'::bpchar))
[progress] db=tpch0_1 K=1 baseline=ours query=3
[progress] db=tpch0_1 K=1 baseline=rls_with_index query=3
[CF_RLS_DUMP] tag=pre_query db=tpch0_1 baseline=rls_with_index q=3
[CF_RLS_DUMP] current_user=rls_user session_user=rls_user
[CF_RLS_DUMP] row_security=on
[CF_RLS_DUMP] role rolname=rls_user rolsuper=False rolbypassrls=False
[CF_RLS_DUMP] rel relname=customer relrowsecurity=False relforcerowsecurity=False
[CF_RLS_DUMP] rel relname=lineitem relrowsecurity=True relforcerowsecurity=False
[CF_RLS_DUMP] rel relname=orders relrowsecurity=False relforcerowsecurity=False
[CF_RLS_DUMP] policy tablename=lineitem policyname=cf_p1 permissive=PERMISSIVE roles=['rls_user'] qual=((l_returnflag = 'R'::bpchar) OR (l_linestatus = 'F'::bpchar))
[progress] db=tpch0_1 K=1 baseline=ours query=6
[progress] db=tpch0_1 K=1 baseline=rls_with_index query=6
[CF_RLS_DUMP] tag=pre_query db=tpch0_1 baseline=rls_with_index q=6
[CF_RLS_DUMP] current_user=rls_user session_user=rls_user
[CF_RLS_DUMP] row_security=on
[CF_RLS_DUMP] role rolname=rls_user rolsuper=False rolbypassrls=False
[CF_RLS_DUMP] rel relname=customer relrowsecurity=False relforcerowsecurity=False
[CF_RLS_DUMP] rel relname=lineitem relrowsecurity=True relforcerowsecurity=False
[CF_RLS_DUMP] rel relname=orders relrowsecurity=False relforcerowsecurity=False
[CF_RLS_DUMP] policy tablename=lineitem policyname=cf_p1 permissive=PERMISSIVE roles=['rls_user'] qual=((l_returnflag = 'R'::bpchar) OR (l_linestatus = 'F'::bpchar))
[progress] db=tpch0_1 K=1 baseline=ours query=13
[progress] db=tpch0_1 K=1 baseline=rls_with_index query=13
[CF_RLS_DUMP] tag=pre_query db=tpch0_1 baseline=rls_with_index q=13
[CF_RLS_DUMP] current_user=rls_user session_user=rls_user
[CF_RLS_DUMP] row_security=on
[CF_RLS_DUMP] role rolname=rls_user rolsuper=False rolbypassrls=False
[CF_RLS_DUMP] rel relname=customer relrowsecurity=False relforcerowsecurity=False
[CF_RLS_DUMP] rel relname=lineitem relrowsecurity=True relforcerowsecurity=False
[CF_RLS_DUMP] rel relname=orders relrowsecurity=False relforcerowsecurity=False
[CF_RLS_DUMP] policy tablename=lineitem policyname=cf_p1 permissive=PERMISSIVE roles=['rls_user'] qual=((l_returnflag = 'R'::bpchar) OR (l_linestatus = 'F'::bpchar))
[CF_RLS_DUMP] tag=pre_count_query db=tpch0_1 baseline=rls_with_index
[CF_RLS_DUMP] current_user=rls_user session_user=rls_user
[CF_RLS_DUMP] row_security=on
[CF_RLS_DUMP] role rolname=rls_user rolsuper=False rolbypassrls=False
[CF_RLS_DUMP] rel relname=customer relrowsecurity=False relforcerowsecurity=False
[CF_RLS_DUMP] rel relname=lineitem relrowsecurity=True relforcerowsecurity=False
[CF_RLS_DUMP] rel relname=orders relrowsecurity=False relforcerowsecurity=False
[CF_RLS_DUMP] policy tablename=lineitem policyname=cf_p1 permissive=PERMISSIVE roles=['rls_user'] qual=((l_returnflag = 'R'::bpchar) OR (l_linestatus = 'F'::bpchar))
[CF_RLS_DUMP] tag=pre_count_query db=tpch0_1 baseline=rls_with_index
[CF_RLS_DUMP] current_user=rls_user session_user=rls_user
[CF_RLS_DUMP] row_security=on
[CF_RLS_DUMP] role rolname=rls_user rolsuper=False rolbypassrls=False
[CF_RLS_DUMP] rel relname=customer relrowsecurity=False relforcerowsecurity=False
[CF_RLS_DUMP] rel relname=lineitem relrowsecurity=True relforcerowsecurity=False
[CF_RLS_DUMP] rel relname=orders relrowsecurity=False relforcerowsecurity=False
[CF_RLS_DUMP] policy tablename=lineitem policyname=cf_p1 permissive=PERMISSIVE roles=['rls_user'] qual=((l_returnflag = 'R'::bpchar) OR (l_linestatus = 'F'::bpchar))
[CF_RLS_DUMP] tag=pre_count_sql db=tpch0_1 baseline=rls_with_index
[CF_RLS_DUMP] current_user=rls_user session_user=rls_user
[CF_RLS_DUMP] row_security=on
[CF_RLS_DUMP] role rolname=rls_user rolsuper=False rolbypassrls=False
[CF_RLS_DUMP] rel relname=customer relrowsecurity=False relforcerowsecurity=False
[CF_RLS_DUMP] rel relname=lineitem relrowsecurity=True relforcerowsecurity=False
[CF_RLS_DUMP] rel relname=orders relrowsecurity=False relforcerowsecurity=False
[CF_RLS_DUMP] policy tablename=lineitem policyname=cf_p1 permissive=PERMISSIVE roles=['rls_user'] qual=((l_returnflag = 'R'::bpchar) OR (l_linestatus = 'F'::bpchar))
[CF_RLS_DUMP] tag=pre_count_query db=tpch0_1 baseline=rls_with_index
[CF_RLS_DUMP] current_user=rls_user session_user=rls_user
[CF_RLS_DUMP] row_security=on
[CF_RLS_DUMP] role rolname=rls_user rolsuper=False rolbypassrls=False
[CF_RLS_DUMP] rel relname=customer relrowsecurity=False relforcerowsecurity=False
[CF_RLS_DUMP] rel relname=lineitem relrowsecurity=True relforcerowsecurity=False
[CF_RLS_DUMP] rel relname=orders relrowsecurity=False relforcerowsecurity=False
[CF_RLS_DUMP] policy tablename=lineitem policyname=cf_p1 permissive=PERMISSIVE roles=['rls_user'] qual=((l_returnflag = 'R'::bpchar) OR (l_linestatus = 'F'::bpchar))
[policy_set] db=tpch0_1 K=5 enabled_ids=[1, 2, 3, 4, 5]
[setup_ours] K=5 setup_ms=4006.636 disk=26776011
[CF_RLS_DUMP] tag=post_create db=tpch0_1
[CF_RLS_DUMP] current_user=postgres session_user=postgres
[CF_RLS_DUMP] row_security=on
[CF_RLS_DUMP] role rolname=postgres rolsuper=True rolbypassrls=True
[CF_RLS_DUMP] rel relname=customer relrowsecurity=False relforcerowsecurity=False
[CF_RLS_DUMP] rel relname=lineitem relrowsecurity=True relforcerowsecurity=False
[CF_RLS_DUMP] rel relname=orders relrowsecurity=False relforcerowsecurity=False
[CF_RLS_DUMP] policy tablename=lineitem policyname=cf_p1 permissive=PERMISSIVE roles=['rls_user'] qual=((l_returnflag = 'R'::bpchar) OR (l_linestatus = 'F'::bpchar))
[CF_RLS_DUMP] policy tablename=lineitem policyname=cf_p2 permissive=RESTRICTIVE roles=['rls_user'] qual=((l_shipinstruct = 'DELIVER IN PERSON'::bpchar) AND ((l_shipmode = ANY (ARRAY['MAIL'::bpchar, 'SHIP'::bpchar])) OR (l_shipmode = ANY (ARRAY['TRUCK'::bpchar, 'RAIL'::bpchar]))))
[CF_RLS_DUMP] policy tablename=lineitem policyname=cf_p3 permissive=PERMISSIVE roles=['rls_user'] qual=(((l_discount >= 0.02) AND (l_discount <= 0.05) AND (l_quantity <= (25)::numeric)) OR ((l_discount >= 0.06) AND (l_discount <= 0.08) AND (l_quantity <= (10)::numeric)))
[CF_RLS_DUMP] policy tablename=lineitem policyname=cf_p4 permissive=RESTRICTIVE roles=['rls_user'] qual=((l_shipinstruct = 'DELIVER IN PERSON'::bpchar) AND ((l_returnflag = 'R'::bpchar) OR (l_returnflag = 'A'::bpchar)) AND ((l_tax <= 0.07) OR (l_discount <= 0.05)) AND (l_extendedprice > (0)::numeric))
[CF_RLS_DUMP] policy tablename=lineitem policyname=cf_p5 permissive=PERMISSIVE roles=['rls_user'] qual=((((l_shipmode = ANY (ARRAY['AIR'::bpchar, 'AIR REG'::bpchar])) AND (l_quantity <= (15)::numeric) AND (l_discount <= 0.05) AND (l_linestatus = 'F'::bpchar)) OR ((l_shipmode = ANY (ARRAY['MAIL'::bpchar, 'SHIP'::bpchar])) AND (l_quantity <= (30)::numeric) AND (l_discount <= 0.07) AND (l_returnflag = 'R'::bpchar))) AND (l_extendedprice > (0)::numeric))
[index_infer] K=5 specs=['lineitem.l_discount', 'lineitem.l_extendedprice', 'lineitem.l_linestatus', 'lineitem.l_quantity', 'lineitem.l_returnflag', 'lineitem.l_shipinstruct', 'lineitem.l_shipmode', 'lineitem.l_tax']
[setup_rls] K=5 setup_ms=2627.892 disk=75563008 indexes=['cf_rls_k5_lineitem_l_discount_1', 'cf_rls_k5_lineitem_l_extendedprice_2', 'cf_rls_k5_lineitem_l_linestatus_3', 'cf_rls_k5_lineitem_l_quantity_4', 'cf_rls_k5_lineitem_l_returnflag_5', 'cf_rls_k5_lineitem_l_shipinstruct_6', 'cf_rls_k5_lineitem_l_shipmode_7', 'cf_rls_k5_lineitem_l_tax_8']
[correctness_sample] db=tpch0_1 K=5 queries=['1', '3', '6', '13']
[progress] db=tpch0_1 K=5 baseline=ours query=1
[progress] db=tpch0_1 K=5 baseline=rls_with_index query=1
[CF_RLS_DUMP] tag=pre_query db=tpch0_1 baseline=rls_with_index q=1
[CF_RLS_DUMP] current_user=rls_user session_user=rls_user
[CF_RLS_DUMP] row_security=on
[CF_RLS_DUMP] role rolname=rls_user rolsuper=False rolbypassrls=False
[CF_RLS_DUMP] rel relname=customer relrowsecurity=False relforcerowsecurity=False
[CF_RLS_DUMP] rel relname=lineitem relrowsecurity=True relforcerowsecurity=False
[CF_RLS_DUMP] rel relname=orders relrowsecurity=False relforcerowsecurity=False
[CF_RLS_DUMP] policy tablename=lineitem policyname=cf_p1 permissive=PERMISSIVE roles=['rls_user'] qual=((l_returnflag = 'R'::bpchar) OR (l_linestatus = 'F'::bpchar))
[CF_RLS_DUMP] policy tablename=lineitem policyname=cf_p2 permissive=RESTRICTIVE roles=['rls_user'] qual=((l_shipinstruct = 'DELIVER IN PERSON'::bpchar) AND ((l_shipmode = ANY (ARRAY['MAIL'::bpchar, 'SHIP'::bpchar])) OR (l_shipmode = ANY (ARRAY['TRUCK'::bpchar, 'RAIL'::bpchar]))))
[CF_RLS_DUMP] policy tablename=lineitem policyname=cf_p3 permissive=PERMISSIVE roles=['rls_user'] qual=(((l_discount >= 0.02) AND (l_discount <= 0.05) AND (l_quantity <= (25)::numeric)) OR ((l_discount >= 0.06) AND (l_discount <= 0.08) AND (l_quantity <= (10)::numeric)))
[CF_RLS_DUMP] policy tablename=lineitem policyname=cf_p4 permissive=RESTRICTIVE roles=['rls_user'] qual=((l_shipinstruct = 'DELIVER IN PERSON'::bpchar) AND ((l_returnflag = 'R'::bpchar) OR (l_returnflag = 'A'::bpchar)) AND ((l_tax <= 0.07) OR (l_discount <= 0.05)) AND (l_extendedprice > (0)::numeric))
[CF_RLS_DUMP] policy tablename=lineitem policyname=cf_p5 permissive=PERMISSIVE roles=['rls_user'] qual=((((l_shipmode = ANY (ARRAY['AIR'::bpchar, 'AIR REG'::bpchar])) AND (l_quantity <= (15)::numeric) AND (l_discount <= 0.05) AND (l_linestatus = 'F'::bpchar)) OR ((l_shipmode = ANY (ARRAY['MAIL'::bpchar, 'SHIP'::bpchar])) AND (l_quantity <= (30)::numeric) AND (l_discount <= 0.07) AND (l_returnflag = 'R'::bpchar))) AND (l_extendedprice > (0)::numeric))
[progress] db=tpch0_1 K=5 baseline=ours query=3
[progress] db=tpch0_1 K=5 baseline=rls_with_index query=3
[CF_RLS_DUMP] tag=pre_query db=tpch0_1 baseline=rls_with_index q=3
[CF_RLS_DUMP] current_user=rls_user session_user=rls_user
[CF_RLS_DUMP] row_security=on
[CF_RLS_DUMP] role rolname=rls_user rolsuper=False rolbypassrls=False
[CF_RLS_DUMP] rel relname=customer relrowsecurity=False relforcerowsecurity=False
[CF_RLS_DUMP] rel relname=lineitem relrowsecurity=True relforcerowsecurity=False
[CF_RLS_DUMP] rel relname=orders relrowsecurity=False relforcerowsecurity=False
[CF_RLS_DUMP] policy tablename=lineitem policyname=cf_p1 permissive=PERMISSIVE roles=['rls_user'] qual=((l_returnflag = 'R'::bpchar) OR (l_linestatus = 'F'::bpchar))
[CF_RLS_DUMP] policy tablename=lineitem policyname=cf_p2 permissive=RESTRICTIVE roles=['rls_user'] qual=((l_shipinstruct = 'DELIVER IN PERSON'::bpchar) AND ((l_shipmode = ANY (ARRAY['MAIL'::bpchar, 'SHIP'::bpchar])) OR (l_shipmode = ANY (ARRAY['TRUCK'::bpchar, 'RAIL'::bpchar]))))
[CF_RLS_DUMP] policy tablename=lineitem policyname=cf_p3 permissive=PERMISSIVE roles=['rls_user'] qual=(((l_discount >= 0.02) AND (l_discount <= 0.05) AND (l_quantity <= (25)::numeric)) OR ((l_discount >= 0.06) AND (l_discount <= 0.08) AND (l_quantity <= (10)::numeric)))
[CF_RLS_DUMP] policy tablename=lineitem policyname=cf_p4 permissive=RESTRICTIVE roles=['rls_user'] qual=((l_shipinstruct = 'DELIVER IN PERSON'::bpchar) AND ((l_returnflag = 'R'::bpchar) OR (l_returnflag = 'A'::bpchar)) AND ((l_tax <= 0.07) OR (l_discount <= 0.05)) AND (l_extendedprice > (0)::numeric))
[CF_RLS_DUMP] policy tablename=lineitem policyname=cf_p5 permissive=PERMISSIVE roles=['rls_user'] qual=((((l_shipmode = ANY (ARRAY['AIR'::bpchar, 'AIR REG'::bpchar])) AND (l_quantity <= (15)::numeric) AND (l_discount <= 0.05) AND (l_linestatus = 'F'::bpchar)) OR ((l_shipmode = ANY (ARRAY['MAIL'::bpchar, 'SHIP'::bpchar])) AND (l_quantity <= (30)::numeric) AND (l_discount <= 0.07) AND (l_returnflag = 'R'::bpchar))) AND (l_extendedprice > (0)::numeric))
[progress] db=tpch0_1 K=5 baseline=ours query=6
[progress] db=tpch0_1 K=5 baseline=rls_with_index query=6
[CF_RLS_DUMP] tag=pre_query db=tpch0_1 baseline=rls_with_index q=6
[CF_RLS_DUMP] current_user=rls_user session_user=rls_user
[CF_RLS_DUMP] row_security=on
[CF_RLS_DUMP] role rolname=rls_user rolsuper=False rolbypassrls=False
[CF_RLS_DUMP] rel relname=customer relrowsecurity=False relforcerowsecurity=False
[CF_RLS_DUMP] rel relname=lineitem relrowsecurity=True relforcerowsecurity=False
[CF_RLS_DUMP] rel relname=orders relrowsecurity=False relforcerowsecurity=False
[CF_RLS_DUMP] policy tablename=lineitem policyname=cf_p1 permissive=PERMISSIVE roles=['rls_user'] qual=((l_returnflag = 'R'::bpchar) OR (l_linestatus = 'F'::bpchar))
[CF_RLS_DUMP] policy tablename=lineitem policyname=cf_p2 permissive=RESTRICTIVE roles=['rls_user'] qual=((l_shipinstruct = 'DELIVER IN PERSON'::bpchar) AND ((l_shipmode = ANY (ARRAY['MAIL'::bpchar, 'SHIP'::bpchar])) OR (l_shipmode = ANY (ARRAY['TRUCK'::bpchar, 'RAIL'::bpchar]))))
[CF_RLS_DUMP] policy tablename=lineitem policyname=cf_p3 permissive=PERMISSIVE roles=['rls_user'] qual=(((l_discount >= 0.02) AND (l_discount <= 0.05) AND (l_quantity <= (25)::numeric)) OR ((l_discount >= 0.06) AND (l_discount <= 0.08) AND (l_quantity <= (10)::numeric)))
[CF_RLS_DUMP] policy tablename=lineitem policyname=cf_p4 permissive=RESTRICTIVE roles=['rls_user'] qual=((l_shipinstruct = 'DELIVER IN PERSON'::bpchar) AND ((l_returnflag = 'R'::bpchar) OR (l_returnflag = 'A'::bpchar)) AND ((l_tax <= 0.07) OR (l_discount <= 0.05)) AND (l_extendedprice > (0)::numeric))
[CF_RLS_DUMP] policy tablename=lineitem policyname=cf_p5 permissive=PERMISSIVE roles=['rls_user'] qual=((((l_shipmode = ANY (ARRAY['AIR'::bpchar, 'AIR REG'::bpchar])) AND (l_quantity <= (15)::numeric) AND (l_discount <= 0.05) AND (l_linestatus = 'F'::bpchar)) OR ((l_shipmode = ANY (ARRAY['MAIL'::bpchar, 'SHIP'::bpchar])) AND (l_quantity <= (30)::numeric) AND (l_discount <= 0.07) AND (l_returnflag = 'R'::bpchar))) AND (l_extendedprice > (0)::numeric))
[progress] db=tpch0_1 K=5 baseline=ours query=13
[progress] db=tpch0_1 K=5 baseline=rls_with_index query=13
[CF_RLS_DUMP] tag=pre_query db=tpch0_1 baseline=rls_with_index q=13
[CF_RLS_DUMP] current_user=rls_user session_user=rls_user
[CF_RLS_DUMP] row_security=on
[CF_RLS_DUMP] role rolname=rls_user rolsuper=False rolbypassrls=False
[CF_RLS_DUMP] rel relname=customer relrowsecurity=False relforcerowsecurity=False
[CF_RLS_DUMP] rel relname=lineitem relrowsecurity=True relforcerowsecurity=False
[CF_RLS_DUMP] rel relname=orders relrowsecurity=False relforcerowsecurity=False
[CF_RLS_DUMP] policy tablename=lineitem policyname=cf_p1 permissive=PERMISSIVE roles=['rls_user'] qual=((l_returnflag = 'R'::bpchar) OR (l_linestatus = 'F'::bpchar))
[CF_RLS_DUMP] policy tablename=lineitem policyname=cf_p2 permissive=RESTRICTIVE roles=['rls_user'] qual=((l_shipinstruct = 'DELIVER IN PERSON'::bpchar) AND ((l_shipmode = ANY (ARRAY['MAIL'::bpchar, 'SHIP'::bpchar])) OR (l_shipmode = ANY (ARRAY['TRUCK'::bpchar, 'RAIL'::bpchar]))))
[CF_RLS_DUMP] policy tablename=lineitem policyname=cf_p3 permissive=PERMISSIVE roles=['rls_user'] qual=(((l_discount >= 0.02) AND (l_discount <= 0.05) AND (l_quantity <= (25)::numeric)) OR ((l_discount >= 0.06) AND (l_discount <= 0.08) AND (l_quantity <= (10)::numeric)))
[CF_RLS_DUMP] policy tablename=lineitem policyname=cf_p4 permissive=RESTRICTIVE roles=['rls_user'] qual=((l_shipinstruct = 'DELIVER IN PERSON'::bpchar) AND ((l_returnflag = 'R'::bpchar) OR (l_returnflag = 'A'::bpchar)) AND ((l_tax <= 0.07) OR (l_discount <= 0.05)) AND (l_extendedprice > (0)::numeric))
[CF_RLS_DUMP] policy tablename=lineitem policyname=cf_p5 permissive=PERMISSIVE roles=['rls_user'] qual=((((l_shipmode = ANY (ARRAY['AIR'::bpchar, 'AIR REG'::bpchar])) AND (l_quantity <= (15)::numeric) AND (l_discount <= 0.05) AND (l_linestatus = 'F'::bpchar)) OR ((l_shipmode = ANY (ARRAY['MAIL'::bpchar, 'SHIP'::bpchar])) AND (l_quantity <= (30)::numeric) AND (l_discount <= 0.07) AND (l_returnflag = 'R'::bpchar))) AND (l_extendedprice > (0)::numeric))
[CF_RLS_DUMP] tag=pre_count_query db=tpch0_1 baseline=rls_with_index
[CF_RLS_DUMP] current_user=rls_user session_user=rls_user
[CF_RLS_DUMP] row_security=on
[CF_RLS_DUMP] role rolname=rls_user rolsuper=False rolbypassrls=False
[CF_RLS_DUMP] rel relname=customer relrowsecurity=False relforcerowsecurity=False
[CF_RLS_DUMP] rel relname=lineitem relrowsecurity=True relforcerowsecurity=False
[CF_RLS_DUMP] rel relname=orders relrowsecurity=False relforcerowsecurity=False
[CF_RLS_DUMP] policy tablename=lineitem policyname=cf_p1 permissive=PERMISSIVE roles=['rls_user'] qual=((l_returnflag = 'R'::bpchar) OR (l_linestatus = 'F'::bpchar))
[CF_RLS_DUMP] policy tablename=lineitem policyname=cf_p2 permissive=RESTRICTIVE roles=['rls_user'] qual=((l_shipinstruct = 'DELIVER IN PERSON'::bpchar) AND ((l_shipmode = ANY (ARRAY['MAIL'::bpchar, 'SHIP'::bpchar])) OR (l_shipmode = ANY (ARRAY['TRUCK'::bpchar, 'RAIL'::bpchar]))))
[CF_RLS_DUMP] policy tablename=lineitem policyname=cf_p3 permissive=PERMISSIVE roles=['rls_user'] qual=(((l_discount >= 0.02) AND (l_discount <= 0.05) AND (l_quantity <= (25)::numeric)) OR ((l_discount >= 0.06) AND (l_discount <= 0.08) AND (l_quantity <= (10)::numeric)))
[CF_RLS_DUMP] policy tablename=lineitem policyname=cf_p4 permissive=RESTRICTIVE roles=['rls_user'] qual=((l_shipinstruct = 'DELIVER IN PERSON'::bpchar) AND ((l_returnflag = 'R'::bpchar) OR (l_returnflag = 'A'::bpchar)) AND ((l_tax <= 0.07) OR (l_discount <= 0.05)) AND (l_extendedprice > (0)::numeric))
[CF_RLS_DUMP] policy tablename=lineitem policyname=cf_p5 permissive=PERMISSIVE roles=['rls_user'] qual=((((l_shipmode = ANY (ARRAY['AIR'::bpchar, 'AIR REG'::bpchar])) AND (l_quantity <= (15)::numeric) AND (l_discount <= 0.05) AND (l_linestatus = 'F'::bpchar)) OR ((l_shipmode = ANY (ARRAY['MAIL'::bpchar, 'SHIP'::bpchar])) AND (l_quantity <= (30)::numeric) AND (l_discount <= 0.07) AND (l_returnflag = 'R'::bpchar))) AND (l_extendedprice > (0)::numeric))
[CF_RLS_DUMP] tag=pre_count_query db=tpch0_1 baseline=rls_with_index
[CF_RLS_DUMP] current_user=rls_user session_user=rls_user
[CF_RLS_DUMP] row_security=on
[CF_RLS_DUMP] role rolname=rls_user rolsuper=False rolbypassrls=False
[CF_RLS_DUMP] rel relname=customer relrowsecurity=False relforcerowsecurity=False
[CF_RLS_DUMP] rel relname=lineitem relrowsecurity=True relforcerowsecurity=False
[CF_RLS_DUMP] rel relname=orders relrowsecurity=False relforcerowsecurity=False
[CF_RLS_DUMP] policy tablename=lineitem policyname=cf_p1 permissive=PERMISSIVE roles=['rls_user'] qual=((l_returnflag = 'R'::bpchar) OR (l_linestatus = 'F'::bpchar))
[CF_RLS_DUMP] policy tablename=lineitem policyname=cf_p2 permissive=RESTRICTIVE roles=['rls_user'] qual=((l_shipinstruct = 'DELIVER IN PERSON'::bpchar) AND ((l_shipmode = ANY (ARRAY['MAIL'::bpchar, 'SHIP'::bpchar])) OR (l_shipmode = ANY (ARRAY['TRUCK'::bpchar, 'RAIL'::bpchar]))))
[CF_RLS_DUMP] policy tablename=lineitem policyname=cf_p3 permissive=PERMISSIVE roles=['rls_user'] qual=(((l_discount >= 0.02) AND (l_discount <= 0.05) AND (l_quantity <= (25)::numeric)) OR ((l_discount >= 0.06) AND (l_discount <= 0.08) AND (l_quantity <= (10)::numeric)))
[CF_RLS_DUMP] policy tablename=lineitem policyname=cf_p4 permissive=RESTRICTIVE roles=['rls_user'] qual=((l_shipinstruct = 'DELIVER IN PERSON'::bpchar) AND ((l_returnflag = 'R'::bpchar) OR (l_returnflag = 'A'::bpchar)) AND ((l_tax <= 0.07) OR (l_discount <= 0.05)) AND (l_extendedprice > (0)::numeric))
[CF_RLS_DUMP] policy tablename=lineitem policyname=cf_p5 permissive=PERMISSIVE roles=['rls_user'] qual=((((l_shipmode = ANY (ARRAY['AIR'::bpchar, 'AIR REG'::bpchar])) AND (l_quantity <= (15)::numeric) AND (l_discount <= 0.05) AND (l_linestatus = 'F'::bpchar)) OR ((l_shipmode = ANY (ARRAY['MAIL'::bpchar, 'SHIP'::bpchar])) AND (l_quantity <= (30)::numeric) AND (l_discount <= 0.07) AND (l_returnflag = 'R'::bpchar))) AND (l_extendedprice > (0)::numeric))
[CF_RLS_DUMP] tag=pre_count_sql db=tpch0_1 baseline=rls_with_index
[CF_RLS_DUMP] current_user=rls_user session_user=rls_user
[CF_RLS_DUMP] row_security=on
[CF_RLS_DUMP] role rolname=rls_user rolsuper=False rolbypassrls=False
[CF_RLS_DUMP] rel relname=customer relrowsecurity=False relforcerowsecurity=False
[CF_RLS_DUMP] rel relname=lineitem relrowsecurity=True relforcerowsecurity=False
[CF_RLS_DUMP] rel relname=orders relrowsecurity=False relforcerowsecurity=False
[CF_RLS_DUMP] policy tablename=lineitem policyname=cf_p1 permissive=PERMISSIVE roles=['rls_user'] qual=((l_returnflag = 'R'::bpchar) OR (l_linestatus = 'F'::bpchar))
[CF_RLS_DUMP] policy tablename=lineitem policyname=cf_p2 permissive=RESTRICTIVE roles=['rls_user'] qual=((l_shipinstruct = 'DELIVER IN PERSON'::bpchar) AND ((l_shipmode = ANY (ARRAY['MAIL'::bpchar, 'SHIP'::bpchar])) OR (l_shipmode = ANY (ARRAY['TRUCK'::bpchar, 'RAIL'::bpchar]))))
[CF_RLS_DUMP] policy tablename=lineitem policyname=cf_p3 permissive=PERMISSIVE roles=['rls_user'] qual=(((l_discount >= 0.02) AND (l_discount <= 0.05) AND (l_quantity <= (25)::numeric)) OR ((l_discount >= 0.06) AND (l_discount <= 0.08) AND (l_quantity <= (10)::numeric)))
[CF_RLS_DUMP] policy tablename=lineitem policyname=cf_p4 permissive=RESTRICTIVE roles=['rls_user'] qual=((l_shipinstruct = 'DELIVER IN PERSON'::bpchar) AND ((l_returnflag = 'R'::bpchar) OR (l_returnflag = 'A'::bpchar)) AND ((l_tax <= 0.07) OR (l_discount <= 0.05)) AND (l_extendedprice > (0)::numeric))
[CF_RLS_DUMP] policy tablename=lineitem policyname=cf_p5 permissive=PERMISSIVE roles=['rls_user'] qual=((((l_shipmode = ANY (ARRAY['AIR'::bpchar, 'AIR REG'::bpchar])) AND (l_quantity <= (15)::numeric) AND (l_discount <= 0.05) AND (l_linestatus = 'F'::bpchar)) OR ((l_shipmode = ANY (ARRAY['MAIL'::bpchar, 'SHIP'::bpchar])) AND (l_quantity <= (30)::numeric) AND (l_discount <= 0.07) AND (l_returnflag = 'R'::bpchar))) AND (l_extendedprice > (0)::numeric))
[CF_RLS_DUMP] tag=pre_count_query db=tpch0_1 baseline=rls_with_index
[CF_RLS_DUMP] current_user=rls_user session_user=rls_user
[CF_RLS_DUMP] row_security=on
[CF_RLS_DUMP] role rolname=rls_user rolsuper=False rolbypassrls=False
[CF_RLS_DUMP] rel relname=customer relrowsecurity=False relforcerowsecurity=False
[CF_RLS_DUMP] rel relname=lineitem relrowsecurity=True relforcerowsecurity=False
[CF_RLS_DUMP] rel relname=orders relrowsecurity=False relforcerowsecurity=False
[CF_RLS_DUMP] policy tablename=lineitem policyname=cf_p1 permissive=PERMISSIVE roles=['rls_user'] qual=((l_returnflag = 'R'::bpchar) OR (l_linestatus = 'F'::bpchar))
[CF_RLS_DUMP] policy tablename=lineitem policyname=cf_p2 permissive=RESTRICTIVE roles=['rls_user'] qual=((l_shipinstruct = 'DELIVER IN PERSON'::bpchar) AND ((l_shipmode = ANY (ARRAY['MAIL'::bpchar, 'SHIP'::bpchar])) OR (l_shipmode = ANY (ARRAY['TRUCK'::bpchar, 'RAIL'::bpchar]))))
[CF_RLS_DUMP] policy tablename=lineitem policyname=cf_p3 permissive=PERMISSIVE roles=['rls_user'] qual=(((l_discount >= 0.02) AND (l_discount <= 0.05) AND (l_quantity <= (25)::numeric)) OR ((l_discount >= 0.06) AND (l_discount <= 0.08) AND (l_quantity <= (10)::numeric)))
[CF_RLS_DUMP] policy tablename=lineitem policyname=cf_p4 permissive=RESTRICTIVE roles=['rls_user'] qual=((l_shipinstruct = 'DELIVER IN PERSON'::bpchar) AND ((l_returnflag = 'R'::bpchar) OR (l_returnflag = 'A'::bpchar)) AND ((l_tax <= 0.07) OR (l_discount <= 0.05)) AND (l_extendedprice > (0)::numeric))
[CF_RLS_DUMP] policy tablename=lineitem policyname=cf_p5 permissive=PERMISSIVE roles=['rls_user'] qual=((((l_shipmode = ANY (ARRAY['AIR'::bpchar, 'AIR REG'::bpchar])) AND (l_quantity <= (15)::numeric) AND (l_discount <= 0.05) AND (l_linestatus = 'F'::bpchar)) OR ((l_shipmode = ANY (ARRAY['MAIL'::bpchar, 'SHIP'::bpchar])) AND (l_quantity <= (30)::numeric) AND (l_discount <= 0.07) AND (l_returnflag = 'R'::bpchar))) AND (l_extendedprice > (0)::numeric))
[policy_set] db=tpch0_1 K=10 enabled_ids=[1, 2, 3, 4, 5, 10, 11, 12, 13, 14]
[setup_ours] K=10 setup_ms=4161.548 disk=30629904
[CF_RLS_DUMP] tag=post_create db=tpch0_1
[CF_RLS_DUMP] current_user=postgres session_user=postgres
[CF_RLS_DUMP] row_security=on
[CF_RLS_DUMP] role rolname=postgres rolsuper=True rolbypassrls=True
[CF_RLS_DUMP] rel relname=customer relrowsecurity=True relforcerowsecurity=False
[CF_RLS_DUMP] rel relname=lineitem relrowsecurity=True relforcerowsecurity=False
[CF_RLS_DUMP] rel relname=orders relrowsecurity=True relforcerowsecurity=False
[CF_RLS_DUMP] policy tablename=customer policyname=cf_p10 permissive=RESTRICTIVE roles=['rls_user'] qual=((((c_mktsegment = 'AUTOMOBILE'::bpchar) AND (c_acctbal > (0)::numeric)) OR ((c_mktsegment = 'FURNITURE'::bpchar) AND (c_acctbal > (500)::numeric)) OR ((c_mktsegment = 'BUILDING'::bpchar) AND (c_acctbal > (1000)::numeric))) AND (c_nationkey = ANY (ARRAY[1, 3, 5, 7])))
[CF_RLS_DUMP] policy tablename=lineitem policyname=cf_p1 permissive=PERMISSIVE roles=['rls_user'] qual=((l_returnflag = 'R'::bpchar) OR (l_linestatus = 'F'::bpchar))
[CF_RLS_DUMP] policy tablename=lineitem policyname=cf_p2 permissive=RESTRICTIVE roles=['rls_user'] qual=((l_shipinstruct = 'DELIVER IN PERSON'::bpchar) AND ((l_shipmode = ANY (ARRAY['MAIL'::bpchar, 'SHIP'::bpchar])) OR (l_shipmode = ANY (ARRAY['TRUCK'::bpchar, 'RAIL'::bpchar]))))
[CF_RLS_DUMP] policy tablename=lineitem policyname=cf_p3 permissive=PERMISSIVE roles=['rls_user'] qual=(((l_discount >= 0.02) AND (l_discount <= 0.05) AND (l_quantity <= (25)::numeric)) OR ((l_discount >= 0.06) AND (l_discount <= 0.08) AND (l_quantity <= (10)::numeric)))
[CF_RLS_DUMP] policy tablename=lineitem policyname=cf_p4 permissive=RESTRICTIVE roles=['rls_user'] qual=((l_shipinstruct = 'DELIVER IN PERSON'::bpchar) AND ((l_returnflag = 'R'::bpchar) OR (l_returnflag = 'A'::bpchar)) AND ((l_tax <= 0.07) OR (l_discount <= 0.05)) AND (l_extendedprice > (0)::numeric))
[CF_RLS_DUMP] policy tablename=lineitem policyname=cf_p5 permissive=PERMISSIVE roles=['rls_user'] qual=((((l_shipmode = ANY (ARRAY['AIR'::bpchar, 'AIR REG'::bpchar])) AND (l_quantity <= (15)::numeric) AND (l_discount <= 0.05) AND (l_linestatus = 'F'::bpchar)) OR ((l_shipmode = ANY (ARRAY['MAIL'::bpchar, 'SHIP'::bpchar])) AND (l_quantity <= (30)::numeric) AND (l_discount <= 0.07) AND (l_returnflag = 'R'::bpchar))) AND (l_extendedprice > (0)::numeric))
[CF_RLS_DUMP] policy tablename=orders policyname=cf_p11 permissive=PERMISSIVE roles=['rls_user'] qual=(EXISTS ( SELECT 1
   FROM customer
  WHERE ((orders.o_custkey = customer.c_custkey) AND ((customer.c_mktsegment = 'AUTOMOBILE'::bpchar) OR (customer.c_mktsegment = 'HOUSEHOLD'::bpchar)))))
[CF_RLS_DUMP] policy tablename=orders policyname=cf_p12 permissive=RESTRICTIVE roles=['rls_user'] qual=(EXISTS ( SELECT 1
   FROM customer
  WHERE ((orders.o_custkey = customer.c_custkey) AND (((orders.o_orderstatus = 'F'::bpchar) AND (customer.c_acctbal > (0)::numeric)) OR ((orders.o_orderpriority = ANY (ARRAY['1-URGENT'::bpchar, '2-HIGH'::bpchar])) AND (customer.c_mktsegment = 'BUILDING'::bpchar))))))
[CF_RLS_DUMP] policy tablename=orders policyname=cf_p13 permissive=PERMISSIVE roles=['rls_user'] qual=(EXISTS ( SELECT 1
   FROM customer,
    nation
  WHERE ((orders.o_custkey = customer.c_custkey) AND (customer.c_nationkey = nation.n_nationkey) AND ((nation.n_name = ANY (ARRAY['GERMANY'::bpchar, 'FRANCE'::bpchar])) OR (nation.n_name = ANY (ARRAY['BRAZIL'::bpchar, 'CANADA'::bpchar]))) AND (customer.c_acctbal > (0)::numeric))))
[CF_RLS_DUMP] policy tablename=orders policyname=cf_p14 permissive=RESTRICTIVE roles=['rls_user'] qual=(EXISTS ( SELECT 1
   FROM customer,
    nation,
    region
  WHERE ((orders.o_custkey = customer.c_custkey) AND (customer.c_nationkey = nation.n_nationkey) AND (nation.n_regionkey = region.r_regionkey) AND ((region.r_name = 'EUROPE'::bpchar) OR (region.r_name = 'ASIA'::bpchar)) AND (orders.o_orderstatus = ANY (ARRAY['O'::bpchar, 'F'::bpchar])))))
[index_infer] K=10 specs=['customer.c_acctbal', 'customer.c_custkey', 'customer.c_mktsegment', 'customer.c_nationkey', 'lineitem.l_discount', 'lineitem.l_extendedprice', 'lineitem.l_linestatus', 'lineitem.l_quantity', 'lineitem.l_returnflag', 'lineitem.l_shipinstruct', 'lineitem.l_shipmode', 'lineitem.l_tax', 'nation.n_name', 'nation.n_nationkey', 'nation.n_regionkey', 'orders.o_custkey', 'orders.o_orderpriority', 'orders.o_orderstatus', 'region.r_name', 'region.r_regionkey']
[setup_rls] K=10 setup_ms=2851.991 disk=80003072 indexes=['cf_rls_k10_customer_c_acctbal_1', 'cf_rls_k10_customer_c_custkey_2', 'cf_rls_k10_customer_c_mktsegment_3', 'cf_rls_k10_customer_c_nationkey_4', 'cf_rls_k10_lineitem_l_discount_5', 'cf_rls_k10_lineitem_l_extendedprice_6', 'cf_rls_k10_lineitem_l_linestatus_7', 'cf_rls_k10_lineitem_l_quantity_8', 'cf_rls_k10_lineitem_l_returnflag_9', 'cf_rls_k10_lineitem_l_shipinstruct_10', 'cf_rls_k10_lineitem_l_shipmode_11', 'cf_rls_k10_lineitem_l_tax_12', 'cf_rls_k10_nation_n_name_13', 'cf_rls_k10_nation_n_nationkey_14', 'cf_rls_k10_nation_n_regionkey_15', 'cf_rls_k10_orders_o_custkey_16', 'cf_rls_k10_orders_o_orderpriority_17', 'cf_rls_k10_orders_o_orderstatus_18', 'cf_rls_k10_region_r_name_19', 'cf_rls_k10_region_r_regionkey_20']
[correctness_sample] db=tpch0_1 K=10 queries=['1', '3', '6', '13']
[progress] db=tpch0_1 K=10 baseline=ours query=1
[progress] db=tpch0_1 K=10 baseline=rls_with_index query=1
[CF_RLS_DUMP] tag=pre_query db=tpch0_1 baseline=rls_with_index q=1
[CF_RLS_DUMP] current_user=rls_user session_user=rls_user
[CF_RLS_DUMP] row_security=on
[CF_RLS_DUMP] role rolname=rls_user rolsuper=False rolbypassrls=False
[CF_RLS_DUMP] rel relname=customer relrowsecurity=True relforcerowsecurity=False
[CF_RLS_DUMP] rel relname=lineitem relrowsecurity=True relforcerowsecurity=False
[CF_RLS_DUMP] rel relname=orders relrowsecurity=True relforcerowsecurity=False
[CF_RLS_DUMP] policy tablename=customer policyname=cf_p10 permissive=RESTRICTIVE roles=['rls_user'] qual=((((c_mktsegment = 'AUTOMOBILE'::bpchar) AND (c_acctbal > (0)::numeric)) OR ((c_mktsegment = 'FURNITURE'::bpchar) AND (c_acctbal > (500)::numeric)) OR ((c_mktsegment = 'BUILDING'::bpchar) AND (c_acctbal > (1000)::numeric))) AND (c_nationkey = ANY (ARRAY[1, 3, 5, 7])))
[CF_RLS_DUMP] policy tablename=lineitem policyname=cf_p1 permissive=PERMISSIVE roles=['rls_user'] qual=((l_returnflag = 'R'::bpchar) OR (l_linestatus = 'F'::bpchar))
[CF_RLS_DUMP] policy tablename=lineitem policyname=cf_p2 permissive=RESTRICTIVE roles=['rls_user'] qual=((l_shipinstruct = 'DELIVER IN PERSON'::bpchar) AND ((l_shipmode = ANY (ARRAY['MAIL'::bpchar, 'SHIP'::bpchar])) OR (l_shipmode = ANY (ARRAY['TRUCK'::bpchar, 'RAIL'::bpchar]))))
[CF_RLS_DUMP] policy tablename=lineitem policyname=cf_p3 permissive=PERMISSIVE roles=['rls_user'] qual=(((l_discount >= 0.02) AND (l_discount <= 0.05) AND (l_quantity <= (25)::numeric)) OR ((l_discount >= 0.06) AND (l_discount <= 0.08) AND (l_quantity <= (10)::numeric)))
[CF_RLS_DUMP] policy tablename=lineitem policyname=cf_p4 permissive=RESTRICTIVE roles=['rls_user'] qual=((l_shipinstruct = 'DELIVER IN PERSON'::bpchar) AND ((l_returnflag = 'R'::bpchar) OR (l_returnflag = 'A'::bpchar)) AND ((l_tax <= 0.07) OR (l_discount <= 0.05)) AND (l_extendedprice > (0)::numeric))
[CF_RLS_DUMP] policy tablename=lineitem policyname=cf_p5 permissive=PERMISSIVE roles=['rls_user'] qual=((((l_shipmode = ANY (ARRAY['AIR'::bpchar, 'AIR REG'::bpchar])) AND (l_quantity <= (15)::numeric) AND (l_discount <= 0.05) AND (l_linestatus = 'F'::bpchar)) OR ((l_shipmode = ANY (ARRAY['MAIL'::bpchar, 'SHIP'::bpchar])) AND (l_quantity <= (30)::numeric) AND (l_discount <= 0.07) AND (l_returnflag = 'R'::bpchar))) AND (l_extendedprice > (0)::numeric))
[CF_RLS_DUMP] policy tablename=orders policyname=cf_p11 permissive=PERMISSIVE roles=['rls_user'] qual=(EXISTS ( SELECT 1
   FROM customer
  WHERE ((orders.o_custkey = customer.c_custkey) AND ((customer.c_mktsegment = 'AUTOMOBILE'::bpchar) OR (customer.c_mktsegment = 'HOUSEHOLD'::bpchar)))))
[CF_RLS_DUMP] policy tablename=orders policyname=cf_p12 permissive=RESTRICTIVE roles=['rls_user'] qual=(EXISTS ( SELECT 1
   FROM customer
  WHERE ((orders.o_custkey = customer.c_custkey) AND (((orders.o_orderstatus = 'F'::bpchar) AND (customer.c_acctbal > (0)::numeric)) OR ((orders.o_orderpriority = ANY (ARRAY['1-URGENT'::bpchar, '2-HIGH'::bpchar])) AND (customer.c_mktsegment = 'BUILDING'::bpchar))))))
[CF_RLS_DUMP] policy tablename=orders policyname=cf_p13 permissive=PERMISSIVE roles=['rls_user'] qual=(EXISTS ( SELECT 1
   FROM customer,
    nation
  WHERE ((orders.o_custkey = customer.c_custkey) AND (customer.c_nationkey = nation.n_nationkey) AND ((nation.n_name = ANY (ARRAY['GERMANY'::bpchar, 'FRANCE'::bpchar])) OR (nation.n_name = ANY (ARRAY['BRAZIL'::bpchar, 'CANADA'::bpchar]))) AND (customer.c_acctbal > (0)::numeric))))
[CF_RLS_DUMP] policy tablename=orders policyname=cf_p14 permissive=RESTRICTIVE roles=['rls_user'] qual=(EXISTS ( SELECT 1
   FROM customer,
    nation,
    region
  WHERE ((orders.o_custkey = customer.c_custkey) AND (customer.c_nationkey = nation.n_nationkey) AND (nation.n_regionkey = region.r_regionkey) AND ((region.r_name = 'EUROPE'::bpchar) OR (region.r_name = 'ASIA'::bpchar)) AND (orders.o_orderstatus = ANY (ARRAY['O'::bpchar, 'F'::bpchar])))))
[progress] db=tpch0_1 K=10 baseline=ours query=3
[progress] db=tpch0_1 K=10 baseline=rls_with_index query=3
[CF_RLS_DUMP] tag=pre_query db=tpch0_1 baseline=rls_with_index q=3
[CF_RLS_DUMP] current_user=rls_user session_user=rls_user
[CF_RLS_DUMP] row_security=on
[CF_RLS_DUMP] role rolname=rls_user rolsuper=False rolbypassrls=False
[CF_RLS_DUMP] rel relname=customer relrowsecurity=True relforcerowsecurity=False
[CF_RLS_DUMP] rel relname=lineitem relrowsecurity=True relforcerowsecurity=False
[CF_RLS_DUMP] rel relname=orders relrowsecurity=True relforcerowsecurity=False
[CF_RLS_DUMP] policy tablename=customer policyname=cf_p10 permissive=RESTRICTIVE roles=['rls_user'] qual=((((c_mktsegment = 'AUTOMOBILE'::bpchar) AND (c_acctbal > (0)::numeric)) OR ((c_mktsegment = 'FURNITURE'::bpchar) AND (c_acctbal > (500)::numeric)) OR ((c_mktsegment = 'BUILDING'::bpchar) AND (c_acctbal > (1000)::numeric))) AND (c_nationkey = ANY (ARRAY[1, 3, 5, 7])))
[CF_RLS_DUMP] policy tablename=lineitem policyname=cf_p1 permissive=PERMISSIVE roles=['rls_user'] qual=((l_returnflag = 'R'::bpchar) OR (l_linestatus = 'F'::bpchar))
[CF_RLS_DUMP] policy tablename=lineitem policyname=cf_p2 permissive=RESTRICTIVE roles=['rls_user'] qual=((l_shipinstruct = 'DELIVER IN PERSON'::bpchar) AND ((l_shipmode = ANY (ARRAY['MAIL'::bpchar, 'SHIP'::bpchar])) OR (l_shipmode = ANY (ARRAY['TRUCK'::bpchar, 'RAIL'::bpchar]))))
[CF_RLS_DUMP] policy tablename=lineitem policyname=cf_p3 permissive=PERMISSIVE roles=['rls_user'] qual=(((l_discount >= 0.02) AND (l_discount <= 0.05) AND (l_quantity <= (25)::numeric)) OR ((l_discount >= 0.06) AND (l_discount <= 0.08) AND (l_quantity <= (10)::numeric)))
[CF_RLS_DUMP] policy tablename=lineitem policyname=cf_p4 permissive=RESTRICTIVE roles=['rls_user'] qual=((l_shipinstruct = 'DELIVER IN PERSON'::bpchar) AND ((l_returnflag = 'R'::bpchar) OR (l_returnflag = 'A'::bpchar)) AND ((l_tax <= 0.07) OR (l_discount <= 0.05)) AND (l_extendedprice > (0)::numeric))
[CF_RLS_DUMP] policy tablename=lineitem policyname=cf_p5 permissive=PERMISSIVE roles=['rls_user'] qual=((((l_shipmode = ANY (ARRAY['AIR'::bpchar, 'AIR REG'::bpchar])) AND (l_quantity <= (15)::numeric) AND (l_discount <= 0.05) AND (l_linestatus = 'F'::bpchar)) OR ((l_shipmode = ANY (ARRAY['MAIL'::bpchar, 'SHIP'::bpchar])) AND (l_quantity <= (30)::numeric) AND (l_discount <= 0.07) AND (l_returnflag = 'R'::bpchar))) AND (l_extendedprice > (0)::numeric))
[CF_RLS_DUMP] policy tablename=orders policyname=cf_p11 permissive=PERMISSIVE roles=['rls_user'] qual=(EXISTS ( SELECT 1
   FROM customer
  WHERE ((orders.o_custkey = customer.c_custkey) AND ((customer.c_mktsegment = 'AUTOMOBILE'::bpchar) OR (customer.c_mktsegment = 'HOUSEHOLD'::bpchar)))))
[CF_RLS_DUMP] policy tablename=orders policyname=cf_p12 permissive=RESTRICTIVE roles=['rls_user'] qual=(EXISTS ( SELECT 1
   FROM customer
  WHERE ((orders.o_custkey = customer.c_custkey) AND (((orders.o_orderstatus = 'F'::bpchar) AND (customer.c_acctbal > (0)::numeric)) OR ((orders.o_orderpriority = ANY (ARRAY['1-URGENT'::bpchar, '2-HIGH'::bpchar])) AND (customer.c_mktsegment = 'BUILDING'::bpchar))))))
[CF_RLS_DUMP] policy tablename=orders policyname=cf_p13 permissive=PERMISSIVE roles=['rls_user'] qual=(EXISTS ( SELECT 1
   FROM customer,
    nation
  WHERE ((orders.o_custkey = customer.c_custkey) AND (customer.c_nationkey = nation.n_nationkey) AND ((nation.n_name = ANY (ARRAY['GERMANY'::bpchar, 'FRANCE'::bpchar])) OR (nation.n_name = ANY (ARRAY['BRAZIL'::bpchar, 'CANADA'::bpchar]))) AND (customer.c_acctbal > (0)::numeric))))
[CF_RLS_DUMP] policy tablename=orders policyname=cf_p14 permissive=RESTRICTIVE roles=['rls_user'] qual=(EXISTS ( SELECT 1
   FROM customer,
    nation,
    region
  WHERE ((orders.o_custkey = customer.c_custkey) AND (customer.c_nationkey = nation.n_nationkey) AND (nation.n_regionkey = region.r_regionkey) AND ((region.r_name = 'EUROPE'::bpchar) OR (region.r_name = 'ASIA'::bpchar)) AND (orders.o_orderstatus = ANY (ARRAY['O'::bpchar, 'F'::bpchar])))))
[progress] db=tpch0_1 K=10 baseline=ours query=6
[progress] db=tpch0_1 K=10 baseline=rls_with_index query=6
[CF_RLS_DUMP] tag=pre_query db=tpch0_1 baseline=rls_with_index q=6
[CF_RLS_DUMP] current_user=rls_user session_user=rls_user
[CF_RLS_DUMP] row_security=on
[CF_RLS_DUMP] role rolname=rls_user rolsuper=False rolbypassrls=False
[CF_RLS_DUMP] rel relname=customer relrowsecurity=True relforcerowsecurity=False
[CF_RLS_DUMP] rel relname=lineitem relrowsecurity=True relforcerowsecurity=False
[CF_RLS_DUMP] rel relname=orders relrowsecurity=True relforcerowsecurity=False
[CF_RLS_DUMP] policy tablename=customer policyname=cf_p10 permissive=RESTRICTIVE roles=['rls_user'] qual=((((c_mktsegment = 'AUTOMOBILE'::bpchar) AND (c_acctbal > (0)::numeric)) OR ((c_mktsegment = 'FURNITURE'::bpchar) AND (c_acctbal > (500)::numeric)) OR ((c_mktsegment = 'BUILDING'::bpchar) AND (c_acctbal > (1000)::numeric))) AND (c_nationkey = ANY (ARRAY[1, 3, 5, 7])))
[CF_RLS_DUMP] policy tablename=lineitem policyname=cf_p1 permissive=PERMISSIVE roles=['rls_user'] qual=((l_returnflag = 'R'::bpchar) OR (l_linestatus = 'F'::bpchar))
[CF_RLS_DUMP] policy tablename=lineitem policyname=cf_p2 permissive=RESTRICTIVE roles=['rls_user'] qual=((l_shipinstruct = 'DELIVER IN PERSON'::bpchar) AND ((l_shipmode = ANY (ARRAY['MAIL'::bpchar, 'SHIP'::bpchar])) OR (l_shipmode = ANY (ARRAY['TRUCK'::bpchar, 'RAIL'::bpchar]))))
[CF_RLS_DUMP] policy tablename=lineitem policyname=cf_p3 permissive=PERMISSIVE roles=['rls_user'] qual=(((l_discount >= 0.02) AND (l_discount <= 0.05) AND (l_quantity <= (25)::numeric)) OR ((l_discount >= 0.06) AND (l_discount <= 0.08) AND (l_quantity <= (10)::numeric)))
[CF_RLS_DUMP] policy tablename=lineitem policyname=cf_p4 permissive=RESTRICTIVE roles=['rls_user'] qual=((l_shipinstruct = 'DELIVER IN PERSON'::bpchar) AND ((l_returnflag = 'R'::bpchar) OR (l_returnflag = 'A'::bpchar)) AND ((l_tax <= 0.07) OR (l_discount <= 0.05)) AND (l_extendedprice > (0)::numeric))
[CF_RLS_DUMP] policy tablename=lineitem policyname=cf_p5 permissive=PERMISSIVE roles=['rls_user'] qual=((((l_shipmode = ANY (ARRAY['AIR'::bpchar, 'AIR REG'::bpchar])) AND (l_quantity <= (15)::numeric) AND (l_discount <= 0.05) AND (l_linestatus = 'F'::bpchar)) OR ((l_shipmode = ANY (ARRAY['MAIL'::bpchar, 'SHIP'::bpchar])) AND (l_quantity <= (30)::numeric) AND (l_discount <= 0.07) AND (l_returnflag = 'R'::bpchar))) AND (l_extendedprice > (0)::numeric))
[CF_RLS_DUMP] policy tablename=orders policyname=cf_p11 permissive=PERMISSIVE roles=['rls_user'] qual=(EXISTS ( SELECT 1
   FROM customer
  WHERE ((orders.o_custkey = customer.c_custkey) AND ((customer.c_mktsegment = 'AUTOMOBILE'::bpchar) OR (customer.c_mktsegment = 'HOUSEHOLD'::bpchar)))))
[CF_RLS_DUMP] policy tablename=orders policyname=cf_p12 permissive=RESTRICTIVE roles=['rls_user'] qual=(EXISTS ( SELECT 1
   FROM customer
  WHERE ((orders.o_custkey = customer.c_custkey) AND (((orders.o_orderstatus = 'F'::bpchar) AND (customer.c_acctbal > (0)::numeric)) OR ((orders.o_orderpriority = ANY (ARRAY['1-URGENT'::bpchar, '2-HIGH'::bpchar])) AND (customer.c_mktsegment = 'BUILDING'::bpchar))))))
[CF_RLS_DUMP] policy tablename=orders policyname=cf_p13 permissive=PERMISSIVE roles=['rls_user'] qual=(EXISTS ( SELECT 1
   FROM customer,
    nation
  WHERE ((orders.o_custkey = customer.c_custkey) AND (customer.c_nationkey = nation.n_nationkey) AND ((nation.n_name = ANY (ARRAY['GERMANY'::bpchar, 'FRANCE'::bpchar])) OR (nation.n_name = ANY (ARRAY['BRAZIL'::bpchar, 'CANADA'::bpchar]))) AND (customer.c_acctbal > (0)::numeric))))
[CF_RLS_DUMP] policy tablename=orders policyname=cf_p14 permissive=RESTRICTIVE roles=['rls_user'] qual=(EXISTS ( SELECT 1
   FROM customer,
    nation,
    region
  WHERE ((orders.o_custkey = customer.c_custkey) AND (customer.c_nationkey = nation.n_nationkey) AND (nation.n_regionkey = region.r_regionkey) AND ((region.r_name = 'EUROPE'::bpchar) OR (region.r_name = 'ASIA'::bpchar)) AND (orders.o_orderstatus = ANY (ARRAY['O'::bpchar, 'F'::bpchar])))))
[progress] db=tpch0_1 K=10 baseline=ours query=13
[progress] db=tpch0_1 K=10 baseline=rls_with_index query=13
[CF_RLS_DUMP] tag=pre_query db=tpch0_1 baseline=rls_with_index q=13
[CF_RLS_DUMP] current_user=rls_user session_user=rls_user
[CF_RLS_DUMP] row_security=on
[CF_RLS_DUMP] role rolname=rls_user rolsuper=False rolbypassrls=False
[CF_RLS_DUMP] rel relname=customer relrowsecurity=True relforcerowsecurity=False
[CF_RLS_DUMP] rel relname=lineitem relrowsecurity=True relforcerowsecurity=False
[CF_RLS_DUMP] rel relname=orders relrowsecurity=True relforcerowsecurity=False
[CF_RLS_DUMP] policy tablename=customer policyname=cf_p10 permissive=RESTRICTIVE roles=['rls_user'] qual=((((c_mktsegment = 'AUTOMOBILE'::bpchar) AND (c_acctbal > (0)::numeric)) OR ((c_mktsegment = 'FURNITURE'::bpchar) AND (c_acctbal > (500)::numeric)) OR ((c_mktsegment = 'BUILDING'::bpchar) AND (c_acctbal > (1000)::numeric))) AND (c_nationkey = ANY (ARRAY[1, 3, 5, 7])))
[CF_RLS_DUMP] policy tablename=lineitem policyname=cf_p1 permissive=PERMISSIVE roles=['rls_user'] qual=((l_returnflag = 'R'::bpchar) OR (l_linestatus = 'F'::bpchar))
[CF_RLS_DUMP] policy tablename=lineitem policyname=cf_p2 permissive=RESTRICTIVE roles=['rls_user'] qual=((l_shipinstruct = 'DELIVER IN PERSON'::bpchar) AND ((l_shipmode = ANY (ARRAY['MAIL'::bpchar, 'SHIP'::bpchar])) OR (l_shipmode = ANY (ARRAY['TRUCK'::bpchar, 'RAIL'::bpchar]))))
[CF_RLS_DUMP] policy tablename=lineitem policyname=cf_p3 permissive=PERMISSIVE roles=['rls_user'] qual=(((l_discount >= 0.02) AND (l_discount <= 0.05) AND (l_quantity <= (25)::numeric)) OR ((l_discount >= 0.06) AND (l_discount <= 0.08) AND (l_quantity <= (10)::numeric)))
[CF_RLS_DUMP] policy tablename=lineitem policyname=cf_p4 permissive=RESTRICTIVE roles=['rls_user'] qual=((l_shipinstruct = 'DELIVER IN PERSON'::bpchar) AND ((l_returnflag = 'R'::bpchar) OR (l_returnflag = 'A'::bpchar)) AND ((l_tax <= 0.07) OR (l_discount <= 0.05)) AND (l_extendedprice > (0)::numeric))
[CF_RLS_DUMP] policy tablename=lineitem policyname=cf_p5 permissive=PERMISSIVE roles=['rls_user'] qual=((((l_shipmode = ANY (ARRAY['AIR'::bpchar, 'AIR REG'::bpchar])) AND (l_quantity <= (15)::numeric) AND (l_discount <= 0.05) AND (l_linestatus = 'F'::bpchar)) OR ((l_shipmode = ANY (ARRAY['MAIL'::bpchar, 'SHIP'::bpchar])) AND (l_quantity <= (30)::numeric) AND (l_discount <= 0.07) AND (l_returnflag = 'R'::bpchar))) AND (l_extendedprice > (0)::numeric))
[CF_RLS_DUMP] policy tablename=orders policyname=cf_p11 permissive=PERMISSIVE roles=['rls_user'] qual=(EXISTS ( SELECT 1
   FROM customer
  WHERE ((orders.o_custkey = customer.c_custkey) AND ((customer.c_mktsegment = 'AUTOMOBILE'::bpchar) OR (customer.c_mktsegment = 'HOUSEHOLD'::bpchar)))))
[CF_RLS_DUMP] policy tablename=orders policyname=cf_p12 permissive=RESTRICTIVE roles=['rls_user'] qual=(EXISTS ( SELECT 1
   FROM customer
  WHERE ((orders.o_custkey = customer.c_custkey) AND (((orders.o_orderstatus = 'F'::bpchar) AND (customer.c_acctbal > (0)::numeric)) OR ((orders.o_orderpriority = ANY (ARRAY['1-URGENT'::bpchar, '2-HIGH'::bpchar])) AND (customer.c_mktsegment = 'BUILDING'::bpchar))))))
[CF_RLS_DUMP] policy tablename=orders policyname=cf_p13 permissive=PERMISSIVE roles=['rls_user'] qual=(EXISTS ( SELECT 1
   FROM customer,
    nation
  WHERE ((orders.o_custkey = customer.c_custkey) AND (customer.c_nationkey = nation.n_nationkey) AND ((nation.n_name = ANY (ARRAY['GERMANY'::bpchar, 'FRANCE'::bpchar])) OR (nation.n_name = ANY (ARRAY['BRAZIL'::bpchar, 'CANADA'::bpchar]))) AND (customer.c_acctbal > (0)::numeric))))
[CF_RLS_DUMP] policy tablename=orders policyname=cf_p14 permissive=RESTRICTIVE roles=['rls_user'] qual=(EXISTS ( SELECT 1
   FROM customer,
    nation,
    region
  WHERE ((orders.o_custkey = customer.c_custkey) AND (customer.c_nationkey = nation.n_nationkey) AND (nation.n_regionkey = region.r_regionkey) AND ((region.r_name = 'EUROPE'::bpchar) OR (region.r_name = 'ASIA'::bpchar)) AND (orders.o_orderstatus = ANY (ARRAY['O'::bpchar, 'F'::bpchar])))))
[CF_RLS_DUMP] tag=pre_count_query db=tpch0_1 baseline=rls_with_index
[CF_RLS_DUMP] current_user=rls_user session_user=rls_user
[CF_RLS_DUMP] row_security=on
[CF_RLS_DUMP] role rolname=rls_user rolsuper=False rolbypassrls=False
[CF_RLS_DUMP] rel relname=customer relrowsecurity=True relforcerowsecurity=False
[CF_RLS_DUMP] rel relname=lineitem relrowsecurity=True relforcerowsecurity=False
[CF_RLS_DUMP] rel relname=orders relrowsecurity=True relforcerowsecurity=False
[CF_RLS_DUMP] policy tablename=customer policyname=cf_p10 permissive=RESTRICTIVE roles=['rls_user'] qual=((((c_mktsegment = 'AUTOMOBILE'::bpchar) AND (c_acctbal > (0)::numeric)) OR ((c_mktsegment = 'FURNITURE'::bpchar) AND (c_acctbal > (500)::numeric)) OR ((c_mktsegment = 'BUILDING'::bpchar) AND (c_acctbal > (1000)::numeric))) AND (c_nationkey = ANY (ARRAY[1, 3, 5, 7])))
[CF_RLS_DUMP] policy tablename=lineitem policyname=cf_p1 permissive=PERMISSIVE roles=['rls_user'] qual=((l_returnflag = 'R'::bpchar) OR (l_linestatus = 'F'::bpchar))
[CF_RLS_DUMP] policy tablename=lineitem policyname=cf_p2 permissive=RESTRICTIVE roles=['rls_user'] qual=((l_shipinstruct = 'DELIVER IN PERSON'::bpchar) AND ((l_shipmode = ANY (ARRAY['MAIL'::bpchar, 'SHIP'::bpchar])) OR (l_shipmode = ANY (ARRAY['TRUCK'::bpchar, 'RAIL'::bpchar]))))
[CF_RLS_DUMP] policy tablename=lineitem policyname=cf_p3 permissive=PERMISSIVE roles=['rls_user'] qual=(((l_discount >= 0.02) AND (l_discount <= 0.05) AND (l_quantity <= (25)::numeric)) OR ((l_discount >= 0.06) AND (l_discount <= 0.08) AND (l_quantity <= (10)::numeric)))
[CF_RLS_DUMP] policy tablename=lineitem policyname=cf_p4 permissive=RESTRICTIVE roles=['rls_user'] qual=((l_shipinstruct = 'DELIVER IN PERSON'::bpchar) AND ((l_returnflag = 'R'::bpchar) OR (l_returnflag = 'A'::bpchar)) AND ((l_tax <= 0.07) OR (l_discount <= 0.05)) AND (l_extendedprice > (0)::numeric))
[CF_RLS_DUMP] policy tablename=lineitem policyname=cf_p5 permissive=PERMISSIVE roles=['rls_user'] qual=((((l_shipmode = ANY (ARRAY['AIR'::bpchar, 'AIR REG'::bpchar])) AND (l_quantity <= (15)::numeric) AND (l_discount <= 0.05) AND (l_linestatus = 'F'::bpchar)) OR ((l_shipmode = ANY (ARRAY['MAIL'::bpchar, 'SHIP'::bpchar])) AND (l_quantity <= (30)::numeric) AND (l_discount <= 0.07) AND (l_returnflag = 'R'::bpchar))) AND (l_extendedprice > (0)::numeric))
[CF_RLS_DUMP] policy tablename=orders policyname=cf_p11 permissive=PERMISSIVE roles=['rls_user'] qual=(EXISTS ( SELECT 1
   FROM customer
  WHERE ((orders.o_custkey = customer.c_custkey) AND ((customer.c_mktsegment = 'AUTOMOBILE'::bpchar) OR (customer.c_mktsegment = 'HOUSEHOLD'::bpchar)))))
[CF_RLS_DUMP] policy tablename=orders policyname=cf_p12 permissive=RESTRICTIVE roles=['rls_user'] qual=(EXISTS ( SELECT 1
   FROM customer
  WHERE ((orders.o_custkey = customer.c_custkey) AND (((orders.o_orderstatus = 'F'::bpchar) AND (customer.c_acctbal > (0)::numeric)) OR ((orders.o_orderpriority = ANY (ARRAY['1-URGENT'::bpchar, '2-HIGH'::bpchar])) AND (customer.c_mktsegment = 'BUILDING'::bpchar))))))
[CF_RLS_DUMP] policy tablename=orders policyname=cf_p13 permissive=PERMISSIVE roles=['rls_user'] qual=(EXISTS ( SELECT 1
   FROM customer,
    nation
  WHERE ((orders.o_custkey = customer.c_custkey) AND (customer.c_nationkey = nation.n_nationkey) AND ((nation.n_name = ANY (ARRAY['GERMANY'::bpchar, 'FRANCE'::bpchar])) OR (nation.n_name = ANY (ARRAY['BRAZIL'::bpchar, 'CANADA'::bpchar]))) AND (customer.c_acctbal > (0)::numeric))))
[CF_RLS_DUMP] policy tablename=orders policyname=cf_p14 permissive=RESTRICTIVE roles=['rls_user'] qual=(EXISTS ( SELECT 1
   FROM customer,
    nation,
    region
  WHERE ((orders.o_custkey = customer.c_custkey) AND (customer.c_nationkey = nation.n_nationkey) AND (nation.n_regionkey = region.r_regionkey) AND ((region.r_name = 'EUROPE'::bpchar) OR (region.r_name = 'ASIA'::bpchar)) AND (orders.o_orderstatus = ANY (ARRAY['O'::bpchar, 'F'::bpchar])))))
[CF_RLS_DUMP] tag=pre_count_query db=tpch0_1 baseline=rls_with_index
[CF_RLS_DUMP] current_user=rls_user session_user=rls_user
[CF_RLS_DUMP] row_security=on
[CF_RLS_DUMP] role rolname=rls_user rolsuper=False rolbypassrls=False
[CF_RLS_DUMP] rel relname=customer relrowsecurity=True relforcerowsecurity=False
[CF_RLS_DUMP] rel relname=lineitem relrowsecurity=True relforcerowsecurity=False
[CF_RLS_DUMP] rel relname=orders relrowsecurity=True relforcerowsecurity=False
[CF_RLS_DUMP] policy tablename=customer policyname=cf_p10 permissive=RESTRICTIVE roles=['rls_user'] qual=((((c_mktsegment = 'AUTOMOBILE'::bpchar) AND (c_acctbal > (0)::numeric)) OR ((c_mktsegment = 'FURNITURE'::bpchar) AND (c_acctbal > (500)::numeric)) OR ((c_mktsegment = 'BUILDING'::bpchar) AND (c_acctbal > (1000)::numeric))) AND (c_nationkey = ANY (ARRAY[1, 3, 5, 7])))
[CF_RLS_DUMP] policy tablename=lineitem policyname=cf_p1 permissive=PERMISSIVE roles=['rls_user'] qual=((l_returnflag = 'R'::bpchar) OR (l_linestatus = 'F'::bpchar))
[CF_RLS_DUMP] policy tablename=lineitem policyname=cf_p2 permissive=RESTRICTIVE roles=['rls_user'] qual=((l_shipinstruct = 'DELIVER IN PERSON'::bpchar) AND ((l_shipmode = ANY (ARRAY['MAIL'::bpchar, 'SHIP'::bpchar])) OR (l_shipmode = ANY (ARRAY['TRUCK'::bpchar, 'RAIL'::bpchar]))))
[CF_RLS_DUMP] policy tablename=lineitem policyname=cf_p3 permissive=PERMISSIVE roles=['rls_user'] qual=(((l_discount >= 0.02) AND (l_discount <= 0.05) AND (l_quantity <= (25)::numeric)) OR ((l_discount >= 0.06) AND (l_discount <= 0.08) AND (l_quantity <= (10)::numeric)))
[CF_RLS_DUMP] policy tablename=lineitem policyname=cf_p4 permissive=RESTRICTIVE roles=['rls_user'] qual=((l_shipinstruct = 'DELIVER IN PERSON'::bpchar) AND ((l_returnflag = 'R'::bpchar) OR (l_returnflag = 'A'::bpchar)) AND ((l_tax <= 0.07) OR (l_discount <= 0.05)) AND (l_extendedprice > (0)::numeric))
[CF_RLS_DUMP] policy tablename=lineitem policyname=cf_p5 permissive=PERMISSIVE roles=['rls_user'] qual=((((l_shipmode = ANY (ARRAY['AIR'::bpchar, 'AIR REG'::bpchar])) AND (l_quantity <= (15)::numeric) AND (l_discount <= 0.05) AND (l_linestatus = 'F'::bpchar)) OR ((l_shipmode = ANY (ARRAY['MAIL'::bpchar, 'SHIP'::bpchar])) AND (l_quantity <= (30)::numeric) AND (l_discount <= 0.07) AND (l_returnflag = 'R'::bpchar))) AND (l_extendedprice > (0)::numeric))
[CF_RLS_DUMP] policy tablename=orders policyname=cf_p11 permissive=PERMISSIVE roles=['rls_user'] qual=(EXISTS ( SELECT 1
   FROM customer
  WHERE ((orders.o_custkey = customer.c_custkey) AND ((customer.c_mktsegment = 'AUTOMOBILE'::bpchar) OR (customer.c_mktsegment = 'HOUSEHOLD'::bpchar)))))
[CF_RLS_DUMP] policy tablename=orders policyname=cf_p12 permissive=RESTRICTIVE roles=['rls_user'] qual=(EXISTS ( SELECT 1
   FROM customer
  WHERE ((orders.o_custkey = customer.c_custkey) AND (((orders.o_orderstatus = 'F'::bpchar) AND (customer.c_acctbal > (0)::numeric)) OR ((orders.o_orderpriority = ANY (ARRAY['1-URGENT'::bpchar, '2-HIGH'::bpchar])) AND (customer.c_mktsegment = 'BUILDING'::bpchar))))))
[CF_RLS_DUMP] policy tablename=orders policyname=cf_p13 permissive=PERMISSIVE roles=['rls_user'] qual=(EXISTS ( SELECT 1
   FROM customer,
    nation
  WHERE ((orders.o_custkey = customer.c_custkey) AND (customer.c_nationkey = nation.n_nationkey) AND ((nation.n_name = ANY (ARRAY['GERMANY'::bpchar, 'FRANCE'::bpchar])) OR (nation.n_name = ANY (ARRAY['BRAZIL'::bpchar, 'CANADA'::bpchar]))) AND (customer.c_acctbal > (0)::numeric))))
[CF_RLS_DUMP] policy tablename=orders policyname=cf_p14 permissive=RESTRICTIVE roles=['rls_user'] qual=(EXISTS ( SELECT 1
   FROM customer,
    nation,
    region
  WHERE ((orders.o_custkey = customer.c_custkey) AND (customer.c_nationkey = nation.n_nationkey) AND (nation.n_regionkey = region.r_regionkey) AND ((region.r_name = 'EUROPE'::bpchar) OR (region.r_name = 'ASIA'::bpchar)) AND (orders.o_orderstatus = ANY (ARRAY['O'::bpchar, 'F'::bpchar])))))
[CF_RLS_DUMP] tag=pre_count_sql db=tpch0_1 baseline=rls_with_index
[CF_RLS_DUMP] current_user=rls_user session_user=rls_user
[CF_RLS_DUMP] row_security=on
[CF_RLS_DUMP] role rolname=rls_user rolsuper=False rolbypassrls=False
[CF_RLS_DUMP] rel relname=customer relrowsecurity=True relforcerowsecurity=False
[CF_RLS_DUMP] rel relname=lineitem relrowsecurity=True relforcerowsecurity=False
[CF_RLS_DUMP] rel relname=orders relrowsecurity=True relforcerowsecurity=False
[CF_RLS_DUMP] policy tablename=customer policyname=cf_p10 permissive=RESTRICTIVE roles=['rls_user'] qual=((((c_mktsegment = 'AUTOMOBILE'::bpchar) AND (c_acctbal > (0)::numeric)) OR ((c_mktsegment = 'FURNITURE'::bpchar) AND (c_acctbal > (500)::numeric)) OR ((c_mktsegment = 'BUILDING'::bpchar) AND (c_acctbal > (1000)::numeric))) AND (c_nationkey = ANY (ARRAY[1, 3, 5, 7])))
[CF_RLS_DUMP] policy tablename=lineitem policyname=cf_p1 permissive=PERMISSIVE roles=['rls_user'] qual=((l_returnflag = 'R'::bpchar) OR (l_linestatus = 'F'::bpchar))
[CF_RLS_DUMP] policy tablename=lineitem policyname=cf_p2 permissive=RESTRICTIVE roles=['rls_user'] qual=((l_shipinstruct = 'DELIVER IN PERSON'::bpchar) AND ((l_shipmode = ANY (ARRAY['MAIL'::bpchar, 'SHIP'::bpchar])) OR (l_shipmode = ANY (ARRAY['TRUCK'::bpchar, 'RAIL'::bpchar]))))
[CF_RLS_DUMP] policy tablename=lineitem policyname=cf_p3 permissive=PERMISSIVE roles=['rls_user'] qual=(((l_discount >= 0.02) AND (l_discount <= 0.05) AND (l_quantity <= (25)::numeric)) OR ((l_discount >= 0.06) AND (l_discount <= 0.08) AND (l_quantity <= (10)::numeric)))
[CF_RLS_DUMP] policy tablename=lineitem policyname=cf_p4 permissive=RESTRICTIVE roles=['rls_user'] qual=((l_shipinstruct = 'DELIVER IN PERSON'::bpchar) AND ((l_returnflag = 'R'::bpchar) OR (l_returnflag = 'A'::bpchar)) AND ((l_tax <= 0.07) OR (l_discount <= 0.05)) AND (l_extendedprice > (0)::numeric))
[CF_RLS_DUMP] policy tablename=lineitem policyname=cf_p5 permissive=PERMISSIVE roles=['rls_user'] qual=((((l_shipmode = ANY (ARRAY['AIR'::bpchar, 'AIR REG'::bpchar])) AND (l_quantity <= (15)::numeric) AND (l_discount <= 0.05) AND (l_linestatus = 'F'::bpchar)) OR ((l_shipmode = ANY (ARRAY['MAIL'::bpchar, 'SHIP'::bpchar])) AND (l_quantity <= (30)::numeric) AND (l_discount <= 0.07) AND (l_returnflag = 'R'::bpchar))) AND (l_extendedprice > (0)::numeric))
[CF_RLS_DUMP] policy tablename=orders policyname=cf_p11 permissive=PERMISSIVE roles=['rls_user'] qual=(EXISTS ( SELECT 1
   FROM customer
  WHERE ((orders.o_custkey = customer.c_custkey) AND ((customer.c_mktsegment = 'AUTOMOBILE'::bpchar) OR (customer.c_mktsegment = 'HOUSEHOLD'::bpchar)))))
[CF_RLS_DUMP] policy tablename=orders policyname=cf_p12 permissive=RESTRICTIVE roles=['rls_user'] qual=(EXISTS ( SELECT 1
   FROM customer
  WHERE ((orders.o_custkey = customer.c_custkey) AND (((orders.o_orderstatus = 'F'::bpchar) AND (customer.c_acctbal > (0)::numeric)) OR ((orders.o_orderpriority = ANY (ARRAY['1-URGENT'::bpchar, '2-HIGH'::bpchar])) AND (customer.c_mktsegment = 'BUILDING'::bpchar))))))
[CF_RLS_DUMP] policy tablename=orders policyname=cf_p13 permissive=PERMISSIVE roles=['rls_user'] qual=(EXISTS ( SELECT 1
   FROM customer,
    nation
  WHERE ((orders.o_custkey = customer.c_custkey) AND (customer.c_nationkey = nation.n_nationkey) AND ((nation.n_name = ANY (ARRAY['GERMANY'::bpchar, 'FRANCE'::bpchar])) OR (nation.n_name = ANY (ARRAY['BRAZIL'::bpchar, 'CANADA'::bpchar]))) AND (customer.c_acctbal > (0)::numeric))))
[CF_RLS_DUMP] policy tablename=orders policyname=cf_p14 permissive=RESTRICTIVE roles=['rls_user'] qual=(EXISTS ( SELECT 1
   FROM customer,
    nation,
    region
  WHERE ((orders.o_custkey = customer.c_custkey) AND (customer.c_nationkey = nation.n_nationkey) AND (nation.n_regionkey = region.r_regionkey) AND ((region.r_name = 'EUROPE'::bpchar) OR (region.r_name = 'ASIA'::bpchar)) AND (orders.o_orderstatus = ANY (ARRAY['O'::bpchar, 'F'::bpchar])))))
[CF_RLS_DUMP] tag=pre_count_query db=tpch0_1 baseline=rls_with_index
[CF_RLS_DUMP] current_user=rls_user session_user=rls_user
[CF_RLS_DUMP] row_security=on
[CF_RLS_DUMP] role rolname=rls_user rolsuper=False rolbypassrls=False
[CF_RLS_DUMP] rel relname=customer relrowsecurity=True relforcerowsecurity=False
[CF_RLS_DUMP] rel relname=lineitem relrowsecurity=True relforcerowsecurity=False
[CF_RLS_DUMP] rel relname=orders relrowsecurity=True relforcerowsecurity=False
[CF_RLS_DUMP] policy tablename=customer policyname=cf_p10 permissive=RESTRICTIVE roles=['rls_user'] qual=((((c_mktsegment = 'AUTOMOBILE'::bpchar) AND (c_acctbal > (0)::numeric)) OR ((c_mktsegment = 'FURNITURE'::bpchar) AND (c_acctbal > (500)::numeric)) OR ((c_mktsegment = 'BUILDING'::bpchar) AND (c_acctbal > (1000)::numeric))) AND (c_nationkey = ANY (ARRAY[1, 3, 5, 7])))
[CF_RLS_DUMP] policy tablename=lineitem policyname=cf_p1 permissive=PERMISSIVE roles=['rls_user'] qual=((l_returnflag = 'R'::bpchar) OR (l_linestatus = 'F'::bpchar))
[CF_RLS_DUMP] policy tablename=lineitem policyname=cf_p2 permissive=RESTRICTIVE roles=['rls_user'] qual=((l_shipinstruct = 'DELIVER IN PERSON'::bpchar) AND ((l_shipmode = ANY (ARRAY['MAIL'::bpchar, 'SHIP'::bpchar])) OR (l_shipmode = ANY (ARRAY['TRUCK'::bpchar, 'RAIL'::bpchar]))))
[CF_RLS_DUMP] policy tablename=lineitem policyname=cf_p3 permissive=PERMISSIVE roles=['rls_user'] qual=(((l_discount >= 0.02) AND (l_discount <= 0.05) AND (l_quantity <= (25)::numeric)) OR ((l_discount >= 0.06) AND (l_discount <= 0.08) AND (l_quantity <= (10)::numeric)))
[CF_RLS_DUMP] policy tablename=lineitem policyname=cf_p4 permissive=RESTRICTIVE roles=['rls_user'] qual=((l_shipinstruct = 'DELIVER IN PERSON'::bpchar) AND ((l_returnflag = 'R'::bpchar) OR (l_returnflag = 'A'::bpchar)) AND ((l_tax <= 0.07) OR (l_discount <= 0.05)) AND (l_extendedprice > (0)::numeric))
[CF_RLS_DUMP] policy tablename=lineitem policyname=cf_p5 permissive=PERMISSIVE roles=['rls_user'] qual=((((l_shipmode = ANY (ARRAY['AIR'::bpchar, 'AIR REG'::bpchar])) AND (l_quantity <= (15)::numeric) AND (l_discount <= 0.05) AND (l_linestatus = 'F'::bpchar)) OR ((l_shipmode = ANY (ARRAY['MAIL'::bpchar, 'SHIP'::bpchar])) AND (l_quantity <= (30)::numeric) AND (l_discount <= 0.07) AND (l_returnflag = 'R'::bpchar))) AND (l_extendedprice > (0)::numeric))
[CF_RLS_DUMP] policy tablename=orders policyname=cf_p11 permissive=PERMISSIVE roles=['rls_user'] qual=(EXISTS ( SELECT 1
   FROM customer
  WHERE ((orders.o_custkey = customer.c_custkey) AND ((customer.c_mktsegment = 'AUTOMOBILE'::bpchar) OR (customer.c_mktsegment = 'HOUSEHOLD'::bpchar)))))
[CF_RLS_DUMP] policy tablename=orders policyname=cf_p12 permissive=RESTRICTIVE roles=['rls_user'] qual=(EXISTS ( SELECT 1
   FROM customer
  WHERE ((orders.o_custkey = customer.c_custkey) AND (((orders.o_orderstatus = 'F'::bpchar) AND (customer.c_acctbal > (0)::numeric)) OR ((orders.o_orderpriority = ANY (ARRAY['1-URGENT'::bpchar, '2-HIGH'::bpchar])) AND (customer.c_mktsegment = 'BUILDING'::bpchar))))))
[CF_RLS_DUMP] policy tablename=orders policyname=cf_p13 permissive=PERMISSIVE roles=['rls_user'] qual=(EXISTS ( SELECT 1
   FROM customer,
    nation
  WHERE ((orders.o_custkey = customer.c_custkey) AND (customer.c_nationkey = nation.n_nationkey) AND ((nation.n_name = ANY (ARRAY['GERMANY'::bpchar, 'FRANCE'::bpchar])) OR (nation.n_name = ANY (ARRAY['BRAZIL'::bpchar, 'CANADA'::bpchar]))) AND (customer.c_acctbal > (0)::numeric))))
[CF_RLS_DUMP] policy tablename=orders policyname=cf_p14 permissive=RESTRICTIVE roles=['rls_user'] qual=(EXISTS ( SELECT 1
   FROM customer,
    nation,
    region
  WHERE ((orders.o_custkey = customer.c_custkey) AND (customer.c_nationkey = nation.n_nationkey) AND (nation.n_regionkey = region.r_regionkey) AND ((region.r_name = 'EUROPE'::bpchar) OR (region.r_name = 'ASIA'::bpchar)) AND (orders.o_orderstatus = ANY (ARRAY['O'::bpchar, 'F'::bpchar])))))
[db] done db=tpch0_1
[summary] db=tpch0_1 scale=0.1 K=1 median_hot ours=196.171ms rls=105.642ms ratio=1.857 cross_ratio=1.857 disk ours=10810396 rls=8372224 median_rss ours=164195KB rls=114704KB
[summary] db=tpch0_1 scale=0.1 K=5 median_hot ours=211.362ms rls=75.560ms ratio=2.797 cross_ratio=2.697 disk ours=26776011 rls=75563008 median_rss ours=208936KB rls=119018KB
[summary] db=tpch0_1 scale=0.1 K=10 median_hot ours=286.669ms rls=45.544ms ratio=6.294 cross_ratio=9.423 disk ours=30629904 rls=80003072 median_rss ours=201824KB rls=73611KB
[plot] matplotlib unavailable: No module named 'matplotlib'
[done] times_csv=logs/odd_even_proof_20260213_052622/times.csv
[done] profile_csv=logs/odd_even_proof_20260213_052622/profile.csv
[done] correctness_csv=logs/odd_even_proof_20260213_052622/correctness.csv
[done] summary_csv=logs/odd_even_proof_20260213_052622/summary.csv
[done] plots_dir=/tmp/z3_lab/project/logs/policy_scaling_plots
