[db] start db=tpch0_1
[policy_set] db=tpch0_1 K=3 enabled_ids=[1, 2, 3]
[setup_ours] K=3 setup_ms=2236.880 disk=20420305
[CF_RLS_DUMP] tag=post_create db=tpch0_1
[CF_RLS_DUMP] current_user=postgres session_user=postgres
[CF_RLS_DUMP] row_security=on
[CF_RLS_DUMP] role rolname=postgres rolsuper=True rolbypassrls=True
[CF_RLS_DUMP] rel relname=customer relrowsecurity=False relforcerowsecurity=False
[CF_RLS_DUMP] rel relname=lineitem relrowsecurity=True relforcerowsecurity=False
[CF_RLS_DUMP] rel relname=orders relrowsecurity=False relforcerowsecurity=False
[CF_RLS_DUMP] policy tablename=lineitem policyname=cf_p1 permissive=PERMISSIVE roles=['rls_user'] qual=((l_returnflag = 'R'::bpchar) OR (l_linestatus = 'F'::bpchar))
[CF_RLS_DUMP] policy tablename=lineitem policyname=cf_p2 permissive=RESTRICTIVE roles=['rls_user'] qual=((l_shipinstruct = 'DELIVER IN PERSON'::bpchar) AND ((l_shipmode = ANY (ARRAY['MAIL'::bpchar, 'SHIP'::bpchar])) OR (l_shipmode = ANY (ARRAY['TRUCK'::bpchar, 'RAIL'::bpchar]))))
[CF_RLS_DUMP] policy tablename=lineitem policyname=cf_p3 permissive=PERMISSIVE roles=['rls_user'] qual=(((l_discount >= 0.02) AND (l_discount <= 0.05) AND (l_quantity <= (25)::numeric)) OR ((l_discount >= 0.06) AND (l_discount <= 0.08) AND (l_quantity <= (10)::numeric)))
[index_infer] K=3 specs=['lineitem.l_discount', 'lineitem.l_linestatus', 'lineitem.l_quantity', 'lineitem.l_returnflag', 'lineitem.l_shipinstruct', 'lineitem.l_shipmode']
[setup_rls] K=3 setup_ms=1862.438 disk=44032000 indexes=['cf_rls_k3_lineitem_l_discount_1', 'cf_rls_k3_lineitem_l_linestatus_2', 'cf_rls_k3_lineitem_l_quantity_3', 'cf_rls_k3_lineitem_l_returnflag_4', 'cf_rls_k3_lineitem_l_shipinstruct_5', 'cf_rls_k3_lineitem_l_shipmode_6']
[correctness_sample] db=tpch0_1 K=3 queries=['1', '6']
[progress] db=tpch0_1 K=3 baseline=ours query=1
[CF_POLICY_AST_DUMP] tag=db=tpch0_1 baseline=ours q=1 phase=cold lines=5
NOTICE:  CF_POLICY_AST_SUMMARY permissive_total=0 restrictive_total=0 targets=0 targets_perm0=0
NOTICE:  CF_POLICY_AST target=lineitem perm=2 rest=1 y0=0 ast=(y8 or y5 or y3 and y1 and y7 or y4 and y2 and y6) and y9 and (y10 or y11)
NOTICE:  CF_POLICY_AST_SUMMARY permissive_total=2 restrictive_total=1 targets=1 targets_perm0=0
NOTICE:  CF_POLICY_AST target=lineitem perm=2 rest=1 y0=0 ast=(y8 or y5 or y3 and y1 and y7 or y4 and y2 and y6) and y9 and (y10 or y11)
NOTICE:  CF_POLICY_AST_SUMMARY permissive_total=2 restrictive_total=1 targets=1 targets_perm0=0
[CF_POLICY_AST_DUMP] tag=db=tpch0_1 baseline=ours q=1 phase=hot1 lines=5
NOTICE:  CF_POLICY_AST_SUMMARY permissive_total=0 restrictive_total=0 targets=0 targets_perm0=0
NOTICE:  CF_POLICY_AST target=lineitem perm=2 rest=1 y0=0 ast=(y8 or y5 or y3 and y1 and y7 or y4 and y2 and y6) and y9 and (y10 or y11)
NOTICE:  CF_POLICY_AST_SUMMARY permissive_total=2 restrictive_total=1 targets=1 targets_perm0=0
NOTICE:  CF_POLICY_AST target=lineitem perm=2 rest=1 y0=0 ast=(y8 or y5 or y3 and y1 and y7 or y4 and y2 and y6) and y9 and (y10 or y11)
NOTICE:  CF_POLICY_AST_SUMMARY permissive_total=2 restrictive_total=1 targets=1 targets_perm0=0
[CF_POLICY_AST_DUMP] tag=profile_capture db=tpch0_1 q=1 lines=5
NOTICE:  CF_POLICY_AST_SUMMARY permissive_total=0 restrictive_total=0 targets=0 targets_perm0=0
NOTICE:  CF_POLICY_AST target=lineitem perm=2 rest=1 y0=0 ast=(y8 or y5 or y3 and y1 and y7 or y4 and y2 and y6) and y9 and (y10 or y11)
NOTICE:  CF_POLICY_AST_SUMMARY permissive_total=2 restrictive_total=1 targets=1 targets_perm0=0
NOTICE:  CF_POLICY_AST target=lineitem perm=2 rest=1 y0=0 ast=(y8 or y5 or y3 and y1 and y7 or y4 and y2 and y6) and y9 and (y10 or y11)
NOTICE:  CF_POLICY_AST_SUMMARY permissive_total=2 restrictive_total=1 targets=1 targets_perm0=0
[progress] db=tpch0_1 K=3 baseline=rls_with_index query=1
[CF_RLS_DUMP] tag=pre_query db=tpch0_1 baseline=rls_with_index q=1
[CF_RLS_DUMP] current_user=rls_user session_user=rls_user
[CF_RLS_DUMP] row_security=on
[CF_RLS_DUMP] role rolname=rls_user rolsuper=False rolbypassrls=False
[CF_RLS_DUMP] rel relname=customer relrowsecurity=False relforcerowsecurity=False
[CF_RLS_DUMP] rel relname=lineitem relrowsecurity=True relforcerowsecurity=False
[CF_RLS_DUMP] rel relname=orders relrowsecurity=False relforcerowsecurity=False
[CF_RLS_DUMP] policy tablename=lineitem policyname=cf_p1 permissive=PERMISSIVE roles=['rls_user'] qual=((l_returnflag = 'R'::bpchar) OR (l_linestatus = 'F'::bpchar))
[CF_RLS_DUMP] policy tablename=lineitem policyname=cf_p2 permissive=RESTRICTIVE roles=['rls_user'] qual=((l_shipinstruct = 'DELIVER IN PERSON'::bpchar) AND ((l_shipmode = ANY (ARRAY['MAIL'::bpchar, 'SHIP'::bpchar])) OR (l_shipmode = ANY (ARRAY['TRUCK'::bpchar, 'RAIL'::bpchar]))))
[CF_RLS_DUMP] policy tablename=lineitem policyname=cf_p3 permissive=PERMISSIVE roles=['rls_user'] qual=(((l_discount >= 0.02) AND (l_discount <= 0.05) AND (l_quantity <= (25)::numeric)) OR ((l_discount >= 0.06) AND (l_discount <= 0.08) AND (l_quantity <= (10)::numeric)))
[progress] db=tpch0_1 K=3 baseline=ours query=6
[CF_POLICY_AST_DUMP] tag=db=tpch0_1 baseline=ours q=6 phase=cold lines=5
NOTICE:  CF_POLICY_AST_SUMMARY permissive_total=0 restrictive_total=0 targets=0 targets_perm0=0
NOTICE:  CF_POLICY_AST target=lineitem perm=2 rest=1 y0=0 ast=(y8 or y5 or y3 and y1 and y7 or y4 and y2 and y6) and y9 and (y10 or y11)
NOTICE:  CF_POLICY_AST_SUMMARY permissive_total=2 restrictive_total=1 targets=1 targets_perm0=0
NOTICE:  CF_POLICY_AST target=lineitem perm=2 rest=1 y0=0 ast=(y8 or y5 or y3 and y1 and y7 or y4 and y2 and y6) and y9 and (y10 or y11)
NOTICE:  CF_POLICY_AST_SUMMARY permissive_total=2 restrictive_total=1 targets=1 targets_perm0=0
[CF_POLICY_AST_DUMP] tag=db=tpch0_1 baseline=ours q=6 phase=hot1 lines=5
NOTICE:  CF_POLICY_AST_SUMMARY permissive_total=0 restrictive_total=0 targets=0 targets_perm0=0
NOTICE:  CF_POLICY_AST target=lineitem perm=2 rest=1 y0=0 ast=(y8 or y5 or y3 and y1 and y7 or y4 and y2 and y6) and y9 and (y10 or y11)
NOTICE:  CF_POLICY_AST_SUMMARY permissive_total=2 restrictive_total=1 targets=1 targets_perm0=0
NOTICE:  CF_POLICY_AST target=lineitem perm=2 rest=1 y0=0 ast=(y8 or y5 or y3 and y1 and y7 or y4 and y2 and y6) and y9 and (y10 or y11)
NOTICE:  CF_POLICY_AST_SUMMARY permissive_total=2 restrictive_total=1 targets=1 targets_perm0=0
[CF_POLICY_AST_DUMP] tag=profile_capture db=tpch0_1 q=6 lines=5
NOTICE:  CF_POLICY_AST_SUMMARY permissive_total=0 restrictive_total=0 targets=0 targets_perm0=0
NOTICE:  CF_POLICY_AST target=lineitem perm=2 rest=1 y0=0 ast=(y8 or y5 or y3 and y1 and y7 or y4 and y2 and y6) and y9 and (y10 or y11)
NOTICE:  CF_POLICY_AST_SUMMARY permissive_total=2 restrictive_total=1 targets=1 targets_perm0=0
NOTICE:  CF_POLICY_AST target=lineitem perm=2 rest=1 y0=0 ast=(y8 or y5 or y3 and y1 and y7 or y4 and y2 and y6) and y9 and (y10 or y11)
NOTICE:  CF_POLICY_AST_SUMMARY permissive_total=2 restrictive_total=1 targets=1 targets_perm0=0
[progress] db=tpch0_1 K=3 baseline=rls_with_index query=6
[CF_RLS_DUMP] tag=pre_query db=tpch0_1 baseline=rls_with_index q=6
[CF_RLS_DUMP] current_user=rls_user session_user=rls_user
[CF_RLS_DUMP] row_security=on
[CF_RLS_DUMP] role rolname=rls_user rolsuper=False rolbypassrls=False
[CF_RLS_DUMP] rel relname=customer relrowsecurity=False relforcerowsecurity=False
[CF_RLS_DUMP] rel relname=lineitem relrowsecurity=True relforcerowsecurity=False
[CF_RLS_DUMP] rel relname=orders relrowsecurity=False relforcerowsecurity=False
[CF_RLS_DUMP] policy tablename=lineitem policyname=cf_p1 permissive=PERMISSIVE roles=['rls_user'] qual=((l_returnflag = 'R'::bpchar) OR (l_linestatus = 'F'::bpchar))
[CF_RLS_DUMP] policy tablename=lineitem policyname=cf_p2 permissive=RESTRICTIVE roles=['rls_user'] qual=((l_shipinstruct = 'DELIVER IN PERSON'::bpchar) AND ((l_shipmode = ANY (ARRAY['MAIL'::bpchar, 'SHIP'::bpchar])) OR (l_shipmode = ANY (ARRAY['TRUCK'::bpchar, 'RAIL'::bpchar]))))
[CF_RLS_DUMP] policy tablename=lineitem policyname=cf_p3 permissive=PERMISSIVE roles=['rls_user'] qual=(((l_discount >= 0.02) AND (l_discount <= 0.05) AND (l_quantity <= (25)::numeric)) OR ((l_discount >= 0.06) AND (l_discount <= 0.08) AND (l_quantity <= (10)::numeric)))
[CF_POLICY_AST_DUMP] tag=pre_count_query db=tpch0_1 baseline=ours lines=2
NOTICE:  CF_POLICY_AST target=lineitem perm=2 rest=1 y0=0 ast=(y8 or y5 or y3 and y1 and y7 or y4 and y2 and y6) and y9 and (y10 or y11)
NOTICE:  CF_POLICY_AST_SUMMARY permissive_total=2 restrictive_total=1 targets=1 targets_perm0=0
[CF_RLS_DUMP] tag=pre_count_query db=tpch0_1 baseline=rls_with_index
[CF_RLS_DUMP] current_user=rls_user session_user=rls_user
[CF_RLS_DUMP] row_security=on
[CF_RLS_DUMP] role rolname=rls_user rolsuper=False rolbypassrls=False
[CF_RLS_DUMP] rel relname=customer relrowsecurity=False relforcerowsecurity=False
[CF_RLS_DUMP] rel relname=lineitem relrowsecurity=True relforcerowsecurity=False
[CF_RLS_DUMP] rel relname=orders relrowsecurity=False relforcerowsecurity=False
[CF_RLS_DUMP] policy tablename=lineitem policyname=cf_p1 permissive=PERMISSIVE roles=['rls_user'] qual=((l_returnflag = 'R'::bpchar) OR (l_linestatus = 'F'::bpchar))
[CF_RLS_DUMP] policy tablename=lineitem policyname=cf_p2 permissive=RESTRICTIVE roles=['rls_user'] qual=((l_shipinstruct = 'DELIVER IN PERSON'::bpchar) AND ((l_shipmode = ANY (ARRAY['MAIL'::bpchar, 'SHIP'::bpchar])) OR (l_shipmode = ANY (ARRAY['TRUCK'::bpchar, 'RAIL'::bpchar]))))
[CF_RLS_DUMP] policy tablename=lineitem policyname=cf_p3 permissive=PERMISSIVE roles=['rls_user'] qual=(((l_discount >= 0.02) AND (l_discount <= 0.05) AND (l_quantity <= (25)::numeric)) OR ((l_discount >= 0.06) AND (l_discount <= 0.08) AND (l_quantity <= (10)::numeric)))
[CF_POLICY_AST_DUMP] tag=pre_count_sql db=tpch0_1 baseline=ours lines=4
NOTICE:  CF_POLICY_AST target=lineitem perm=2 rest=1 y0=0 ast=(y8 or y5 or y3 and y1 and y7 or y4 and y2 and y6) and y9 and (y10 or y11)
NOTICE:  CF_POLICY_AST_SUMMARY permissive_total=2 restrictive_total=1 targets=1 targets_perm0=0
NOTICE:  CF_POLICY_AST target=lineitem perm=2 rest=1 y0=0 ast=(y8 or y5 or y3 and y1 and y7 or y4 and y2 and y6) and y9 and (y10 or y11)
NOTICE:  CF_POLICY_AST_SUMMARY permissive_total=2 restrictive_total=1 targets=1 targets_perm0=0
[CF_RLS_DUMP] tag=pre_count_sql db=tpch0_1 baseline=rls_with_index
[CF_RLS_DUMP] current_user=rls_user session_user=rls_user
[CF_RLS_DUMP] row_security=on
[CF_RLS_DUMP] role rolname=rls_user rolsuper=False rolbypassrls=False
[CF_RLS_DUMP] rel relname=customer relrowsecurity=False relforcerowsecurity=False
[CF_RLS_DUMP] rel relname=lineitem relrowsecurity=True relforcerowsecurity=False
[CF_RLS_DUMP] rel relname=orders relrowsecurity=False relforcerowsecurity=False
[CF_RLS_DUMP] policy tablename=lineitem policyname=cf_p1 permissive=PERMISSIVE roles=['rls_user'] qual=((l_returnflag = 'R'::bpchar) OR (l_linestatus = 'F'::bpchar))
[CF_RLS_DUMP] policy tablename=lineitem policyname=cf_p2 permissive=RESTRICTIVE roles=['rls_user'] qual=((l_shipinstruct = 'DELIVER IN PERSON'::bpchar) AND ((l_shipmode = ANY (ARRAY['MAIL'::bpchar, 'SHIP'::bpchar])) OR (l_shipmode = ANY (ARRAY['TRUCK'::bpchar, 'RAIL'::bpchar]))))
[CF_RLS_DUMP] policy tablename=lineitem policyname=cf_p3 permissive=PERMISSIVE roles=['rls_user'] qual=(((l_discount >= 0.02) AND (l_discount <= 0.05) AND (l_quantity <= (25)::numeric)) OR ((l_discount >= 0.06) AND (l_discount <= 0.08) AND (l_quantity <= (10)::numeric)))
[policy_set] db=tpch0_1 K=4 enabled_ids=[1, 2, 3, 4]
[setup_ours] K=4 setup_ms=3862.295 disk=26776011
[CF_RLS_DUMP] tag=post_create db=tpch0_1
[CF_RLS_DUMP] current_user=postgres session_user=postgres
[CF_RLS_DUMP] row_security=on
[CF_RLS_DUMP] role rolname=postgres rolsuper=True rolbypassrls=True
[CF_RLS_DUMP] rel relname=customer relrowsecurity=False relforcerowsecurity=False
[CF_RLS_DUMP] rel relname=lineitem relrowsecurity=True relforcerowsecurity=False
[CF_RLS_DUMP] rel relname=orders relrowsecurity=False relforcerowsecurity=False
[CF_RLS_DUMP] policy tablename=lineitem policyname=cf_p1 permissive=PERMISSIVE roles=['rls_user'] qual=((l_returnflag = 'R'::bpchar) OR (l_linestatus = 'F'::bpchar))
[CF_RLS_DUMP] policy tablename=lineitem policyname=cf_p2 permissive=RESTRICTIVE roles=['rls_user'] qual=((l_shipinstruct = 'DELIVER IN PERSON'::bpchar) AND ((l_shipmode = ANY (ARRAY['MAIL'::bpchar, 'SHIP'::bpchar])) OR (l_shipmode = ANY (ARRAY['TRUCK'::bpchar, 'RAIL'::bpchar]))))
[CF_RLS_DUMP] policy tablename=lineitem policyname=cf_p3 permissive=PERMISSIVE roles=['rls_user'] qual=(((l_discount >= 0.02) AND (l_discount <= 0.05) AND (l_quantity <= (25)::numeric)) OR ((l_discount >= 0.06) AND (l_discount <= 0.08) AND (l_quantity <= (10)::numeric)))
[CF_RLS_DUMP] policy tablename=lineitem policyname=cf_p4 permissive=RESTRICTIVE roles=['rls_user'] qual=((l_shipinstruct = 'DELIVER IN PERSON'::bpchar) AND ((l_returnflag = 'R'::bpchar) OR (l_returnflag = 'A'::bpchar)) AND ((l_tax <= 0.07) OR (l_discount <= 0.05)) AND (l_extendedprice > (0)::numeric))
[index_infer] K=4 specs=['lineitem.l_discount', 'lineitem.l_extendedprice', 'lineitem.l_linestatus', 'lineitem.l_quantity', 'lineitem.l_returnflag', 'lineitem.l_shipinstruct', 'lineitem.l_shipmode', 'lineitem.l_tax']
[setup_rls] K=4 setup_ms=2648.491 disk=75563008 indexes=['cf_rls_k4_lineitem_l_discount_1', 'cf_rls_k4_lineitem_l_extendedprice_2', 'cf_rls_k4_lineitem_l_linestatus_3', 'cf_rls_k4_lineitem_l_quantity_4', 'cf_rls_k4_lineitem_l_returnflag_5', 'cf_rls_k4_lineitem_l_shipinstruct_6', 'cf_rls_k4_lineitem_l_shipmode_7', 'cf_rls_k4_lineitem_l_tax_8']
[correctness_sample] db=tpch0_1 K=4 queries=['1', '6']
[progress] db=tpch0_1 K=4 baseline=ours query=1
[CF_POLICY_AST_DUMP] tag=db=tpch0_1 baseline=ours q=1 phase=cold lines=5
NOTICE:  CF_POLICY_AST_SUMMARY permissive_total=0 restrictive_total=0 targets=0 targets_perm0=0
NOTICE:  CF_POLICY_AST target=lineitem perm=2 rest=2 y0=0 ast=(y10 or y6 or y3 and y1 and y8 or y4 and y2 and y7) and y11 and (y12 or y13) and y11 and (y10 or y9) and (y14 or y1) and y5
NOTICE:  CF_POLICY_AST_SUMMARY permissive_total=2 restrictive_total=2 targets=1 targets_perm0=0
NOTICE:  CF_POLICY_AST target=lineitem perm=2 rest=2 y0=0 ast=(y10 or y6 or y3 and y1 and y8 or y4 and y2 and y7) and y11 and (y12 or y13) and y11 and (y10 or y9) and (y14 or y1) and y5
NOTICE:  CF_POLICY_AST_SUMMARY permissive_total=2 restrictive_total=2 targets=1 targets_perm0=0
[CF_POLICY_AST_DUMP] tag=db=tpch0_1 baseline=ours q=1 phase=hot1 lines=5
NOTICE:  CF_POLICY_AST_SUMMARY permissive_total=0 restrictive_total=0 targets=0 targets_perm0=0
NOTICE:  CF_POLICY_AST target=lineitem perm=2 rest=2 y0=0 ast=(y10 or y6 or y3 and y1 and y8 or y4 and y2 and y7) and y11 and (y12 or y13) and y11 and (y10 or y9) and (y14 or y1) and y5
NOTICE:  CF_POLICY_AST_SUMMARY permissive_total=2 restrictive_total=2 targets=1 targets_perm0=0
NOTICE:  CF_POLICY_AST target=lineitem perm=2 rest=2 y0=0 ast=(y10 or y6 or y3 and y1 and y8 or y4 and y2 and y7) and y11 and (y12 or y13) and y11 and (y10 or y9) and (y14 or y1) and y5
NOTICE:  CF_POLICY_AST_SUMMARY permissive_total=2 restrictive_total=2 targets=1 targets_perm0=0
[CF_POLICY_AST_DUMP] tag=profile_capture db=tpch0_1 q=1 lines=5
NOTICE:  CF_POLICY_AST_SUMMARY permissive_total=0 restrictive_total=0 targets=0 targets_perm0=0
NOTICE:  CF_POLICY_AST target=lineitem perm=2 rest=2 y0=0 ast=(y10 or y6 or y3 and y1 and y8 or y4 and y2 and y7) and y11 and (y12 or y13) and y11 and (y10 or y9) and (y14 or y1) and y5
NOTICE:  CF_POLICY_AST_SUMMARY permissive_total=2 restrictive_total=2 targets=1 targets_perm0=0
NOTICE:  CF_POLICY_AST target=lineitem perm=2 rest=2 y0=0 ast=(y10 or y6 or y3 and y1 and y8 or y4 and y2 and y7) and y11 and (y12 or y13) and y11 and (y10 or y9) and (y14 or y1) and y5
NOTICE:  CF_POLICY_AST_SUMMARY permissive_total=2 restrictive_total=2 targets=1 targets_perm0=0
[progress] db=tpch0_1 K=4 baseline=rls_with_index query=1
[CF_RLS_DUMP] tag=pre_query db=tpch0_1 baseline=rls_with_index q=1
[CF_RLS_DUMP] current_user=rls_user session_user=rls_user
[CF_RLS_DUMP] row_security=on
[CF_RLS_DUMP] role rolname=rls_user rolsuper=False rolbypassrls=False
[CF_RLS_DUMP] rel relname=customer relrowsecurity=False relforcerowsecurity=False
[CF_RLS_DUMP] rel relname=lineitem relrowsecurity=True relforcerowsecurity=False
[CF_RLS_DUMP] rel relname=orders relrowsecurity=False relforcerowsecurity=False
[CF_RLS_DUMP] policy tablename=lineitem policyname=cf_p1 permissive=PERMISSIVE roles=['rls_user'] qual=((l_returnflag = 'R'::bpchar) OR (l_linestatus = 'F'::bpchar))
[CF_RLS_DUMP] policy tablename=lineitem policyname=cf_p2 permissive=RESTRICTIVE roles=['rls_user'] qual=((l_shipinstruct = 'DELIVER IN PERSON'::bpchar) AND ((l_shipmode = ANY (ARRAY['MAIL'::bpchar, 'SHIP'::bpchar])) OR (l_shipmode = ANY (ARRAY['TRUCK'::bpchar, 'RAIL'::bpchar]))))
[CF_RLS_DUMP] policy tablename=lineitem policyname=cf_p3 permissive=PERMISSIVE roles=['rls_user'] qual=(((l_discount >= 0.02) AND (l_discount <= 0.05) AND (l_quantity <= (25)::numeric)) OR ((l_discount >= 0.06) AND (l_discount <= 0.08) AND (l_quantity <= (10)::numeric)))
[CF_RLS_DUMP] policy tablename=lineitem policyname=cf_p4 permissive=RESTRICTIVE roles=['rls_user'] qual=((l_shipinstruct = 'DELIVER IN PERSON'::bpchar) AND ((l_returnflag = 'R'::bpchar) OR (l_returnflag = 'A'::bpchar)) AND ((l_tax <= 0.07) OR (l_discount <= 0.05)) AND (l_extendedprice > (0)::numeric))
[progress] db=tpch0_1 K=4 baseline=ours query=6
[CF_POLICY_AST_DUMP] tag=db=tpch0_1 baseline=ours q=6 phase=cold lines=5
NOTICE:  CF_POLICY_AST_SUMMARY permissive_total=0 restrictive_total=0 targets=0 targets_perm0=0
NOTICE:  CF_POLICY_AST target=lineitem perm=2 rest=2 y0=0 ast=(y10 or y6 or y3 and y1 and y8 or y4 and y2 and y7) and y11 and (y12 or y13) and y11 and (y10 or y9) and (y14 or y1) and y5
NOTICE:  CF_POLICY_AST_SUMMARY permissive_total=2 restrictive_total=2 targets=1 targets_perm0=0
NOTICE:  CF_POLICY_AST target=lineitem perm=2 rest=2 y0=0 ast=(y10 or y6 or y3 and y1 and y8 or y4 and y2 and y7) and y11 and (y12 or y13) and y11 and (y10 or y9) and (y14 or y1) and y5
NOTICE:  CF_POLICY_AST_SUMMARY permissive_total=2 restrictive_total=2 targets=1 targets_perm0=0
[CF_POLICY_AST_DUMP] tag=db=tpch0_1 baseline=ours q=6 phase=hot1 lines=5
NOTICE:  CF_POLICY_AST_SUMMARY permissive_total=0 restrictive_total=0 targets=0 targets_perm0=0
NOTICE:  CF_POLICY_AST target=lineitem perm=2 rest=2 y0=0 ast=(y10 or y6 or y3 and y1 and y8 or y4 and y2 and y7) and y11 and (y12 or y13) and y11 and (y10 or y9) and (y14 or y1) and y5
NOTICE:  CF_POLICY_AST_SUMMARY permissive_total=2 restrictive_total=2 targets=1 targets_perm0=0
NOTICE:  CF_POLICY_AST target=lineitem perm=2 rest=2 y0=0 ast=(y10 or y6 or y3 and y1 and y8 or y4 and y2 and y7) and y11 and (y12 or y13) and y11 and (y10 or y9) and (y14 or y1) and y5
NOTICE:  CF_POLICY_AST_SUMMARY permissive_total=2 restrictive_total=2 targets=1 targets_perm0=0
[CF_POLICY_AST_DUMP] tag=profile_capture db=tpch0_1 q=6 lines=5
NOTICE:  CF_POLICY_AST_SUMMARY permissive_total=0 restrictive_total=0 targets=0 targets_perm0=0
NOTICE:  CF_POLICY_AST target=lineitem perm=2 rest=2 y0=0 ast=(y10 or y6 or y3 and y1 and y8 or y4 and y2 and y7) and y11 and (y12 or y13) and y11 and (y10 or y9) and (y14 or y1) and y5
NOTICE:  CF_POLICY_AST_SUMMARY permissive_total=2 restrictive_total=2 targets=1 targets_perm0=0
NOTICE:  CF_POLICY_AST target=lineitem perm=2 rest=2 y0=0 ast=(y10 or y6 or y3 and y1 and y8 or y4 and y2 and y7) and y11 and (y12 or y13) and y11 and (y10 or y9) and (y14 or y1) and y5
NOTICE:  CF_POLICY_AST_SUMMARY permissive_total=2 restrictive_total=2 targets=1 targets_perm0=0
[progress] db=tpch0_1 K=4 baseline=rls_with_index query=6
[CF_RLS_DUMP] tag=pre_query db=tpch0_1 baseline=rls_with_index q=6
[CF_RLS_DUMP] current_user=rls_user session_user=rls_user
[CF_RLS_DUMP] row_security=on
[CF_RLS_DUMP] role rolname=rls_user rolsuper=False rolbypassrls=False
[CF_RLS_DUMP] rel relname=customer relrowsecurity=False relforcerowsecurity=False
[CF_RLS_DUMP] rel relname=lineitem relrowsecurity=True relforcerowsecurity=False
[CF_RLS_DUMP] rel relname=orders relrowsecurity=False relforcerowsecurity=False
[CF_RLS_DUMP] policy tablename=lineitem policyname=cf_p1 permissive=PERMISSIVE roles=['rls_user'] qual=((l_returnflag = 'R'::bpchar) OR (l_linestatus = 'F'::bpchar))
[CF_RLS_DUMP] policy tablename=lineitem policyname=cf_p2 permissive=RESTRICTIVE roles=['rls_user'] qual=((l_shipinstruct = 'DELIVER IN PERSON'::bpchar) AND ((l_shipmode = ANY (ARRAY['MAIL'::bpchar, 'SHIP'::bpchar])) OR (l_shipmode = ANY (ARRAY['TRUCK'::bpchar, 'RAIL'::bpchar]))))
[CF_RLS_DUMP] policy tablename=lineitem policyname=cf_p3 permissive=PERMISSIVE roles=['rls_user'] qual=(((l_discount >= 0.02) AND (l_discount <= 0.05) AND (l_quantity <= (25)::numeric)) OR ((l_discount >= 0.06) AND (l_discount <= 0.08) AND (l_quantity <= (10)::numeric)))
[CF_RLS_DUMP] policy tablename=lineitem policyname=cf_p4 permissive=RESTRICTIVE roles=['rls_user'] qual=((l_shipinstruct = 'DELIVER IN PERSON'::bpchar) AND ((l_returnflag = 'R'::bpchar) OR (l_returnflag = 'A'::bpchar)) AND ((l_tax <= 0.07) OR (l_discount <= 0.05)) AND (l_extendedprice > (0)::numeric))
[CF_POLICY_AST_DUMP] tag=pre_count_query db=tpch0_1 baseline=ours lines=2
NOTICE:  CF_POLICY_AST target=lineitem perm=2 rest=2 y0=0 ast=(y10 or y6 or y3 and y1 and y8 or y4 and y2 and y7) and y11 and (y12 or y13) and y11 and (y10 or y9) and (y14 or y1) and y5
NOTICE:  CF_POLICY_AST_SUMMARY permissive_total=2 restrictive_total=2 targets=1 targets_perm0=0
[CF_RLS_DUMP] tag=pre_count_query db=tpch0_1 baseline=rls_with_index
[CF_RLS_DUMP] current_user=rls_user session_user=rls_user
[CF_RLS_DUMP] row_security=on
[CF_RLS_DUMP] role rolname=rls_user rolsuper=False rolbypassrls=False
[CF_RLS_DUMP] rel relname=customer relrowsecurity=False relforcerowsecurity=False
[CF_RLS_DUMP] rel relname=lineitem relrowsecurity=True relforcerowsecurity=False
[CF_RLS_DUMP] rel relname=orders relrowsecurity=False relforcerowsecurity=False
[CF_RLS_DUMP] policy tablename=lineitem policyname=cf_p1 permissive=PERMISSIVE roles=['rls_user'] qual=((l_returnflag = 'R'::bpchar) OR (l_linestatus = 'F'::bpchar))
[CF_RLS_DUMP] policy tablename=lineitem policyname=cf_p2 permissive=RESTRICTIVE roles=['rls_user'] qual=((l_shipinstruct = 'DELIVER IN PERSON'::bpchar) AND ((l_shipmode = ANY (ARRAY['MAIL'::bpchar, 'SHIP'::bpchar])) OR (l_shipmode = ANY (ARRAY['TRUCK'::bpchar, 'RAIL'::bpchar]))))
[CF_RLS_DUMP] policy tablename=lineitem policyname=cf_p3 permissive=PERMISSIVE roles=['rls_user'] qual=(((l_discount >= 0.02) AND (l_discount <= 0.05) AND (l_quantity <= (25)::numeric)) OR ((l_discount >= 0.06) AND (l_discount <= 0.08) AND (l_quantity <= (10)::numeric)))
[CF_RLS_DUMP] policy tablename=lineitem policyname=cf_p4 permissive=RESTRICTIVE roles=['rls_user'] qual=((l_shipinstruct = 'DELIVER IN PERSON'::bpchar) AND ((l_returnflag = 'R'::bpchar) OR (l_returnflag = 'A'::bpchar)) AND ((l_tax <= 0.07) OR (l_discount <= 0.05)) AND (l_extendedprice > (0)::numeric))
[CF_POLICY_AST_DUMP] tag=pre_count_sql db=tpch0_1 baseline=ours lines=4
NOTICE:  CF_POLICY_AST target=lineitem perm=2 rest=2 y0=0 ast=(y10 or y6 or y3 and y1 and y8 or y4 and y2 and y7) and y11 and (y12 or y13) and y11 and (y10 or y9) and (y14 or y1) and y5
NOTICE:  CF_POLICY_AST_SUMMARY permissive_total=2 restrictive_total=2 targets=1 targets_perm0=0
NOTICE:  CF_POLICY_AST target=lineitem perm=2 rest=2 y0=0 ast=(y10 or y6 or y3 and y1 and y8 or y4 and y2 and y7) and y11 and (y12 or y13) and y11 and (y10 or y9) and (y14 or y1) and y5
NOTICE:  CF_POLICY_AST_SUMMARY permissive_total=2 restrictive_total=2 targets=1 targets_perm0=0
[CF_RLS_DUMP] tag=pre_count_sql db=tpch0_1 baseline=rls_with_index
[CF_RLS_DUMP] current_user=rls_user session_user=rls_user
[CF_RLS_DUMP] row_security=on
[CF_RLS_DUMP] role rolname=rls_user rolsuper=False rolbypassrls=False
[CF_RLS_DUMP] rel relname=customer relrowsecurity=False relforcerowsecurity=False
[CF_RLS_DUMP] rel relname=lineitem relrowsecurity=True relforcerowsecurity=False
[CF_RLS_DUMP] rel relname=orders relrowsecurity=False relforcerowsecurity=False
[CF_RLS_DUMP] policy tablename=lineitem policyname=cf_p1 permissive=PERMISSIVE roles=['rls_user'] qual=((l_returnflag = 'R'::bpchar) OR (l_linestatus = 'F'::bpchar))
[CF_RLS_DUMP] policy tablename=lineitem policyname=cf_p2 permissive=RESTRICTIVE roles=['rls_user'] qual=((l_shipinstruct = 'DELIVER IN PERSON'::bpchar) AND ((l_shipmode = ANY (ARRAY['MAIL'::bpchar, 'SHIP'::bpchar])) OR (l_shipmode = ANY (ARRAY['TRUCK'::bpchar, 'RAIL'::bpchar]))))
[CF_RLS_DUMP] policy tablename=lineitem policyname=cf_p3 permissive=PERMISSIVE roles=['rls_user'] qual=(((l_discount >= 0.02) AND (l_discount <= 0.05) AND (l_quantity <= (25)::numeric)) OR ((l_discount >= 0.06) AND (l_discount <= 0.08) AND (l_quantity <= (10)::numeric)))
[CF_RLS_DUMP] policy tablename=lineitem policyname=cf_p4 permissive=RESTRICTIVE roles=['rls_user'] qual=((l_shipinstruct = 'DELIVER IN PERSON'::bpchar) AND ((l_returnflag = 'R'::bpchar) OR (l_returnflag = 'A'::bpchar)) AND ((l_tax <= 0.07) OR (l_discount <= 0.05)) AND (l_extendedprice > (0)::numeric))
[policy_set] db=tpch0_1 K=5 enabled_ids=[1, 2, 3, 4, 5]
[setup_ours] K=5 setup_ms=3765.967 disk=26776011
[CF_RLS_DUMP] tag=post_create db=tpch0_1
[CF_RLS_DUMP] current_user=postgres session_user=postgres
[CF_RLS_DUMP] row_security=on
[CF_RLS_DUMP] role rolname=postgres rolsuper=True rolbypassrls=True
[CF_RLS_DUMP] rel relname=customer relrowsecurity=False relforcerowsecurity=False
[CF_RLS_DUMP] rel relname=lineitem relrowsecurity=True relforcerowsecurity=False
[CF_RLS_DUMP] rel relname=orders relrowsecurity=False relforcerowsecurity=False
[CF_RLS_DUMP] policy tablename=lineitem policyname=cf_p1 permissive=PERMISSIVE roles=['rls_user'] qual=((l_returnflag = 'R'::bpchar) OR (l_linestatus = 'F'::bpchar))
[CF_RLS_DUMP] policy tablename=lineitem policyname=cf_p2 permissive=RESTRICTIVE roles=['rls_user'] qual=((l_shipinstruct = 'DELIVER IN PERSON'::bpchar) AND ((l_shipmode = ANY (ARRAY['MAIL'::bpchar, 'SHIP'::bpchar])) OR (l_shipmode = ANY (ARRAY['TRUCK'::bpchar, 'RAIL'::bpchar]))))
[CF_RLS_DUMP] policy tablename=lineitem policyname=cf_p3 permissive=PERMISSIVE roles=['rls_user'] qual=(((l_discount >= 0.02) AND (l_discount <= 0.05) AND (l_quantity <= (25)::numeric)) OR ((l_discount >= 0.06) AND (l_discount <= 0.08) AND (l_quantity <= (10)::numeric)))
[CF_RLS_DUMP] policy tablename=lineitem policyname=cf_p4 permissive=RESTRICTIVE roles=['rls_user'] qual=((l_shipinstruct = 'DELIVER IN PERSON'::bpchar) AND ((l_returnflag = 'R'::bpchar) OR (l_returnflag = 'A'::bpchar)) AND ((l_tax <= 0.07) OR (l_discount <= 0.05)) AND (l_extendedprice > (0)::numeric))
[CF_RLS_DUMP] policy tablename=lineitem policyname=cf_p5 permissive=PERMISSIVE roles=['rls_user'] qual=((((l_shipmode = ANY (ARRAY['AIR'::bpchar, 'AIR REG'::bpchar])) AND (l_quantity <= (15)::numeric) AND (l_discount <= 0.05) AND (l_linestatus = 'F'::bpchar)) OR ((l_shipmode = ANY (ARRAY['MAIL'::bpchar, 'SHIP'::bpchar])) AND (l_quantity <= (30)::numeric) AND (l_discount <= 0.07) AND (l_returnflag = 'R'::bpchar))) AND (l_extendedprice > (0)::numeric))
[index_infer] K=5 specs=['lineitem.l_discount', 'lineitem.l_extendedprice', 'lineitem.l_linestatus', 'lineitem.l_quantity', 'lineitem.l_returnflag', 'lineitem.l_shipinstruct', 'lineitem.l_shipmode', 'lineitem.l_tax']
[setup_rls] K=5 setup_ms=2644.828 disk=75563008 indexes=['cf_rls_k5_lineitem_l_discount_1', 'cf_rls_k5_lineitem_l_extendedprice_2', 'cf_rls_k5_lineitem_l_linestatus_3', 'cf_rls_k5_lineitem_l_quantity_4', 'cf_rls_k5_lineitem_l_returnflag_5', 'cf_rls_k5_lineitem_l_shipinstruct_6', 'cf_rls_k5_lineitem_l_shipmode_7', 'cf_rls_k5_lineitem_l_tax_8']
[correctness_sample] db=tpch0_1 K=5 queries=['1', '6']
[progress] db=tpch0_1 K=5 baseline=ours query=1
[CF_POLICY_AST_DUMP] tag=db=tpch0_1 baseline=ours q=1 phase=cold lines=5
NOTICE:  CF_POLICY_AST_SUMMARY permissive_total=0 restrictive_total=0 targets=0 targets_perm0=0
NOTICE:  CF_POLICY_AST target=lineitem perm=3 rest=2 y0=0 ast=(y13 or y7 or y4 and y1 and y10 or y5 and y3 and y8 or (y15 and y9 and y1 and y7 or y16 and y11 and y2 and y13) and y6) and y14 and (y16 or y17) and y14 and (y13 or y12) and (y18 or y1) and y6
NOTICE:  CF_POLICY_AST_SUMMARY permissive_total=3 restrictive_total=2 targets=1 targets_perm0=0
NOTICE:  CF_POLICY_AST target=lineitem perm=3 rest=2 y0=0 ast=(y13 or y7 or y4 and y1 and y10 or y5 and y3 and y8 or (y15 and y9 and y1 and y7 or y16 and y11 and y2 and y13) and y6) and y14 and (y16 or y17) and y14 and (y13 or y12) and (y18 or y1) and y6
NOTICE:  CF_POLICY_AST_SUMMARY permissive_total=3 restrictive_total=2 targets=1 targets_perm0=0
[CF_POLICY_AST_DUMP] tag=db=tpch0_1 baseline=ours q=1 phase=hot1 lines=5
NOTICE:  CF_POLICY_AST_SUMMARY permissive_total=0 restrictive_total=0 targets=0 targets_perm0=0
NOTICE:  CF_POLICY_AST target=lineitem perm=3 rest=2 y0=0 ast=(y13 or y7 or y4 and y1 and y10 or y5 and y3 and y8 or (y15 and y9 and y1 and y7 or y16 and y11 and y2 and y13) and y6) and y14 and (y16 or y17) and y14 and (y13 or y12) and (y18 or y1) and y6
NOTICE:  CF_POLICY_AST_SUMMARY permissive_total=3 restrictive_total=2 targets=1 targets_perm0=0
NOTICE:  CF_POLICY_AST target=lineitem perm=3 rest=2 y0=0 ast=(y13 or y7 or y4 and y1 and y10 or y5 and y3 and y8 or (y15 and y9 and y1 and y7 or y16 and y11 and y2 and y13) and y6) and y14 and (y16 or y17) and y14 and (y13 or y12) and (y18 or y1) and y6
NOTICE:  CF_POLICY_AST_SUMMARY permissive_total=3 restrictive_total=2 targets=1 targets_perm0=0
[CF_POLICY_AST_DUMP] tag=profile_capture db=tpch0_1 q=1 lines=5
NOTICE:  CF_POLICY_AST_SUMMARY permissive_total=0 restrictive_total=0 targets=0 targets_perm0=0
NOTICE:  CF_POLICY_AST target=lineitem perm=3 rest=2 y0=0 ast=(y13 or y7 or y4 and y1 and y10 or y5 and y3 and y8 or (y15 and y9 and y1 and y7 or y16 and y11 and y2 and y13) and y6) and y14 and (y16 or y17) and y14 and (y13 or y12) and (y18 or y1) and y6
NOTICE:  CF_POLICY_AST_SUMMARY permissive_total=3 restrictive_total=2 targets=1 targets_perm0=0
NOTICE:  CF_POLICY_AST target=lineitem perm=3 rest=2 y0=0 ast=(y13 or y7 or y4 and y1 and y10 or y5 and y3 and y8 or (y15 and y9 and y1 and y7 or y16 and y11 and y2 and y13) and y6) and y14 and (y16 or y17) and y14 and (y13 or y12) and (y18 or y1) and y6
NOTICE:  CF_POLICY_AST_SUMMARY permissive_total=3 restrictive_total=2 targets=1 targets_perm0=0
[progress] db=tpch0_1 K=5 baseline=rls_with_index query=1
[CF_RLS_DUMP] tag=pre_query db=tpch0_1 baseline=rls_with_index q=1
[CF_RLS_DUMP] current_user=rls_user session_user=rls_user
[CF_RLS_DUMP] row_security=on
[CF_RLS_DUMP] role rolname=rls_user rolsuper=False rolbypassrls=False
[CF_RLS_DUMP] rel relname=customer relrowsecurity=False relforcerowsecurity=False
[CF_RLS_DUMP] rel relname=lineitem relrowsecurity=True relforcerowsecurity=False
[CF_RLS_DUMP] rel relname=orders relrowsecurity=False relforcerowsecurity=False
[CF_RLS_DUMP] policy tablename=lineitem policyname=cf_p1 permissive=PERMISSIVE roles=['rls_user'] qual=((l_returnflag = 'R'::bpchar) OR (l_linestatus = 'F'::bpchar))
[CF_RLS_DUMP] policy tablename=lineitem policyname=cf_p2 permissive=RESTRICTIVE roles=['rls_user'] qual=((l_shipinstruct = 'DELIVER IN PERSON'::bpchar) AND ((l_shipmode = ANY (ARRAY['MAIL'::bpchar, 'SHIP'::bpchar])) OR (l_shipmode = ANY (ARRAY['TRUCK'::bpchar, 'RAIL'::bpchar]))))
[CF_RLS_DUMP] policy tablename=lineitem policyname=cf_p3 permissive=PERMISSIVE roles=['rls_user'] qual=(((l_discount >= 0.02) AND (l_discount <= 0.05) AND (l_quantity <= (25)::numeric)) OR ((l_discount >= 0.06) AND (l_discount <= 0.08) AND (l_quantity <= (10)::numeric)))
[CF_RLS_DUMP] policy tablename=lineitem policyname=cf_p4 permissive=RESTRICTIVE roles=['rls_user'] qual=((l_shipinstruct = 'DELIVER IN PERSON'::bpchar) AND ((l_returnflag = 'R'::bpchar) OR (l_returnflag = 'A'::bpchar)) AND ((l_tax <= 0.07) OR (l_discount <= 0.05)) AND (l_extendedprice > (0)::numeric))
[CF_RLS_DUMP] policy tablename=lineitem policyname=cf_p5 permissive=PERMISSIVE roles=['rls_user'] qual=((((l_shipmode = ANY (ARRAY['AIR'::bpchar, 'AIR REG'::bpchar])) AND (l_quantity <= (15)::numeric) AND (l_discount <= 0.05) AND (l_linestatus = 'F'::bpchar)) OR ((l_shipmode = ANY (ARRAY['MAIL'::bpchar, 'SHIP'::bpchar])) AND (l_quantity <= (30)::numeric) AND (l_discount <= 0.07) AND (l_returnflag = 'R'::bpchar))) AND (l_extendedprice > (0)::numeric))
[progress] db=tpch0_1 K=5 baseline=ours query=6
[CF_POLICY_AST_DUMP] tag=db=tpch0_1 baseline=ours q=6 phase=cold lines=5
NOTICE:  CF_POLICY_AST_SUMMARY permissive_total=0 restrictive_total=0 targets=0 targets_perm0=0
NOTICE:  CF_POLICY_AST target=lineitem perm=3 rest=2 y0=0 ast=(y13 or y7 or y4 and y1 and y10 or y5 and y3 and y8 or (y15 and y9 and y1 and y7 or y16 and y11 and y2 and y13) and y6) and y14 and (y16 or y17) and y14 and (y13 or y12) and (y18 or y1) and y6
NOTICE:  CF_POLICY_AST_SUMMARY permissive_total=3 restrictive_total=2 targets=1 targets_perm0=0
NOTICE:  CF_POLICY_AST target=lineitem perm=3 rest=2 y0=0 ast=(y13 or y7 or y4 and y1 and y10 or y5 and y3 and y8 or (y15 and y9 and y1 and y7 or y16 and y11 and y2 and y13) and y6) and y14 and (y16 or y17) and y14 and (y13 or y12) and (y18 or y1) and y6
NOTICE:  CF_POLICY_AST_SUMMARY permissive_total=3 restrictive_total=2 targets=1 targets_perm0=0
[CF_POLICY_AST_DUMP] tag=db=tpch0_1 baseline=ours q=6 phase=hot1 lines=5
NOTICE:  CF_POLICY_AST_SUMMARY permissive_total=0 restrictive_total=0 targets=0 targets_perm0=0
NOTICE:  CF_POLICY_AST target=lineitem perm=3 rest=2 y0=0 ast=(y13 or y7 or y4 and y1 and y10 or y5 and y3 and y8 or (y15 and y9 and y1 and y7 or y16 and y11 and y2 and y13) and y6) and y14 and (y16 or y17) and y14 and (y13 or y12) and (y18 or y1) and y6
NOTICE:  CF_POLICY_AST_SUMMARY permissive_total=3 restrictive_total=2 targets=1 targets_perm0=0
NOTICE:  CF_POLICY_AST target=lineitem perm=3 rest=2 y0=0 ast=(y13 or y7 or y4 and y1 and y10 or y5 and y3 and y8 or (y15 and y9 and y1 and y7 or y16 and y11 and y2 and y13) and y6) and y14 and (y16 or y17) and y14 and (y13 or y12) and (y18 or y1) and y6
NOTICE:  CF_POLICY_AST_SUMMARY permissive_total=3 restrictive_total=2 targets=1 targets_perm0=0
[CF_POLICY_AST_DUMP] tag=profile_capture db=tpch0_1 q=6 lines=5
NOTICE:  CF_POLICY_AST_SUMMARY permissive_total=0 restrictive_total=0 targets=0 targets_perm0=0
NOTICE:  CF_POLICY_AST target=lineitem perm=3 rest=2 y0=0 ast=(y13 or y7 or y4 and y1 and y10 or y5 and y3 and y8 or (y15 and y9 and y1 and y7 or y16 and y11 and y2 and y13) and y6) and y14 and (y16 or y17) and y14 and (y13 or y12) and (y18 or y1) and y6
NOTICE:  CF_POLICY_AST_SUMMARY permissive_total=3 restrictive_total=2 targets=1 targets_perm0=0
NOTICE:  CF_POLICY_AST target=lineitem perm=3 rest=2 y0=0 ast=(y13 or y7 or y4 and y1 and y10 or y5 and y3 and y8 or (y15 and y9 and y1 and y7 or y16 and y11 and y2 and y13) and y6) and y14 and (y16 or y17) and y14 and (y13 or y12) and (y18 or y1) and y6
NOTICE:  CF_POLICY_AST_SUMMARY permissive_total=3 restrictive_total=2 targets=1 targets_perm0=0
[progress] db=tpch0_1 K=5 baseline=rls_with_index query=6
[CF_RLS_DUMP] tag=pre_query db=tpch0_1 baseline=rls_with_index q=6
[CF_RLS_DUMP] current_user=rls_user session_user=rls_user
[CF_RLS_DUMP] row_security=on
[CF_RLS_DUMP] role rolname=rls_user rolsuper=False rolbypassrls=False
[CF_RLS_DUMP] rel relname=customer relrowsecurity=False relforcerowsecurity=False
[CF_RLS_DUMP] rel relname=lineitem relrowsecurity=True relforcerowsecurity=False
[CF_RLS_DUMP] rel relname=orders relrowsecurity=False relforcerowsecurity=False
[CF_RLS_DUMP] policy tablename=lineitem policyname=cf_p1 permissive=PERMISSIVE roles=['rls_user'] qual=((l_returnflag = 'R'::bpchar) OR (l_linestatus = 'F'::bpchar))
[CF_RLS_DUMP] policy tablename=lineitem policyname=cf_p2 permissive=RESTRICTIVE roles=['rls_user'] qual=((l_shipinstruct = 'DELIVER IN PERSON'::bpchar) AND ((l_shipmode = ANY (ARRAY['MAIL'::bpchar, 'SHIP'::bpchar])) OR (l_shipmode = ANY (ARRAY['TRUCK'::bpchar, 'RAIL'::bpchar]))))
[CF_RLS_DUMP] policy tablename=lineitem policyname=cf_p3 permissive=PERMISSIVE roles=['rls_user'] qual=(((l_discount >= 0.02) AND (l_discount <= 0.05) AND (l_quantity <= (25)::numeric)) OR ((l_discount >= 0.06) AND (l_discount <= 0.08) AND (l_quantity <= (10)::numeric)))
[CF_RLS_DUMP] policy tablename=lineitem policyname=cf_p4 permissive=RESTRICTIVE roles=['rls_user'] qual=((l_shipinstruct = 'DELIVER IN PERSON'::bpchar) AND ((l_returnflag = 'R'::bpchar) OR (l_returnflag = 'A'::bpchar)) AND ((l_tax <= 0.07) OR (l_discount <= 0.05)) AND (l_extendedprice > (0)::numeric))
[CF_RLS_DUMP] policy tablename=lineitem policyname=cf_p5 permissive=PERMISSIVE roles=['rls_user'] qual=((((l_shipmode = ANY (ARRAY['AIR'::bpchar, 'AIR REG'::bpchar])) AND (l_quantity <= (15)::numeric) AND (l_discount <= 0.05) AND (l_linestatus = 'F'::bpchar)) OR ((l_shipmode = ANY (ARRAY['MAIL'::bpchar, 'SHIP'::bpchar])) AND (l_quantity <= (30)::numeric) AND (l_discount <= 0.07) AND (l_returnflag = 'R'::bpchar))) AND (l_extendedprice > (0)::numeric))
[CF_POLICY_AST_DUMP] tag=pre_count_query db=tpch0_1 baseline=ours lines=2
NOTICE:  CF_POLICY_AST target=lineitem perm=3 rest=2 y0=0 ast=(y13 or y7 or y4 and y1 and y10 or y5 and y3 and y8 or (y15 and y9 and y1 and y7 or y16 and y11 and y2 and y13) and y6) and y14 and (y16 or y17) and y14 and (y13 or y12) and (y18 or y1) and y6
NOTICE:  CF_POLICY_AST_SUMMARY permissive_total=3 restrictive_total=2 targets=1 targets_perm0=0
[CF_RLS_DUMP] tag=pre_count_query db=tpch0_1 baseline=rls_with_index
[CF_RLS_DUMP] current_user=rls_user session_user=rls_user
[CF_RLS_DUMP] row_security=on
[CF_RLS_DUMP] role rolname=rls_user rolsuper=False rolbypassrls=False
[CF_RLS_DUMP] rel relname=customer relrowsecurity=False relforcerowsecurity=False
[CF_RLS_DUMP] rel relname=lineitem relrowsecurity=True relforcerowsecurity=False
[CF_RLS_DUMP] rel relname=orders relrowsecurity=False relforcerowsecurity=False
[CF_RLS_DUMP] policy tablename=lineitem policyname=cf_p1 permissive=PERMISSIVE roles=['rls_user'] qual=((l_returnflag = 'R'::bpchar) OR (l_linestatus = 'F'::bpchar))
[CF_RLS_DUMP] policy tablename=lineitem policyname=cf_p2 permissive=RESTRICTIVE roles=['rls_user'] qual=((l_shipinstruct = 'DELIVER IN PERSON'::bpchar) AND ((l_shipmode = ANY (ARRAY['MAIL'::bpchar, 'SHIP'::bpchar])) OR (l_shipmode = ANY (ARRAY['TRUCK'::bpchar, 'RAIL'::bpchar]))))
[CF_RLS_DUMP] policy tablename=lineitem policyname=cf_p3 permissive=PERMISSIVE roles=['rls_user'] qual=(((l_discount >= 0.02) AND (l_discount <= 0.05) AND (l_quantity <= (25)::numeric)) OR ((l_discount >= 0.06) AND (l_discount <= 0.08) AND (l_quantity <= (10)::numeric)))
[CF_RLS_DUMP] policy tablename=lineitem policyname=cf_p4 permissive=RESTRICTIVE roles=['rls_user'] qual=((l_shipinstruct = 'DELIVER IN PERSON'::bpchar) AND ((l_returnflag = 'R'::bpchar) OR (l_returnflag = 'A'::bpchar)) AND ((l_tax <= 0.07) OR (l_discount <= 0.05)) AND (l_extendedprice > (0)::numeric))
[CF_RLS_DUMP] policy tablename=lineitem policyname=cf_p5 permissive=PERMISSIVE roles=['rls_user'] qual=((((l_shipmode = ANY (ARRAY['AIR'::bpchar, 'AIR REG'::bpchar])) AND (l_quantity <= (15)::numeric) AND (l_discount <= 0.05) AND (l_linestatus = 'F'::bpchar)) OR ((l_shipmode = ANY (ARRAY['MAIL'::bpchar, 'SHIP'::bpchar])) AND (l_quantity <= (30)::numeric) AND (l_discount <= 0.07) AND (l_returnflag = 'R'::bpchar))) AND (l_extendedprice > (0)::numeric))
[CF_POLICY_AST_DUMP] tag=pre_count_sql db=tpch0_1 baseline=ours lines=4
NOTICE:  CF_POLICY_AST target=lineitem perm=3 rest=2 y0=0 ast=(y13 or y7 or y4 and y1 and y10 or y5 and y3 and y8 or (y15 and y9 and y1 and y7 or y16 and y11 and y2 and y13) and y6) and y14 and (y16 or y17) and y14 and (y13 or y12) and (y18 or y1) and y6
NOTICE:  CF_POLICY_AST_SUMMARY permissive_total=3 restrictive_total=2 targets=1 targets_perm0=0
NOTICE:  CF_POLICY_AST target=lineitem perm=3 rest=2 y0=0 ast=(y13 or y7 or y4 and y1 and y10 or y5 and y3 and y8 or (y15 and y9 and y1 and y7 or y16 and y11 and y2 and y13) and y6) and y14 and (y16 or y17) and y14 and (y13 or y12) and (y18 or y1) and y6
NOTICE:  CF_POLICY_AST_SUMMARY permissive_total=3 restrictive_total=2 targets=1 targets_perm0=0
[CF_RLS_DUMP] tag=pre_count_sql db=tpch0_1 baseline=rls_with_index
[CF_RLS_DUMP] current_user=rls_user session_user=rls_user
[CF_RLS_DUMP] row_security=on
[CF_RLS_DUMP] role rolname=rls_user rolsuper=False rolbypassrls=False
[CF_RLS_DUMP] rel relname=customer relrowsecurity=False relforcerowsecurity=False
[CF_RLS_DUMP] rel relname=lineitem relrowsecurity=True relforcerowsecurity=False
[CF_RLS_DUMP] rel relname=orders relrowsecurity=False relforcerowsecurity=False
[CF_RLS_DUMP] policy tablename=lineitem policyname=cf_p1 permissive=PERMISSIVE roles=['rls_user'] qual=((l_returnflag = 'R'::bpchar) OR (l_linestatus = 'F'::bpchar))
[CF_RLS_DUMP] policy tablename=lineitem policyname=cf_p2 permissive=RESTRICTIVE roles=['rls_user'] qual=((l_shipinstruct = 'DELIVER IN PERSON'::bpchar) AND ((l_shipmode = ANY (ARRAY['MAIL'::bpchar, 'SHIP'::bpchar])) OR (l_shipmode = ANY (ARRAY['TRUCK'::bpchar, 'RAIL'::bpchar]))))
[CF_RLS_DUMP] policy tablename=lineitem policyname=cf_p3 permissive=PERMISSIVE roles=['rls_user'] qual=(((l_discount >= 0.02) AND (l_discount <= 0.05) AND (l_quantity <= (25)::numeric)) OR ((l_discount >= 0.06) AND (l_discount <= 0.08) AND (l_quantity <= (10)::numeric)))
[CF_RLS_DUMP] policy tablename=lineitem policyname=cf_p4 permissive=RESTRICTIVE roles=['rls_user'] qual=((l_shipinstruct = 'DELIVER IN PERSON'::bpchar) AND ((l_returnflag = 'R'::bpchar) OR (l_returnflag = 'A'::bpchar)) AND ((l_tax <= 0.07) OR (l_discount <= 0.05)) AND (l_extendedprice > (0)::numeric))
[CF_RLS_DUMP] policy tablename=lineitem policyname=cf_p5 permissive=PERMISSIVE roles=['rls_user'] qual=((((l_shipmode = ANY (ARRAY['AIR'::bpchar, 'AIR REG'::bpchar])) AND (l_quantity <= (15)::numeric) AND (l_discount <= 0.05) AND (l_linestatus = 'F'::bpchar)) OR ((l_shipmode = ANY (ARRAY['MAIL'::bpchar, 'SHIP'::bpchar])) AND (l_quantity <= (30)::numeric) AND (l_discount <= 0.07) AND (l_returnflag = 'R'::bpchar))) AND (l_extendedprice > (0)::numeric))
[db] done db=tpch0_1
[summary] db=tpch0_1 scale=0.1 K=3 median_hot ours=226.429ms rls=90.734ms ratio=2.496 cross_ratio=0.000 disk ours=20420305 rls=44032000 median_rss ours=169558KB rls=119960KB
[summary] db=tpch0_1 scale=0.1 K=4 median_hot ours=271.784ms rls=90.680ms ratio=2.997 cross_ratio=0.000 disk ours=26776011 rls=75563008 median_rss ours=235332KB rls=122206KB
[summary] db=tpch0_1 scale=0.1 K=5 median_hot ours=271.697ms rls=90.663ms ratio=2.997 cross_ratio=0.000 disk ours=26776011 rls=75563008 median_rss ours=234994KB rls=121920KB
[plot] matplotlib unavailable: No module named 'matplotlib'
[done] times_csv=logs/atom_policy_probe_final_20260213_061320/times.csv
[done] profile_csv=logs/atom_policy_probe_final_20260213_061320/profile.csv
[done] correctness_csv=logs/atom_policy_probe_final_20260213_061320/correctness.csv
[done] summary_csv=logs/atom_policy_probe_final_20260213_061320/summary.csv
[done] plots_dir=logs/atom_policy_probe_final_20260213_061320/plots
