QUERY:
SELECT COUNT(*) FROM lineitem l JOIN orders o ON l.l_orderkey=o.o_orderkey;
COUNT: 2271
--- NOTICES ---
NOTICE:  policy: local_bins table=lineitem atoms=3 bins=1525
NOTICE:  policy: local_ms table=lineitem stamp=0.000 bin=0.000 eval=0.440 fill=2.885
NOTICE:  policy: local_eval table=lineitem sat_calls=6 cache_hits=1519
NOTICE:  policy: allow_lineitem count = 85613 / 600572
NOTICE:  policy: total_ms=11.245
NOTICE:  policy_profile: bundle=2 target=lineitem K=0 query= local={lineitem:atoms=3,bins=1525,sat=6,hits=1519,ms=0.000/0.000/0.440/2.885,total_ms=3.326} prop={iter=0,ms=0.000,classes=[]} decode={lineitem:85613/600572,ms=0.000,total_ms=0.000} total_ms=11.245
NOTICE:  custom_filter: bundle target=lineitem allow_count=42862/600572
NOTICE:  policy: load_ms=5.013
NOTICE:  policy: bundle_eval target=lineitem bundle_id=3 uses_atoms=6
NOTICE:  policy: local_bins table=lineitem atoms=6 bins=1525
NOTICE:  policy: local_ms table=lineitem stamp=0.000 bin=0.000 eval=0.992 fill=3.449
NOTICE:  policy: local_eval table=lineitem sat_calls=12 cache_hits=1513
NOTICE:  policy: allow_lineitem count = 142016 / 600572
NOTICE:  policy: total_ms=11.935
NOTICE:  policy_profile: bundle=3 target=lineitem K=0 query= local={lineitem:atoms=6,bins=1525,sat=12,hits=1513,ms=0.000/0.000/0.992/3.449,total_ms=4.441} prop={iter=0,ms=0.000,classes=[]} decode={lineitem:142016/600572,ms=0.000,total_ms=0.000} total_ms=11.935
NOTICE:  custom_filter: bundle target=lineitem allow_count=10151/600572
NOTICE:  policy: load_ms=4.869
NOTICE:  policy: bundle_eval target=lineitem bundle_id=4 uses_atoms=6
NOTICE:  policy: local_bins table=lineitem atoms=6 bins=1525
NOTICE:  policy: local_ms table=lineitem stamp=0.000 bin=0.000 eval=0.872 fill=2.514
NOTICE:  policy: local_eval table=lineitem sat_calls=24 cache_hits=1501
NOTICE:  policy: allow_lineitem count = 70368 / 600572
NOTICE:  policy: total_ms=17.340
NOTICE:  policy_profile: bundle=4 target=lineitem K=0 query= local={lineitem:atoms=6,bins=1525,sat=24,hits=1501,ms=0.000/0.000/0.872/2.514,total_ms=3.386} prop={iter=0,ms=0.000,classes=[]} decode={lineitem:70368/600572,ms=0.000,total_ms=0.000} total_ms=17.340
NOTICE:  custom_filter: bundle target=lineitem allow_count=9782/600572
NOTICE:  policy: load_ms=4.949
NOTICE:  policy: bundle_eval target=lineitem bundle_id=5 uses_atoms=9
NOTICE:  policy: local_bins table=lineitem atoms=9 bins=1525
NOTICE:  policy: local_ms table=lineitem stamp=0.000 bin=0.000 eval=4.270 fill=2.032
NOTICE:  policy: local_eval table=lineitem sat_calls=81 cache_hits=1444
NOTICE:  policy: allow_lineitem count = 32154 / 600572
NOTICE:  policy: total_ms=20.384
NOTICE:  policy_profile: bundle=5 target=lineitem K=0 query= local={lineitem:atoms=9,bins=1525,sat=81,hits=1444,ms=0.000/0.000/4.270/2.032,total_ms=6.302} prop={iter=0,ms=0.000,classes=[]} decode={lineitem:32154/600572,ms=0.000,total_ms=0.000} total_ms=20.384
NOTICE:  custom_filter: bundle target=lineitem allow_count=2271/600572
NOTICE:  custom_filter: final_allow_lineitem count=2271/600572
NOTICE:  custom_filter: allow_lineitem popcount=2271/600572
NOTICE:  custom_filter: ctid_map[0]=(0,1)->0
NOTICE:  custom_filter: ctid_map[1]=(0,2)->1
NOTICE:  custom_filter: ctid_map[2]=(0,3)->2
NOTICE:  custom_filter: ctid_map[3]=(0,4)->3
NOTICE:  custom_filter: ctid_map[4]=(0,5)->4
NOTICE:  custom_filter: ctid_index_ms=19.890 rel=lineitem
NOTICE:  custom_filter: lineitem_ctid head [0,1 0,2 0,3 0,4 0,5]
NOTICE:  custom_filter: retain rel=lineitem allow=75072B ctid=4804576B blk_index=135192B
NOTICE:  custom_filter: retain total allow=75072B ctid=4804576B blk_index=135192B
NOTICE:  custom_filter exec: rel=lineitem oid=74200 seen=600572 passed=2271 misses=0 mode=off
NOTICE:  custom_filter: row validation time = 58.702 ms
NOTICE:  policy_metrics: eval_ms=0.205 artifact_load_ms=39.014 artifact_parse_ms=26.785 stamp_ms=2584.692 bin_ms=40.110 local_sat_ms=6.911 prop_ms=0.000 prop_iters=0 decode_ms=0.000 ctid_map_ms=19.890 filter_ms=58.702 rows_seen=600572 rows_passed=2271 policy_total_ms=2704.886
NOTICE:  policy_profile_query: K=0 query_id= total_ms=2704.886 local_ms=2645.589 prop_ms=0.000 decode_ms=0.000 sat_calls=126 cache_hits=7499 closure_tables=1 filtered_targets=1
NOTICE:  policy: scan_count table=lineitem count=1

