QUERY:
SELECT COUNT(*) FROM lineitem;
COUNT: 2271
--- NOTICES ---
NOTICE:  policy: local_bins table=lineitem atoms=3 bins=1525
NOTICE:  policy: local_ms table=lineitem stamp=0.000 bin=0.000 eval=0.415 fill=2.682
NOTICE:  policy: local_eval table=lineitem sat_calls=6 cache_hits=1519
NOTICE:  policy: allow_lineitem count = 85613 / 600572
NOTICE:  policy: total_ms=10.837
NOTICE:  policy_profile: bundle=2 target=lineitem K=0 query= local={lineitem:atoms=3,bins=1525,sat=6,hits=1519,ms=0.000/0.000/0.415/2.682,total_ms=3.097} prop={iter=0,ms=0.000,classes=[]} decode={lineitem:85613/600572,ms=0.000,total_ms=0.000} total_ms=10.837
NOTICE:  custom_filter: bundle target=lineitem allow_count=42862/600572
NOTICE:  policy: load_ms=4.868
NOTICE:  policy: bundle_eval target=lineitem bundle_id=3 uses_atoms=6
NOTICE:  policy: local_bins table=lineitem atoms=6 bins=1525
NOTICE:  policy: local_ms table=lineitem stamp=0.000 bin=0.000 eval=0.970 fill=3.303
NOTICE:  policy: local_eval table=lineitem sat_calls=12 cache_hits=1513
NOTICE:  policy: allow_lineitem count = 142016 / 600572
NOTICE:  policy: total_ms=11.623
NOTICE:  policy_profile: bundle=3 target=lineitem K=0 query= local={lineitem:atoms=6,bins=1525,sat=12,hits=1513,ms=0.000/0.000/0.970/3.303,total_ms=4.273} prop={iter=0,ms=0.000,classes=[]} decode={lineitem:142016/600572,ms=0.000,total_ms=0.000} total_ms=11.623
NOTICE:  custom_filter: bundle target=lineitem allow_count=10151/600572
NOTICE:  policy: load_ms=4.795
NOTICE:  policy: bundle_eval target=lineitem bundle_id=4 uses_atoms=6
NOTICE:  policy: local_bins table=lineitem atoms=6 bins=1525
NOTICE:  policy: local_ms table=lineitem stamp=0.000 bin=0.000 eval=0.877 fill=2.441
NOTICE:  policy: local_eval table=lineitem sat_calls=24 cache_hits=1501
NOTICE:  policy: allow_lineitem count = 70368 / 600572
NOTICE:  policy: total_ms=16.981
NOTICE:  policy_profile: bundle=4 target=lineitem K=0 query= local={lineitem:atoms=6,bins=1525,sat=24,hits=1501,ms=0.000/0.000/0.877/2.441,total_ms=3.318} prop={iter=0,ms=0.000,classes=[]} decode={lineitem:70368/600572,ms=0.000,total_ms=0.000} total_ms=16.981
NOTICE:  custom_filter: bundle target=lineitem allow_count=9782/600572
NOTICE:  policy: load_ms=4.889
NOTICE:  policy: bundle_eval target=lineitem bundle_id=5 uses_atoms=9
NOTICE:  policy: local_bins table=lineitem atoms=9 bins=1525
NOTICE:  policy: local_ms table=lineitem stamp=0.000 bin=0.000 eval=4.204 fill=1.988
NOTICE:  policy: local_eval table=lineitem sat_calls=81 cache_hits=1444
NOTICE:  policy: allow_lineitem count = 32154 / 600572
NOTICE:  policy: total_ms=19.919
NOTICE:  policy_profile: bundle=5 target=lineitem K=0 query= local={lineitem:atoms=9,bins=1525,sat=81,hits=1444,ms=0.000/0.000/4.204/1.988,total_ms=6.193} prop={iter=0,ms=0.000,classes=[]} decode={lineitem:32154/600572,ms=0.000,total_ms=0.000} total_ms=19.919
NOTICE:  custom_filter: bundle target=lineitem allow_count=2271/600572
NOTICE:  custom_filter: final_allow_lineitem count=2271/600572
NOTICE:  custom_filter: allow_lineitem popcount=2271/600572
NOTICE:  custom_filter: ctid_map[0]=(0,1)->0
NOTICE:  custom_filter: ctid_map[1]=(0,2)->1
NOTICE:  custom_filter: ctid_map[2]=(0,3)->2
NOTICE:  custom_filter: ctid_map[3]=(0,4)->3
NOTICE:  custom_filter: ctid_map[4]=(0,5)->4
NOTICE:  custom_filter: ctid_index_ms=17.710 rel=lineitem
NOTICE:  custom_filter: lineitem_ctid head [0,1 0,2 0,3 0,4 0,5]
NOTICE:  custom_filter: retain rel=lineitem allow=75072B ctid=4804576B blk_index=135192B
NOTICE:  custom_filter: retain total allow=75072B ctid=4804576B blk_index=135192B
NOTICE:  custom_filter exec: rel=lineitem oid=74200 seen=600572 passed=2271 misses=0 mode=off
NOTICE:  custom_filter: row validation time = 48.623 ms
NOTICE:  policy_metrics: eval_ms=0.118 artifact_load_ms=30.431 artifact_parse_ms=26.383 stamp_ms=2565.246 bin_ms=39.883 local_sat_ms=6.803 prop_ms=0.000 prop_iters=0 decode_ms=0.000 ctid_map_ms=17.710 filter_ms=48.623 rows_seen=600572 rows_passed=2271 policy_total_ms=2683.616
NOTICE:  policy_profile_query: K=0 query_id= total_ms=2683.616 local_ms=2625.315 prop_ms=0.000 decode_ms=0.000 sat_calls=126 cache_hits=7499 closure_tables=1 filtered_targets=1
NOTICE:  policy: scan_count table=lineitem count=1

