Timing is on.
SET
Time: 0.101 ms
SET
Time: 0.037 ms
SET
Time: 0.033 ms
SET
Time: 0.023 ms
SET
Time: 0.022 ms
psql:/home/nghosh/research/z3_lab/logs/q18_k20_allowbitsfix_20260210_124801/repro.sql:10: NOTICE:  relation "files" already exists, skipping
CREATE TABLE
Time: 0.175 ms
DROP FUNCTION
Time: 0.687 ms
CREATE FUNCTION
Time: 0.884 ms
TRUNCATE TABLE
Time: 5.784 ms
psql:/home/nghosh/research/z3_lab/logs/q18_k20_allowbitsfix_20260210_124801/repro.sql:14: NOTICE:  relation "files" already exists, skipping
psql:/home/nghosh/research/z3_lab/logs/q18_k20_allowbitsfix_20260210_124801/repro.sql:14: NOTICE:  relation "files_name_uidx" already exists, skipping
psql:/home/nghosh/research/z3_lab/logs/q18_k20_allowbitsfix_20260210_124801/repro.sql:14: NOTICE:  table "tmp_jc_0" does not exist, skipping
psql:/home/nghosh/research/z3_lab/logs/q18_k20_allowbitsfix_20260210_124801/repro.sql:14: NOTICE:  table "tmp_jc_1" does not exist, skipping
psql:/home/nghosh/research/z3_lab/logs/q18_k20_allowbitsfix_20260210_124801/repro.sql:14: NOTICE:  table "tmp_jc_2" does not exist, skipping
psql:/home/nghosh/research/z3_lab/logs/q18_k20_allowbitsfix_20260210_124801/repro.sql:14: NOTICE:  table "tmp_jc_3" does not exist, skipping
psql:/home/nghosh/research/z3_lab/logs/q18_k20_allowbitsfix_20260210_124801/repro.sql:14: NOTICE:  table "tmp_jc_4" does not exist, skipping
psql:/home/nghosh/research/z3_lab/logs/q18_k20_allowbitsfix_20260210_124801/repro.sql:14: NOTICE:  table "tmp_jc_5" does not exist, skipping
psql:/home/nghosh/research/z3_lab/logs/q18_k20_allowbitsfix_20260210_124801/repro.sql:14: NOTICE:  table "tmp_dict_0" does not exist, skipping
psql:/home/nghosh/research/z3_lab/logs/q18_k20_allowbitsfix_20260210_124801/repro.sql:14: NOTICE:  table "tmp_dict_1" does not exist, skipping
psql:/home/nghosh/research/z3_lab/logs/q18_k20_allowbitsfix_20260210_124801/repro.sql:14: NOTICE:  table "tmp_dict_2" does not exist, skipping
psql:/home/nghosh/research/z3_lab/logs/q18_k20_allowbitsfix_20260210_124801/repro.sql:14: NOTICE:  table "tmp_dict_3" does not exist, skipping
psql:/home/nghosh/research/z3_lab/logs/q18_k20_allowbitsfix_20260210_124801/repro.sql:14: NOTICE:  table "tmp_dict_4" does not exist, skipping
psql:/home/nghosh/research/z3_lab/logs/q18_k20_allowbitsfix_20260210_124801/repro.sql:14: NOTICE:  table "tmp_dict_5" does not exist, skipping
psql:/home/nghosh/research/z3_lab/logs/q18_k20_allowbitsfix_20260210_124801/repro.sql:14: NOTICE:  table "tmp_dict_6" does not exist, skipping
psql:/home/nghosh/research/z3_lab/logs/q18_k20_allowbitsfix_20260210_124801/repro.sql:14: NOTICE:  table "tmp_dict_7" does not exist, skipping
psql:/home/nghosh/research/z3_lab/logs/q18_k20_allowbitsfix_20260210_124801/repro.sql:14: NOTICE:  table "tmp_dict_8" does not exist, skipping
psql:/home/nghosh/research/z3_lab/logs/q18_k20_allowbitsfix_20260210_124801/repro.sql:14: NOTICE:  table "tmp_dict_9" does not exist, skipping
psql:/home/nghosh/research/z3_lab/logs/q18_k20_allowbitsfix_20260210_124801/repro.sql:14: NOTICE:  table "tmp_dict_10" does not exist, skipping
psql:/home/nghosh/research/z3_lab/logs/q18_k20_allowbitsfix_20260210_124801/repro.sql:14: NOTICE:  table "tmp_dict_11" does not exist, skipping
psql:/home/nghosh/research/z3_lab/logs/q18_k20_allowbitsfix_20260210_124801/repro.sql:14: NOTICE:  table "tmp_dict_12" does not exist, skipping
psql:/home/nghosh/research/z3_lab/logs/q18_k20_allowbitsfix_20260210_124801/repro.sql:14: NOTICE:  table "tmp_dict_13" does not exist, skipping
psql:/home/nghosh/research/z3_lab/logs/q18_k20_allowbitsfix_20260210_124801/repro.sql:14: NOTICE:  table "tmp_dict_14" does not exist, skipping
psql:/home/nghosh/research/z3_lab/logs/q18_k20_allowbitsfix_20260210_124801/repro.sql:14: NOTICE:  table "tmp_dict_15" does not exist, skipping
psql:/home/nghosh/research/z3_lab/logs/q18_k20_allowbitsfix_20260210_124801/repro.sql:14: NOTICE:  table "tmp_dict_16" does not exist, skipping
psql:/home/nghosh/research/z3_lab/logs/q18_k20_allowbitsfix_20260210_124801/repro.sql:14: NOTICE:  table "tmp_dict_17" does not exist, skipping
psql:/home/nghosh/research/z3_lab/logs/q18_k20_allowbitsfix_20260210_124801/repro.sql:14: NOTICE:  table "tmp_dict_18" does not exist, skipping
psql:/home/nghosh/research/z3_lab/logs/q18_k20_allowbitsfix_20260210_124801/repro.sql:14: NOTICE:  table "tmp_dict_19" does not exist, skipping
psql:/home/nghosh/research/z3_lab/logs/q18_k20_allowbitsfix_20260210_124801/repro.sql:14: NOTICE:  table "tmp_dict_20" does not exist, skipping
 build_base 
------------
 
(1 row)

Time: 19339.440 ms (00:19.339)
LOAD
Time: 2.053 ms
SET
Time: 0.059 ms
SET
Time: 0.034 ms
SET
Time: 0.034 ms
SET
Time: 0.031 ms
SET
Time: 0.033 ms
psql:/home/nghosh/research/z3_lab/logs/q18_k20_allowbitsfix_20260210_124801/repro.sql:26: NOTICE:  custom_filter: wrap rel=lineitem oid=16413 paths=2
psql:/home/nghosh/research/z3_lab/logs/q18_k20_allowbitsfix_20260210_124801/repro.sql:26: NOTICE:  custom_filter: wrap rel=customer oid=16407 paths=3
psql:/home/nghosh/research/z3_lab/logs/q18_k20_allowbitsfix_20260210_124801/repro.sql:26: NOTICE:  custom_filter: wrap rel=orders oid=16410 paths=7
psql:/home/nghosh/research/z3_lab/logs/q18_k20_allowbitsfix_20260210_124801/repro.sql:26: NOTICE:  custom_filter: wrap rel=lineitem oid=16413 paths=4
psql:/home/nghosh/research/z3_lab/logs/q18_k20_allowbitsfix_20260210_124801/repro.sql:26: NOTICE:  rescan_profile: event=BeginCustomScan pid=126157 build_seq=0 node=0x5b9e00338d48 plan=0x5b9e0072c838 rel=lineitem relid=16413 scan=SeqScan filter=off
psql:/home/nghosh/research/z3_lab/logs/q18_k20_allowbitsfix_20260210_124801/repro.sql:26: NOTICE:  rescan_profile: event=BeginCustomScan pid=126157 build_seq=0 node=0x5b9e00c50908 plan=0x5b9e0072bc68 rel=orders relid=16410 scan=SeqScan filter=off
psql:/home/nghosh/research/z3_lab/logs/q18_k20_allowbitsfix_20260210_124801/repro.sql:26: NOTICE:  rescan_profile: event=BeginCustomScan pid=126157 build_seq=0 node=0x5b9e0050e270 plan=0x5b9e00736800 rel=lineitem relid=16413 scan=SeqScan filter=off
psql:/home/nghosh/research/z3_lab/logs/q18_k20_allowbitsfix_20260210_124801/repro.sql:26: NOTICE:  rescan_profile: event=BeginCustomScan pid=126157 build_seq=0 node=0x5b9e01856df0 plan=0x5b9e00737178 rel=customer relid=16407 scan=SeqScan filter=off
psql:/home/nghosh/research/z3_lab/logs/q18_k20_allowbitsfix_20260210_124801/repro.sql:26: NOTICE:  rescan_profile: event=query_state_begin pid=126157 build_seq=1 qs=0x5b9e028a5f00 qctx=0x5b9e00337920
psql:/home/nghosh/research/z3_lab/logs/q18_k20_allowbitsfix_20260210_124801/repro.sql:26: NOTICE:  policy_eval: target=lineitem tokens=LPAREN:( IDENT:l_returnflag OP:= STRING:'R' RPAREN:) OR:or LPAREN:( IDENT:l_linestatus OP:= STRING:'F' RPAREN:)
psql:/home/nghosh/research/z3_lab/logs/q18_k20_allowbitsfix_20260210_124801/repro.sql:26: NOTICE:  policy_eval: target=lineitem tokens=LPAREN:( IDENT:l_shipinstruct OP:= STRING:'DELIVER IN PERSON' RPAREN:) AND:and LPAREN:( LPAREN:( IDENT:l_shipmode OP:in LPAREN:( STRING:'MAIL' COMMA:, STRING:'SHIP' RPAREN:) RPAREN:) OR:or LPAREN:( IDENT:l_shipmode OP:in LPAREN:( STRING:'TRUCK' COMMA:, STRING:'RAIL' RPAREN:) RPAREN:) RPAREN:)
psql:/home/nghosh/research/z3_lab/logs/q18_k20_allowbitsfix_20260210_124801/repro.sql:26: NOTICE:  policy_eval: target=lineitem tokens=LPAREN:( LPAREN:( IDENT:l_discount OP:>= NUMBER:0.02 AND:and IDENT:l_discount OP:<= NUMBER:0.05 AND:and IDENT:l_quantity OP:<= NUMBER:25 RPAREN:) OR:or LPAREN:( IDENT:l_discount OP:>= NUMBER:0.06 AND:and IDENT:l_discount OP:<= NUMBER:0.08 AND:and IDENT:l_quantity OP:<= NUMBER:10 RPAREN:) RPAREN:)
psql:/home/nghosh/research/z3_lab/logs/q18_k20_allowbitsfix_20260210_124801/repro.sql:26: NOTICE:  policy_eval: target=lineitem tokens=LPAREN:( IDENT:l_shipinstruct OP:= STRING:'DELIVER IN PERSON' RPAREN:) AND:and LPAREN:( LPAREN:( IDENT:l_returnflag OP:= STRING:'R' RPAREN:) OR:or LPAREN:( IDENT:l_returnflag OP:= STRING:'A' RPAREN:) RPAREN:) AND:and LPAREN:( LPAREN:( IDENT:l_tax OP:<= NUMBER:0.07 RPAREN:) OR:or LPAREN:( IDENT:l_discount OP:<= NUMBER:0.05 RPAREN:) RPAREN:) AND:and LPAREN:( IDENT:l_extendedprice OP:> NUMBER:0 RPAREN:)
psql:/home/nghosh/research/z3_lab/logs/q18_k20_allowbitsfix_20260210_124801/repro.sql:26: NOTICE:  policy_eval: target=lineitem tokens=LPAREN:( LPAREN:( IDENT:l_shipmode OP:in LPAREN:( STRING:'AIR' COMMA:, STRING:'AIR REG' RPAREN:) AND:and IDENT:l_quantity OP:<= NUMBER:15 AND:and IDENT:l_discount OP:<= NUMBER:0.05 AND:and IDENT:l_linestatus OP:= STRING:'F' RPAREN:) OR:or LPAREN:( IDENT:l_shipmode OP:in LPAREN:( STRING:'MAIL' COMMA:, STRING:'SHIP' RPAREN:) AND:and IDENT:l_quantity OP:<= NUMBER:30 AND:and IDENT:l_discount OP:<= NUMBER:0.07 AND:and IDENT:l_returnflag OP:= STRING:'R' RPAREN:) RPAREN:) AND:and LPAREN:( IDENT:l_extendedprice OP:> NUMBER:0 RPAREN:)
psql:/home/nghosh/research/z3_lab/logs/q18_k20_allowbitsfix_20260210_124801/repro.sql:26: NOTICE:  policy_eval: target=customer tokens=LPAREN:( IDENT:c_mktsegment OP:= STRING:'AUTOMOBILE' RPAREN:) OR:or LPAREN:( IDENT:c_mktsegment OP:= STRING:'BUILDING' RPAREN:)
psql:/home/nghosh/research/z3_lab/logs/q18_k20_allowbitsfix_20260210_124801/repro.sql:26: NOTICE:  policy_eval: target=customer tokens=LPAREN:( IDENT:c_acctbal OP:> NUMBER:0 RPAREN:) AND:and LPAREN:( LPAREN:( IDENT:c_mktsegment OP:= STRING:'FURNITURE' RPAREN:) OR:or LPAREN:( IDENT:c_mktsegment OP:= STRING:'HOUSEHOLD' RPAREN:) RPAREN:) AND:and LPAREN:( IDENT:c_nationkey OP:< NUMBER:10 RPAREN:)
psql:/home/nghosh/research/z3_lab/logs/q18_k20_allowbitsfix_20260210_124801/repro.sql:26: NOTICE:  policy_eval: target=customer tokens=LPAREN:( LPAREN:( IDENT:c_acctbal OP:>= NUMBER:500 AND:and IDENT:c_acctbal OP:<= NUMBER:7000 RPAREN:) OR:or LPAREN:( IDENT:c_phone OP:like STRING:'1%' AND:and IDENT:c_phone OP:like STRING:'%-%' RPAREN:) RPAREN:)
psql:/home/nghosh/research/z3_lab/logs/q18_k20_allowbitsfix_20260210_124801/repro.sql:26: NOTICE:  policy_eval: target=customer tokens=LPAREN:( IDENT:c_name OP:like STRING:'Customer%' RPAREN:) AND:and LPAREN:( LPAREN:( IDENT:c_phone OP:like STRING:'2%' RPAREN:) OR:or LPAREN:( IDENT:c_phone OP:like STRING:'3%' RPAREN:) RPAREN:) AND:and LPAREN:( LPAREN:( IDENT:c_mktsegment OP:= STRING:'MACHINERY' RPAREN:) OR:or LPAREN:( IDENT:c_mktsegment OP:= STRING:'HOUSEHOLD' RPAREN:) RPAREN:) AND:and LPAREN:( IDENT:c_acctbal OP:< NUMBER:9000 RPAREN:)
psql:/home/nghosh/research/z3_lab/logs/q18_k20_allowbitsfix_20260210_124801/repro.sql:26: NOTICE:  policy_eval: target=customer tokens=LPAREN:( LPAREN:( IDENT:c_mktsegment OP:= STRING:'AUTOMOBILE' AND:and IDENT:c_acctbal OP:> NUMBER:0 RPAREN:) OR:or LPAREN:( IDENT:c_mktsegment OP:= STRING:'FURNITURE' AND:and IDENT:c_acctbal OP:> NUMBER:500 RPAREN:) OR:or LPAREN:( IDENT:c_mktsegment OP:= STRING:'BUILDING' AND:and IDENT:c_acctbal OP:> NUMBER:1000 RPAREN:) RPAREN:) AND:and LPAREN:( IDENT:c_nationkey OP:in LPAREN:( NUMBER:1 COMMA:, NUMBER:3 COMMA:, NUMBER:5 COMMA:, NUMBER:7 RPAREN:) RPAREN:)
psql:/home/nghosh/research/z3_lab/logs/q18_k20_allowbitsfix_20260210_124801/repro.sql:26: NOTICE:  policy_eval: target=orders tokens=IDENT:orders.o_custkey OP:= IDENT:customer.c_custkey AND:and LPAREN:( IDENT:customer.c_mktsegment OP:= STRING:'AUTOMOBILE' OR:or IDENT:customer.c_mktsegment OP:= STRING:'HOUSEHOLD' RPAREN:)
psql:/home/nghosh/research/z3_lab/logs/q18_k20_allowbitsfix_20260210_124801/repro.sql:26: NOTICE:  policy_eval: target=orders tokens=IDENT:orders.o_custkey OP:= IDENT:customer.c_custkey AND:and LPAREN:( LPAREN:( IDENT:orders.o_orderstatus OP:= STRING:'F' AND:and IDENT:customer.c_acctbal OP:> NUMBER:0 RPAREN:) OR:or LPAREN:( IDENT:orders.o_orderpriority OP:in LPAREN:( STRING:'1-URGENT' COMMA:, STRING:'2-HIGH' RPAREN:) AND:and IDENT:customer.c_mktsegment OP:= STRING:'BUILDING' RPAREN:) RPAREN:)
psql:/home/nghosh/research/z3_lab/logs/q18_k20_allowbitsfix_20260210_124801/repro.sql:26: NOTICE:  policy_eval: target=orders tokens=IDENT:orders.o_custkey OP:= IDENT:customer.c_custkey AND:and IDENT:customer.c_nationkey OP:= IDENT:nation.n_nationkey AND:and LPAREN:( IDENT:nation.n_name OP:in LPAREN:( STRING:'GERMANY' COMMA:, STRING:'FRANCE' RPAREN:) OR:or IDENT:nation.n_name OP:in LPAREN:( STRING:'BRAZIL' COMMA:, STRING:'CANADA' RPAREN:) RPAREN:) AND:and IDENT:customer.c_acctbal OP:> NUMBER:0
psql:/home/nghosh/research/z3_lab/logs/q18_k20_allowbitsfix_20260210_124801/repro.sql:26: NOTICE:  policy_eval: target=orders tokens=IDENT:orders.o_custkey OP:= IDENT:customer.c_custkey AND:and IDENT:customer.c_nationkey OP:= IDENT:nation.n_nationkey AND:and IDENT:nation.n_regionkey OP:= IDENT:region.r_regionkey AND:and LPAREN:( IDENT:region.r_name OP:= STRING:'EUROPE' OR:or IDENT:region.r_name OP:= STRING:'ASIA' RPAREN:) AND:and IDENT:orders.o_orderstatus OP:in LPAREN:( STRING:'O' COMMA:, STRING:'F' RPAREN:)
psql:/home/nghosh/research/z3_lab/logs/q18_k20_allowbitsfix_20260210_124801/repro.sql:26: NOTICE:  policy_eval: target=lineitem tokens=IDENT:lineitem.l_orderkey OP:= IDENT:orders.o_orderkey AND:and LPAREN:( IDENT:orders.o_orderstatus OP:= STRING:'F' OR:or IDENT:orders.o_orderpriority OP:in LPAREN:( STRING:'1-URGENT' COMMA:, STRING:'2-HIGH' RPAREN:) RPAREN:) AND:and LPAREN:( LPAREN:( IDENT:lineitem.l_shipmode OP:in LPAREN:( STRING:'MAIL' COMMA:, STRING:'SHIP' RPAREN:) AND:and IDENT:lineitem.l_shipinstruct OP:= STRING:'DELIVER IN PERSON' RPAREN:) OR:or LPAREN:( IDENT:lineitem.l_shipmode OP:in LPAREN:( STRING:'TRUCK' COMMA:, STRING:'RAIL' RPAREN:) AND:and IDENT:lineitem.l_returnflag OP:in LPAREN:( STRING:'R' COMMA:, STRING:'A' RPAREN:) RPAREN:) RPAREN:)
psql:/home/nghosh/research/z3_lab/logs/q18_k20_allowbitsfix_20260210_124801/repro.sql:26: NOTICE:  policy_eval: target=lineitem tokens=IDENT:lineitem.l_orderkey OP:= IDENT:orders.o_orderkey AND:and IDENT:orders.o_custkey OP:= IDENT:customer.c_custkey AND:and LPAREN:( IDENT:customer.c_mktsegment OP:= STRING:'AUTOMOBILE' OR:or IDENT:customer.c_mktsegment OP:= STRING:'BUILDING' RPAREN:) AND:and LPAREN:( IDENT:orders.o_orderstatus OP:= STRING:'F' OR:or IDENT:orders.o_totalprice OP:> NUMBER:50000 RPAREN:) AND:and IDENT:lineitem.l_discount OP:<= NUMBER:0.07
psql:/home/nghosh/research/z3_lab/logs/q18_k20_allowbitsfix_20260210_124801/repro.sql:26: NOTICE:  policy_eval: target=lineitem tokens=IDENT:lineitem.l_orderkey OP:= IDENT:orders.o_orderkey AND:and IDENT:orders.o_custkey OP:= IDENT:customer.c_custkey AND:and IDENT:customer.c_nationkey OP:= IDENT:nation.n_nationkey AND:and IDENT:nation.n_regionkey OP:= IDENT:region.r_regionkey AND:and LPAREN:( IDENT:region.r_name OP:= STRING:'AMERICA' OR:or IDENT:region.r_name OP:= STRING:'EUROPE' RPAREN:) AND:and LPAREN:( LPAREN:( IDENT:orders.o_orderpriority OP:in LPAREN:( STRING:'1-URGENT' COMMA:, STRING:'2-HIGH' RPAREN:) AND:and IDENT:lineitem.l_quantity OP:<= NUMBER:20 RPAREN:) OR:or LPAREN:( IDENT:orders.o_orderstatus OP:= STRING:'O' AND:and IDENT:lineitem.l_quantity OP:<= NUMBER:10 RPAREN:) RPAREN:)
psql:/home/nghosh/research/z3_lab/logs/q18_k20_allowbitsfix_20260210_124801/repro.sql:26: NOTICE:  policy_eval: target=lineitem tokens=IDENT:lineitem.l_suppkey OP:= IDENT:supplier.s_suppkey AND:and IDENT:supplier.s_nationkey OP:= IDENT:nation.n_nationkey AND:and IDENT:nation.n_regionkey OP:= IDENT:region.r_regionkey AND:and LPAREN:( IDENT:region.r_name OP:= STRING:'EUROPE' OR:or IDENT:region.r_name OP:= STRING:'ASIA' RPAREN:) AND:and LPAREN:( LPAREN:( IDENT:lineitem.l_discount OP:<= NUMBER:0.05 AND:and IDENT:lineitem.l_quantity OP:<= NUMBER:25 RPAREN:) OR:or LPAREN:( IDENT:lineitem.l_discount OP:<= NUMBER:0.07 AND:and IDENT:lineitem.l_quantity OP:<= NUMBER:10 RPAREN:) RPAREN:)
psql:/home/nghosh/research/z3_lab/logs/q18_k20_allowbitsfix_20260210_124801/repro.sql:26: NOTICE:  policy_eval: target=lineitem tokens=IDENT:lineitem.l_partkey OP:= IDENT:part.p_partkey AND:and IDENT:lineitem.l_orderkey OP:= IDENT:orders.o_orderkey AND:and IDENT:orders.o_custkey OP:= IDENT:customer.c_custkey AND:and LPAREN:( IDENT:part.p_brand OP:in LPAREN:( STRING:'Brand#12' COMMA:, STRING:'Brand#23' RPAREN:) OR:or IDENT:part.p_brand OP:in LPAREN:( STRING:'Brand#34' COMMA:, STRING:'Brand#45' RPAREN:) RPAREN:) AND:and LPAREN:( IDENT:part.p_size OP:in LPAREN:( NUMBER:10 COMMA:, NUMBER:15 COMMA:, NUMBER:20 RPAREN:) OR:or IDENT:part.p_size OP:in LPAREN:( NUMBER:5 COMMA:, NUMBER:7 COMMA:, NUMBER:9 RPAREN:) RPAREN:) AND:and LPAREN:( IDENT:orders.o_orderstatus OP:= STRING:'F' OR:or IDENT:orders.o_totalprice OP:> NUMBER:30000 RPAREN:)
psql:/home/nghosh/research/z3_lab/logs/q18_k20_allowbitsfix_20260210_124801/repro.sql:26: NOTICE:  policy_eval: target=partsupp tokens=IDENT:partsupp.ps_suppkey OP:= IDENT:supplier.s_suppkey AND:and IDENT:supplier.s_nationkey OP:= IDENT:nation.n_nationkey AND:and IDENT:nation.n_regionkey OP:= IDENT:region.r_regionkey AND:and IDENT:partsupp.ps_partkey OP:= IDENT:part.p_partkey AND:and LPAREN:( IDENT:region.r_name OP:= STRING:'EUROPE' OR:or IDENT:region.r_name OP:= STRING:'ASIA' RPAREN:) AND:and LPAREN:( LPAREN:( IDENT:part.p_brand OP:in LPAREN:( STRING:'Brand#12' COMMA:, STRING:'Brand#23' RPAREN:) AND:and IDENT:part.p_size OP:in LPAREN:( NUMBER:10 COMMA:, NUMBER:15 COMMA:, NUMBER:20 RPAREN:) RPAREN:) OR:or LPAREN:( IDENT:part.p_brand OP:in LPAREN:( STRING:'Brand#34' COMMA:, STRING:'Brand#45' RPAREN:) AND:and IDENT:part.p_size OP:in LPAREN:( NUMBER:5 COMMA:, NUMBER:7 COMMA:, NUMBER:9 RPAREN:) RPAREN:) RPAREN:) AND:and IDENT:partsupp.ps_supplycost OP:> NUMBER:100
psql:/home/nghosh/research/z3_lab/logs/q18_k20_allowbitsfix_20260210_124801/repro.sql:26: NOTICE:  policy_eval: target=customer join_classes=[]
psql:/home/nghosh/research/z3_lab/logs/q18_k20_allowbitsfix_20260210_124801/repro.sql:26: NOTICE:  policy_eval: target=lineitem join_classes=[0, 1, 2, 3, 4, 5]
psql:/home/nghosh/research/z3_lab/logs/q18_k20_allowbitsfix_20260210_124801/repro.sql:26: NOTICE:  policy_eval: target=orders join_classes=[0, 1, 5]
psql:/home/nghosh/research/z3_lab/logs/q18_k20_allowbitsfix_20260210_124801/repro.sql:26: NOTICE:  policy_eval: policy[1] target=lineitem expr=(l_returnflag = 'R') OR (l_linestatus = 'F') ast=y32 or y25
psql:/home/nghosh/research/z3_lab/logs/q18_k20_allowbitsfix_20260210_124801/repro.sql:26: NOTICE:  policy_eval: policy[2] target=lineitem expr=(l_shipinstruct = 'DELIVER IN PERSON') AND ((l_shipmode IN ('MAIL','SHIP')) OR (l_shipmode IN ('TRUCK','RAIL'))) ast=y34 and (y36 or y37)
psql:/home/nghosh/research/z3_lab/logs/q18_k20_allowbitsfix_20260210_124801/repro.sql:26: NOTICE:  policy_eval: policy[3] target=lineitem expr=((l_discount >= 0.02 AND l_discount <= 0.05 AND l_quantity <= 25) OR (l_discount >= 0.06 AND l_discount <= 0.08 AND l_quantity <= 10)) ast=y22 and y19 and y29 or y23 and y21 and y26
psql:/home/nghosh/research/z3_lab/logs/q18_k20_allowbitsfix_20260210_124801/repro.sql:26: NOTICE:  policy_eval: policy[4] target=lineitem expr=(l_shipinstruct = 'DELIVER IN PERSON') AND ((l_returnflag = 'R') OR (l_returnflag = 'A')) AND ((l_tax <= 0.07) OR (l_discount <= 0.05)) AND (l_extendedprice > 0) ast=y34 and (y32 or y31) and (y38 or y19) and y24
psql:/home/nghosh/research/z3_lab/logs/q18_k20_allowbitsfix_20260210_124801/repro.sql:26: NOTICE:  policy_eval: policy[5] target=lineitem expr=((l_shipmode IN ('AIR','AIR REG') AND l_quantity <= 15 AND l_discount <= 0.05 AND l_linestatus = 'F') OR (l_shipmode IN ('MAIL','SHIP') AND l_quantity <= 30 AND l_discount <= 0.07 AND l_returnflag = 'R')) AND (l_extendedprice > 0) ast=(y35 and y27 and y19 and y25 or y36 and y30 and y20 and y32) and y24
psql:/home/nghosh/research/z3_lab/logs/q18_k20_allowbitsfix_20260210_124801/repro.sql:26: NOTICE:  policy_eval: policy[6] target=customer expr=(c_mktsegment = 'AUTOMOBILE') OR (c_mktsegment = 'BUILDING') ast=y7 or y8
psql:/home/nghosh/research/z3_lab/logs/q18_k20_allowbitsfix_20260210_124801/repro.sql:26: NOTICE:  policy_eval: policy[7] target=customer expr=(c_acctbal > 0) AND ((c_mktsegment = 'FURNITURE') OR (c_mktsegment = 'HOUSEHOLD')) AND (c_nationkey < 10) ast=y4 and (y9 or y10) and y13
psql:/home/nghosh/research/z3_lab/logs/q18_k20_allowbitsfix_20260210_124801/repro.sql:26: NOTICE:  policy_eval: policy[8] target=customer expr=((c_acctbal >= 500 AND c_acctbal <= 7000) OR (c_phone LIKE '1%' AND c_phone LIKE '%-%')) ast=y3 and y1 or y16 and y15
psql:/home/nghosh/research/z3_lab/logs/q18_k20_allowbitsfix_20260210_124801/repro.sql:26: NOTICE:  policy_eval: policy[9] target=customer expr=(c_name LIKE 'Customer%') AND ((c_phone LIKE '2%') OR (c_phone LIKE '3%')) AND ((c_mktsegment = 'MACHINERY') OR (c_mktsegment = 'HOUSEHOLD')) AND (c_acctbal < 9000) ast=y12 and (y17 or y18) and (y11 or y10) and y2
psql:/home/nghosh/research/z3_lab/logs/q18_k20_allowbitsfix_20260210_124801/repro.sql:26: NOTICE:  policy_eval: policy[10] target=customer expr=((c_mktsegment = 'AUTOMOBILE' AND c_acctbal > 0) OR (c_mktsegment = 'FURNITURE' AND c_acctbal > 500) OR (c_mktsegment = 'BUILDING' AND c_acctbal > 1000)) AND (c_nationkey IN (1,3,5,7)) ast=(y7 and y4 or y9 and y6 or y8 and y5) and y14
psql:/home/nghosh/research/z3_lab/logs/q18_k20_allowbitsfix_20260210_124801/repro.sql:26: NOTICE:  policy_eval: policy[11] target=orders expr=orders.o_custkey = customer.c_custkey AND (customer.c_mktsegment = 'AUTOMOBILE' OR customer.c_mktsegment = 'HOUSEHOLD') ast=y54 and (y7 or y10)
psql:/home/nghosh/research/z3_lab/logs/q18_k20_allowbitsfix_20260210_124801/repro.sql:26: NOTICE:  policy_eval: policy[12] target=orders expr=orders.o_custkey = customer.c_custkey AND ((orders.o_orderstatus = 'F' AND customer.c_acctbal > 0) OR (orders.o_orderpriority IN ('1-URGENT','2-HIGH') AND customer.c_mktsegment = 'BUILDING')) ast=y54 and (y42 and y4 or y41 and y8)
psql:/home/nghosh/research/z3_lab/logs/q18_k20_allowbitsfix_20260210_124801/repro.sql:26: NOTICE:  policy_eval: policy[13] target=orders expr=orders.o_custkey = customer.c_custkey AND customer.c_nationkey = nation.n_nationkey AND (nation.n_name IN ('GERMANY','FRANCE') OR nation.n_name IN ('BRAZIL','CANADA')) AND customer.c_acctbal > 0 ast=y54 and y55 and (y40 or y39) and y4
psql:/home/nghosh/research/z3_lab/logs/q18_k20_allowbitsfix_20260210_124801/repro.sql:26: NOTICE:  policy_eval: policy[14] target=orders expr=orders.o_custkey = customer.c_custkey AND customer.c_nationkey = nation.n_nationkey AND nation.n_regionkey = region.r_regionkey AND (region.r_name = 'EUROPE' OR region.r_name = 'ASIA') AND orders.o_orderstatus IN ('O','F') ast=y54 and y55 and y60 and (y53 or y52) and y44
psql:/home/nghosh/research/z3_lab/logs/q18_k20_allowbitsfix_20260210_124801/repro.sql:26: NOTICE:  policy_eval: policy[15] target=lineitem expr=lineitem.l_orderkey = orders.o_orderkey AND (orders.o_orderstatus = 'F' OR orders.o_orderpriority IN ('1-URGENT','2-HIGH')) AND ((lineitem.l_shipmode IN ('MAIL','SHIP') AND lineitem.l_shipinstruct = 'DELIVER IN PERSON') OR (lineitem.l_shipmode IN ('TRUCK','RAIL') AND lineitem.l_returnflag IN ('R','A'))) ast=y56 and (y42 or y41) and (y36 and y34 or y37 and y33)
psql:/home/nghosh/research/z3_lab/logs/q18_k20_allowbitsfix_20260210_124801/repro.sql:26: NOTICE:  policy_eval: policy[16] target=lineitem expr=lineitem.l_orderkey = orders.o_orderkey AND orders.o_custkey = customer.c_custkey AND (customer.c_mktsegment = 'AUTOMOBILE' OR customer.c_mktsegment = 'BUILDING') AND (orders.o_orderstatus = 'F' OR orders.o_totalprice > 50000) AND lineitem.l_discount <= 0.07 ast=y56 and y54 and (y7 or y8) and (y42 or y46) and y20
psql:/home/nghosh/research/z3_lab/logs/q18_k20_allowbitsfix_20260210_124801/repro.sql:26: NOTICE:  policy_eval: policy[17] target=lineitem expr=lineitem.l_orderkey = orders.o_orderkey AND orders.o_custkey = customer.c_custkey AND customer.c_nationkey = nation.n_nationkey AND nation.n_regionkey = region.r_regionkey AND (region.r_name = 'AMERICA' OR region.r_name = 'EUROPE') AND ((orders.o_orderpriority IN ('1-URGENT','2-HIGH') AND lineitem.l_quantity <= 20) OR (orders.o_orderstatus = 'O' AND lineitem.l_quantity <= 10)) ast=y56 and y54 and y55 and y60 and (y51 or y53) and (y41 and y28 or y43 and y26)
psql:/home/nghosh/research/z3_lab/logs/q18_k20_allowbitsfix_20260210_124801/repro.sql:26: NOTICE:  policy_eval: policy[18] target=lineitem expr=lineitem.l_suppkey = supplier.s_suppkey AND supplier.s_nationkey = nation.n_nationkey AND nation.n_regionkey = region.r_regionkey AND (region.r_name = 'EUROPE' OR region.r_name = 'ASIA') AND ((lineitem.l_discount <= 0.05 AND lineitem.l_quantity <= 25) OR (lineitem.l_discount <= 0.07 AND lineitem.l_quantity <= 10)) ast=y58 and y59 and y60 and (y53 or y52) and (y19 and y29 or y20 and y26)
psql:/home/nghosh/research/z3_lab/logs/q18_k20_allowbitsfix_20260210_124801/repro.sql:26: NOTICE:  policy_eval: policy[19] target=lineitem expr=lineitem.l_partkey = part.p_partkey AND lineitem.l_orderkey = orders.o_orderkey AND orders.o_custkey = customer.c_custkey AND (part.p_brand IN ('Brand#12','Brand#23') OR part.p_brand IN ('Brand#34','Brand#45')) AND (part.p_size IN (10,15,20) OR part.p_size IN (5,7,9)) AND (orders.o_orderstatus = 'F' OR orders.o_totalprice > 30000) ast=y57 and y56 and y54 and (y47 or y48) and (y49 or y50) and (y42 or y45)
psql:/home/nghosh/research/z3_lab/logs/q18_k20_allowbitsfix_20260210_124801/repro.sql:26: NOTICE:  policy_eval: atom y1 = const:customer.c_acctbal|<=|7000
psql:/home/nghosh/research/z3_lab/logs/q18_k20_allowbitsfix_20260210_124801/repro.sql:26: NOTICE:  policy_eval: atom y2 = const:customer.c_acctbal|<|9000
psql:/home/nghosh/research/z3_lab/logs/q18_k20_allowbitsfix_20260210_124801/repro.sql:26: NOTICE:  policy_eval: atom y3 = const:customer.c_acctbal|>=|500
psql:/home/nghosh/research/z3_lab/logs/q18_k20_allowbitsfix_20260210_124801/repro.sql:26: NOTICE:  policy_eval: atom y4 = const:customer.c_acctbal|>|0
psql:/home/nghosh/research/z3_lab/logs/q18_k20_allowbitsfix_20260210_124801/repro.sql:26: NOTICE:  policy_eval: atom y5 = const:customer.c_acctbal|>|1000
psql:/home/nghosh/research/z3_lab/logs/q18_k20_allowbitsfix_20260210_124801/repro.sql:26: NOTICE:  policy_eval: atom y6 = const:customer.c_acctbal|>|500
psql:/home/nghosh/research/z3_lab/logs/q18_k20_allowbitsfix_20260210_124801/repro.sql:26: NOTICE:  policy_eval: atom y7 = const:customer.c_mktsegment|=|AUTOMOBILE
psql:/home/nghosh/research/z3_lab/logs/q18_k20_allowbitsfix_20260210_124801/repro.sql:26: NOTICE:  policy_eval: atom y8 = const:customer.c_mktsegment|=|BUILDING
psql:/home/nghosh/research/z3_lab/logs/q18_k20_allowbitsfix_20260210_124801/repro.sql:26: NOTICE:  policy_eval: atom y9 = const:customer.c_mktsegment|=|FURNITURE
psql:/home/nghosh/research/z3_lab/logs/q18_k20_allowbitsfix_20260210_124801/repro.sql:26: NOTICE:  policy_eval: atom y10 = const:customer.c_mktsegment|=|HOUSEHOLD
psql:/home/nghosh/research/z3_lab/logs/q18_k20_allowbitsfix_20260210_124801/repro.sql:26: NOTICE:  policy_eval: atom y11 = const:customer.c_mktsegment|=|MACHINERY
psql:/home/nghosh/research/z3_lab/logs/q18_k20_allowbitsfix_20260210_124801/repro.sql:26: NOTICE:  policy_eval: atom y12 = const:customer.c_name|like|Customer%
psql:/home/nghosh/research/z3_lab/logs/q18_k20_allowbitsfix_20260210_124801/repro.sql:26: NOTICE:  policy_eval: atom y13 = const:customer.c_nationkey|<|10
psql:/home/nghosh/research/z3_lab/logs/q18_k20_allowbitsfix_20260210_124801/repro.sql:26: NOTICE:  policy_eval: atom y14 = const:customer.c_nationkey|in|1,3,5,7
psql:/home/nghosh/research/z3_lab/logs/q18_k20_allowbitsfix_20260210_124801/repro.sql:26: NOTICE:  policy_eval: atom y15 = const:customer.c_phone|like|%-%
psql:/home/nghosh/research/z3_lab/logs/q18_k20_allowbitsfix_20260210_124801/repro.sql:26: NOTICE:  policy_eval: atom y16 = const:customer.c_phone|like|1%
psql:/home/nghosh/research/z3_lab/logs/q18_k20_allowbitsfix_20260210_124801/repro.sql:26: NOTICE:  policy_eval: atom y17 = const:customer.c_phone|like|2%
psql:/home/nghosh/research/z3_lab/logs/q18_k20_allowbitsfix_20260210_124801/repro.sql:26: NOTICE:  policy_eval: atom y18 = const:customer.c_phone|like|3%
psql:/home/nghosh/research/z3_lab/logs/q18_k20_allowbitsfix_20260210_124801/repro.sql:26: NOTICE:  policy_eval: atom y19 = const:lineitem.l_discount|<=|0.05
psql:/home/nghosh/research/z3_lab/logs/q18_k20_allowbitsfix_20260210_124801/repro.sql:26: NOTICE:  policy_eval: atom y20 = const:lineitem.l_discount|<=|0.07
psql:/home/nghosh/research/z3_lab/logs/q18_k20_allowbitsfix_20260210_124801/repro.sql:26: NOTICE:  policy_eval: atom y21 = const:lineitem.l_discount|<=|0.08
psql:/home/nghosh/research/z3_lab/logs/q18_k20_allowbitsfix_20260210_124801/repro.sql:26: NOTICE:  policy_eval: atom y22 = const:lineitem.l_discount|>=|0.02
psql:/home/nghosh/research/z3_lab/logs/q18_k20_allowbitsfix_20260210_124801/repro.sql:26: NOTICE:  policy_eval: atom y23 = const:lineitem.l_discount|>=|0.06
psql:/home/nghosh/research/z3_lab/logs/q18_k20_allowbitsfix_20260210_124801/repro.sql:26: NOTICE:  policy_eval: atom y24 = const:lineitem.l_extendedprice|>|0
psql:/home/nghosh/research/z3_lab/logs/q18_k20_allowbitsfix_20260210_124801/repro.sql:26: NOTICE:  policy_eval: atom y25 = const:lineitem.l_linestatus|=|F
psql:/home/nghosh/research/z3_lab/logs/q18_k20_allowbitsfix_20260210_124801/repro.sql:26: NOTICE:  policy_eval: atom y26 = const:lineitem.l_quantity|<=|10
psql:/home/nghosh/research/z3_lab/logs/q18_k20_allowbitsfix_20260210_124801/repro.sql:26: NOTICE:  policy_eval: atom y27 = const:lineitem.l_quantity|<=|15
psql:/home/nghosh/research/z3_lab/logs/q18_k20_allowbitsfix_20260210_124801/repro.sql:26: NOTICE:  policy_eval: atom y28 = const:lineitem.l_quantity|<=|20
psql:/home/nghosh/research/z3_lab/logs/q18_k20_allowbitsfix_20260210_124801/repro.sql:26: NOTICE:  policy_eval: atom y29 = const:lineitem.l_quantity|<=|25
psql:/home/nghosh/research/z3_lab/logs/q18_k20_allowbitsfix_20260210_124801/repro.sql:26: NOTICE:  policy_eval: atom y30 = const:lineitem.l_quantity|<=|30
psql:/home/nghosh/research/z3_lab/logs/q18_k20_allowbitsfix_20260210_124801/repro.sql:26: NOTICE:  policy_eval: atom y31 = const:lineitem.l_returnflag|=|A
psql:/home/nghosh/research/z3_lab/logs/q18_k20_allowbitsfix_20260210_124801/repro.sql:26: NOTICE:  policy_eval: atom y32 = const:lineitem.l_returnflag|=|R
psql:/home/nghosh/research/z3_lab/logs/q18_k20_allowbitsfix_20260210_124801/repro.sql:26: NOTICE:  policy_eval: atom y33 = const:lineitem.l_returnflag|in|A,R
psql:/home/nghosh/research/z3_lab/logs/q18_k20_allowbitsfix_20260210_124801/repro.sql:26: NOTICE:  policy_eval: atom y34 = const:lineitem.l_shipinstruct|=|DELIVER IN PERSON
psql:/home/nghosh/research/z3_lab/logs/q18_k20_allowbitsfix_20260210_124801/repro.sql:26: NOTICE:  policy_eval: atom y35 = const:lineitem.l_shipmode|in|AIR,AIR REG
psql:/home/nghosh/research/z3_lab/logs/q18_k20_allowbitsfix_20260210_124801/repro.sql:26: NOTICE:  policy_eval: atom y36 = const:lineitem.l_shipmode|in|MAIL,SHIP
psql:/home/nghosh/research/z3_lab/logs/q18_k20_allowbitsfix_20260210_124801/repro.sql:26: NOTICE:  policy_eval: atom y37 = const:lineitem.l_shipmode|in|RAIL,TRUCK
psql:/home/nghosh/research/z3_lab/logs/q18_k20_allowbitsfix_20260210_124801/repro.sql:26: NOTICE:  policy_eval: atom y38 = const:lineitem.l_tax|<=|0.07
psql:/home/nghosh/research/z3_lab/logs/q18_k20_allowbitsfix_20260210_124801/repro.sql:26: NOTICE:  policy_eval: atom y39 = const:nation.n_name|in|BRAZIL,CANADA
psql:/home/nghosh/research/z3_lab/logs/q18_k20_allowbitsfix_20260210_124801/repro.sql:26: NOTICE:  policy_eval: atom y40 = const:nation.n_name|in|FRANCE,GERMANY
psql:/home/nghosh/research/z3_lab/logs/q18_k20_allowbitsfix_20260210_124801/repro.sql:26: NOTICE:  policy_eval: atom y41 = const:orders.o_orderpriority|in|1-URGENT,2-HIGH
psql:/home/nghosh/research/z3_lab/logs/q18_k20_allowbitsfix_20260210_124801/repro.sql:26: NOTICE:  policy_eval: atom y42 = const:orders.o_orderstatus|=|F
psql:/home/nghosh/research/z3_lab/logs/q18_k20_allowbitsfix_20260210_124801/repro.sql:26: NOTICE:  policy_eval: atom y43 = const:orders.o_orderstatus|=|O
psql:/home/nghosh/research/z3_lab/logs/q18_k20_allowbitsfix_20260210_124801/repro.sql:26: NOTICE:  policy_eval: atom y44 = const:orders.o_orderstatus|in|F,O
psql:/home/nghosh/research/z3_lab/logs/q18_k20_allowbitsfix_20260210_124801/repro.sql:26: NOTICE:  policy_eval: atom y45 = const:orders.o_totalprice|>|30000
psql:/home/nghosh/research/z3_lab/logs/q18_k20_allowbitsfix_20260210_124801/repro.sql:26: NOTICE:  policy_eval: atom y46 = const:orders.o_totalprice|>|50000
psql:/home/nghosh/research/z3_lab/logs/q18_k20_allowbitsfix_20260210_124801/repro.sql:26: NOTICE:  policy_eval: atom y47 = const:part.p_brand|in|Brand#12,Brand#23
psql:/home/nghosh/research/z3_lab/logs/q18_k20_allowbitsfix_20260210_124801/repro.sql:26: NOTICE:  policy_eval: atom y48 = const:part.p_brand|in|Brand#34,Brand#45
psql:/home/nghosh/research/z3_lab/logs/q18_k20_allowbitsfix_20260210_124801/repro.sql:26: NOTICE:  policy_eval: atom y49 = const:part.p_size|in|10,15,20
psql:/home/nghosh/research/z3_lab/logs/q18_k20_allowbitsfix_20260210_124801/repro.sql:26: NOTICE:  policy_eval: atom y50 = const:part.p_size|in|5,7,9
psql:/home/nghosh/research/z3_lab/logs/q18_k20_allowbitsfix_20260210_124801/repro.sql:26: NOTICE:  policy_eval: atom y51 = const:region.r_name|=|AMERICA
psql:/home/nghosh/research/z3_lab/logs/q18_k20_allowbitsfix_20260210_124801/repro.sql:26: NOTICE:  policy_eval: atom y52 = const:region.r_name|=|ASIA
psql:/home/nghosh/research/z3_lab/logs/q18_k20_allowbitsfix_20260210_124801/repro.sql:26: NOTICE:  policy_eval: atom y53 = const:region.r_name|=|EUROPE
psql:/home/nghosh/research/z3_lab/logs/q18_k20_allowbitsfix_20260210_124801/repro.sql:26: NOTICE:  policy_eval: atom y54 = join:customer.c_custkey=orders.o_custkey
psql:/home/nghosh/research/z3_lab/logs/q18_k20_allowbitsfix_20260210_124801/repro.sql:26: NOTICE:  policy_eval: atom y55 = join:customer.c_nationkey=nation.n_nationkey
psql:/home/nghosh/research/z3_lab/logs/q18_k20_allowbitsfix_20260210_124801/repro.sql:26: NOTICE:  policy_eval: atom y56 = join:lineitem.l_orderkey=orders.o_orderkey
psql:/home/nghosh/research/z3_lab/logs/q18_k20_allowbitsfix_20260210_124801/repro.sql:26: NOTICE:  policy_eval: atom y57 = join:lineitem.l_partkey=part.p_partkey
psql:/home/nghosh/research/z3_lab/logs/q18_k20_allowbitsfix_20260210_124801/repro.sql:26: NOTICE:  policy_eval: atom y58 = join:lineitem.l_suppkey=supplier.s_suppkey
psql:/home/nghosh/research/z3_lab/logs/q18_k20_allowbitsfix_20260210_124801/repro.sql:26: NOTICE:  policy_eval: atom y59 = join:nation.n_nationkey=supplier.s_nationkey
psql:/home/nghosh/research/z3_lab/logs/q18_k20_allowbitsfix_20260210_124801/repro.sql:26: NOTICE:  policy_eval: atom y60 = join:nation.n_regionkey=region.r_regionkey
psql:/home/nghosh/research/z3_lab/logs/q18_k20_allowbitsfix_20260210_124801/repro.sql:26: NOTICE:  policy_eval: combined_ast target=customer ast=(y7 or y8) and y4 and (y9 or y10) and y13 and (y3 and y1 or y16 and y15) and y12 and (y17 or y18) and (y11 or y10) and y2 and (y7 and y4 or y9 and y6 or y8 and y5) and y14
psql:/home/nghosh/research/z3_lab/logs/q18_k20_allowbitsfix_20260210_124801/repro.sql:26: NOTICE:  policy_eval: combined_ast target=lineitem ast=(y32 or y25) and y34 and (y36 or y37) and (y22 and y19 and y29 or y23 and y21 and y26) and y34 and (y32 or y31) and (y38 or y19) and y24 and (y35 and y27 and y19 and y25 or y36 and y30 and y20 and y32) and y24 and y56 and (y42 or y41) and (y36 and y34 or y37 and y33) and y56 and y54 and (y7 or y8) and (y42 or y46) and y20 and y56 and y54 and y55 and y60 and (y51 or y53) and (y41 and y28 or y43 and y26) and y58 and y59 and y60 and (y53 or y52) and (y19 and y29 or y20 and y26) and y57 and y56 and y54 and (y47 or y48) and (y49 or y50) and (y42 or y45)
psql:/home/nghosh/research/z3_lab/logs/q18_k20_allowbitsfix_20260210_124801/repro.sql:26: NOTICE:  policy_eval: combined_ast target=orders ast=y54 and (y7 or y10) and y54 and (y42 and y4 or y41 and y8) and y54 and y55 and (y40 or y39) and y4 and y54 and y55 and y60 and (y53 or y52) and y44
psql:/home/nghosh/research/z3_lab/logs/q18_k20_allowbitsfix_20260210_124801/repro.sql:26: NOTICE:  policy_eval: closure_count=7
psql:/home/nghosh/research/z3_lab/logs/q18_k20_allowbitsfix_20260210_124801/repro.sql:26: NOTICE:  custom_filter: needed_files = [customer_code_base, customer_ctid, dict/customer/c_acctbal, dict/customer/c_mktsegment, dict/customer/c_name, dict/customer/c_nationkey, dict/customer/c_phone, dict/lineitem/l_discount, dict/lineitem/l_extendedprice, dict/lineitem/l_linestatus, dict/lineitem/l_quantity, dict/lineitem/l_returnflag, dict/lineitem/l_shipinstruct, dict/lineitem/l_shipmode, dict/lineitem/l_tax, dict/nation/n_name, dict/orders/o_orderpriority, dict/orders/o_orderstatus, dict/orders/o_totalprice, dict/part/p_brand, dict/part/p_size, dict/region/r_name, lineitem_code_base, lineitem_ctid, meta/cols/customer, meta/cols/lineitem, meta/cols/nation, meta/cols/orders, meta/cols/part, meta/cols/region, meta/cols/supplier, meta/dict_sorted/customer/c_acctbal, meta/dict_sorted/customer/c_mktsegment, meta/dict_sorted/customer/c_name, meta/dict_sorted/customer/c_nationkey, meta/dict_sorted/customer/c_phone, meta/dict_sorted/lineitem/l_discount, meta/dict_sorted/lineitem/l_extendedprice, meta/dict_sorted/lineitem/l_linestatus, meta/dict_sorted/lineitem/l_quantity, meta/dict_sorted/lineitem/l_returnflag, meta/dict_sorted/lineitem/l_shipinstruct, meta/dict_sorted/lineitem/l_shipmode, meta/dict_sorted/lineitem/l_tax, meta/dict_sorted/nation/n_name, meta/dict_sorted/orders/o_orderpriority, meta/dict_sorted/orders/o_orderstatus, meta/dict_sorted/orders/o_totalprice, meta/dict_sorted/part/p_brand, meta/dict_sorted/part/p_size, meta/dict_sorted/region/r_name, meta/dict_type/customer/c_acctbal, meta/dict_type/customer/c_mktsegment, meta/dict_type/customer/c_name, meta/dict_type/customer/c_nationkey, meta/dict_type/customer/c_phone, meta/dict_type/lineitem/l_discount, meta/dict_type/lineitem/l_extendedprice, meta/dict_type/lineitem/l_linestatus, meta/dict_type/lineitem/l_quantity, meta/dict_type/lineitem/l_returnflag, meta/dict_type/lineitem/l_shipinstruct, meta/dict_type/lineitem/l_shipmode, meta/dict_type/lineitem/l_tax, meta/dict_type/nation/n_name, meta/dict_type/orders/o_orderpriority, meta/dict_type/orders/o_orderstatus, meta/dict_type/orders/o_totalprice, meta/dict_type/part/p_brand, meta/dict_type/part/p_size, meta/dict_type/region/r_name, meta/join_classes, nation_code_base, nation_ctid, orders_code_base, orders_ctid, part_code_base, part_ctid, region_code_base, region_ctid, supplier_code_base, supplier_ctid]
psql:/home/nghosh/research/z3_lab/logs/q18_k20_allowbitsfix_20260210_124801/repro.sql:26: NOTICE:  custom_filter: policy_targets = [customer, lineitem, orders]
psql:/home/nghosh/research/z3_lab/logs/q18_k20_allowbitsfix_20260210_124801/repro.sql:26: NOTICE:  policy_eval: target_tables=[customer, lineitem, orders]
psql:/home/nghosh/research/z3_lab/logs/q18_k20_allowbitsfix_20260210_124801/repro.sql:26: NOTICE:  policy_eval: combined_ast target=customer ast=(y7 or y8) and y4 and (y9 or y10) and y13 and (y3 and y1 or y16 and y15) and y12 and (y17 or y18) and (y11 or y10) and y2 and (y7 and y4 or y9 and y6 or y8 and y5) and y14
psql:/home/nghosh/research/z3_lab/logs/q18_k20_allowbitsfix_20260210_124801/repro.sql:26: NOTICE:  policy_eval: combined_ast target=lineitem ast=(y32 or y25) and y34 and (y36 or y37) and (y22 and y19 and y29 or y23 and y21 and y26) and y34 and (y32 or y31) and (y38 or y19) and y24 and (y35 and y27 and y19 and y25 or y36 and y30 and y20 and y32) and y24 and y56 and (y42 or y41) and (y36 and y34 or y37 and y33) and y56 and y54 and (y7 or y8) and (y42 or y46) and y20 and y56 and y54 and y55 and y60 and (y51 or y53) and (y41 and y28 or y43 and y26) and y58 and y59 and y60 and (y53 or y52) and (y19 and y29 or y20 and y26) and y57 and y56 and y54 and (y47 or y48) and (y49 or y50) and (y42 or y45)
psql:/home/nghosh/research/z3_lab/logs/q18_k20_allowbitsfix_20260210_124801/repro.sql:26: NOTICE:  policy_eval: combined_ast target=orders ast=y54 and (y7 or y10) and y54 and (y42 and y4 or y41 and y8) and y54 and y55 and (y40 or y39) and y4 and y54 and y55 and y60 and (y53 or y52) and y44
psql:/home/nghosh/research/z3_lab/logs/q18_k20_allowbitsfix_20260210_124801/repro.sql:26: NOTICE:  custom_filter: scanned_tables = [lineitem, orders, customer]
psql:/home/nghosh/research/z3_lab/logs/q18_k20_allowbitsfix_20260210_124801/repro.sql:26: NOTICE:  custom_filter: table=lineitem filter=on
psql:/home/nghosh/research/z3_lab/logs/q18_k20_allowbitsfix_20260210_124801/repro.sql:26: NOTICE:  custom_filter: table=orders filter=on
psql:/home/nghosh/research/z3_lab/logs/q18_k20_allowbitsfix_20260210_124801/repro.sql:26: NOTICE:  custom_filter: table=customer filter=on
psql:/home/nghosh/research/z3_lab/logs/q18_k20_allowbitsfix_20260210_124801/repro.sql:26: NOTICE:  custom_filter: artifact_load_ms=80.356
psql:/home/nghosh/research/z3_lab/logs/q18_k20_allowbitsfix_20260210_124801/repro.sql:26: NOTICE:  custom_filter: calling policy_run once target_count=3 atom_count=60
psql:/home/nghosh/research/z3_lab/logs/q18_k20_allowbitsfix_20260210_124801/repro.sql:26: NOTICE:  policy: load_ms=4.756
psql:/home/nghosh/research/z3_lab/logs/q18_k20_allowbitsfix_20260210_124801/repro.sql:26: NOTICE:  policy: global_atoms table=customer count=18
psql:/home/nghosh/research/z3_lab/logs/q18_k20_allowbitsfix_20260210_124801/repro.sql:26: NOTICE:  policy: global_bins table=customer bins=120 rows=15000
psql:/home/nghosh/research/z3_lab/logs/q18_k20_allowbitsfix_20260210_124801/repro.sql:26: NOTICE:  policy: bundle_eval target=customer bundle_id=1 uses_atoms=18
psql:/home/nghosh/research/z3_lab/logs/q18_k20_allowbitsfix_20260210_124801/repro.sql:26: NOTICE:  policy: local_bins table=customer atoms=18 bins=120
psql:/home/nghosh/research/z3_lab/logs/q18_k20_allowbitsfix_20260210_124801/repro.sql:26: NOTICE:  policy: local_ms table=customer stamp=4.930 bin=0.139 eval=8.281 fill=0.066
psql:/home/nghosh/research/z3_lab/logs/q18_k20_allowbitsfix_20260210_124801/repro.sql:26: NOTICE:  policy: local_eval table=customer sat_calls=120 cache_hits=0
psql:/home/nghosh/research/z3_lab/logs/q18_k20_allowbitsfix_20260210_124801/repro.sql:26: NOTICE:  policy: allow_customer count = 0 / 15000
psql:/home/nghosh/research/z3_lab/logs/q18_k20_allowbitsfix_20260210_124801/repro.sql:26: NOTICE:  policy: extract_local table=customer z=61 atoms=2
psql:/home/nghosh/research/z3_lab/logs/q18_k20_allowbitsfix_20260210_124801/repro.sql:26: NOTICE:  policy: extract_local table=customer z=62 atoms=1
psql:/home/nghosh/research/z3_lab/logs/q18_k20_allowbitsfix_20260210_124801/repro.sql:26: NOTICE:  policy: extract_local table=customer z=63 atoms=1
psql:/home/nghosh/research/z3_lab/logs/q18_k20_allowbitsfix_20260210_124801/repro.sql:26: NOTICE:  policy: extract_local table=nation z=64 atoms=2
psql:/home/nghosh/research/z3_lab/logs/q18_k20_allowbitsfix_20260210_124801/repro.sql:26: NOTICE:  policy: extract_local table=customer z=65 atoms=1
psql:/home/nghosh/research/z3_lab/logs/q18_k20_allowbitsfix_20260210_124801/repro.sql:26: NOTICE:  policy: extract_local table=region z=66 atoms=2
psql:/home/nghosh/research/z3_lab/logs/q18_k20_allowbitsfix_20260210_124801/repro.sql:26: NOTICE:  policy: global_ast=((((((((((((y54 and y61) and y54) and ((y42 and y62) or (y41 and y63))) and y54) and y55) and y64) and y65) and y54) and y55) and y60) and y66) and y44)
psql:/home/nghosh/research/z3_lab/logs/q18_k20_allowbitsfix_20260210_124801/repro.sql:26: NOTICE:  policy: bundle_eval target=customer bundle_id=1 uses_atoms=2
psql:/home/nghosh/research/z3_lab/logs/q18_k20_allowbitsfix_20260210_124801/repro.sql:26: NOTICE:  policy: local_bins table=customer atoms=2 bins=120
psql:/home/nghosh/research/z3_lab/logs/q18_k20_allowbitsfix_20260210_124801/repro.sql:26: NOTICE:  policy: local_ms table=customer stamp=0.000 bin=0.000 eval=0.730 fill=0.158
psql:/home/nghosh/research/z3_lab/logs/q18_k20_allowbitsfix_20260210_124801/repro.sql:26: NOTICE:  policy: local_eval table=customer sat_calls=3 cache_hits=117
psql:/home/nghosh/research/z3_lab/logs/q18_k20_allowbitsfix_20260210_124801/repro.sql:26: NOTICE:  policy: z_eval table=customer z=61 bins=120 sat_calls=3 allowed_sigs=0
psql:/home/nghosh/research/z3_lab/logs/q18_k20_allowbitsfix_20260210_124801/repro.sql:26: NOTICE:  policy: z_token_truth z=61 domain=14999 true=0
psql:/home/nghosh/research/z3_lab/logs/q18_k20_allowbitsfix_20260210_124801/repro.sql:26: NOTICE:  policy: bundle_eval target=customer bundle_id=1 uses_atoms=1
psql:/home/nghosh/research/z3_lab/logs/q18_k20_allowbitsfix_20260210_124801/repro.sql:26: NOTICE:  policy: local_bins table=customer atoms=1 bins=120
psql:/home/nghosh/research/z3_lab/logs/q18_k20_allowbitsfix_20260210_124801/repro.sql:26: NOTICE:  policy: local_ms table=customer stamp=0.000 bin=0.000 eval=0.000 fill=0.040
psql:/home/nghosh/research/z3_lab/logs/q18_k20_allowbitsfix_20260210_124801/repro.sql:26: NOTICE:  policy: local_eval table=customer sat_calls=0 cache_hits=118
psql:/home/nghosh/research/z3_lab/logs/q18_k20_allowbitsfix_20260210_124801/repro.sql:26: NOTICE:  policy: z_eval table=customer z=62 bins=120 sat_calls=0 allowed_sigs=0
psql:/home/nghosh/research/z3_lab/logs/q18_k20_allowbitsfix_20260210_124801/repro.sql:26: NOTICE:  policy: z_token_truth z=62 domain=14999 true=0
psql:/home/nghosh/research/z3_lab/logs/q18_k20_allowbitsfix_20260210_124801/repro.sql:26: NOTICE:  policy: bundle_eval target=customer bundle_id=1 uses_atoms=1
psql:/home/nghosh/research/z3_lab/logs/q18_k20_allowbitsfix_20260210_124801/repro.sql:26: NOTICE:  policy: local_bins table=customer atoms=1 bins=120
psql:/home/nghosh/research/z3_lab/logs/q18_k20_allowbitsfix_20260210_124801/repro.sql:26: NOTICE:  policy: local_ms table=customer stamp=0.000 bin=0.000 eval=0.000 fill=0.068
psql:/home/nghosh/research/z3_lab/logs/q18_k20_allowbitsfix_20260210_124801/repro.sql:26: NOTICE:  policy: local_eval table=customer sat_calls=0 cache_hits=118
psql:/home/nghosh/research/z3_lab/logs/q18_k20_allowbitsfix_20260210_124801/repro.sql:26: NOTICE:  policy: z_eval table=customer z=63 bins=120 sat_calls=0 allowed_sigs=0
psql:/home/nghosh/research/z3_lab/logs/q18_k20_allowbitsfix_20260210_124801/repro.sql:26: NOTICE:  policy: z_token_truth z=63 domain=14999 true=0
psql:/home/nghosh/research/z3_lab/logs/q18_k20_allowbitsfix_20260210_124801/repro.sql:26: NOTICE:  policy: global_atoms table=nation count=2
psql:/home/nghosh/research/z3_lab/logs/q18_k20_allowbitsfix_20260210_124801/repro.sql:26: NOTICE:  policy: global_bins table=nation bins=3 rows=25
psql:/home/nghosh/research/z3_lab/logs/q18_k20_allowbitsfix_20260210_124801/repro.sql:26: NOTICE:  policy: bundle_eval target=nation bundle_id=1 uses_atoms=2
psql:/home/nghosh/research/z3_lab/logs/q18_k20_allowbitsfix_20260210_124801/repro.sql:26: NOTICE:  policy: local_bins table=nation atoms=2 bins=3
psql:/home/nghosh/research/z3_lab/logs/q18_k20_allowbitsfix_20260210_124801/repro.sql:26: NOTICE:  policy: local_ms table=nation stamp=0.001 bin=0.001 eval=0.696 fill=0.000
psql:/home/nghosh/research/z3_lab/logs/q18_k20_allowbitsfix_20260210_124801/repro.sql:26: NOTICE:  policy: local_eval table=nation sat_calls=3 cache_hits=0
psql:/home/nghosh/research/z3_lab/logs/q18_k20_allowbitsfix_20260210_124801/repro.sql:26: NOTICE:  policy: z_eval table=nation z=64 bins=3 sat_calls=3 allowed_sigs=2
psql:/home/nghosh/research/z3_lab/logs/q18_k20_allowbitsfix_20260210_124801/repro.sql:26: NOTICE:  policy: z_token_truth z=64 domain=14999 true=0
psql:/home/nghosh/research/z3_lab/logs/q18_k20_allowbitsfix_20260210_124801/repro.sql:26: NOTICE:  policy: bundle_eval target=customer bundle_id=1 uses_atoms=1
psql:/home/nghosh/research/z3_lab/logs/q18_k20_allowbitsfix_20260210_124801/repro.sql:26: NOTICE:  policy: local_bins table=customer atoms=1 bins=120
psql:/home/nghosh/research/z3_lab/logs/q18_k20_allowbitsfix_20260210_124801/repro.sql:26: NOTICE:  policy: local_ms table=customer stamp=0.000 bin=0.000 eval=0.000 fill=0.040
psql:/home/nghosh/research/z3_lab/logs/q18_k20_allowbitsfix_20260210_124801/repro.sql:26: NOTICE:  policy: local_eval table=customer sat_calls=0 cache_hits=120
psql:/home/nghosh/research/z3_lab/logs/q18_k20_allowbitsfix_20260210_124801/repro.sql:26: NOTICE:  policy: z_eval table=customer z=65 bins=120 sat_calls=0 allowed_sigs=0
psql:/home/nghosh/research/z3_lab/logs/q18_k20_allowbitsfix_20260210_124801/repro.sql:26: NOTICE:  policy: z_token_truth z=65 domain=14999 true=0
psql:/home/nghosh/research/z3_lab/logs/q18_k20_allowbitsfix_20260210_124801/repro.sql:26: NOTICE:  policy: global_atoms table=region count=3
psql:/home/nghosh/research/z3_lab/logs/q18_k20_allowbitsfix_20260210_124801/repro.sql:26: NOTICE:  policy: global_bins table=region bins=4 rows=5
psql:/home/nghosh/research/z3_lab/logs/q18_k20_allowbitsfix_20260210_124801/repro.sql:26: NOTICE:  policy: bundle_eval target=region bundle_id=1 uses_atoms=2
psql:/home/nghosh/research/z3_lab/logs/q18_k20_allowbitsfix_20260210_124801/repro.sql:26: NOTICE:  policy: local_bins table=region atoms=2 bins=4
psql:/home/nghosh/research/z3_lab/logs/q18_k20_allowbitsfix_20260210_124801/repro.sql:26: NOTICE:  policy: local_ms table=region stamp=0.001 bin=0.001 eval=0.707 fill=0.000
psql:/home/nghosh/research/z3_lab/logs/q18_k20_allowbitsfix_20260210_124801/repro.sql:26: NOTICE:  policy: local_eval table=region sat_calls=3 cache_hits=1
psql:/home/nghosh/research/z3_lab/logs/q18_k20_allowbitsfix_20260210_124801/repro.sql:26: NOTICE:  policy: z_eval table=region z=66 bins=4 sat_calls=3 allowed_sigs=2
psql:/home/nghosh/research/z3_lab/logs/q18_k20_allowbitsfix_20260210_124801/repro.sql:26: NOTICE:  policy: z_token_truth z=66 domain=14999 true=0
psql:/home/nghosh/research/z3_lab/logs/q18_k20_allowbitsfix_20260210_124801/repro.sql:26: NOTICE:  policy: allow_orders count = 0 / 150000
psql:/home/nghosh/research/z3_lab/logs/q18_k20_allowbitsfix_20260210_124801/repro.sql:26: NOTICE:  policy: allow_lineitem count = 0 / 600572
psql:/home/nghosh/research/z3_lab/logs/q18_k20_allowbitsfix_20260210_124801/repro.sql:26: NOTICE:  policy: total_ms=166.393
psql:/home/nghosh/research/z3_lab/logs/q18_k20_allowbitsfix_20260210_124801/repro.sql:26: NOTICE:  policy_profile_bundle: bundle=1 target=customer K=0 query= local={customer:atoms=18,bins=120,sat=120,hits=0,ms=4.930/0.139/8.281/0.066|customer:atoms=2,bins=120,sat=3,hits=117,ms=0.000/0.000/0.730/0.158|customer:atoms=1,bins=120,sat=0,hits=118,ms=0.000/0.000/0.000/0.040|customer:atoms=1,bins=120,sat=0,hits=118,ms=0.000/0.000/0.000/0.068|nation:atoms=2,bins=3,sat=3,hits=0,ms=0.001/0.001/0.696/0.000|customer:atoms=1,bins=120,sat=0,hits=120,ms=0.000/0.000/0.000/0.040|region:atoms=2,bins=4,sat=3,hits=1,ms=0.001/0.001/0.707/0.000,total_ms=15.858} prop={iter=0,ms=0.000,classes=[]} decode={orders:0/150000,ms=0.000|lineitem:0/600572,ms=0.000,total_ms=0.000} total_ms=166.393
psql:/home/nghosh/research/z3_lab/logs/q18_k20_allowbitsfix_20260210_124801/repro.sql:26: NOTICE:  custom_filter: allow_customer count=0/15000
psql:/home/nghosh/research/z3_lab/logs/q18_k20_allowbitsfix_20260210_124801/repro.sql:26: NOTICE:  custom_filter: allow_orders count=0/150000
psql:/home/nghosh/research/z3_lab/logs/q18_k20_allowbitsfix_20260210_124801/repro.sql:26: NOTICE:  custom_filter: allow_lineitem count=0/600572
psql:/home/nghosh/research/z3_lab/logs/q18_k20_allowbitsfix_20260210_124801/repro.sql:26: NOTICE:  custom_filter: allow_customer popcount=0/15000
psql:/home/nghosh/research/z3_lab/logs/q18_k20_allowbitsfix_20260210_124801/repro.sql:26: NOTICE:  custom_filter: ctid_map[0]=(0,1)->0
psql:/home/nghosh/research/z3_lab/logs/q18_k20_allowbitsfix_20260210_124801/repro.sql:26: NOTICE:  custom_filter: ctid_map[1]=(0,2)->1
psql:/home/nghosh/research/z3_lab/logs/q18_k20_allowbitsfix_20260210_124801/repro.sql:26: NOTICE:  custom_filter: ctid_map[2]=(0,3)->2
psql:/home/nghosh/research/z3_lab/logs/q18_k20_allowbitsfix_20260210_124801/repro.sql:26: NOTICE:  custom_filter: ctid_map[3]=(0,4)->3
psql:/home/nghosh/research/z3_lab/logs/q18_k20_allowbitsfix_20260210_124801/repro.sql:26: NOTICE:  custom_filter: ctid_map[4]=(0,5)->4
psql:/home/nghosh/research/z3_lab/logs/q18_k20_allowbitsfix_20260210_124801/repro.sql:26: NOTICE:  custom_filter: ctid_index_ms=0.097 rel=customer
psql:/home/nghosh/research/z3_lab/logs/q18_k20_allowbitsfix_20260210_124801/repro.sql:26: NOTICE:  custom_filter: customer_ctid head [0,1 0,2 0,3 0,4 0,5]
psql:/home/nghosh/research/z3_lab/logs/q18_k20_allowbitsfix_20260210_124801/repro.sql:26: NOTICE:  custom_filter: retain rel=customer allow=1875B ctid=120000B blk_index=42274B
psql:/home/nghosh/research/z3_lab/logs/q18_k20_allowbitsfix_20260210_124801/repro.sql:26: NOTICE:  rescan_profile: event=filter_built pid=126157 build_seq=1 rel=customer relid=16407 rows=15000 allow_bytes=1875 blk_index_bytes=42274
psql:/home/nghosh/research/z3_lab/logs/q18_k20_allowbitsfix_20260210_124801/repro.sql:26: NOTICE:  custom_filter: allow_lineitem popcount=0/600572
psql:/home/nghosh/research/z3_lab/logs/q18_k20_allowbitsfix_20260210_124801/repro.sql:26: NOTICE:  custom_filter: ctid_map[0]=(0,1)->0
psql:/home/nghosh/research/z3_lab/logs/q18_k20_allowbitsfix_20260210_124801/repro.sql:26: NOTICE:  custom_filter: ctid_map[1]=(0,2)->1
psql:/home/nghosh/research/z3_lab/logs/q18_k20_allowbitsfix_20260210_124801/repro.sql:26: NOTICE:  custom_filter: ctid_map[2]=(0,3)->2
psql:/home/nghosh/research/z3_lab/logs/q18_k20_allowbitsfix_20260210_124801/repro.sql:26: NOTICE:  custom_filter: ctid_map[3]=(0,4)->3
psql:/home/nghosh/research/z3_lab/logs/q18_k20_allowbitsfix_20260210_124801/repro.sql:26: NOTICE:  custom_filter: ctid_map[4]=(0,5)->4
psql:/home/nghosh/research/z3_lab/logs/q18_k20_allowbitsfix_20260210_124801/repro.sql:26: NOTICE:  custom_filter: ctid_index_ms=2.623 rel=lineitem
psql:/home/nghosh/research/z3_lab/logs/q18_k20_allowbitsfix_20260210_124801/repro.sql:26: NOTICE:  custom_filter: lineitem_ctid head [0,1 0,2 0,3 0,4 0,5]
psql:/home/nghosh/research/z3_lab/logs/q18_k20_allowbitsfix_20260210_124801/repro.sql:26: NOTICE:  custom_filter: retain rel=lineitem allow=75072B ctid=4804576B blk_index=1584188B
psql:/home/nghosh/research/z3_lab/logs/q18_k20_allowbitsfix_20260210_124801/repro.sql:26: NOTICE:  rescan_profile: event=filter_built pid=126157 build_seq=1 rel=lineitem relid=16413 rows=600572 allow_bytes=75072 blk_index_bytes=1584188
psql:/home/nghosh/research/z3_lab/logs/q18_k20_allowbitsfix_20260210_124801/repro.sql:26: NOTICE:  custom_filter: allow_orders popcount=0/150000
psql:/home/nghosh/research/z3_lab/logs/q18_k20_allowbitsfix_20260210_124801/repro.sql:26: NOTICE:  custom_filter: ctid_map[0]=(0,1)->0
psql:/home/nghosh/research/z3_lab/logs/q18_k20_allowbitsfix_20260210_124801/repro.sql:26: NOTICE:  custom_filter: ctid_map[1]=(0,2)->1
psql:/home/nghosh/research/z3_lab/logs/q18_k20_allowbitsfix_20260210_124801/repro.sql:26: NOTICE:  custom_filter: ctid_map[2]=(0,3)->2
psql:/home/nghosh/research/z3_lab/logs/q18_k20_allowbitsfix_20260210_124801/repro.sql:26: NOTICE:  custom_filter: ctid_map[3]=(0,4)->3
psql:/home/nghosh/research/z3_lab/logs/q18_k20_allowbitsfix_20260210_124801/repro.sql:26: NOTICE:  custom_filter: ctid_map[4]=(0,5)->4
psql:/home/nghosh/research/z3_lab/logs/q18_k20_allowbitsfix_20260210_124801/repro.sql:26: NOTICE:  custom_filter: ctid_index_ms=0.633 rel=orders
psql:/home/nghosh/research/z3_lab/logs/q18_k20_allowbitsfix_20260210_124801/repro.sql:26: NOTICE:  custom_filter: orders_ctid head [0,1 0,2 0,3 0,4 0,5]
psql:/home/nghosh/research/z3_lab/logs/q18_k20_allowbitsfix_20260210_124801/repro.sql:26: NOTICE:  custom_filter: retain rel=orders allow=18750B ctid=1200000B blk_index=388842B
psql:/home/nghosh/research/z3_lab/logs/q18_k20_allowbitsfix_20260210_124801/repro.sql:26: NOTICE:  rescan_profile: event=filter_built pid=126157 build_seq=1 rel=orders relid=16410 rows=150000 allow_bytes=18750 blk_index_bytes=388842
psql:/home/nghosh/research/z3_lab/logs/q18_k20_allowbitsfix_20260210_124801/repro.sql:26: NOTICE:  custom_filter: retain total allow=95697B ctid=6124576B blk_index=2015304B
psql:/home/nghosh/research/z3_lab/logs/q18_k20_allowbitsfix_20260210_124801/repro.sql:26: NOTICE:  rescan_profile: event=query_state_ready pid=126157 build_seq=1 eval_calls=1 load_calls=1 policy_run_calls=1 allow_build_calls=3 blk_index_build_calls=3 n_filters=3
psql:/home/nghosh/research/z3_lab/logs/q18_k20_allowbitsfix_20260210_124801/repro.sql:26: NOTICE:  rescan_profile: event=ExecCustomScan(first) pid=126157 build_seq=1 node=0x5b9e00338d48 rel=lineitem relid=16413 scan=SeqScan filter=on
psql:/home/nghosh/research/z3_lab/logs/q18_k20_allowbitsfix_20260210_124801/repro.sql:26: NOTICE:  custom_filter exec: rel=lineitem oid=16413 seen=600572 passed=0 misses=0 mode=trace
psql:/home/nghosh/research/z3_lab/logs/q18_k20_allowbitsfix_20260210_124801/repro.sql:26: NOTICE:  custom_filter: row validation time = 201.515 ms
psql:/home/nghosh/research/z3_lab/logs/q18_k20_allowbitsfix_20260210_124801/repro.sql:26: NOTICE:  rescan_profile: event=EndCustomScan pid=126157 build_seq=1 node=0x5b9e00338d48 rel=lineitem relid=16413 scan=SeqScan filter=on rescans=0 tuples_seen=600572 tuples_passed=0
psql:/home/nghosh/research/z3_lab/logs/q18_k20_allowbitsfix_20260210_124801/repro.sql:26: NOTICE:  custom_filter exec: rel=orders oid=16410 seen=0 passed=0 misses=0 mode=trace
psql:/home/nghosh/research/z3_lab/logs/q18_k20_allowbitsfix_20260210_124801/repro.sql:26: NOTICE:  custom_filter: row validation time = 0.000 ms
psql:/home/nghosh/research/z3_lab/logs/q18_k20_allowbitsfix_20260210_124801/repro.sql:26: NOTICE:  rescan_profile: event=EndCustomScan pid=126157 build_seq=1 node=0x5b9e00c50908 rel=orders relid=16410 scan=SeqScan filter=off rescans=0 tuples_seen=0 tuples_passed=0
psql:/home/nghosh/research/z3_lab/logs/q18_k20_allowbitsfix_20260210_124801/repro.sql:26: NOTICE:  custom_filter exec: rel=lineitem oid=16413 seen=0 passed=0 misses=0 mode=trace
psql:/home/nghosh/research/z3_lab/logs/q18_k20_allowbitsfix_20260210_124801/repro.sql:26: NOTICE:  custom_filter: row validation time = 0.000 ms
psql:/home/nghosh/research/z3_lab/logs/q18_k20_allowbitsfix_20260210_124801/repro.sql:26: NOTICE:  rescan_profile: event=EndCustomScan pid=126157 build_seq=1 node=0x5b9e0050e270 rel=lineitem relid=16413 scan=SeqScan filter=off rescans=0 tuples_seen=0 tuples_passed=0
psql:/home/nghosh/research/z3_lab/logs/q18_k20_allowbitsfix_20260210_124801/repro.sql:26: NOTICE:  custom_filter exec: rel=customer oid=16407 seen=0 passed=0 misses=0 mode=trace
psql:/home/nghosh/research/z3_lab/logs/q18_k20_allowbitsfix_20260210_124801/repro.sql:26: NOTICE:  custom_filter: row validation time = 0.000 ms
psql:/home/nghosh/research/z3_lab/logs/q18_k20_allowbitsfix_20260210_124801/repro.sql:26: NOTICE:  rescan_profile: event=EndCustomScan pid=126157 build_seq=1 node=0x5b9e01856df0 rel=customer relid=16407 scan=SeqScan filter=off rescans=0 tuples_seen=0 tuples_passed=0
psql:/home/nghosh/research/z3_lab/logs/q18_k20_allowbitsfix_20260210_124801/repro.sql:26: NOTICE:  policy_profile: eval_ms=1.264 artifact_load_ms=80.356 artifact_parse_ms=4.756 stamp_ms=4.932 bin_ms=0.141 local_sat_ms=10.414 prop_ms=0.000 prop_iters=0 decode_ms=0.000 policy_total_ms=166.393 ctid_map_ms=3.353 filter_ms=201.515 child_exec_ms=69.229 ctid_extract_ms=31.585 ctid_to_rid_ms=13.887 allow_check_ms=13.496 projection_ms=0.000 n_scanned_tables=3 n_policy_targets=3 n_filters=3 bytes_artifacts_loaded=43691660 bytes_allow=95697 bytes_ctid=6124576 bytes_blk_index=2015304 rows_seen=600572 rows_passed=0 ctid_misses=0 rss_kb_before_eval=387760 rss_kb_after_eval=387760 rss_kb_after_load=403120 rss_kb_after_engine=413396 rss_kb_after_ctid=413396 rss_kb_end=413396 peak_rss_kb_end=491612
psql:/home/nghosh/research/z3_lab/logs/q18_k20_allowbitsfix_20260210_124801/repro.sql:26: NOTICE:  policy_profile_query: K=0 query_id= total_ms=166.393 local_ms=15.858 prop_ms=0.000 decode_ms=0.000 sat_calls=129 cache_hits=474 closure_tables=7 filtered_targets=3
psql:/home/nghosh/research/z3_lab/logs/q18_k20_allowbitsfix_20260210_124801/repro.sql:26: NOTICE:  policy: scan_count table=region count=1
psql:/home/nghosh/research/z3_lab/logs/q18_k20_allowbitsfix_20260210_124801/repro.sql:26: NOTICE:  policy: scan_count table=nation count=1
psql:/home/nghosh/research/z3_lab/logs/q18_k20_allowbitsfix_20260210_124801/repro.sql:26: NOTICE:  policy: scan_count table=customer count=1
 cnt 
-----
   0
(1 row)

Time: 458.921 ms
