[layer_probe] run_id=layer_probe_20260214_054222 run_dir=/tmp/z3_lab/project/logs/layer_probe_20260214_054222
[layer_probe] dbs=['tpch0_1', 'tpch1', 'tpch10'] Ks=[5, 15] pool=1-20 statement_timeout_ms=1800000
[layer_probe] queries=['1', '3', '6', '13', '22']
[db] start db=tpch0_1
[clean_state] tag=clean_start db=tpch0_1 artifacts_rows=0 artifacts_bytes_db=0 artifacts_bytes_disk=16384 indexes=0 policies=0
[policy_set] db=tpch0_1 K=5 enabled_ids=[1, 2, 3, 4, 5]
[clean_state] tag=clean_before_k K=5 db=tpch0_1 artifacts_rows=0 artifacts_bytes_db=0 artifacts_bytes_disk=16384 indexes=0 policies=0
[setup_ours] K=5 setup_ms=5135.911 artifact_bytes_db=8900631 artifact_bytes_disk=9306112
[progress] db=tpch0_1 K=5 baseline=ours query=1
[progress] db=tpch0_1 K=5 baseline=ours query=3
[progress] db=tpch0_1 K=5 baseline=ours query=6
[progress] db=tpch0_1 K=5 baseline=ours query=13
[progress] db=tpch0_1 K=5 baseline=ours query=22
[clean_state] tag=after_ours_drop K=5 db=tpch0_1 artifacts_rows=0 artifacts_bytes_db=0 artifacts_bytes_disk=16384 indexes=0 policies=0
[policy_set] db=tpch0_1 K=15 enabled_ids=[1, 2, 3, 4, 5, 6, 7, 8, 9, 10, 11, 12, 13, 14, 15]
[clean_state] tag=clean_before_k K=15 db=tpch0_1 artifacts_rows=0 artifacts_bytes_db=0 artifacts_bytes_disk=16384 indexes=0 policies=0
[setup_ours] K=15 setup_ms=6265.375 artifact_bytes_db=12636445 artifact_bytes_disk=13180928
[progress] db=tpch0_1 K=15 baseline=ours query=1
[progress] db=tpch0_1 K=15 baseline=ours query=3
[progress] db=tpch0_1 K=15 baseline=ours query=6
[progress] db=tpch0_1 K=15 baseline=ours query=13
[progress] db=tpch0_1 K=15 baseline=ours query=22
[clean_state] tag=after_ours_drop K=15 db=tpch0_1 artifacts_rows=0 artifacts_bytes_db=0 artifacts_bytes_disk=16384 indexes=0 policies=0
[db] done db=tpch0_1
[db] start db=tpch1
[clean_state] tag=clean_start db=tpch1 artifacts_rows=0 artifacts_bytes_db=0 artifacts_bytes_disk=16384 indexes=0 policies=0
[policy_set] db=tpch1 K=5 enabled_ids=[1, 2, 3, 4, 5]
[clean_state] tag=clean_before_k K=5 db=tpch1 artifacts_rows=0 artifacts_bytes_db=0 artifacts_bytes_disk=16384 indexes=0 policies=0
[setup_ours] K=5 setup_ms=47390.977 artifact_bytes_db=91301540 artifact_bytes_disk=94789632
[progress] db=tpch1 K=5 baseline=ours query=1
[progress] db=tpch1 K=5 baseline=ours query=3
[progress] db=tpch1 K=5 baseline=ours query=6
[progress] db=tpch1 K=5 baseline=ours query=13
[progress] db=tpch1 K=5 baseline=ours query=22
[clean_state] tag=after_ours_drop K=5 db=tpch1 artifacts_rows=0 artifacts_bytes_db=0 artifacts_bytes_disk=16384 indexes=0 policies=0
[policy_set] db=tpch1 K=15 enabled_ids=[1, 2, 3, 4, 5, 6, 7, 8, 9, 10, 11, 12, 13, 14, 15]
[clean_state] tag=clean_before_k K=15 db=tpch1 artifacts_rows=0 artifacts_bytes_db=0 artifacts_bytes_disk=16384 indexes=0 policies=0
[setup_ours] K=15 setup_ms=61198.481 artifact_bytes_db=128613841 artifact_bytes_disk=133505024
[progress] db=tpch1 K=15 baseline=ours query=1
[progress] db=tpch1 K=15 baseline=ours query=3
[progress] db=tpch1 K=15 baseline=ours query=6
[progress] db=tpch1 K=15 baseline=ours query=13
[progress] db=tpch1 K=15 baseline=ours query=22
[clean_state] tag=after_ours_drop K=15 db=tpch1 artifacts_rows=0 artifacts_bytes_db=0 artifacts_bytes_disk=16384 indexes=0 policies=0
[db] done db=tpch1
[db] start db=tpch10
[clean_state] tag=clean_start db=tpch10 artifacts_rows=0 artifacts_bytes_db=0 artifacts_bytes_disk=16384 indexes=0 policies=0
[policy_set] db=tpch10 K=5 enabled_ids=[1, 2, 3, 4, 5]
[clean_state] tag=clean_before_k K=5 db=tpch10 artifacts_rows=0 artifacts_bytes_db=0 artifacts_bytes_disk=16384 indexes=0 policies=0
Traceback (most recent call last):
  File "/tmp/z3_lab/project/fast_sweep_profile_60s.py", line 2816, in <module>
    main()
  File "/tmp/z3_lab/project/fast_sweep_profile_60s.py", line 2783, in main
    run_layer_probe(args)
  File "/tmp/z3_lab/project/fast_sweep_profile_60s.py", line 2166, in run_layer_probe
    setup_ours_for_k_with_sizes(db, k, enabled_path_k, statement_timeout_ms)
  File "/tmp/z3_lab/project/fast_sweep_profile_60s.py", line 1781, in setup_ours_for_k_with_sizes
    cur.execute("SELECT public.build_base(%s);", [str(enabled_path)])
psycopg2.errors.InternalError_: invalid memory alloc request size 2039525772

