[db] start db=tpch0_1
[phase] db=tpch0_1 clean_start artifacts=0 indexes=0
[policy_set] db=tpch0_1 K=10 enabled_ids=[1, 2, 3, 4, 5, 6, 7, 8, 9, 10]
[phase] db=tpch0_1 K=10 clean_before_k artifacts=0 indexes=0
[correctness_sample] db=tpch0_1 K=10 queries=['3', '4', '5', '7', '8', '10', '13', '15', '18', '22']
[setup_ours] K=10 setup_ms=5219.090 disk=28003516
[progress] db=tpch0_1 K=10 baseline=ours query=3
[progress] db=tpch0_1 K=10 baseline=ours query=4
[progress] db=tpch0_1 K=10 baseline=ours query=5
[progress] db=tpch0_1 K=10 baseline=ours query=7
[progress] db=tpch0_1 K=10 baseline=ours query=8
[progress] db=tpch0_1 K=10 baseline=ours query=10
[progress] db=tpch0_1 K=10 baseline=ours query=13
[progress] db=tpch0_1 K=10 baseline=ours query=15
[progress] db=tpch0_1 K=10 baseline=ours query=18
[progress] db=tpch0_1 K=10 baseline=ours query=22
[phase] db=tpch0_1 K=10 artifacts_dropped=1
[index_infer] K=10 specs=['customer.c_acctbal', 'customer.c_mktsegment', 'customer.c_name:text_pattern_ops', 'customer.c_nationkey', 'customer.c_phone:text_pattern_ops', 'lineitem.l_discount', 'lineitem.l_extendedprice', 'lineitem.l_linestatus', 'lineitem.l_quantity', 'lineitem.l_returnflag', 'lineitem.l_shipinstruct', 'lineitem.l_shipmode', 'lineitem.l_tax']
[setup_rls] K=10 setup_ms=2697.998 disk=77275136 indexes=['cf_rls_k10_customer_c_acctbal_1', 'cf_rls_k10_customer_c_mktsegment_2', 'cf_rls_k10_customer_c_name_3', 'cf_rls_k10_customer_c_nationkey_4', 'cf_rls_k10_customer_c_phone_5', 'cf_rls_k10_lineitem_l_discount_6', 'cf_rls_k10_lineitem_l_extendedprice_7', 'cf_rls_k10_lineitem_l_linestatus_8', 'cf_rls_k10_lineitem_l_quantity_9', 'cf_rls_k10_lineitem_l_returnflag_10', 'cf_rls_k10_lineitem_l_shipinstruct_11', 'cf_rls_k10_lineitem_l_shipmode_12', 'cf_rls_k10_lineitem_l_tax_13']
[progress] db=tpch0_1 K=10 baseline=rls_with_index query=3
[progress] db=tpch0_1 K=10 baseline=rls_with_index query=4
[progress] db=tpch0_1 K=10 baseline=rls_with_index query=5
[progress] db=tpch0_1 K=10 baseline=rls_with_index query=7
[progress] db=tpch0_1 K=10 baseline=rls_with_index query=8
[progress] db=tpch0_1 K=10 baseline=rls_with_index query=10
[progress] db=tpch0_1 K=10 baseline=rls_with_index query=13
[progress] db=tpch0_1 K=10 baseline=rls_with_index query=15
[progress] db=tpch0_1 K=10 baseline=rls_with_index query=18
[progress] db=tpch0_1 K=10 baseline=rls_with_index query=22
[phase] db=tpch0_1 K=10 indexes_dropped=1
[db] done db=tpch0_1
[summary] db=tpch0_1 scale=0.1 K=10 median_hot ours=151.275ms rls=60.504ms ratio=2.500 cross_ratio=2.500 disk ours=28003516 rls=77275136 median_rss ours=155222KB rls=121090KB
[plot] matplotlib unavailable: No module named 'matplotlib'
[done] times_csv=logs/zero_fallback_tpch0_1_20260214_072247_K10/times.csv
[done] profile_csv=logs/zero_fallback_tpch0_1_20260214_072247_K10/profile.csv
[done] correctness_csv=logs/zero_fallback_tpch0_1_20260214_072247_K10/correctness.csv
[done] summary_csv=logs/zero_fallback_tpch0_1_20260214_072247_K10/summary.csv
[done] plots_dir=logs/zero_fallback_tpch0_1_20260214_072247_K10/plots
